INFO - 2024-08-27 02:09:47 --> Session: Class initialized using 'CodeIgniter\Session\Handlers\FileHandler' driver.
INFO - 2024-08-27 02:09:50 --> Session: Class initialized using 'CodeIgniter\Session\Handlers\FileHandler' driver.
INFO - 2024-08-27 02:10:00 --> Session: Class initialized using 'CodeIgniter\Session\Handlers\FileHandler' driver.
INFO - 2024-08-27 02:11:05 --> Session: Class initialized using 'CodeIgniter\Session\Handlers\FileHandler' driver.
INFO - 2024-08-27 02:11:12 --> Session: Class initialized using 'CodeIgniter\Session\Handlers\FileHandler' driver.
INFO - 2024-08-27 02:12:06 --> Session: Class initialized using 'CodeIgniter\Session\Handlers\FileHandler' driver.
INFO - 2024-08-27 02:12:17 --> Session: Class initialized using 'CodeIgniter\Session\Handlers\FileHandler' driver.
INFO - 2024-08-27 02:12:25 --> Session: Class initialized using 'CodeIgniter\Session\Handlers\FileHandler' driver.
INFO - 2024-08-27 02:12:37 --> Session: Class initialized using 'CodeIgniter\Session\Handlers\FileHandler' driver.
INFO - 2024-08-27 02:12:47 --> Session: Class initialized using 'CodeIgniter\Session\Handlers\FileHandler' driver.
INFO - 2024-08-27 02:12:53 --> Session: Class initialized using 'CodeIgniter\Session\Handlers\FileHandler' driver.
INFO - 2024-08-27 02:12:55 --> Session: Class initialized using 'CodeIgniter\Session\Handlers\FileHandler' driver.
INFO - 2024-08-27 02:19:56 --> Session: Class initialized using 'CodeIgniter\Session\Handlers\FileHandler' driver.
INFO - 2024-08-27 02:21:04 --> Session: Class initialized using 'CodeIgniter\Session\Handlers\FileHandler' driver.
CRITICAL - 2024-08-27 02:21:58 --> BadMethodCallException: Call to undefined method App\Models\Admin\RoleManagementModel::getRoleManagement
in SYSTEMPATH/Model.php on line 879.
 1 APPPATH/Controllers/Admin/RoleManagementController.php(24): CodeIgniter\Model->__call('getRoleManagement', [])
 2 SYSTEMPATH/CodeIgniter.php(943): App\Controllers\Admin\RoleManagementController->index()
 3 SYSTEMPATH/CodeIgniter.php(503): CodeIgniter\CodeIgniter->runController(Object(App\Controllers\Admin\RoleManagementController))
 4 SYSTEMPATH/CodeIgniter.php(361): CodeIgniter\CodeIgniter->handleRequest(null, Object(Config\Cache), false)
 5 FCPATH/index.php(79): CodeIgniter\CodeIgniter->run()
 6 SYSTEMPATH/Commands/Server/rewrite.php(47): require_once('/Volumes/mf480 - Data/sidak_angkot/public/index.php')
CRITICAL - 2024-08-27 02:22:36 --> CodeIgniter\View\Exceptions\ViewException: Invalid file: "admin/role_management_v.php"
in SYSTEMPATH/Exceptions/FrameworkException.php on line 39.
 1 SYSTEMPATH/View/View.php(216): CodeIgniter\Exceptions\FrameworkException::forInvalidFile('admin/role_management_v.php')
 2 SYSTEMPATH/Common.php(1178): CodeIgniter\View\View->render('admin/role_management_v', [], true)
 3 APPPATH/Controllers/Admin/RoleManagementController.php(27): view('admin/role_management_v', [...])
 4 SYSTEMPATH/CodeIgniter.php(943): App\Controllers\Admin\RoleManagementController->index()
 5 SYSTEMPATH/CodeIgniter.php(503): CodeIgniter\CodeIgniter->runController(Object(App\Controllers\Admin\RoleManagementController))
 6 SYSTEMPATH/CodeIgniter.php(361): CodeIgniter\CodeIgniter->handleRequest(null, Object(Config\Cache), false)
 7 FCPATH/index.php(79): CodeIgniter\CodeIgniter->run()
 8 SYSTEMPATH/Commands/Server/rewrite.php(47): require_once('/Volumes/mf480 - Data/sidak_angkot/public/index.php')
INFO - 2024-08-27 02:22:50 --> Session: Class initialized using 'CodeIgniter\Session\Handlers\FileHandler' driver.
INFO - 2024-08-27 02:23:10 --> Session: Class initialized using 'CodeIgniter\Session\Handlers\FileHandler' driver.
INFO - 2024-08-27 02:23:37 --> Session: Class initialized using 'CodeIgniter\Session\Handlers\FileHandler' driver.
INFO - 2024-08-27 02:24:28 --> Session: Class initialized using 'CodeIgniter\Session\Handlers\FileHandler' driver.
INFO - 2024-08-27 02:24:59 --> Session: Class initialized using 'CodeIgniter\Session\Handlers\FileHandler' driver.
INFO - 2024-08-27 02:25:04 --> Session: Class initialized using 'CodeIgniter\Session\Handlers\FileHandler' driver.
INFO - 2024-08-27 02:25:39 --> Session: Class initialized using 'CodeIgniter\Session\Handlers\FileHandler' driver.
INFO - 2024-08-27 02:26:10 --> Session: Class initialized using 'CodeIgniter\Session\Handlers\FileHandler' driver.
INFO - 2024-08-27 02:26:55 --> Session: Class initialized using 'CodeIgniter\Session\Handlers\FileHandler' driver.
INFO - 2024-08-27 02:27:00 --> Session: Class initialized using 'CodeIgniter\Session\Handlers\FileHandler' driver.
INFO - 2024-08-27 02:27:05 --> Session: Class initialized using 'CodeIgniter\Session\Handlers\FileHandler' driver.
INFO - 2024-08-27 02:28:05 --> Session: Class initialized using 'CodeIgniter\Session\Handlers\FileHandler' driver.
INFO - 2024-08-27 02:28:19 --> Session: Class initialized using 'CodeIgniter\Session\Handlers\FileHandler' driver.
INFO - 2024-08-27 02:28:38 --> Session: Class initialized using 'CodeIgniter\Session\Handlers\FileHandler' driver.
INFO - 2024-08-27 02:28:45 --> Session: Class initialized using 'CodeIgniter\Session\Handlers\FileHandler' driver.
INFO - 2024-08-27 02:28:57 --> Session: Class initialized using 'CodeIgniter\Session\Handlers\FileHandler' driver.
INFO - 2024-08-27 02:42:10 --> Session: Class initialized using 'CodeIgniter\Session\Handlers\FileHandler' driver.
INFO - 2024-08-27 02:43:57 --> Session: Class initialized using 'CodeIgniter\Session\Handlers\FileHandler' driver.
INFO - 2024-08-27 03:00:30 --> Session: Class initialized using 'CodeIgniter\Session\Handlers\FileHandler' driver.
INFO - 2024-08-27 03:03:22 --> Session: Class initialized using 'CodeIgniter\Session\Handlers\FileHandler' driver.
CRITICAL - 2024-08-27 03:04:12 --> BadMethodCallException: Call to undefined method App\Models\Admin\UsersManagementModel::getPenandaTangan
in SYSTEMPATH/Model.php on line 879.
 1 APPPATH/Controllers/Admin/UsersManagementController.php(27): CodeIgniter\Model->__call('getPenandaTangan', [])
 2 SYSTEMPATH/CodeIgniter.php(943): App\Controllers\Admin\UsersManagementController->index()
 3 SYSTEMPATH/CodeIgniter.php(503): CodeIgniter\CodeIgniter->runController(Object(App\Controllers\Admin\UsersManagementController))
 4 SYSTEMPATH/CodeIgniter.php(361): CodeIgniter\CodeIgniter->handleRequest(null, Object(Config\Cache), false)
 5 FCPATH/index.php(79): CodeIgniter\CodeIgniter->run()
 6 SYSTEMPATH/Commands/Server/rewrite.php(47): require_once('/Volumes/mf480 - Data/sidak_angkot/public/index.php')
ERROR - 2024-08-27 03:04:48 --> mysqli_sql_exception: Unknown column 'pejabat_table.ukpd_id' in 'on clause' in /Volumes/mf480 - Data/sidak_angkot/vendor/codeigniter4/framework/system/Database/MySQLi/Connection.php:306
Stack trace:
#0 /Volumes/mf480 - Data/sidak_angkot/vendor/codeigniter4/framework/system/Database/MySQLi/Connection.php(306): mysqli->query('SELECT `users_m...', 0)
#1 /Volumes/mf480 - Data/sidak_angkot/vendor/codeigniter4/framework/system/Database/BaseConnection.php(693): CodeIgniter\Database\MySQLi\Connection->execute('SELECT `users_m...')
#2 /Volumes/mf480 - Data/sidak_angkot/vendor/codeigniter4/framework/system/Database/BaseConnection.php(607): CodeIgniter\Database\BaseConnection->simpleQuery('SELECT `users_m...')
#3 /Volumes/mf480 - Data/sidak_angkot/vendor/codeigniter4/framework/system/Database/BaseBuilder.php(1616): CodeIgniter\Database\BaseConnection->query('SELECT `users_m...', Array, false)
#4 /Volumes/mf480 - Data/sidak_angkot/vendor/codeigniter4/framework/system/Model.php(877): CodeIgniter\Database\BaseBuilder->get()
#5 /Volumes/mf480 - Data/sidak_angkot/app/Models/Admin/UsersManagementModel.php(26): CodeIgniter\Model->__call('get', Array)
#6 /Volumes/mf480 - Data/sidak_angkot/app/Controllers/Admin/UsersManagementController.php(27): App\Models\Admin\UsersManagementModel->getUsersManagement()
#7 /Volumes/mf480 - Data/sidak_angkot/vendor/codeigniter4/framework/system/CodeIgniter.php(943): App\Controllers\Admin\UsersManagementController->index()
#8 /Volumes/mf480 - Data/sidak_angkot/vendor/codeigniter4/framework/system/CodeIgniter.php(503): CodeIgniter\CodeIgniter->runController(Object(App\Controllers\Admin\UsersManagementController))
#9 /Volumes/mf480 - Data/sidak_angkot/vendor/codeigniter4/framework/system/CodeIgniter.php(361): CodeIgniter\CodeIgniter->handleRequest(NULL, Object(Config\Cache), false)
#10 /Volumes/mf480 - Data/sidak_angkot/public/index.php(79): CodeIgniter\CodeIgniter->run()
#11 /Volumes/mf480 - Data/sidak_angkot/vendor/codeigniter4/framework/system/Commands/Server/rewrite.php(47): require_once('/Volumes/mf480 ...')
#12 {main}
CRITICAL - 2024-08-27 03:04:48 --> CodeIgniter\Database\Exceptions\DatabaseException: Unknown column 'pejabat_table.ukpd_id' in 'on clause'
in SYSTEMPATH/Database/BaseConnection.php on line 647.
 1 SYSTEMPATH/Database/BaseBuilder.php(1616): CodeIgniter\Database\BaseConnection->query('SELECT `users_management_table`.`id`, `users_management_table`.`ukpd_id`, `users_management_table`.`nama`, `users_management_table`.`nip`, `ukpd_table`.`ukpd`
FROM `users_management_table`
JOIN `ukpd_table` ON `ukpd_table`.`id` = `pejabat_table`.`ukpd_id`
ORDER BY `id` desc', [], false)
 2 SYSTEMPATH/Model.php(877): CodeIgniter\Database\BaseBuilder->get()
 3 APPPATH/Models/Admin/UsersManagementModel.php(26): CodeIgniter\Model->__call('get', [])
 4 APPPATH/Controllers/Admin/UsersManagementController.php(27): App\Models\Admin\UsersManagementModel->getUsersManagement()
 5 SYSTEMPATH/CodeIgniter.php(943): App\Controllers\Admin\UsersManagementController->index()
 6 SYSTEMPATH/CodeIgniter.php(503): CodeIgniter\CodeIgniter->runController(Object(App\Controllers\Admin\UsersManagementController))
 7 SYSTEMPATH/CodeIgniter.php(361): CodeIgniter\CodeIgniter->handleRequest(null, Object(Config\Cache), false)
 8 FCPATH/index.php(79): CodeIgniter\CodeIgniter->run()
 9 SYSTEMPATH/Commands/Server/rewrite.php(47): require_once('/Volumes/mf480 - Data/sidak_angkot/public/index.php')
CRITICAL - 2024-08-27 03:04:48 --> [Caused by] CodeIgniter\Database\Exceptions\DatabaseException: Unknown column 'pejabat_table.ukpd_id' in 'on clause'
in SYSTEMPATH/Database/MySQLi/Connection.php on line 311.
 1 SYSTEMPATH/Database/BaseConnection.php(693): CodeIgniter\Database\MySQLi\Connection->execute('SELECT `users_management_table`.`id`, `users_management_table`.`ukpd_id`, `users_management_table`.`nama`, `users_management_table`.`nip`, `ukpd_table`.`ukpd`
FROM `users_management_table`
JOIN `ukpd_table` ON `ukpd_table`.`id` = `pejabat_table`.`ukpd_id`
ORDER BY `id` desc')
 2 SYSTEMPATH/Database/BaseConnection.php(607): CodeIgniter\Database\BaseConnection->simpleQuery('SELECT `users_management_table`.`id`, `users_management_table`.`ukpd_id`, `users_management_table`.`nama`, `users_management_table`.`nip`, `ukpd_table`.`ukpd`
FROM `users_management_table`
JOIN `ukpd_table` ON `ukpd_table`.`id` = `pejabat_table`.`ukpd_id`
ORDER BY `id` desc')
 3 SYSTEMPATH/Database/BaseBuilder.php(1616): CodeIgniter\Database\BaseConnection->query('SELECT `users_management_table`.`id`, `users_management_table`.`ukpd_id`, `users_management_table`.`nama`, `users_management_table`.`nip`, `ukpd_table`.`ukpd`
FROM `users_management_table`
JOIN `ukpd_table` ON `ukpd_table`.`id` = `pejabat_table`.`ukpd_id`
ORDER BY `id` desc', [], false)
 4 SYSTEMPATH/Model.php(877): CodeIgniter\Database\BaseBuilder->get()
 5 APPPATH/Models/Admin/UsersManagementModel.php(26): CodeIgniter\Model->__call('get', [])
 6 APPPATH/Controllers/Admin/UsersManagementController.php(27): App\Models\Admin\UsersManagementModel->getUsersManagement()
 7 SYSTEMPATH/CodeIgniter.php(943): App\Controllers\Admin\UsersManagementController->index()
 8 SYSTEMPATH/CodeIgniter.php(503): CodeIgniter\CodeIgniter->runController(Object(App\Controllers\Admin\UsersManagementController))
 9 SYSTEMPATH/CodeIgniter.php(361): CodeIgniter\CodeIgniter->handleRequest(null, Object(Config\Cache), false)
10 FCPATH/index.php(79): CodeIgniter\CodeIgniter->run()
11 SYSTEMPATH/Commands/Server/rewrite.php(47): require_once('/Volumes/mf480 - Data/sidak_angkot/public/index.php')
CRITICAL - 2024-08-27 03:04:48 --> [Caused by] mysqli_sql_exception: Unknown column 'pejabat_table.ukpd_id' in 'on clause'
in SYSTEMPATH/Database/MySQLi/Connection.php on line 306.
 1 SYSTEMPATH/Database/MySQLi/Connection.php(306): mysqli->query('SELECT `users_management_table`.`id`, `users_management_table`.`ukpd_id`, `users_management_table`.`nama`, `users_management_table`.`nip`, `ukpd_table`.`ukpd`
FROM `users_management_table`
JOIN `ukpd_table` ON `ukpd_table`.`id` = `pejabat_table`.`ukpd_id`
ORDER BY `id` desc', 0)
 2 SYSTEMPATH/Database/BaseConnection.php(693): CodeIgniter\Database\MySQLi\Connection->execute('SELECT `users_management_table`.`id`, `users_management_table`.`ukpd_id`, `users_management_table`.`nama`, `users_management_table`.`nip`, `ukpd_table`.`ukpd`
FROM `users_management_table`
JOIN `ukpd_table` ON `ukpd_table`.`id` = `pejabat_table`.`ukpd_id`
ORDER BY `id` desc')
 3 SYSTEMPATH/Database/BaseConnection.php(607): CodeIgniter\Database\BaseConnection->simpleQuery('SELECT `users_management_table`.`id`, `users_management_table`.`ukpd_id`, `users_management_table`.`nama`, `users_management_table`.`nip`, `ukpd_table`.`ukpd`
FROM `users_management_table`
JOIN `ukpd_table` ON `ukpd_table`.`id` = `pejabat_table`.`ukpd_id`
ORDER BY `id` desc')
 4 SYSTEMPATH/Database/BaseBuilder.php(1616): CodeIgniter\Database\BaseConnection->query('SELECT `users_management_table`.`id`, `users_management_table`.`ukpd_id`, `users_management_table`.`nama`, `users_management_table`.`nip`, `ukpd_table`.`ukpd`
FROM `users_management_table`
JOIN `ukpd_table` ON `ukpd_table`.`id` = `pejabat_table`.`ukpd_id`
ORDER BY `id` desc', [], false)
 5 SYSTEMPATH/Model.php(877): CodeIgniter\Database\BaseBuilder->get()
 6 APPPATH/Models/Admin/UsersManagementModel.php(26): CodeIgniter\Model->__call('get', [])
 7 APPPATH/Controllers/Admin/UsersManagementController.php(27): App\Models\Admin\UsersManagementModel->getUsersManagement()
 8 SYSTEMPATH/CodeIgniter.php(943): App\Controllers\Admin\UsersManagementController->index()
 9 SYSTEMPATH/CodeIgniter.php(503): CodeIgniter\CodeIgniter->runController(Object(App\Controllers\Admin\UsersManagementController))
10 SYSTEMPATH/CodeIgniter.php(361): CodeIgniter\CodeIgniter->handleRequest(null, Object(Config\Cache), false)
11 FCPATH/index.php(79): CodeIgniter\CodeIgniter->run()
12 SYSTEMPATH/Commands/Server/rewrite.php(47): require_once('/Volumes/mf480 - Data/sidak_angkot/public/index.php')
CRITICAL - 2024-08-27 03:05:10 --> CodeIgniter\View\Exceptions\ViewException: Invalid file: "admin/users_management_v.php"
in SYSTEMPATH/Exceptions/FrameworkException.php on line 39.
 1 SYSTEMPATH/View/View.php(216): CodeIgniter\Exceptions\FrameworkException::forInvalidFile('admin/users_management_v.php')
 2 SYSTEMPATH/Common.php(1178): CodeIgniter\View\View->render('admin/users_management_v', [], true)
 3 APPPATH/Controllers/Admin/UsersManagementController.php(31): view('admin/users_management_v', [...])
 4 SYSTEMPATH/CodeIgniter.php(943): App\Controllers\Admin\UsersManagementController->index()
 5 SYSTEMPATH/CodeIgniter.php(503): CodeIgniter\CodeIgniter->runController(Object(App\Controllers\Admin\UsersManagementController))
 6 SYSTEMPATH/CodeIgniter.php(361): CodeIgniter\CodeIgniter->handleRequest(null, Object(Config\Cache), false)
 7 FCPATH/index.php(79): CodeIgniter\CodeIgniter->run()
 8 SYSTEMPATH/Commands/Server/rewrite.php(47): require_once('/Volumes/mf480 - Data/sidak_angkot/public/index.php')
CRITICAL - 2024-08-27 03:08:03 --> ErrorException: Undefined variable: pejabat
in APPPATH/Views/admin/users_management_v.php on line 52.
 1 APPPATH/Views/admin/users_management_v.php(52): CodeIgniter\Debug\Exceptions->errorHandler(8, 'Undefined variable: pejabat', '/Volumes/mf480 - Data/sidak_angkot/app/Views/admin/users_management_v.php', 52, [...])
 2 SYSTEMPATH/View/View.php(228): include('/Volumes/mf480 - Data/sidak_angkot/app/Views/admin/users_management_v.php')
 3 SYSTEMPATH/View/View.php(231): CodeIgniter\View\View->CodeIgniter\View\{closure}()
 4 SYSTEMPATH/Common.php(1178): CodeIgniter\View\View->render('admin/users_management_v', [], true)
 5 APPPATH/Controllers/Admin/UsersManagementController.php(31): view('admin/users_management_v', [...])
 6 SYSTEMPATH/CodeIgniter.php(943): App\Controllers\Admin\UsersManagementController->index()
 7 SYSTEMPATH/CodeIgniter.php(503): CodeIgniter\CodeIgniter->runController(Object(App\Controllers\Admin\UsersManagementController))
 8 SYSTEMPATH/CodeIgniter.php(361): CodeIgniter\CodeIgniter->handleRequest(null, Object(Config\Cache), false)
 9 FCPATH/index.php(79): CodeIgniter\CodeIgniter->run()
10 SYSTEMPATH/Commands/Server/rewrite.php(47): require_once('/Volumes/mf480 - Data/sidak_angkot/public/index.php')
CRITICAL - 2024-08-27 03:13:19 --> ErrorException: Undefined variable: users_managagement
in APPPATH/Views/admin/users_management_v.php on line 52.
 1 APPPATH/Views/admin/users_management_v.php(52): CodeIgniter\Debug\Exceptions->errorHandler(8, 'Undefined variable: users_managagement', '/Volumes/mf480 - Data/sidak_angkot/app/Views/admin/users_management_v.php', 52, [...])
 2 SYSTEMPATH/View/View.php(228): include('/Volumes/mf480 - Data/sidak_angkot/app/Views/admin/users_management_v.php')
 3 SYSTEMPATH/View/View.php(231): CodeIgniter\View\View->CodeIgniter\View\{closure}()
 4 SYSTEMPATH/Common.php(1178): CodeIgniter\View\View->render('admin/users_management_v', [], true)
 5 APPPATH/Controllers/Admin/UsersManagementController.php(31): view('admin/users_management_v', [...])
 6 SYSTEMPATH/CodeIgniter.php(943): App\Controllers\Admin\UsersManagementController->index()
 7 SYSTEMPATH/CodeIgniter.php(503): CodeIgniter\CodeIgniter->runController(Object(App\Controllers\Admin\UsersManagementController))
 8 SYSTEMPATH/CodeIgniter.php(361): CodeIgniter\CodeIgniter->handleRequest(null, Object(Config\Cache), false)
 9 FCPATH/index.php(79): CodeIgniter\CodeIgniter->run()
10 SYSTEMPATH/Commands/Server/rewrite.php(47): require_once('/Volumes/mf480 - Data/sidak_angkot/public/index.php')
INFO - 2024-08-27 03:13:45 --> Session: Class initialized using 'CodeIgniter\Session\Handlers\FileHandler' driver.
INFO - 2024-08-27 03:14:16 --> Session: Class initialized using 'CodeIgniter\Session\Handlers\FileHandler' driver.
INFO - 2024-08-27 03:16:00 --> Session: Class initialized using 'CodeIgniter\Session\Handlers\FileHandler' driver.
INFO - 2024-08-27 03:16:16 --> Session: Class initialized using 'CodeIgniter\Session\Handlers\FileHandler' driver.
INFO - 2024-08-27 03:18:26 --> Session: Class initialized using 'CodeIgniter\Session\Handlers\FileHandler' driver.
CRITICAL - 2024-08-27 03:19:40 --> ErrorException: Undefined property: stdClass::$nama_dinas
in APPPATH/Views/admin/users_management_v.php on line 125.
 1 APPPATH/Views/admin/users_management_v.php(125): CodeIgniter\Debug\Exceptions->errorHandler(8, 'Undefined property: stdClass::$nama_dinas', '/Volumes/mf480 - Data/sidak_angkot/app/Views/admin/users_management_v.php', 125, [...])
 2 SYSTEMPATH/View/View.php(228): include('/Volumes/mf480 - Data/sidak_angkot/app/Views/admin/users_management_v.php')
 3 SYSTEMPATH/View/View.php(231): CodeIgniter\View\View->CodeIgniter\View\{closure}()
 4 SYSTEMPATH/Common.php(1178): CodeIgniter\View\View->render('admin/users_management_v', [], true)
 5 APPPATH/Controllers/Admin/UsersManagementController.php(35): view('admin/users_management_v', [...])
 6 SYSTEMPATH/CodeIgniter.php(943): App\Controllers\Admin\UsersManagementController->index()
 7 SYSTEMPATH/CodeIgniter.php(503): CodeIgniter\CodeIgniter->runController(Object(App\Controllers\Admin\UsersManagementController))
 8 SYSTEMPATH/CodeIgniter.php(361): CodeIgniter\CodeIgniter->handleRequest(null, Object(Config\Cache), false)
 9 FCPATH/index.php(79): CodeIgniter\CodeIgniter->run()
10 SYSTEMPATH/Commands/Server/rewrite.php(47): require_once('/Volumes/mf480 - Data/sidak_angkot/public/index.php')
INFO - 2024-08-27 03:19:57 --> Session: Class initialized using 'CodeIgniter\Session\Handlers\FileHandler' driver.
INFO - 2024-08-27 03:20:41 --> Session: Class initialized using 'CodeIgniter\Session\Handlers\FileHandler' driver.
INFO - 2024-08-27 03:21:51 --> Session: Class initialized using 'CodeIgniter\Session\Handlers\FileHandler' driver.
INFO - 2024-08-27 03:22:24 --> Session: Class initialized using 'CodeIgniter\Session\Handlers\FileHandler' driver.
INFO - 2024-08-27 03:24:33 --> Session: Class initialized using 'CodeIgniter\Session\Handlers\FileHandler' driver.
INFO - 2024-08-27 03:25:21 --> Session: Class initialized using 'CodeIgniter\Session\Handlers\FileHandler' driver.
INFO - 2024-08-27 03:25:41 --> Session: Class initialized using 'CodeIgniter\Session\Handlers\FileHandler' driver.
CRITICAL - 2024-08-27 03:26:07 --> ErrorException: Undefined property: stdClass::$role_management
in APPPATH/Views/admin/users_management_v.php on line 59.
 1 APPPATH/Views/admin/users_management_v.php(59): CodeIgniter\Debug\Exceptions->errorHandler(8, 'Undefined property: stdClass::$role_management', '/Volumes/mf480 - Data/sidak_angkot/app/Views/admin/users_management_v.php', 59, [...])
 2 SYSTEMPATH/View/View.php(228): include('/Volumes/mf480 - Data/sidak_angkot/app/Views/admin/users_management_v.php')
 3 SYSTEMPATH/View/View.php(231): CodeIgniter\View\View->CodeIgniter\View\{closure}()
 4 SYSTEMPATH/Common.php(1178): CodeIgniter\View\View->render('admin/users_management_v', [], true)
 5 APPPATH/Controllers/Admin/UsersManagementController.php(35): view('admin/users_management_v', [...])
 6 SYSTEMPATH/CodeIgniter.php(943): App\Controllers\Admin\UsersManagementController->index()
 7 SYSTEMPATH/CodeIgniter.php(503): CodeIgniter\CodeIgniter->runController(Object(App\Controllers\Admin\UsersManagementController))
 8 SYSTEMPATH/CodeIgniter.php(361): CodeIgniter\CodeIgniter->handleRequest(null, Object(Config\Cache), false)
 9 FCPATH/index.php(79): CodeIgniter\CodeIgniter->run()
10 SYSTEMPATH/Commands/Server/rewrite.php(47): require_once('/Volumes/mf480 - Data/sidak_angkot/public/index.php')
INFO - 2024-08-27 03:26:37 --> Session: Class initialized using 'CodeIgniter\Session\Handlers\FileHandler' driver.
INFO - 2024-08-27 03:34:03 --> Session: Class initialized using 'CodeIgniter\Session\Handlers\FileHandler' driver.
INFO - 2024-08-27 03:34:41 --> Session: Class initialized using 'CodeIgniter\Session\Handlers\FileHandler' driver.
INFO - 2024-08-27 03:34:57 --> Session: Class initialized using 'CodeIgniter\Session\Handlers\FileHandler' driver.
INFO - 2024-08-27 03:36:36 --> Session: Class initialized using 'CodeIgniter\Session\Handlers\FileHandler' driver.
INFO - 2024-08-27 03:36:42 --> Session: Class initialized using 'CodeIgniter\Session\Handlers\FileHandler' driver.
ERROR - 2024-08-27 03:36:46 --> mysqli_sql_exception: Cannot add or update a child row: a foreign key constraint fails (`sidak_angkot`.`users_management_table`, CONSTRAINT `users_management_table_role_management_id_foreign` FOREIGN KEY (`role_management_id`) REFERENCES `role_management_table` (`id`) ON DELETE C) in /Volumes/mf480 - Data/sidak_angkot/vendor/codeigniter4/framework/system/Database/MySQLi/Connection.php:306
Stack trace:
#0 /Volumes/mf480 - Data/sidak_angkot/vendor/codeigniter4/framework/system/Database/MySQLi/Connection.php(306): mysqli->query('UPDATE `users_m...', 0)
#1 /Volumes/mf480 - Data/sidak_angkot/vendor/codeigniter4/framework/system/Database/BaseConnection.php(693): CodeIgniter\Database\MySQLi\Connection->execute('UPDATE `users_m...')
#2 /Volumes/mf480 - Data/sidak_angkot/vendor/codeigniter4/framework/system/Database/BaseConnection.php(607): CodeIgniter\Database\BaseConnection->simpleQuery('UPDATE `users_m...')
#3 /Volumes/mf480 - Data/sidak_angkot/vendor/codeigniter4/framework/system/Database/BaseBuilder.php(2474): CodeIgniter\Database\BaseConnection->query('UPDATE `users_m...', Array, false)
#4 /Volumes/mf480 - Data/sidak_angkot/vendor/codeigniter4/framework/system/Model.php(394): CodeIgniter\Database\BaseBuilder->update()
#5 /Volumes/mf480 - Data/sidak_angkot/vendor/codeigniter4/framework/system/BaseModel.php(990): CodeIgniter\Model->doUpdate(Array, Array)
#6 /Volumes/mf480 - Data/sidak_angkot/vendor/codeigniter4/framework/system/Model.php(812): CodeIgniter\BaseModel->update(Array, Array)
#7 /Volumes/mf480 - Data/sidak_angkot/app/Controllers/Admin/UsersManagementController.php(187): CodeIgniter\Model->update('1', Array)
#8 /Volumes/mf480 - Data/sidak_angkot/vendor/codeigniter4/framework/system/CodeIgniter.php(943): App\Controllers\Admin\UsersManagementController->update()
#9 /Volumes/mf480 - Data/sidak_angkot/vendor/codeigniter4/framework/system/CodeIgniter.php(503): CodeIgniter\CodeIgniter->runController(Object(App\Controllers\Admin\UsersManagementController))
#10 /Volumes/mf480 - Data/sidak_angkot/vendor/codeigniter4/framework/system/CodeIgniter.php(361): CodeIgniter\CodeIgniter->handleRequest(NULL, Object(Config\Cache), false)
#11 /Volumes/mf480 - Data/sidak_angkot/public/index.php(79): CodeIgniter\CodeIgniter->run()
#12 /Volumes/mf480 - Data/sidak_angkot/vendor/codeigniter4/framework/system/Commands/Server/rewrite.php(47): require_once('/Volumes/mf480 ...')
#13 {main}
CRITICAL - 2024-08-27 03:36:46 --> CodeIgniter\Database\Exceptions\DatabaseException: Cannot add or update a child row: a foreign key constraint fails (`sidak_angkot`.`users_management_table`, CONSTRAINT `users_management_table_role_management_id_foreign` FOREIGN KEY (`role_management_id`) REFERENCES `role_management_table` (`id`) ON DELETE C)
in SYSTEMPATH/Database/BaseConnection.php on line 647.
 1 SYSTEMPATH/Database/BaseBuilder.php(2474): CodeIgniter\Database\BaseConnection->query('UPDATE `users_management_table` SET `ukpd_id` = :ukpd_id:, `nama` = :nama:, `nip` = :nip:, `role_management_id` = :role_management_id:, `updated_at` = :updated_at:
WHERE `users_management_table`.`id` IN :users_management_table.id:', [...], false)
 2 SYSTEMPATH/Model.php(394): CodeIgniter\Database\BaseBuilder->update()
 3 SYSTEMPATH/BaseModel.php(990): CodeIgniter\Model->doUpdate([...], [...])
 4 SYSTEMPATH/Model.php(812): CodeIgniter\BaseModel->update([...], [...])
 5 APPPATH/Controllers/Admin/UsersManagementController.php(187): CodeIgniter\Model->update('1', [...])
 6 SYSTEMPATH/CodeIgniter.php(943): App\Controllers\Admin\UsersManagementController->update()
 7 SYSTEMPATH/CodeIgniter.php(503): CodeIgniter\CodeIgniter->runController(Object(App\Controllers\Admin\UsersManagementController))
 8 SYSTEMPATH/CodeIgniter.php(361): CodeIgniter\CodeIgniter->handleRequest(null, Object(Config\Cache), false)
 9 FCPATH/index.php(79): CodeIgniter\CodeIgniter->run()
10 SYSTEMPATH/Commands/Server/rewrite.php(47): require_once('/Volumes/mf480 - Data/sidak_angkot/public/index.php')
CRITICAL - 2024-08-27 03:36:46 --> [Caused by] CodeIgniter\Database\Exceptions\DatabaseException: Cannot add or update a child row: a foreign key constraint fails (`sidak_angkot`.`users_management_table`, CONSTRAINT `users_management_table_role_management_id_foreign` FOREIGN KEY (`role_management_id`) REFERENCES `role_management_table` (`id`) ON DELETE C)
in SYSTEMPATH/Database/MySQLi/Connection.php on line 311.
 1 SYSTEMPATH/Database/BaseConnection.php(693): CodeIgniter\Database\MySQLi\Connection->execute('UPDATE `users_management_table` SET `ukpd_id` = \'1\', `nama` = \'chan chan \', `nip` = \'3213123\', `role_management_id` = \'\', `updated_at` = \'2024-08-27 03:36:45\'
WHERE `users_management_table`.`id` IN (\'1\')')
 2 SYSTEMPATH/Database/BaseConnection.php(607): CodeIgniter\Database\BaseConnection->simpleQuery('UPDATE `users_management_table` SET `ukpd_id` = \'1\', `nama` = \'chan chan \', `nip` = \'3213123\', `role_management_id` = \'\', `updated_at` = \'2024-08-27 03:36:45\'
WHERE `users_management_table`.`id` IN (\'1\')')
 3 SYSTEMPATH/Database/BaseBuilder.php(2474): CodeIgniter\Database\BaseConnection->query('UPDATE `users_management_table` SET `ukpd_id` = :ukpd_id:, `nama` = :nama:, `nip` = :nip:, `role_management_id` = :role_management_id:, `updated_at` = :updated_at:
WHERE `users_management_table`.`id` IN :users_management_table.id:', [...], false)
 4 SYSTEMPATH/Model.php(394): CodeIgniter\Database\BaseBuilder->update()
 5 SYSTEMPATH/BaseModel.php(990): CodeIgniter\Model->doUpdate([...], [...])
 6 SYSTEMPATH/Model.php(812): CodeIgniter\BaseModel->update([...], [...])
 7 APPPATH/Controllers/Admin/UsersManagementController.php(187): CodeIgniter\Model->update('1', [...])
 8 SYSTEMPATH/CodeIgniter.php(943): App\Controllers\Admin\UsersManagementController->update()
 9 SYSTEMPATH/CodeIgniter.php(503): CodeIgniter\CodeIgniter->runController(Object(App\Controllers\Admin\UsersManagementController))
10 SYSTEMPATH/CodeIgniter.php(361): CodeIgniter\CodeIgniter->handleRequest(null, Object(Config\Cache), false)
11 FCPATH/index.php(79): CodeIgniter\CodeIgniter->run()
12 SYSTEMPATH/Commands/Server/rewrite.php(47): require_once('/Volumes/mf480 - Data/sidak_angkot/public/index.php')
CRITICAL - 2024-08-27 03:36:46 --> [Caused by] mysqli_sql_exception: Cannot add or update a child row: a foreign key constraint fails (`sidak_angkot`.`users_management_table`, CONSTRAINT `users_management_table_role_management_id_foreign` FOREIGN KEY (`role_management_id`) REFERENCES `role_management_table` (`id`) ON DELETE C)
in SYSTEMPATH/Database/MySQLi/Connection.php on line 306.
 1 SYSTEMPATH/Database/MySQLi/Connection.php(306): mysqli->query('UPDATE `users_management_table` SET `ukpd_id` = \'1\', `nama` = \'chan chan \', `nip` = \'3213123\', `role_management_id` = \'\', `updated_at` = \'2024-08-27 03:36:45\'
WHERE `users_management_table`.`id` IN (\'1\')', 0)
 2 SYSTEMPATH/Database/BaseConnection.php(693): CodeIgniter\Database\MySQLi\Connection->execute('UPDATE `users_management_table` SET `ukpd_id` = \'1\', `nama` = \'chan chan \', `nip` = \'3213123\', `role_management_id` = \'\', `updated_at` = \'2024-08-27 03:36:45\'
WHERE `users_management_table`.`id` IN (\'1\')')
 3 SYSTEMPATH/Database/BaseConnection.php(607): CodeIgniter\Database\BaseConnection->simpleQuery('UPDATE `users_management_table` SET `ukpd_id` = \'1\', `nama` = \'chan chan \', `nip` = \'3213123\', `role_management_id` = \'\', `updated_at` = \'2024-08-27 03:36:45\'
WHERE `users_management_table`.`id` IN (\'1\')')
 4 SYSTEMPATH/Database/BaseBuilder.php(2474): CodeIgniter\Database\BaseConnection->query('UPDATE `users_management_table` SET `ukpd_id` = :ukpd_id:, `nama` = :nama:, `nip` = :nip:, `role_management_id` = :role_management_id:, `updated_at` = :updated_at:
WHERE `users_management_table`.`id` IN :users_management_table.id:', [...], false)
 5 SYSTEMPATH/Model.php(394): CodeIgniter\Database\BaseBuilder->update()
 6 SYSTEMPATH/BaseModel.php(990): CodeIgniter\Model->doUpdate([...], [...])
 7 SYSTEMPATH/Model.php(812): CodeIgniter\BaseModel->update([...], [...])
 8 APPPATH/Controllers/Admin/UsersManagementController.php(187): CodeIgniter\Model->update('1', [...])
 9 SYSTEMPATH/CodeIgniter.php(943): App\Controllers\Admin\UsersManagementController->update()
10 SYSTEMPATH/CodeIgniter.php(503): CodeIgniter\CodeIgniter->runController(Object(App\Controllers\Admin\UsersManagementController))
11 SYSTEMPATH/CodeIgniter.php(361): CodeIgniter\CodeIgniter->handleRequest(null, Object(Config\Cache), false)
12 FCPATH/index.php(79): CodeIgniter\CodeIgniter->run()
13 SYSTEMPATH/Commands/Server/rewrite.php(47): require_once('/Volumes/mf480 - Data/sidak_angkot/public/index.php')
ERROR - 2024-08-27 03:36:55 --> mysqli_sql_exception: Cannot add or update a child row: a foreign key constraint fails (`sidak_angkot`.`users_management_table`, CONSTRAINT `users_management_table_role_management_id_foreign` FOREIGN KEY (`role_management_id`) REFERENCES `role_management_table` (`id`) ON DELETE C) in /Volumes/mf480 - Data/sidak_angkot/vendor/codeigniter4/framework/system/Database/MySQLi/Connection.php:306
Stack trace:
#0 /Volumes/mf480 - Data/sidak_angkot/vendor/codeigniter4/framework/system/Database/MySQLi/Connection.php(306): mysqli->query('UPDATE `users_m...', 0)
#1 /Volumes/mf480 - Data/sidak_angkot/vendor/codeigniter4/framework/system/Database/BaseConnection.php(693): CodeIgniter\Database\MySQLi\Connection->execute('UPDATE `users_m...')
#2 /Volumes/mf480 - Data/sidak_angkot/vendor/codeigniter4/framework/system/Database/BaseConnection.php(607): CodeIgniter\Database\BaseConnection->simpleQuery('UPDATE `users_m...')
#3 /Volumes/mf480 - Data/sidak_angkot/vendor/codeigniter4/framework/system/Database/BaseBuilder.php(2474): CodeIgniter\Database\BaseConnection->query('UPDATE `users_m...', Array, false)
#4 /Volumes/mf480 - Data/sidak_angkot/vendor/codeigniter4/framework/system/Model.php(394): CodeIgniter\Database\BaseBuilder->update()
#5 /Volumes/mf480 - Data/sidak_angkot/vendor/codeigniter4/framework/system/BaseModel.php(990): CodeIgniter\Model->doUpdate(Array, Array)
#6 /Volumes/mf480 - Data/sidak_angkot/vendor/codeigniter4/framework/system/Model.php(812): CodeIgniter\BaseModel->update(Array, Array)
#7 /Volumes/mf480 - Data/sidak_angkot/app/Controllers/Admin/UsersManagementController.php(187): CodeIgniter\Model->update('1', Array)
#8 /Volumes/mf480 - Data/sidak_angkot/vendor/codeigniter4/framework/system/CodeIgniter.php(943): App\Controllers\Admin\UsersManagementController->update()
#9 /Volumes/mf480 - Data/sidak_angkot/vendor/codeigniter4/framework/system/CodeIgniter.php(503): CodeIgniter\CodeIgniter->runController(Object(App\Controllers\Admin\UsersManagementController))
#10 /Volumes/mf480 - Data/sidak_angkot/vendor/codeigniter4/framework/system/CodeIgniter.php(361): CodeIgniter\CodeIgniter->handleRequest(NULL, Object(Config\Cache), false)
#11 /Volumes/mf480 - Data/sidak_angkot/public/index.php(79): CodeIgniter\CodeIgniter->run()
#12 /Volumes/mf480 - Data/sidak_angkot/vendor/codeigniter4/framework/system/Commands/Server/rewrite.php(47): require_once('/Volumes/mf480 ...')
#13 {main}
CRITICAL - 2024-08-27 03:36:55 --> CodeIgniter\Database\Exceptions\DatabaseException: Cannot add or update a child row: a foreign key constraint fails (`sidak_angkot`.`users_management_table`, CONSTRAINT `users_management_table_role_management_id_foreign` FOREIGN KEY (`role_management_id`) REFERENCES `role_management_table` (`id`) ON DELETE C)
in SYSTEMPATH/Database/BaseConnection.php on line 647.
 1 SYSTEMPATH/Database/BaseBuilder.php(2474): CodeIgniter\Database\BaseConnection->query('UPDATE `users_management_table` SET `ukpd_id` = :ukpd_id:, `nama` = :nama:, `nip` = :nip:, `role_management_id` = :role_management_id:, `updated_at` = :updated_at:
WHERE `users_management_table`.`id` IN :users_management_table.id:', [...], false)
 2 SYSTEMPATH/Model.php(394): CodeIgniter\Database\BaseBuilder->update()
 3 SYSTEMPATH/BaseModel.php(990): CodeIgniter\Model->doUpdate([...], [...])
 4 SYSTEMPATH/Model.php(812): CodeIgniter\BaseModel->update([...], [...])
 5 APPPATH/Controllers/Admin/UsersManagementController.php(187): CodeIgniter\Model->update('1', [...])
 6 SYSTEMPATH/CodeIgniter.php(943): App\Controllers\Admin\UsersManagementController->update()
 7 SYSTEMPATH/CodeIgniter.php(503): CodeIgniter\CodeIgniter->runController(Object(App\Controllers\Admin\UsersManagementController))
 8 SYSTEMPATH/CodeIgniter.php(361): CodeIgniter\CodeIgniter->handleRequest(null, Object(Config\Cache), false)
 9 FCPATH/index.php(79): CodeIgniter\CodeIgniter->run()
10 SYSTEMPATH/Commands/Server/rewrite.php(47): require_once('/Volumes/mf480 - Data/sidak_angkot/public/index.php')
CRITICAL - 2024-08-27 03:36:55 --> [Caused by] CodeIgniter\Database\Exceptions\DatabaseException: Cannot add or update a child row: a foreign key constraint fails (`sidak_angkot`.`users_management_table`, CONSTRAINT `users_management_table_role_management_id_foreign` FOREIGN KEY (`role_management_id`) REFERENCES `role_management_table` (`id`) ON DELETE C)
in SYSTEMPATH/Database/MySQLi/Connection.php on line 311.
 1 SYSTEMPATH/Database/BaseConnection.php(693): CodeIgniter\Database\MySQLi\Connection->execute('UPDATE `users_management_table` SET `ukpd_id` = \'1\', `nama` = \'chan chan \', `nip` = \'3213123\', `role_management_id` = \'\', `updated_at` = \'2024-08-27 03:36:55\'
WHERE `users_management_table`.`id` IN (\'1\')')
 2 SYSTEMPATH/Database/BaseConnection.php(607): CodeIgniter\Database\BaseConnection->simpleQuery('UPDATE `users_management_table` SET `ukpd_id` = \'1\', `nama` = \'chan chan \', `nip` = \'3213123\', `role_management_id` = \'\', `updated_at` = \'2024-08-27 03:36:55\'
WHERE `users_management_table`.`id` IN (\'1\')')
 3 SYSTEMPATH/Database/BaseBuilder.php(2474): CodeIgniter\Database\BaseConnection->query('UPDATE `users_management_table` SET `ukpd_id` = :ukpd_id:, `nama` = :nama:, `nip` = :nip:, `role_management_id` = :role_management_id:, `updated_at` = :updated_at:
WHERE `users_management_table`.`id` IN :users_management_table.id:', [...], false)
 4 SYSTEMPATH/Model.php(394): CodeIgniter\Database\BaseBuilder->update()
 5 SYSTEMPATH/BaseModel.php(990): CodeIgniter\Model->doUpdate([...], [...])
 6 SYSTEMPATH/Model.php(812): CodeIgniter\BaseModel->update([...], [...])
 7 APPPATH/Controllers/Admin/UsersManagementController.php(187): CodeIgniter\Model->update('1', [...])
 8 SYSTEMPATH/CodeIgniter.php(943): App\Controllers\Admin\UsersManagementController->update()
 9 SYSTEMPATH/CodeIgniter.php(503): CodeIgniter\CodeIgniter->runController(Object(App\Controllers\Admin\UsersManagementController))
10 SYSTEMPATH/CodeIgniter.php(361): CodeIgniter\CodeIgniter->handleRequest(null, Object(Config\Cache), false)
11 FCPATH/index.php(79): CodeIgniter\CodeIgniter->run()
12 SYSTEMPATH/Commands/Server/rewrite.php(47): require_once('/Volumes/mf480 - Data/sidak_angkot/public/index.php')
CRITICAL - 2024-08-27 03:36:55 --> [Caused by] mysqli_sql_exception: Cannot add or update a child row: a foreign key constraint fails (`sidak_angkot`.`users_management_table`, CONSTRAINT `users_management_table_role_management_id_foreign` FOREIGN KEY (`role_management_id`) REFERENCES `role_management_table` (`id`) ON DELETE C)
in SYSTEMPATH/Database/MySQLi/Connection.php on line 306.
 1 SYSTEMPATH/Database/MySQLi/Connection.php(306): mysqli->query('UPDATE `users_management_table` SET `ukpd_id` = \'1\', `nama` = \'chan chan \', `nip` = \'3213123\', `role_management_id` = \'\', `updated_at` = \'2024-08-27 03:36:55\'
WHERE `users_management_table`.`id` IN (\'1\')', 0)
 2 SYSTEMPATH/Database/BaseConnection.php(693): CodeIgniter\Database\MySQLi\Connection->execute('UPDATE `users_management_table` SET `ukpd_id` = \'1\', `nama` = \'chan chan \', `nip` = \'3213123\', `role_management_id` = \'\', `updated_at` = \'2024-08-27 03:36:55\'
WHERE `users_management_table`.`id` IN (\'1\')')
 3 SYSTEMPATH/Database/BaseConnection.php(607): CodeIgniter\Database\BaseConnection->simpleQuery('UPDATE `users_management_table` SET `ukpd_id` = \'1\', `nama` = \'chan chan \', `nip` = \'3213123\', `role_management_id` = \'\', `updated_at` = \'2024-08-27 03:36:55\'
WHERE `users_management_table`.`id` IN (\'1\')')
 4 SYSTEMPATH/Database/BaseBuilder.php(2474): CodeIgniter\Database\BaseConnection->query('UPDATE `users_management_table` SET `ukpd_id` = :ukpd_id:, `nama` = :nama:, `nip` = :nip:, `role_management_id` = :role_management_id:, `updated_at` = :updated_at:
WHERE `users_management_table`.`id` IN :users_management_table.id:', [...], false)
 5 SYSTEMPATH/Model.php(394): CodeIgniter\Database\BaseBuilder->update()
 6 SYSTEMPATH/BaseModel.php(990): CodeIgniter\Model->doUpdate([...], [...])
 7 SYSTEMPATH/Model.php(812): CodeIgniter\BaseModel->update([...], [...])
 8 APPPATH/Controllers/Admin/UsersManagementController.php(187): CodeIgniter\Model->update('1', [...])
 9 SYSTEMPATH/CodeIgniter.php(943): App\Controllers\Admin\UsersManagementController->update()
10 SYSTEMPATH/CodeIgniter.php(503): CodeIgniter\CodeIgniter->runController(Object(App\Controllers\Admin\UsersManagementController))
11 SYSTEMPATH/CodeIgniter.php(361): CodeIgniter\CodeIgniter->handleRequest(null, Object(Config\Cache), false)
12 FCPATH/index.php(79): CodeIgniter\CodeIgniter->run()
13 SYSTEMPATH/Commands/Server/rewrite.php(47): require_once('/Volumes/mf480 - Data/sidak_angkot/public/index.php')
INFO - 2024-08-27 03:38:49 --> Session: Class initialized using 'CodeIgniter\Session\Handlers\FileHandler' driver.
INFO - 2024-08-27 03:39:24 --> Session: Class initialized using 'CodeIgniter\Session\Handlers\FileHandler' driver.
INFO - 2024-08-27 03:39:29 --> Session: Class initialized using 'CodeIgniter\Session\Handlers\FileHandler' driver.
INFO - 2024-08-27 03:59:41 --> Session: Class initialized using 'CodeIgniter\Session\Handlers\FileHandler' driver.
INFO - 2024-08-27 04:00:06 --> Session: Class initialized using 'CodeIgniter\Session\Handlers\FileHandler' driver.
INFO - 2024-08-27 04:00:39 --> Session: Class initialized using 'CodeIgniter\Session\Handlers\FileHandler' driver.
INFO - 2024-08-27 04:00:55 --> Session: Class initialized using 'CodeIgniter\Session\Handlers\FileHandler' driver.
INFO - 2024-08-27 04:01:37 --> Session: Class initialized using 'CodeIgniter\Session\Handlers\FileHandler' driver.
INFO - 2024-08-27 04:02:04 --> Session: Class initialized using 'CodeIgniter\Session\Handlers\FileHandler' driver.
INFO - 2024-08-27 04:02:51 --> Session: Class initialized using 'CodeIgniter\Session\Handlers\FileHandler' driver.
