INFO - 2024-08-06 01:56:14 --> Session: Class initialized using 'CodeIgniter\Session\Handlers\FileHandler' driver.
INFO - 2024-08-06 01:57:28 --> Session: Class initialized using 'CodeIgniter\Session\Handlers\FileHandler' driver.
INFO - 2024-08-06 01:57:47 --> Session: Class initialized using 'CodeIgniter\Session\Handlers\FileHandler' driver.
INFO - 2024-08-06 01:58:24 --> Session: Class initialized using 'CodeIgniter\Session\Handlers\FileHandler' driver.
INFO - 2024-08-06 01:58:35 --> Session: Class initialized using 'CodeIgniter\Session\Handlers\FileHandler' driver.
INFO - 2024-08-06 01:58:42 --> Session: Class initialized using 'CodeIgniter\Session\Handlers\FileHandler' driver.
INFO - 2024-08-06 01:58:53 --> Session: Class initialized using 'CodeIgniter\Session\Handlers\FileHandler' driver.
INFO - 2024-08-06 01:59:18 --> Session: Class initialized using 'CodeIgniter\Session\Handlers\FileHandler' driver.
INFO - 2024-08-06 01:59:22 --> Session: Class initialized using 'CodeIgniter\Session\Handlers\FileHandler' driver.
INFO - 2024-08-06 01:59:37 --> Session: Class initialized using 'CodeIgniter\Session\Handlers\FileHandler' driver.
INFO - 2024-08-06 02:00:01 --> Session: Class initialized using 'CodeIgniter\Session\Handlers\FileHandler' driver.
INFO - 2024-08-06 02:02:15 --> Session: Class initialized using 'CodeIgniter\Session\Handlers\FileHandler' driver.
INFO - 2024-08-06 02:07:03 --> Session: Class initialized using 'CodeIgniter\Session\Handlers\FileHandler' driver.
INFO - 2024-08-06 02:11:52 --> Session: Class initialized using 'CodeIgniter\Session\Handlers\FileHandler' driver.
INFO - 2024-08-06 02:18:51 --> Session: Class initialized using 'CodeIgniter\Session\Handlers\FileHandler' driver.
INFO - 2024-08-06 02:20:21 --> Session: Class initialized using 'CodeIgniter\Session\Handlers\FileHandler' driver.
INFO - 2024-08-06 02:21:17 --> Session: Class initialized using 'CodeIgniter\Session\Handlers\FileHandler' driver.
INFO - 2024-08-06 02:26:22 --> Session: Class initialized using 'CodeIgniter\Session\Handlers\FileHandler' driver.
INFO - 2024-08-06 02:26:59 --> Session: Class initialized using 'CodeIgniter\Session\Handlers\FileHandler' driver.
INFO - 2024-08-06 02:27:02 --> Session: Class initialized using 'CodeIgniter\Session\Handlers\FileHandler' driver.
INFO - 2024-08-06 02:27:43 --> Session: Class initialized using 'CodeIgniter\Session\Handlers\FileHandler' driver.
INFO - 2024-08-06 02:27:59 --> Session: Class initialized using 'CodeIgniter\Session\Handlers\FileHandler' driver.
INFO - 2024-08-06 03:12:48 --> Session: Class initialized using 'CodeIgniter\Session\Handlers\FileHandler' driver.
INFO - 2024-08-06 03:12:51 --> Session: Class initialized using 'CodeIgniter\Session\Handlers\FileHandler' driver.
INFO - 2024-08-06 03:14:14 --> Session: Class initialized using 'CodeIgniter\Session\Handlers\FileHandler' driver.
INFO - 2024-08-06 03:17:30 --> Session: Class initialized using 'CodeIgniter\Session\Handlers\FileHandler' driver.
INFO - 2024-08-06 03:17:47 --> Session: Class initialized using 'CodeIgniter\Session\Handlers\FileHandler' driver.
INFO - 2024-08-06 03:18:01 --> Session: Class initialized using 'CodeIgniter\Session\Handlers\FileHandler' driver.
INFO - 2024-08-06 03:19:07 --> Session: Class initialized using 'CodeIgniter\Session\Handlers\FileHandler' driver.
INFO - 2024-08-06 03:20:57 --> Session: Class initialized using 'CodeIgniter\Session\Handlers\FileHandler' driver.
INFO - 2024-08-06 03:22:57 --> Session: Class initialized using 'CodeIgniter\Session\Handlers\FileHandler' driver.
INFO - 2024-08-06 03:23:03 --> Session: Class initialized using 'CodeIgniter\Session\Handlers\FileHandler' driver.
INFO - 2024-08-06 03:23:17 --> Session: Class initialized using 'CodeIgniter\Session\Handlers\FileHandler' driver.
INFO - 2024-08-06 03:23:19 --> Session: Class initialized using 'CodeIgniter\Session\Handlers\FileHandler' driver.
INFO - 2024-08-06 03:23:31 --> Session: Class initialized using 'CodeIgniter\Session\Handlers\FileHandler' driver.
CRITICAL - 2024-08-06 03:24:38 --> ArgumentCountError: Too few arguments to function CodeIgniter\Database\BaseBuilder::join(), 1 passed in /Volumes/mf480 - Data/sidak_angkot/vendor/codeigniter4/framework/system/Model.php on line 877 and at least 2 expected
in SYSTEMPATH/Database/BaseBuilder.php on line 617.
 1 SYSTEMPATH/Model.php(877): CodeIgniter\Database\BaseBuilder->join('jenis_kendaraan_table.id, jenis_kendaraan_table.jenis_kendaraan_id, type_kendaraan_table.type_kendaraan')
 2 APPPATH/Models/Admin/TypeKendaraanModel.php(24): CodeIgniter\Model->__call('join', [...])
 3 APPPATH/Controllers/Admin/TypeKendaraanController.php(28): App\Models\Admin\TypeKendaraanModel->getTypeKendaraan()
 4 SYSTEMPATH/CodeIgniter.php(943): App\Controllers\Admin\TypeKendaraanController->index()
 5 SYSTEMPATH/CodeIgniter.php(503): CodeIgniter\CodeIgniter->runController(Object(App\Controllers\Admin\TypeKendaraanController))
 6 SYSTEMPATH/CodeIgniter.php(361): CodeIgniter\CodeIgniter->handleRequest(null, Object(Config\Cache), false)
 7 FCPATH/index.php(79): CodeIgniter\CodeIgniter->run()
 8 SYSTEMPATH/Commands/Server/rewrite.php(47): require_once('/Volumes/mf480 - Data/sidak_angkot/public/index.php')
CRITICAL - 2024-08-06 03:24:58 --> ArgumentCountError: Too few arguments to function CodeIgniter\Database\BaseBuilder::join(), 1 passed in /Volumes/mf480 - Data/sidak_angkot/vendor/codeigniter4/framework/system/Model.php on line 877 and at least 2 expected
in SYSTEMPATH/Database/BaseBuilder.php on line 617.
 1 SYSTEMPATH/Model.php(877): CodeIgniter\Database\BaseBuilder->join('jenis_kendaraan_table.id, jenis_kendaraan_table.jenis_kendaraan_id = type_kendaraan_table.type_kendaraan')
 2 APPPATH/Models/Admin/TypeKendaraanModel.php(24): CodeIgniter\Model->__call('join', [...])
 3 APPPATH/Controllers/Admin/TypeKendaraanController.php(28): App\Models\Admin\TypeKendaraanModel->getTypeKendaraan()
 4 SYSTEMPATH/CodeIgniter.php(943): App\Controllers\Admin\TypeKendaraanController->index()
 5 SYSTEMPATH/CodeIgniter.php(503): CodeIgniter\CodeIgniter->runController(Object(App\Controllers\Admin\TypeKendaraanController))
 6 SYSTEMPATH/CodeIgniter.php(361): CodeIgniter\CodeIgniter->handleRequest(null, Object(Config\Cache), false)
 7 FCPATH/index.php(79): CodeIgniter\CodeIgniter->run()
 8 SYSTEMPATH/Commands/Server/rewrite.php(47): require_once('/Volumes/mf480 - Data/sidak_angkot/public/index.php')
CRITICAL - 2024-08-06 03:25:05 --> ArgumentCountError: Too few arguments to function CodeIgniter\Database\BaseBuilder::join(), 1 passed in /Volumes/mf480 - Data/sidak_angkot/vendor/codeigniter4/framework/system/Model.php on line 877 and at least 2 expected
in SYSTEMPATH/Database/BaseBuilder.php on line 617.
 1 SYSTEMPATH/Model.php(877): CodeIgniter\Database\BaseBuilder->join('jenis_kendaraan_table, jenis_kendaraan_table.jenis_kendaraan_id = type_kendaraan_table.type_kendaraan')
 2 APPPATH/Models/Admin/TypeKendaraanModel.php(24): CodeIgniter\Model->__call('join', [...])
 3 APPPATH/Controllers/Admin/TypeKendaraanController.php(28): App\Models\Admin\TypeKendaraanModel->getTypeKendaraan()
 4 SYSTEMPATH/CodeIgniter.php(943): App\Controllers\Admin\TypeKendaraanController->index()
 5 SYSTEMPATH/CodeIgniter.php(503): CodeIgniter\CodeIgniter->runController(Object(App\Controllers\Admin\TypeKendaraanController))
 6 SYSTEMPATH/CodeIgniter.php(361): CodeIgniter\CodeIgniter->handleRequest(null, Object(Config\Cache), false)
 7 FCPATH/index.php(79): CodeIgniter\CodeIgniter->run()
 8 SYSTEMPATH/Commands/Server/rewrite.php(47): require_once('/Volumes/mf480 - Data/sidak_angkot/public/index.php')
CRITICAL - 2024-08-06 03:25:07 --> ArgumentCountError: Too few arguments to function CodeIgniter\Database\BaseBuilder::join(), 1 passed in /Volumes/mf480 - Data/sidak_angkot/vendor/codeigniter4/framework/system/Model.php on line 877 and at least 2 expected
in SYSTEMPATH/Database/BaseBuilder.php on line 617.
 1 SYSTEMPATH/Model.php(877): CodeIgniter\Database\BaseBuilder->join('jenis_kendaraan_table, jenis_kendaraan_table.jenis_kendaraan_id = type_kendaraan_table.type_kendaraan')
 2 APPPATH/Models/Admin/TypeKendaraanModel.php(24): CodeIgniter\Model->__call('join', [...])
 3 APPPATH/Controllers/Admin/TypeKendaraanController.php(28): App\Models\Admin\TypeKendaraanModel->getTypeKendaraan()
 4 SYSTEMPATH/CodeIgniter.php(943): App\Controllers\Admin\TypeKendaraanController->index()
 5 SYSTEMPATH/CodeIgniter.php(503): CodeIgniter\CodeIgniter->runController(Object(App\Controllers\Admin\TypeKendaraanController))
 6 SYSTEMPATH/CodeIgniter.php(361): CodeIgniter\CodeIgniter->handleRequest(null, Object(Config\Cache), false)
 7 FCPATH/index.php(79): CodeIgniter\CodeIgniter->run()
 8 SYSTEMPATH/Commands/Server/rewrite.php(47): require_once('/Volumes/mf480 - Data/sidak_angkot/public/index.php')
CRITICAL - 2024-08-06 03:25:08 --> ArgumentCountError: Too few arguments to function CodeIgniter\Database\BaseBuilder::join(), 1 passed in /Volumes/mf480 - Data/sidak_angkot/vendor/codeigniter4/framework/system/Model.php on line 877 and at least 2 expected
in SYSTEMPATH/Database/BaseBuilder.php on line 617.
 1 SYSTEMPATH/Model.php(877): CodeIgniter\Database\BaseBuilder->join('jenis_kendaraan_table, jenis_kendaraan_table.jenis_kendaraan_id = type_kendaraan_table.type_kendaraan')
 2 APPPATH/Models/Admin/TypeKendaraanModel.php(24): CodeIgniter\Model->__call('join', [...])
 3 APPPATH/Controllers/Admin/TypeKendaraanController.php(28): App\Models\Admin\TypeKendaraanModel->getTypeKendaraan()
 4 SYSTEMPATH/CodeIgniter.php(943): App\Controllers\Admin\TypeKendaraanController->index()
 5 SYSTEMPATH/CodeIgniter.php(503): CodeIgniter\CodeIgniter->runController(Object(App\Controllers\Admin\TypeKendaraanController))
 6 SYSTEMPATH/CodeIgniter.php(361): CodeIgniter\CodeIgniter->handleRequest(null, Object(Config\Cache), false)
 7 FCPATH/index.php(79): CodeIgniter\CodeIgniter->run()
 8 SYSTEMPATH/Commands/Server/rewrite.php(47): require_once('/Volumes/mf480 - Data/sidak_angkot/public/index.php')
CRITICAL - 2024-08-06 03:25:31 --> ArgumentCountError: Too few arguments to function CodeIgniter\Database\BaseBuilder::join(), 1 passed in /Volumes/mf480 - Data/sidak_angkot/vendor/codeigniter4/framework/system/Model.php on line 877 and at least 2 expected
in SYSTEMPATH/Database/BaseBuilder.php on line 617.
 1 SYSTEMPATH/Model.php(877): CodeIgniter\Database\BaseBuilder->join('jenis_kendaraan_table, jenis_kendaraan_table.id = type_kendaraan_table.jenis_kendaraan_id')
 2 APPPATH/Models/Admin/TypeKendaraanModel.php(24): CodeIgniter\Model->__call('join', [...])
 3 APPPATH/Controllers/Admin/TypeKendaraanController.php(28): App\Models\Admin\TypeKendaraanModel->getTypeKendaraan()
 4 SYSTEMPATH/CodeIgniter.php(943): App\Controllers\Admin\TypeKendaraanController->index()
 5 SYSTEMPATH/CodeIgniter.php(503): CodeIgniter\CodeIgniter->runController(Object(App\Controllers\Admin\TypeKendaraanController))
 6 SYSTEMPATH/CodeIgniter.php(361): CodeIgniter\CodeIgniter->handleRequest(null, Object(Config\Cache), false)
 7 FCPATH/index.php(79): CodeIgniter\CodeIgniter->run()
 8 SYSTEMPATH/Commands/Server/rewrite.php(47): require_once('/Volumes/mf480 - Data/sidak_angkot/public/index.php')
CRITICAL - 2024-08-06 03:25:32 --> ArgumentCountError: Too few arguments to function CodeIgniter\Database\BaseBuilder::join(), 1 passed in /Volumes/mf480 - Data/sidak_angkot/vendor/codeigniter4/framework/system/Model.php on line 877 and at least 2 expected
in SYSTEMPATH/Database/BaseBuilder.php on line 617.
 1 SYSTEMPATH/Model.php(877): CodeIgniter\Database\BaseBuilder->join('jenis_kendaraan_table, jenis_kendaraan_table.id = type_kendaraan_table.jenis_kendaraan_id')
 2 APPPATH/Models/Admin/TypeKendaraanModel.php(24): CodeIgniter\Model->__call('join', [...])
 3 APPPATH/Controllers/Admin/TypeKendaraanController.php(28): App\Models\Admin\TypeKendaraanModel->getTypeKendaraan()
 4 SYSTEMPATH/CodeIgniter.php(943): App\Controllers\Admin\TypeKendaraanController->index()
 5 SYSTEMPATH/CodeIgniter.php(503): CodeIgniter\CodeIgniter->runController(Object(App\Controllers\Admin\TypeKendaraanController))
 6 SYSTEMPATH/CodeIgniter.php(361): CodeIgniter\CodeIgniter->handleRequest(null, Object(Config\Cache), false)
 7 FCPATH/index.php(79): CodeIgniter\CodeIgniter->run()
 8 SYSTEMPATH/Commands/Server/rewrite.php(47): require_once('/Volumes/mf480 - Data/sidak_angkot/public/index.php')
INFO - 2024-08-06 03:26:03 --> Session: Class initialized using 'CodeIgniter\Session\Handlers\FileHandler' driver.
CRITICAL - 2024-08-06 03:26:16 --> ErrorException: Undefined property: stdClass::$jenis_kendaraan
in APPPATH/Views/admin/type_kendaraan_v.php on line 54.
 1 APPPATH/Views/admin/type_kendaraan_v.php(54): CodeIgniter\Debug\Exceptions->errorHandler(8, 'Undefined property: stdClass::$jenis_kendaraan', '/Volumes/mf480 - Data/sidak_angkot/app/Views/admin/type_kendaraan_v.php', 54, [...])
 2 SYSTEMPATH/View/View.php(228): include('/Volumes/mf480 - Data/sidak_angkot/app/Views/admin/type_kendaraan_v.php')
 3 SYSTEMPATH/View/View.php(231): CodeIgniter\View\View->CodeIgniter\View\{closure}()
 4 SYSTEMPATH/Common.php(1178): CodeIgniter\View\View->render('admin/type_kendaraan_v', [], true)
 5 APPPATH/Controllers/Admin/TypeKendaraanController.php(31): view('admin/type_kendaraan_v', [...])
 6 SYSTEMPATH/CodeIgniter.php(943): App\Controllers\Admin\TypeKendaraanController->index()
 7 SYSTEMPATH/CodeIgniter.php(503): CodeIgniter\CodeIgniter->runController(Object(App\Controllers\Admin\TypeKendaraanController))
 8 SYSTEMPATH/CodeIgniter.php(361): CodeIgniter\CodeIgniter->handleRequest(null, Object(Config\Cache), false)
 9 FCPATH/index.php(79): CodeIgniter\CodeIgniter->run()
10 SYSTEMPATH/Commands/Server/rewrite.php(47): require_once('/Volumes/mf480 - Data/sidak_angkot/public/index.php')
INFO - 2024-08-06 03:26:35 --> Session: Class initialized using 'CodeIgniter\Session\Handlers\FileHandler' driver.
INFO - 2024-08-06 03:26:59 --> Session: Class initialized using 'CodeIgniter\Session\Handlers\FileHandler' driver.
INFO - 2024-08-06 03:31:47 --> Session: Class initialized using 'CodeIgniter\Session\Handlers\FileHandler' driver.
INFO - 2024-08-06 03:31:58 --> Session: Class initialized using 'CodeIgniter\Session\Handlers\FileHandler' driver.
INFO - 2024-08-06 03:35:11 --> Session: Class initialized using 'CodeIgniter\Session\Handlers\FileHandler' driver.
INFO - 2024-08-06 03:35:47 --> Session: Class initialized using 'CodeIgniter\Session\Handlers\FileHandler' driver.
INFO - 2024-08-06 03:36:52 --> Session: Class initialized using 'CodeIgniter\Session\Handlers\FileHandler' driver.
INFO - 2024-08-06 03:37:03 --> Session: Class initialized using 'CodeIgniter\Session\Handlers\FileHandler' driver.
INFO - 2024-08-06 03:37:07 --> Session: Class initialized using 'CodeIgniter\Session\Handlers\FileHandler' driver.
INFO - 2024-08-06 03:38:19 --> Session: Class initialized using 'CodeIgniter\Session\Handlers\FileHandler' driver.
INFO - 2024-08-06 03:38:29 --> Session: Class initialized using 'CodeIgniter\Session\Handlers\FileHandler' driver.
INFO - 2024-08-06 03:46:18 --> Session: Class initialized using 'CodeIgniter\Session\Handlers\FileHandler' driver.
INFO - 2024-08-06 03:46:46 --> Session: Class initialized using 'CodeIgniter\Session\Handlers\FileHandler' driver.
INFO - 2024-08-06 03:47:18 --> Session: Class initialized using 'CodeIgniter\Session\Handlers\FileHandler' driver.
INFO - 2024-08-06 03:47:36 --> Session: Class initialized using 'CodeIgniter\Session\Handlers\FileHandler' driver.
INFO - 2024-08-06 03:47:40 --> Session: Class initialized using 'CodeIgniter\Session\Handlers\FileHandler' driver.
INFO - 2024-08-06 03:48:04 --> Session: Class initialized using 'CodeIgniter\Session\Handlers\FileHandler' driver.
INFO - 2024-08-06 03:49:04 --> Session: Class initialized using 'CodeIgniter\Session\Handlers\FileHandler' driver.
INFO - 2024-08-06 03:49:55 --> Session: Class initialized using 'CodeIgniter\Session\Handlers\FileHandler' driver.
INFO - 2024-08-06 03:51:10 --> Session: Class initialized using 'CodeIgniter\Session\Handlers\FileHandler' driver.
INFO - 2024-08-06 03:51:37 --> Session: Class initialized using 'CodeIgniter\Session\Handlers\FileHandler' driver.
INFO - 2024-08-06 03:51:46 --> Session: Class initialized using 'CodeIgniter\Session\Handlers\FileHandler' driver.
INFO - 2024-08-06 03:51:57 --> Session: Class initialized using 'CodeIgniter\Session\Handlers\FileHandler' driver.
INFO - 2024-08-06 03:56:00 --> Session: Class initialized using 'CodeIgniter\Session\Handlers\FileHandler' driver.
INFO - 2024-08-06 03:56:54 --> Session: Class initialized using 'CodeIgniter\Session\Handlers\FileHandler' driver.
INFO - 2024-08-06 03:57:02 --> Session: Class initialized using 'CodeIgniter\Session\Handlers\FileHandler' driver.
INFO - 2024-08-06 03:58:02 --> Session: Class initialized using 'CodeIgniter\Session\Handlers\FileHandler' driver.
INFO - 2024-08-06 03:58:04 --> Session: Class initialized using 'CodeIgniter\Session\Handlers\FileHandler' driver.
INFO - 2024-08-06 03:58:09 --> Session: Class initialized using 'CodeIgniter\Session\Handlers\FileHandler' driver.
INFO - 2024-08-06 03:58:16 --> Session: Class initialized using 'CodeIgniter\Session\Handlers\FileHandler' driver.
INFO - 2024-08-06 03:58:23 --> Session: Class initialized using 'CodeIgniter\Session\Handlers\FileHandler' driver.
INFO - 2024-08-06 03:59:12 --> Session: Class initialized using 'CodeIgniter\Session\Handlers\FileHandler' driver.
INFO - 2024-08-06 04:00:20 --> Session: Class initialized using 'CodeIgniter\Session\Handlers\FileHandler' driver.
INFO - 2024-08-06 04:00:34 --> Session: Class initialized using 'CodeIgniter\Session\Handlers\FileHandler' driver.
INFO - 2024-08-06 04:00:42 --> Session: Class initialized using 'CodeIgniter\Session\Handlers\FileHandler' driver.
INFO - 2024-08-06 04:00:49 --> Session: Class initialized using 'CodeIgniter\Session\Handlers\FileHandler' driver.
INFO - 2024-08-06 04:00:57 --> Session: Class initialized using 'CodeIgniter\Session\Handlers\FileHandler' driver.
INFO - 2024-08-06 04:01:10 --> Session: Class initialized using 'CodeIgniter\Session\Handlers\FileHandler' driver.
INFO - 2024-08-06 04:02:44 --> Session: Class initialized using 'CodeIgniter\Session\Handlers\FileHandler' driver.
INFO - 2024-08-06 04:02:50 --> Session: Class initialized using 'CodeIgniter\Session\Handlers\FileHandler' driver.
INFO - 2024-08-06 04:03:22 --> Session: Class initialized using 'CodeIgniter\Session\Handlers\FileHandler' driver.
INFO - 2024-08-06 04:03:27 --> Session: Class initialized using 'CodeIgniter\Session\Handlers\FileHandler' driver.
INFO - 2024-08-06 04:10:38 --> Session: Class initialized using 'CodeIgniter\Session\Handlers\FileHandler' driver.
INFO - 2024-08-06 04:12:43 --> Session: Class initialized using 'CodeIgniter\Session\Handlers\FileHandler' driver.
INFO - 2024-08-06 04:13:01 --> Session: Class initialized using 'CodeIgniter\Session\Handlers\FileHandler' driver.
INFO - 2024-08-06 04:13:13 --> Session: Class initialized using 'CodeIgniter\Session\Handlers\FileHandler' driver.
CRITICAL - 2024-08-06 04:13:17 --> ErrorException: Undefined variable: type_kendaraan
in APPPATH/Views/admin/kode_trayek_v.php on line 51.
 1 APPPATH/Views/admin/kode_trayek_v.php(51): CodeIgniter\Debug\Exceptions->errorHandler(8, 'Undefined variable: type_kendaraan', '/Volumes/mf480 - Data/sidak_angkot/app/Views/admin/kode_trayek_v.php', 51, [...])
 2 SYSTEMPATH/View/View.php(228): include('/Volumes/mf480 - Data/sidak_angkot/app/Views/admin/kode_trayek_v.php')
 3 SYSTEMPATH/View/View.php(231): CodeIgniter\View\View->CodeIgniter\View\{closure}()
 4 SYSTEMPATH/Common.php(1178): CodeIgniter\View\View->render('admin/kode_trayek_v', [], true)
 5 APPPATH/Controllers/Admin/KodeTrayekController.php(31): view('admin/kode_trayek_v', [...])
 6 SYSTEMPATH/CodeIgniter.php(943): App\Controllers\Admin\KodeTrayekController->index()
 7 SYSTEMPATH/CodeIgniter.php(503): CodeIgniter\CodeIgniter->runController(Object(App\Controllers\Admin\KodeTrayekController))
 8 SYSTEMPATH/CodeIgniter.php(361): CodeIgniter\CodeIgniter->handleRequest(null, Object(Config\Cache), false)
 9 FCPATH/index.php(79): CodeIgniter\CodeIgniter->run()
10 SYSTEMPATH/Commands/Server/rewrite.php(47): require_once('/Volumes/mf480 - Data/sidak_angkot/public/index.php')
INFO - 2024-08-06 04:14:28 --> Session: Class initialized using 'CodeIgniter\Session\Handlers\FileHandler' driver.
INFO - 2024-08-06 04:14:31 --> Session: Class initialized using 'CodeIgniter\Session\Handlers\FileHandler' driver.
INFO - 2024-08-06 04:14:41 --> Session: Class initialized using 'CodeIgniter\Session\Handlers\FileHandler' driver.
INFO - 2024-08-06 04:14:45 --> Session: Class initialized using 'CodeIgniter\Session\Handlers\FileHandler' driver.
INFO - 2024-08-06 04:14:48 --> Session: Class initialized using 'CodeIgniter\Session\Handlers\FileHandler' driver.
INFO - 2024-08-06 04:14:56 --> Session: Class initialized using 'CodeIgniter\Session\Handlers\FileHandler' driver.
INFO - 2024-08-06 04:15:07 --> Session: Class initialized using 'CodeIgniter\Session\Handlers\FileHandler' driver.
INFO - 2024-08-06 04:15:33 --> Session: Class initialized using 'CodeIgniter\Session\Handlers\FileHandler' driver.
INFO - 2024-08-06 04:15:37 --> Session: Class initialized using 'CodeIgniter\Session\Handlers\FileHandler' driver.
INFO - 2024-08-06 04:15:43 --> Session: Class initialized using 'CodeIgniter\Session\Handlers\FileHandler' driver.
INFO - 2024-08-06 04:15:46 --> Session: Class initialized using 'CodeIgniter\Session\Handlers\FileHandler' driver.
INFO - 2024-08-06 04:17:26 --> Session: Class initialized using 'CodeIgniter\Session\Handlers\FileHandler' driver.
INFO - 2024-08-06 04:36:41 --> Session: Class initialized using 'CodeIgniter\Session\Handlers\FileHandler' driver.
INFO - 2024-08-06 04:39:19 --> Session: Class initialized using 'CodeIgniter\Session\Handlers\FileHandler' driver.
INFO - 2024-08-06 04:40:12 --> Session: Class initialized using 'CodeIgniter\Session\Handlers\FileHandler' driver.
INFO - 2024-08-06 04:42:02 --> Session: Class initialized using 'CodeIgniter\Session\Handlers\FileHandler' driver.
INFO - 2024-08-06 04:42:07 --> Session: Class initialized using 'CodeIgniter\Session\Handlers\FileHandler' driver.
INFO - 2024-08-06 04:42:11 --> Session: Class initialized using 'CodeIgniter\Session\Handlers\FileHandler' driver.
INFO - 2024-08-06 04:42:14 --> Session: Class initialized using 'CodeIgniter\Session\Handlers\FileHandler' driver.
INFO - 2024-08-06 04:42:25 --> Session: Class initialized using 'CodeIgniter\Session\Handlers\FileHandler' driver.
INFO - 2024-08-06 04:47:04 --> Session: Class initialized using 'CodeIgniter\Session\Handlers\FileHandler' driver.
INFO - 2024-08-06 04:47:09 --> Session: Class initialized using 'CodeIgniter\Session\Handlers\FileHandler' driver.
INFO - 2024-08-06 04:47:51 --> Session: Class initialized using 'CodeIgniter\Session\Handlers\FileHandler' driver.
INFO - 2024-08-06 04:48:04 --> Session: Class initialized using 'CodeIgniter\Session\Handlers\FileHandler' driver.
INFO - 2024-08-06 04:48:27 --> Session: Class initialized using 'CodeIgniter\Session\Handlers\FileHandler' driver.
INFO - 2024-08-06 04:48:47 --> Session: Class initialized using 'CodeIgniter\Session\Handlers\FileHandler' driver.
INFO - 2024-08-06 04:50:37 --> Session: Class initialized using 'CodeIgniter\Session\Handlers\FileHandler' driver.
INFO - 2024-08-06 04:51:01 --> Session: Class initialized using 'CodeIgniter\Session\Handlers\FileHandler' driver.
INFO - 2024-08-06 04:51:37 --> Session: Class initialized using 'CodeIgniter\Session\Handlers\FileHandler' driver.
INFO - 2024-08-06 04:52:16 --> Session: Class initialized using 'CodeIgniter\Session\Handlers\FileHandler' driver.
INFO - 2024-08-06 04:52:34 --> Session: Class initialized using 'CodeIgniter\Session\Handlers\FileHandler' driver.
INFO - 2024-08-06 04:55:39 --> Session: Class initialized using 'CodeIgniter\Session\Handlers\FileHandler' driver.
INFO - 2024-08-06 04:56:46 --> Session: Class initialized using 'CodeIgniter\Session\Handlers\FileHandler' driver.
INFO - 2024-08-06 04:57:01 --> Session: Class initialized using 'CodeIgniter\Session\Handlers\FileHandler' driver.
INFO - 2024-08-06 04:57:13 --> Session: Class initialized using 'CodeIgniter\Session\Handlers\FileHandler' driver.
INFO - 2024-08-06 04:58:05 --> Session: Class initialized using 'CodeIgniter\Session\Handlers\FileHandler' driver.
INFO - 2024-08-06 04:58:36 --> Session: Class initialized using 'CodeIgniter\Session\Handlers\FileHandler' driver.
INFO - 2024-08-06 04:59:09 --> Session: Class initialized using 'CodeIgniter\Session\Handlers\FileHandler' driver.
INFO - 2024-08-06 04:59:27 --> Session: Class initialized using 'CodeIgniter\Session\Handlers\FileHandler' driver.
INFO - 2024-08-06 04:59:43 --> Session: Class initialized using 'CodeIgniter\Session\Handlers\FileHandler' driver.
INFO - 2024-08-06 05:00:01 --> Session: Class initialized using 'CodeIgniter\Session\Handlers\FileHandler' driver.
INFO - 2024-08-06 05:00:22 --> Session: Class initialized using 'CodeIgniter\Session\Handlers\FileHandler' driver.
INFO - 2024-08-06 05:01:31 --> Session: Class initialized using 'CodeIgniter\Session\Handlers\FileHandler' driver.
INFO - 2024-08-06 05:01:41 --> Session: Class initialized using 'CodeIgniter\Session\Handlers\FileHandler' driver.
INFO - 2024-08-06 05:02:13 --> Session: Class initialized using 'CodeIgniter\Session\Handlers\FileHandler' driver.
INFO - 2024-08-06 05:02:28 --> Session: Class initialized using 'CodeIgniter\Session\Handlers\FileHandler' driver.
