INFO - 2024-09-02 02:14:17 --> Session: Class initialized using 'CodeIgniter\Session\Handlers\FileHandler' driver.
INFO - 2024-09-02 02:14:18 --> Session: Class initialized using 'CodeIgniter\Session\Handlers\FileHandler' driver.
INFO - 2024-09-02 02:14:45 --> Session: Class initialized using 'CodeIgniter\Session\Handlers\FileHandler' driver.
INFO - 2024-09-02 02:14:57 --> Session: Class initialized using 'CodeIgniter\Session\Handlers\FileHandler' driver.
INFO - 2024-09-02 02:14:59 --> Session: Class initialized using 'CodeIgniter\Session\Handlers\FileHandler' driver.
INFO - 2024-09-02 02:15:19 --> Session: Class initialized using 'CodeIgniter\Session\Handlers\FileHandler' driver.
INFO - 2024-09-02 02:15:35 --> Session: Class initialized using 'CodeIgniter\Session\Handlers\FileHandler' driver.
INFO - 2024-09-02 02:16:18 --> Session: Class initialized using 'CodeIgniter\Session\Handlers\FileHandler' driver.
INFO - 2024-09-02 02:16:33 --> Session: Class initialized using 'CodeIgniter\Session\Handlers\FileHandler' driver.
INFO - 2024-09-02 02:16:44 --> Session: Class initialized using 'CodeIgniter\Session\Handlers\FileHandler' driver.
INFO - 2024-09-02 02:16:57 --> Session: Class initialized using 'CodeIgniter\Session\Handlers\FileHandler' driver.
INFO - 2024-09-02 02:16:58 --> Session: Class initialized using 'CodeIgniter\Session\Handlers\FileHandler' driver.
INFO - 2024-09-02 02:17:04 --> Session: Class initialized using 'CodeIgniter\Session\Handlers\FileHandler' driver.
INFO - 2024-09-02 02:17:47 --> Session: Class initialized using 'CodeIgniter\Session\Handlers\FileHandler' driver.
INFO - 2024-09-02 02:17:50 --> Session: Class initialized using 'CodeIgniter\Session\Handlers\FileHandler' driver.
INFO - 2024-09-02 02:17:51 --> Session: Class initialized using 'CodeIgniter\Session\Handlers\FileHandler' driver.
INFO - 2024-09-02 02:17:53 --> Session: Class initialized using 'CodeIgniter\Session\Handlers\FileHandler' driver.
INFO - 2024-09-02 02:17:55 --> Session: Class initialized using 'CodeIgniter\Session\Handlers\FileHandler' driver.
INFO - 2024-09-02 02:18:21 --> Session: Class initialized using 'CodeIgniter\Session\Handlers\FileHandler' driver.
INFO - 2024-09-02 02:18:27 --> Session: Class initialized using 'CodeIgniter\Session\Handlers\FileHandler' driver.
INFO - 2024-09-02 02:18:32 --> Session: Class initialized using 'CodeIgniter\Session\Handlers\FileHandler' driver.
INFO - 2024-09-02 02:18:36 --> Session: Class initialized using 'CodeIgniter\Session\Handlers\FileHandler' driver.
INFO - 2024-09-02 02:19:07 --> Session: Class initialized using 'CodeIgniter\Session\Handlers\FileHandler' driver.
INFO - 2024-09-02 02:19:16 --> Session: Class initialized using 'CodeIgniter\Session\Handlers\FileHandler' driver.
INFO - 2024-09-02 02:19:27 --> Session: Class initialized using 'CodeIgniter\Session\Handlers\FileHandler' driver.
INFO - 2024-09-02 02:19:28 --> Session: Class initialized using 'CodeIgniter\Session\Handlers\FileHandler' driver.
INFO - 2024-09-02 02:19:31 --> Session: Class initialized using 'CodeIgniter\Session\Handlers\FileHandler' driver.
INFO - 2024-09-02 02:19:34 --> Session: Class initialized using 'CodeIgniter\Session\Handlers\FileHandler' driver.
INFO - 2024-09-02 02:19:38 --> Session: Class initialized using 'CodeIgniter\Session\Handlers\FileHandler' driver.
INFO - 2024-09-02 02:19:40 --> Session: Class initialized using 'CodeIgniter\Session\Handlers\FileHandler' driver.
INFO - 2024-09-02 02:20:11 --> Session: Class initialized using 'CodeIgniter\Session\Handlers\FileHandler' driver.
INFO - 2024-09-02 02:20:14 --> Session: Class initialized using 'CodeIgniter\Session\Handlers\FileHandler' driver.
INFO - 2024-09-02 02:20:18 --> Session: Class initialized using 'CodeIgniter\Session\Handlers\FileHandler' driver.
INFO - 2024-09-02 02:20:22 --> Session: Class initialized using 'CodeIgniter\Session\Handlers\FileHandler' driver.
INFO - 2024-09-02 02:20:34 --> Session: Class initialized using 'CodeIgniter\Session\Handlers\FileHandler' driver.
INFO - 2024-09-02 02:20:45 --> Session: Class initialized using 'CodeIgniter\Session\Handlers\FileHandler' driver.
INFO - 2024-09-02 02:20:57 --> Session: Class initialized using 'CodeIgniter\Session\Handlers\FileHandler' driver.
INFO - 2024-09-02 02:20:58 --> Session: Class initialized using 'CodeIgniter\Session\Handlers\FileHandler' driver.
INFO - 2024-09-02 02:21:06 --> Session: Class initialized using 'CodeIgniter\Session\Handlers\FileHandler' driver.
INFO - 2024-09-02 02:21:08 --> Session: Class initialized using 'CodeIgniter\Session\Handlers\FileHandler' driver.
INFO - 2024-09-02 02:24:26 --> Session: Class initialized using 'CodeIgniter\Session\Handlers\FileHandler' driver.
CRITICAL - 2024-09-02 02:24:26 --> ParseError: syntax error, unexpected end of file
in APPPATH/Views/admin/form_pengeluaran_kendaraan_v.php on line 750.
 1 SYSTEMPATH/View/View.php(231): CodeIgniter\View\View->CodeIgniter\View\{closure}()
 2 SYSTEMPATH/Common.php(1178): CodeIgniter\View\View->render('admin/form_pengeluaran_kendaraan_v', [], true)
 3 APPPATH/Controllers/Admin/PengeluaranKendaraanController.php(180): view('admin/form_pengeluaran_kendaraan_v', [...])
 4 SYSTEMPATH/CodeIgniter.php(943): App\Controllers\Admin\PengeluaranKendaraanController->form_insert('460')
 5 SYSTEMPATH/CodeIgniter.php(503): CodeIgniter\CodeIgniter->runController(Object(App\Controllers\Admin\PengeluaranKendaraanController))
 6 SYSTEMPATH/CodeIgniter.php(361): CodeIgniter\CodeIgniter->handleRequest(null, Object(Config\Cache), false)
 7 FCPATH/index.php(79): CodeIgniter\CodeIgniter->run()
 8 SYSTEMPATH/Commands/Server/rewrite.php(47): require_once('/Volumes/mf480 - Data/sidak_angkot/public/index.php')
INFO - 2024-09-02 02:24:47 --> Session: Class initialized using 'CodeIgniter\Session\Handlers\FileHandler' driver.
INFO - 2024-09-02 02:25:05 --> Session: Class initialized using 'CodeIgniter\Session\Handlers\FileHandler' driver.
INFO - 2024-09-02 02:47:38 --> Session: Class initialized using 'CodeIgniter\Session\Handlers\FileHandler' driver.
INFO - 2024-09-02 02:49:03 --> Session: Class initialized using 'CodeIgniter\Session\Handlers\FileHandler' driver.
INFO - 2024-09-02 02:51:16 --> Session: Class initialized using 'CodeIgniter\Session\Handlers\FileHandler' driver.
INFO - 2024-09-02 02:51:27 --> Session: Class initialized using 'CodeIgniter\Session\Handlers\FileHandler' driver.
INFO - 2024-09-02 02:51:39 --> Session: Class initialized using 'CodeIgniter\Session\Handlers\FileHandler' driver.
INFO - 2024-09-02 02:51:43 --> Session: Class initialized using 'CodeIgniter\Session\Handlers\FileHandler' driver.
INFO - 2024-09-02 02:51:55 --> Session: Class initialized using 'CodeIgniter\Session\Handlers\FileHandler' driver.
INFO - 2024-09-02 02:51:56 --> Session: Class initialized using 'CodeIgniter\Session\Handlers\FileHandler' driver.
INFO - 2024-09-02 02:53:03 --> Session: Class initialized using 'CodeIgniter\Session\Handlers\FileHandler' driver.
INFO - 2024-09-02 02:53:07 --> Session: Class initialized using 'CodeIgniter\Session\Handlers\FileHandler' driver.
INFO - 2024-09-02 02:53:33 --> Session: Class initialized using 'CodeIgniter\Session\Handlers\FileHandler' driver.
INFO - 2024-09-02 02:53:41 --> Session: Class initialized using 'CodeIgniter\Session\Handlers\FileHandler' driver.
INFO - 2024-09-02 02:53:58 --> Session: Class initialized using 'CodeIgniter\Session\Handlers\FileHandler' driver.
INFO - 2024-09-02 02:54:33 --> Session: Class initialized using 'CodeIgniter\Session\Handlers\FileHandler' driver.
INFO - 2024-09-02 02:54:35 --> Session: Class initialized using 'CodeIgniter\Session\Handlers\FileHandler' driver.
INFO - 2024-09-02 02:54:45 --> Session: Class initialized using 'CodeIgniter\Session\Handlers\FileHandler' driver.
INFO - 2024-09-02 02:54:56 --> Session: Class initialized using 'CodeIgniter\Session\Handlers\FileHandler' driver.
INFO - 2024-09-02 02:55:13 --> Session: Class initialized using 'CodeIgniter\Session\Handlers\FileHandler' driver.
INFO - 2024-09-02 02:55:14 --> Session: Class initialized using 'CodeIgniter\Session\Handlers\FileHandler' driver.
INFO - 2024-09-02 02:55:21 --> Session: Class initialized using 'CodeIgniter\Session\Handlers\FileHandler' driver.
INFO - 2024-09-02 02:55:26 --> Session: Class initialized using 'CodeIgniter\Session\Handlers\FileHandler' driver.
INFO - 2024-09-02 03:06:54 --> Session: Class initialized using 'CodeIgniter\Session\Handlers\FileHandler' driver.
INFO - 2024-09-02 03:06:55 --> Session: Class initialized using 'CodeIgniter\Session\Handlers\FileHandler' driver.
INFO - 2024-09-02 03:11:05 --> Session: Class initialized using 'CodeIgniter\Session\Handlers\FileHandler' driver.
INFO - 2024-09-02 03:13:11 --> Session: Class initialized using 'CodeIgniter\Session\Handlers\FileHandler' driver.
INFO - 2024-09-02 03:13:17 --> Session: Class initialized using 'CodeIgniter\Session\Handlers\FileHandler' driver.
CRITICAL - 2024-09-02 03:13:17 --> ErrorException: Trying to get property 'nama' of non-object
in APPPATH/Views/pdf/spk_pdf.php on line 381.
 1 APPPATH/Views/pdf/spk_pdf.php(381): CodeIgniter\Debug\Exceptions->errorHandler(8, 'Trying to get property \'nama\' of non-object', '/Volumes/mf480 - Data/sidak_angkot/app/Views/pdf/spk_pdf.php', 381, [...])
 2 SYSTEMPATH/View/View.php(228): include('/Volumes/mf480 - Data/sidak_angkot/app/Views/pdf/spk_pdf.php')
 3 SYSTEMPATH/View/View.php(231): CodeIgniter\View\View->CodeIgniter\View\{closure}()
 4 SYSTEMPATH/Common.php(1178): CodeIgniter\View\View->render('pdf/spk_pdf', [], true)
 5 APPPATH/Controllers/Pdf/PdfController.php(39): view('pdf/spk_pdf', [...])
 6 SYSTEMPATH/CodeIgniter.php(943): App\Controllers\Pdf\PdfController->index('350')
 7 SYSTEMPATH/CodeIgniter.php(503): CodeIgniter\CodeIgniter->runController(Object(App\Controllers\Pdf\PdfController))
 8 SYSTEMPATH/CodeIgniter.php(361): CodeIgniter\CodeIgniter->handleRequest(null, Object(Config\Cache), false)
 9 FCPATH/index.php(79): CodeIgniter\CodeIgniter->run()
10 SYSTEMPATH/Commands/Server/rewrite.php(47): require_once('/Volumes/mf480 - Data/sidak_angkot/public/index.php')
INFO - 2024-09-02 03:14:05 --> Session: Class initialized using 'CodeIgniter\Session\Handlers\FileHandler' driver.
INFO - 2024-09-02 03:14:36 --> Session: Class initialized using 'CodeIgniter\Session\Handlers\FileHandler' driver.
INFO - 2024-09-02 03:19:43 --> Session: Class initialized using 'CodeIgniter\Session\Handlers\FileHandler' driver.
CRITICAL - 2024-09-02 03:19:45 --> ArgumentCountError: Too few arguments to function App\Models\Admin\UkpdModel::getUkpd(), 0 passed in /Volumes/mf480 - Data/sidak_angkot/app/Controllers/Admin/PejabatController.php on line 98 and exactly 1 expected
in APPPATH/Models/Admin/UkpdModel.php on line 20.
 1 APPPATH/Controllers/Admin/PejabatController.php(98): App\Models\Admin\UkpdModel->getUkpd()
 2 SYSTEMPATH/CodeIgniter.php(943): App\Controllers\Admin\PejabatController->edit()
 3 SYSTEMPATH/CodeIgniter.php(503): CodeIgniter\CodeIgniter->runController(Object(App\Controllers\Admin\PejabatController))
 4 SYSTEMPATH/CodeIgniter.php(361): CodeIgniter\CodeIgniter->handleRequest(null, Object(Config\Cache), false)
 5 FCPATH/index.php(79): CodeIgniter\CodeIgniter->run()
 6 SYSTEMPATH/Commands/Server/rewrite.php(47): require_once('/Volumes/mf480 - Data/sidak_angkot/public/index.php')
CRITICAL - 2024-09-02 03:19:48 --> ArgumentCountError: Too few arguments to function App\Models\Admin\UkpdModel::getUkpd(), 0 passed in /Volumes/mf480 - Data/sidak_angkot/app/Controllers/Admin/PejabatController.php on line 98 and exactly 1 expected
in APPPATH/Models/Admin/UkpdModel.php on line 20.
 1 APPPATH/Controllers/Admin/PejabatController.php(98): App\Models\Admin\UkpdModel->getUkpd()
 2 SYSTEMPATH/CodeIgniter.php(943): App\Controllers\Admin\PejabatController->edit()
 3 SYSTEMPATH/CodeIgniter.php(503): CodeIgniter\CodeIgniter->runController(Object(App\Controllers\Admin\PejabatController))
 4 SYSTEMPATH/CodeIgniter.php(361): CodeIgniter\CodeIgniter->handleRequest(null, Object(Config\Cache), false)
 5 FCPATH/index.php(79): CodeIgniter\CodeIgniter->run()
 6 SYSTEMPATH/Commands/Server/rewrite.php(47): require_once('/Volumes/mf480 - Data/sidak_angkot/public/index.php')
INFO - 2024-09-02 03:21:57 --> Session: Class initialized using 'CodeIgniter\Session\Handlers\FileHandler' driver.
CRITICAL - 2024-09-02 03:21:57 --> ArgumentCountError: Too few arguments to function App\Models\Admin\PejabatModel::getPejabatPenandaTangan(), 0 passed in /Volumes/mf480 - Data/sidak_angkot/app/Controllers/Admin/PejabatController.php on line 32 and exactly 1 expected
in APPPATH/Models/Admin/PejabatModel.php on line 20.
 1 APPPATH/Controllers/Admin/PejabatController.php(32): App\Models\Admin\PejabatModel->getPejabatPenandaTangan()
 2 SYSTEMPATH/CodeIgniter.php(943): App\Controllers\Admin\PejabatController->index()
 3 SYSTEMPATH/CodeIgniter.php(503): CodeIgniter\CodeIgniter->runController(Object(App\Controllers\Admin\PejabatController))
 4 SYSTEMPATH/CodeIgniter.php(361): CodeIgniter\CodeIgniter->handleRequest(null, Object(Config\Cache), false)
 5 FCPATH/index.php(79): CodeIgniter\CodeIgniter->run()
 6 SYSTEMPATH/Commands/Server/rewrite.php(47): require_once('/Volumes/mf480 - Data/sidak_angkot/public/index.php')
INFO - 2024-09-02 03:22:45 --> Session: Class initialized using 'CodeIgniter\Session\Handlers\FileHandler' driver.
INFO - 2024-09-02 03:22:50 --> Session: Class initialized using 'CodeIgniter\Session\Handlers\FileHandler' driver.
INFO - 2024-09-02 03:22:55 --> Session: Class initialized using 'CodeIgniter\Session\Handlers\FileHandler' driver.
INFO - 2024-09-02 03:23:03 --> Session: Class initialized using 'CodeIgniter\Session\Handlers\FileHandler' driver.
INFO - 2024-09-02 03:23:05 --> Session: Class initialized using 'CodeIgniter\Session\Handlers\FileHandler' driver.
INFO - 2024-09-02 03:23:16 --> Session: Class initialized using 'CodeIgniter\Session\Handlers\FileHandler' driver.
INFO - 2024-09-02 03:24:18 --> Session: Class initialized using 'CodeIgniter\Session\Handlers\FileHandler' driver.
INFO - 2024-09-02 03:24:20 --> Session: Class initialized using 'CodeIgniter\Session\Handlers\FileHandler' driver.
INFO - 2024-09-02 03:25:29 --> Session: Class initialized using 'CodeIgniter\Session\Handlers\FileHandler' driver.
INFO - 2024-09-02 03:26:30 --> Session: Class initialized using 'CodeIgniter\Session\Handlers\FileHandler' driver.
CRITICAL - 2024-09-02 03:26:32 --> ArgumentCountError: Too few arguments to function App\Models\Admin\UkpdModel::getUkpd(), 0 passed in /Volumes/mf480 - Data/sidak_angkot/app/Controllers/Admin/UsersManagementController.php on line 124 and exactly 1 expected
in APPPATH/Models/Admin/UkpdModel.php on line 20.
 1 APPPATH/Controllers/Admin/UsersManagementController.php(124): App\Models\Admin\UkpdModel->getUkpd()
 2 SYSTEMPATH/CodeIgniter.php(943): App\Controllers\Admin\UsersManagementController->edit()
 3 SYSTEMPATH/CodeIgniter.php(503): CodeIgniter\CodeIgniter->runController(Object(App\Controllers\Admin\UsersManagementController))
 4 SYSTEMPATH/CodeIgniter.php(361): CodeIgniter\CodeIgniter->handleRequest(null, Object(Config\Cache), false)
 5 FCPATH/index.php(79): CodeIgniter\CodeIgniter->run()
 6 SYSTEMPATH/Commands/Server/rewrite.php(47): require_once('/Volumes/mf480 - Data/sidak_angkot/public/index.php')
INFO - 2024-09-02 03:26:39 --> Session: Class initialized using 'CodeIgniter\Session\Handlers\FileHandler' driver.
CRITICAL - 2024-09-02 03:26:41 --> ArgumentCountError: Too few arguments to function App\Models\Admin\UkpdModel::getUkpd(), 0 passed in /Volumes/mf480 - Data/sidak_angkot/app/Controllers/Admin/UsersManagementController.php on line 124 and exactly 1 expected
in APPPATH/Models/Admin/UkpdModel.php on line 20.
 1 APPPATH/Controllers/Admin/UsersManagementController.php(124): App\Models\Admin\UkpdModel->getUkpd()
 2 SYSTEMPATH/CodeIgniter.php(943): App\Controllers\Admin\UsersManagementController->edit()
 3 SYSTEMPATH/CodeIgniter.php(503): CodeIgniter\CodeIgniter->runController(Object(App\Controllers\Admin\UsersManagementController))
 4 SYSTEMPATH/CodeIgniter.php(361): CodeIgniter\CodeIgniter->handleRequest(null, Object(Config\Cache), false)
 5 FCPATH/index.php(79): CodeIgniter\CodeIgniter->run()
 6 SYSTEMPATH/Commands/Server/rewrite.php(47): require_once('/Volumes/mf480 - Data/sidak_angkot/public/index.php')
CRITICAL - 2024-09-02 03:26:48 --> ArgumentCountError: Too few arguments to function App\Models\Admin\UkpdModel::getUkpd(), 0 passed in /Volumes/mf480 - Data/sidak_angkot/app/Controllers/Admin/UsersManagementController.php on line 124 and exactly 1 expected
in APPPATH/Models/Admin/UkpdModel.php on line 20.
 1 APPPATH/Controllers/Admin/UsersManagementController.php(124): App\Models\Admin\UkpdModel->getUkpd()
 2 SYSTEMPATH/CodeIgniter.php(943): App\Controllers\Admin\UsersManagementController->edit()
 3 SYSTEMPATH/CodeIgniter.php(503): CodeIgniter\CodeIgniter->runController(Object(App\Controllers\Admin\UsersManagementController))
 4 SYSTEMPATH/CodeIgniter.php(361): CodeIgniter\CodeIgniter->handleRequest(null, Object(Config\Cache), false)
 5 FCPATH/index.php(79): CodeIgniter\CodeIgniter->run()
 6 SYSTEMPATH/Commands/Server/rewrite.php(47): require_once('/Volumes/mf480 - Data/sidak_angkot/public/index.php')
INFO - 2024-09-02 03:27:36 --> Session: Class initialized using 'CodeIgniter\Session\Handlers\FileHandler' driver.
INFO - 2024-09-02 03:27:39 --> Session: Class initialized using 'CodeIgniter\Session\Handlers\FileHandler' driver.
INFO - 2024-09-02 03:28:33 --> Session: Class initialized using 'CodeIgniter\Session\Handlers\FileHandler' driver.
INFO - 2024-09-02 03:28:38 --> Session: Class initialized using 'CodeIgniter\Session\Handlers\FileHandler' driver.
INFO - 2024-09-02 03:31:13 --> Session: Class initialized using 'CodeIgniter\Session\Handlers\FileHandler' driver.
CRITICAL - 2024-09-02 03:31:13 --> ArgumentCountError: Too few arguments to function App\Models\Admin\RoleManagementModel::getRoleManagement(), 0 passed in /Volumes/mf480 - Data/sidak_angkot/app/Controllers/Admin/UsersManagementController.php on line 39 and exactly 1 expected
in APPPATH/Models/Admin/RoleManagementModel.php on line 20.
 1 APPPATH/Controllers/Admin/UsersManagementController.php(39): App\Models\Admin\RoleManagementModel->getRoleManagement()
 2 SYSTEMPATH/CodeIgniter.php(943): App\Controllers\Admin\UsersManagementController->index()
 3 SYSTEMPATH/CodeIgniter.php(503): CodeIgniter\CodeIgniter->runController(Object(App\Controllers\Admin\UsersManagementController))
 4 SYSTEMPATH/CodeIgniter.php(361): CodeIgniter\CodeIgniter->handleRequest(null, Object(Config\Cache), false)
 5 FCPATH/index.php(79): CodeIgniter\CodeIgniter->run()
 6 SYSTEMPATH/Commands/Server/rewrite.php(47): require_once('/Volumes/mf480 - Data/sidak_angkot/public/index.php')
INFO - 2024-09-02 03:32:11 --> Session: Class initialized using 'CodeIgniter\Session\Handlers\FileHandler' driver.
INFO - 2024-09-02 03:32:15 --> Session: Class initialized using 'CodeIgniter\Session\Handlers\FileHandler' driver.
CRITICAL - 2024-09-02 03:32:15 --> ArgumentCountError: Too few arguments to function App\Models\Admin\RoleManagementModel::getRoleManagement(), 0 passed in /Volumes/mf480 - Data/sidak_angkot/app/Controllers/Admin/UsersManagementController.php on line 132 and exactly 1 expected
in APPPATH/Models/Admin/RoleManagementModel.php on line 20.
 1 APPPATH/Controllers/Admin/UsersManagementController.php(132): App\Models\Admin\RoleManagementModel->getRoleManagement()
 2 SYSTEMPATH/CodeIgniter.php(943): App\Controllers\Admin\UsersManagementController->edit()
 3 SYSTEMPATH/CodeIgniter.php(503): CodeIgniter\CodeIgniter->runController(Object(App\Controllers\Admin\UsersManagementController))
 4 SYSTEMPATH/CodeIgniter.php(361): CodeIgniter\CodeIgniter->handleRequest(null, Object(Config\Cache), false)
 5 FCPATH/index.php(79): CodeIgniter\CodeIgniter->run()
 6 SYSTEMPATH/Commands/Server/rewrite.php(47): require_once('/Volumes/mf480 - Data/sidak_angkot/public/index.php')
INFO - 2024-09-02 03:32:55 --> Session: Class initialized using 'CodeIgniter\Session\Handlers\FileHandler' driver.
INFO - 2024-09-02 03:32:58 --> Session: Class initialized using 'CodeIgniter\Session\Handlers\FileHandler' driver.
INFO - 2024-09-02 03:33:02 --> Session: Class initialized using 'CodeIgniter\Session\Handlers\FileHandler' driver.
INFO - 2024-09-02 03:33:09 --> Session: Class initialized using 'CodeIgniter\Session\Handlers\FileHandler' driver.
INFO - 2024-09-02 03:33:26 --> Session: Class initialized using 'CodeIgniter\Session\Handlers\FileHandler' driver.
INFO - 2024-09-02 03:33:32 --> Session: Class initialized using 'CodeIgniter\Session\Handlers\FileHandler' driver.
CRITICAL - 2024-09-02 03:40:23 --> ErrorException: Undefined property: stdClass::$jenis_kendaraan
in APPPATH/Views/pdf/spk_pdf.php on line 282.
 1 APPPATH/Views/pdf/spk_pdf.php(282): CodeIgniter\Debug\Exceptions->errorHandler(8, 'Undefined property: stdClass::$jenis_kendaraan', '/Volumes/mf480 - Data/sidak_angkot/app/Views/pdf/spk_pdf.php', 282, [...])
 2 SYSTEMPATH/View/View.php(228): include('/Volumes/mf480 - Data/sidak_angkot/app/Views/pdf/spk_pdf.php')
 3 SYSTEMPATH/View/View.php(231): CodeIgniter\View\View->CodeIgniter\View\{closure}()
 4 SYSTEMPATH/Common.php(1178): CodeIgniter\View\View->render('pdf/spk_pdf', [], true)
 5 APPPATH/Controllers/Pdf/PdfController.php(39): view('pdf/spk_pdf', [...])
 6 SYSTEMPATH/CodeIgniter.php(943): App\Controllers\Pdf\PdfController->index('350')
 7 SYSTEMPATH/CodeIgniter.php(503): CodeIgniter\CodeIgniter->runController(Object(App\Controllers\Pdf\PdfController))
 8 SYSTEMPATH/CodeIgniter.php(361): CodeIgniter\CodeIgniter->handleRequest(null, Object(Config\Cache), false)
 9 FCPATH/index.php(79): CodeIgniter\CodeIgniter->run()
10 SYSTEMPATH/Commands/Server/rewrite.php(47): require_once('/Volumes/mf480 - Data/sidak_angkot/public/index.php')
INFO - 2024-09-02 04:37:46 --> Session: Class initialized using 'CodeIgniter\Session\Handlers\FileHandler' driver.
INFO - 2024-09-02 04:37:49 --> Session: Class initialized using 'CodeIgniter\Session\Handlers\FileHandler' driver.
INFO - 2024-09-02 04:39:25 --> Session: Class initialized using 'CodeIgniter\Session\Handlers\FileHandler' driver.
INFO - 2024-09-02 04:41:19 --> Session: Class initialized using 'CodeIgniter\Session\Handlers\FileHandler' driver.
INFO - 2024-09-02 04:49:37 --> Session: Class initialized using 'CodeIgniter\Session\Handlers\FileHandler' driver.
INFO - 2024-09-02 04:49:46 --> Session: Class initialized using 'CodeIgniter\Session\Handlers\FileHandler' driver.
INFO - 2024-09-02 04:49:47 --> Session: Class initialized using 'CodeIgniter\Session\Handlers\FileHandler' driver.
INFO - 2024-09-02 04:49:49 --> Session: Class initialized using 'CodeIgniter\Session\Handlers\FileHandler' driver.
INFO - 2024-09-02 04:49:52 --> Session: Class initialized using 'CodeIgniter\Session\Handlers\FileHandler' driver.
CRITICAL - 2024-09-02 04:49:54 --> ArgumentCountError: Too few arguments to function App\Models\Admin\UkpdModel::getUkpd(), 0 passed in /Volumes/mf480 - Data/sidak_angkot/app/Controllers/Admin/PejabatController.php on line 100 and exactly 1 expected
in APPPATH/Models/Admin/UkpdModel.php on line 20.
 1 APPPATH/Controllers/Admin/PejabatController.php(100): App\Models\Admin\UkpdModel->getUkpd()
 2 SYSTEMPATH/CodeIgniter.php(943): App\Controllers\Admin\PejabatController->edit()
 3 SYSTEMPATH/CodeIgniter.php(503): CodeIgniter\CodeIgniter->runController(Object(App\Controllers\Admin\PejabatController))
 4 SYSTEMPATH/CodeIgniter.php(361): CodeIgniter\CodeIgniter->handleRequest(null, Object(Config\Cache), false)
 5 FCPATH/index.php(79): CodeIgniter\CodeIgniter->run()
 6 SYSTEMPATH/Commands/Server/rewrite.php(47): require_once('/Volumes/mf480 - Data/sidak_angkot/public/index.php')
CRITICAL - 2024-09-02 04:50:05 --> ArgumentCountError: Too few arguments to function App\Models\Admin\UkpdModel::getUkpd(), 0 passed in /Volumes/mf480 - Data/sidak_angkot/app/Controllers/Admin/PejabatController.php on line 100 and exactly 1 expected
in APPPATH/Models/Admin/UkpdModel.php on line 20.
 1 APPPATH/Controllers/Admin/PejabatController.php(100): App\Models\Admin\UkpdModel->getUkpd()
 2 SYSTEMPATH/CodeIgniter.php(943): App\Controllers\Admin\PejabatController->edit()
 3 SYSTEMPATH/CodeIgniter.php(503): CodeIgniter\CodeIgniter->runController(Object(App\Controllers\Admin\PejabatController))
 4 SYSTEMPATH/CodeIgniter.php(361): CodeIgniter\CodeIgniter->handleRequest(null, Object(Config\Cache), false)
 5 FCPATH/index.php(79): CodeIgniter\CodeIgniter->run()
 6 SYSTEMPATH/Commands/Server/rewrite.php(47): require_once('/Volumes/mf480 - Data/sidak_angkot/public/index.php')
INFO - 2024-09-02 04:50:16 --> Session: Class initialized using 'CodeIgniter\Session\Handlers\FileHandler' driver.
INFO - 2024-09-02 04:50:31 --> Session: Class initialized using 'CodeIgniter\Session\Handlers\FileHandler' driver.
INFO - 2024-09-02 04:50:32 --> Session: Class initialized using 'CodeIgniter\Session\Handlers\FileHandler' driver.
INFO - 2024-09-02 04:50:39 --> Session: Class initialized using 'CodeIgniter\Session\Handlers\FileHandler' driver.
CRITICAL - 2024-09-02 04:50:41 --> ArgumentCountError: Too few arguments to function App\Models\Admin\UkpdModel::getUkpd(), 0 passed in /Volumes/mf480 - Data/sidak_angkot/app/Controllers/Admin/PejabatController.php on line 100 and exactly 1 expected
in APPPATH/Models/Admin/UkpdModel.php on line 20.
 1 APPPATH/Controllers/Admin/PejabatController.php(100): App\Models\Admin\UkpdModel->getUkpd()
 2 SYSTEMPATH/CodeIgniter.php(943): App\Controllers\Admin\PejabatController->edit()
 3 SYSTEMPATH/CodeIgniter.php(503): CodeIgniter\CodeIgniter->runController(Object(App\Controllers\Admin\PejabatController))
 4 SYSTEMPATH/CodeIgniter.php(361): CodeIgniter\CodeIgniter->handleRequest(null, Object(Config\Cache), false)
 5 FCPATH/index.php(79): CodeIgniter\CodeIgniter->run()
 6 SYSTEMPATH/Commands/Server/rewrite.php(47): require_once('/Volumes/mf480 - Data/sidak_angkot/public/index.php')
INFO - 2024-09-02 04:51:19 --> Session: Class initialized using 'CodeIgniter\Session\Handlers\FileHandler' driver.
INFO - 2024-09-02 04:51:20 --> Session: Class initialized using 'CodeIgniter\Session\Handlers\FileHandler' driver.
INFO - 2024-09-02 04:51:40 --> Session: Class initialized using 'CodeIgniter\Session\Handlers\FileHandler' driver.
INFO - 2024-09-02 04:51:43 --> Session: Class initialized using 'CodeIgniter\Session\Handlers\FileHandler' driver.
INFO - 2024-09-02 04:52:22 --> Session: Class initialized using 'CodeIgniter\Session\Handlers\FileHandler' driver.
INFO - 2024-09-02 04:52:30 --> Session: Class initialized using 'CodeIgniter\Session\Handlers\FileHandler' driver.
ERROR - 2024-09-02 09:55:05 --> Error connecting to the database: mysqli_sql_exception: Connection refused in /Volumes/mf480 - Data/sidak_angkot/vendor/codeigniter4/framework/system/Database/MySQLi/Connection.php:185
Stack trace:
#0 /Volumes/mf480 - Data/sidak_angkot/vendor/codeigniter4/framework/system/Database/MySQLi/Connection.php(185): mysqli->real_connect('127.0.0.1', 'root', '', 'sidak_angkot', 3306, '', 0)
#1 /Volumes/mf480 - Data/sidak_angkot/vendor/codeigniter4/framework/system/Database/BaseConnection.php(392): CodeIgniter\Database\MySQLi\Connection->connect(false)
#2 /Volumes/mf480 - Data/sidak_angkot/vendor/codeigniter4/framework/system/Database/BaseConnection.php(575): CodeIgniter\Database\BaseConnection->initialize()
#3 /Volumes/mf480 - Data/sidak_angkot/vendor/codeigniter4/framework/system/Database/BaseBuilder.php(1616): CodeIgniter\Database\BaseConnection->query('SELECT `users_m...', Array, false)
#4 /Volumes/mf480 - Data/sidak_angkot/vendor/codeigniter4/framework/system/Model.php(877): CodeIgniter\Database\BaseBuilder->get()
#5 /Volumes/mf480 - Data/sidak_angkot/app/Models/Admin/UsersManagementModel.php(51): CodeIgniter\Model->__call('get', Array)
#6 /Volumes/mf480 - Data/sidak_angkot/app/Controllers/Auth/AuthController.php(58): App\Models\Admin\UsersManagementModel->getUserManagementData('chanchanbayub@g...', '80544665')
#7 /Volumes/mf480 - Data/sidak_angkot/vendor/codeigniter4/framework/system/CodeIgniter.php(943): App\Controllers\Auth\AuthController->cek_login()
#8 /Volumes/mf480 - Data/sidak_angkot/vendor/codeigniter4/framework/system/CodeIgniter.php(503): CodeIgniter\CodeIgniter->runController(Object(App\Controllers\Auth\AuthController))
#9 /Volumes/mf480 - Data/sidak_angkot/vendor/codeigniter4/framework/system/CodeIgniter.php(361): CodeIgniter\CodeIgniter->handleRequest(NULL, Object(Config\Cache), false)
#10 /Volumes/mf480 - Data/sidak_angkot/public/index.php(79): CodeIgniter\CodeIgniter->run()
#11 /Volumes/mf480 - Data/sidak_angkot/vendor/codeigniter4/framework/system/Commands/Server/rewrite.php(47): require_once('/Volumes/mf480 ...')
#12 {main}

Next CodeIgniter\Database\Exceptions\DatabaseException: Connection refused in /Volumes/mf480 - Data/sidak_angkot/vendor/codeigniter4/framework/system/Database/MySQLi/Connection.php:229
Stack trace:
#0 /Volumes/mf480 - Data/sidak_angkot/vendor/codeigniter4/framework/system/Database/BaseConnection.php(392): CodeIgniter\Database\MySQLi\Connection->connect(false)
#1 /Volumes/mf480 - Data/sidak_angkot/vendor/codeigniter4/framework/system/Database/BaseConnection.php(575): CodeIgniter\Database\BaseConnection->initialize()
#2 /Volumes/mf480 - Data/sidak_angkot/vendor/codeigniter4/framework/system/Database/BaseBuilder.php(1616): CodeIgniter\Database\BaseConnection->query('SELECT `users_m...', Array, false)
#3 /Volumes/mf480 - Data/sidak_angkot/vendor/codeigniter4/framework/system/Model.php(877): CodeIgniter\Database\BaseBuilder->get()
#4 /Volumes/mf480 - Data/sidak_angkot/app/Models/Admin/UsersManagementModel.php(51): CodeIgniter\Model->__call('get', Array)
#5 /Volumes/mf480 - Data/sidak_angkot/app/Controllers/Auth/AuthController.php(58): App\Models\Admin\UsersManagementModel->getUserManagementData('chanchanbayub@g...', '80544665')
#6 /Volumes/mf480 - Data/sidak_angkot/vendor/codeigniter4/framework/system/CodeIgniter.php(943): App\Controllers\Auth\AuthController->cek_login()
#7 /Volumes/mf480 - Data/sidak_angkot/vendor/codeigniter4/framework/system/CodeIgniter.php(503): CodeIgniter\CodeIgniter->runController(Object(App\Controllers\Auth\AuthController))
#8 /Volumes/mf480 - Data/sidak_angkot/vendor/codeigniter4/framework/system/CodeIgniter.php(361): CodeIgniter\CodeIgniter->handleRequest(NULL, Object(Config\Cache), false)
#9 /Volumes/mf480 - Data/sidak_angkot/public/index.php(79): CodeIgniter\CodeIgniter->run()
#10 /Volumes/mf480 - Data/sidak_angkot/vendor/codeigniter4/framework/system/Commands/Server/rewrite.php(47): require_once('/Volumes/mf480 ...')
#11 {main}
CRITICAL - 2024-09-02 09:55:05 --> CodeIgniter\Database\Exceptions\DatabaseException: Unable to connect to the database.
Main connection [MySQLi]: Connection refused
in SYSTEMPATH/Database/BaseConnection.php on line 428.
 1 SYSTEMPATH/Database/BaseConnection.php(575): CodeIgniter\Database\BaseConnection->initialize()
 2 SYSTEMPATH/Database/BaseBuilder.php(1616): CodeIgniter\Database\BaseConnection->query('SELECT `users_management_table`.`id`, `users_management_table`.`ukpd_id`, `users_management_table`.`nama`, `users_management_table`.`email`, `users_management_table`.`nip`, `users_management_table`.`role_management_id`, `ukpd_table`.`ukpd`, `role_management_table`.`role_management`
FROM `users_management_table`
JOIN `ukpd_table` ON `ukpd_table`.`id` = `users_management_table`.`ukpd_id`
JOIN `role_management_table` ON `role_management_table`.`id` = `users_management_table`.`role_management_id`
WHERE `users_management_table`.`email` = :users_management_table.email:
AND `users_management_table`.`nip` = :users_management_table.nip:
ORDER BY `id` desc', [...], false)
 3 SYSTEMPATH/Model.php(877): CodeIgniter\Database\BaseBuilder->get()
 4 APPPATH/Models/Admin/UsersManagementModel.php(51): CodeIgniter\Model->__call('get', [])
 5 APPPATH/Controllers/Auth/AuthController.php(58): App\Models\Admin\UsersManagementModel->getUserManagementData('chanchanbayub@gmail.com', '80544665')
 6 SYSTEMPATH/CodeIgniter.php(943): App\Controllers\Auth\AuthController->cek_login()
 7 SYSTEMPATH/CodeIgniter.php(503): CodeIgniter\CodeIgniter->runController(Object(App\Controllers\Auth\AuthController))
 8 SYSTEMPATH/CodeIgniter.php(361): CodeIgniter\CodeIgniter->handleRequest(null, Object(Config\Cache), false)
 9 FCPATH/index.php(79): CodeIgniter\CodeIgniter->run()
10 SYSTEMPATH/Commands/Server/rewrite.php(47): require_once('/Volumes/mf480 - Data/sidak_angkot/public/index.php')
INFO - 2024-09-02 09:55:25 --> Session: Class initialized using 'CodeIgniter\Session\Handlers\FileHandler' driver.
INFO - 2024-09-02 09:55:26 --> Session: Class initialized using 'CodeIgniter\Session\Handlers\FileHandler' driver.
INFO - 2024-09-02 09:55:49 --> Session: Class initialized using 'CodeIgniter\Session\Handlers\FileHandler' driver.
INFO - 2024-09-02 09:55:56 --> Session: Class initialized using 'CodeIgniter\Session\Handlers\FileHandler' driver.
INFO - 2024-09-02 09:56:01 --> Session: Class initialized using 'CodeIgniter\Session\Handlers\FileHandler' driver.
INFO - 2024-09-02 09:56:50 --> Session: Class initialized using 'CodeIgniter\Session\Handlers\FileHandler' driver.
INFO - 2024-09-02 09:57:05 --> Session: Class initialized using 'CodeIgniter\Session\Handlers\FileHandler' driver.
INFO - 2024-09-02 10:04:33 --> Session: Class initialized using 'CodeIgniter\Session\Handlers\FileHandler' driver.
INFO - 2024-09-02 10:04:41 --> Session: Class initialized using 'CodeIgniter\Session\Handlers\FileHandler' driver.
INFO - 2024-09-02 10:04:42 --> Session: Class initialized using 'CodeIgniter\Session\Handlers\FileHandler' driver.
INFO - 2024-09-02 10:04:46 --> Session: Class initialized using 'CodeIgniter\Session\Handlers\FileHandler' driver.
INFO - 2024-09-02 10:05:16 --> Session: Class initialized using 'CodeIgniter\Session\Handlers\FileHandler' driver.
INFO - 2024-09-02 10:05:20 --> Session: Class initialized using 'CodeIgniter\Session\Handlers\FileHandler' driver.
INFO - 2024-09-02 10:05:27 --> Session: Class initialized using 'CodeIgniter\Session\Handlers\FileHandler' driver.
INFO - 2024-09-02 10:05:30 --> Session: Class initialized using 'CodeIgniter\Session\Handlers\FileHandler' driver.
INFO - 2024-09-02 10:05:38 --> Session: Class initialized using 'CodeIgniter\Session\Handlers\FileHandler' driver.
INFO - 2024-09-02 10:05:41 --> Session: Class initialized using 'CodeIgniter\Session\Handlers\FileHandler' driver.
INFO - 2024-09-02 10:06:23 --> Session: Class initialized using 'CodeIgniter\Session\Handlers\FileHandler' driver.
INFO - 2024-09-02 10:06:38 --> Session: Class initialized using 'CodeIgniter\Session\Handlers\FileHandler' driver.
INFO - 2024-09-02 10:06:44 --> Session: Class initialized using 'CodeIgniter\Session\Handlers\FileHandler' driver.
INFO - 2024-09-02 10:06:47 --> Session: Class initialized using 'CodeIgniter\Session\Handlers\FileHandler' driver.
INFO - 2024-09-02 10:06:56 --> Session: Class initialized using 'CodeIgniter\Session\Handlers\FileHandler' driver.
INFO - 2024-09-02 10:06:59 --> Session: Class initialized using 'CodeIgniter\Session\Handlers\FileHandler' driver.
INFO - 2024-09-02 10:07:02 --> Session: Class initialized using 'CodeIgniter\Session\Handlers\FileHandler' driver.
INFO - 2024-09-02 10:07:59 --> Session: Class initialized using 'CodeIgniter\Session\Handlers\FileHandler' driver.
INFO - 2024-09-02 10:11:41 --> Session: Class initialized using 'CodeIgniter\Session\Handlers\FileHandler' driver.
INFO - 2024-09-02 10:12:08 --> Session: Class initialized using 'CodeIgniter\Session\Handlers\FileHandler' driver.
INFO - 2024-09-02 10:12:53 --> Session: Class initialized using 'CodeIgniter\Session\Handlers\FileHandler' driver.
INFO - 2024-09-02 10:13:14 --> Session: Class initialized using 'CodeIgniter\Session\Handlers\FileHandler' driver.
INFO - 2024-09-02 10:13:59 --> Session: Class initialized using 'CodeIgniter\Session\Handlers\FileHandler' driver.
INFO - 2024-09-02 10:14:22 --> Session: Class initialized using 'CodeIgniter\Session\Handlers\FileHandler' driver.
INFO - 2024-09-02 10:16:00 --> Session: Class initialized using 'CodeIgniter\Session\Handlers\FileHandler' driver.
INFO - 2024-09-02 10:16:23 --> Session: Class initialized using 'CodeIgniter\Session\Handlers\FileHandler' driver.
INFO - 2024-09-02 10:16:45 --> Session: Class initialized using 'CodeIgniter\Session\Handlers\FileHandler' driver.
INFO - 2024-09-02 10:17:10 --> Session: Class initialized using 'CodeIgniter\Session\Handlers\FileHandler' driver.
INFO - 2024-09-02 10:17:50 --> Session: Class initialized using 'CodeIgniter\Session\Handlers\FileHandler' driver.
INFO - 2024-09-02 10:18:54 --> Session: Class initialized using 'CodeIgniter\Session\Handlers\FileHandler' driver.
