ERROR - 2024-08-14 02:36:37 --> Error connecting to the database: mysqli_sql_exception: Connection refused in /Volumes/mf480 - Data/sidak_angkot/vendor/codeigniter4/framework/system/Database/MySQLi/Connection.php:185
Stack trace:
#0 /Volumes/mf480 - Data/sidak_angkot/vendor/codeigniter4/framework/system/Database/MySQLi/Connection.php(185): mysqli->real_connect('127.0.0.1', 'root', '', 'sidak_angkot', 3306, '', 0)
#1 /Volumes/mf480 - Data/sidak_angkot/vendor/codeigniter4/framework/system/Database/BaseConnection.php(392): CodeIgniter\Database\MySQLi\Connection->connect(false)
#2 /Volumes/mf480 - Data/sidak_angkot/vendor/codeigniter4/framework/system/Database/BaseConnection.php(575): CodeIgniter\Database\BaseConnection->initialize()
#3 /Volumes/mf480 - Data/sidak_angkot/vendor/codeigniter4/framework/system/Database/BaseBuilder.php(1616): CodeIgniter\Database\BaseConnection->query('SELECT `data_pe...', Array, false)
#4 /Volumes/mf480 - Data/sidak_angkot/vendor/codeigniter4/framework/system/Model.php(877): CodeIgniter\Database\BaseBuilder->get()
#5 /Volumes/mf480 - Data/sidak_angkot/app/Models/Admin/DataPenindakanModel.php(29): CodeIgniter\Model->__call('get', Array)
#6 /Volumes/mf480 - Data/sidak_angkot/app/Controllers/Admin/DataPenindakanController.php(46): App\Models\Admin\DataPenindakanModel->getDataPenindakan()
#7 /Volumes/mf480 - Data/sidak_angkot/vendor/codeigniter4/framework/system/CodeIgniter.php(943): App\Controllers\Admin\DataPenindakanController->index()
#8 /Volumes/mf480 - Data/sidak_angkot/vendor/codeigniter4/framework/system/CodeIgniter.php(503): CodeIgniter\CodeIgniter->runController(Object(App\Controllers\Admin\DataPenindakanController))
#9 /Volumes/mf480 - Data/sidak_angkot/vendor/codeigniter4/framework/system/CodeIgniter.php(361): CodeIgniter\CodeIgniter->handleRequest(NULL, Object(Config\Cache), false)
#10 /Volumes/mf480 - Data/sidak_angkot/public/index.php(79): CodeIgniter\CodeIgniter->run()
#11 /Volumes/mf480 - Data/sidak_angkot/vendor/codeigniter4/framework/system/Commands/Server/rewrite.php(47): require_once('/Volumes/mf480 ...')
#12 {main}

Next CodeIgniter\Database\Exceptions\DatabaseException: Connection refused in /Volumes/mf480 - Data/sidak_angkot/vendor/codeigniter4/framework/system/Database/MySQLi/Connection.php:229
Stack trace:
#0 /Volumes/mf480 - Data/sidak_angkot/vendor/codeigniter4/framework/system/Database/BaseConnection.php(392): CodeIgniter\Database\MySQLi\Connection->connect(false)
#1 /Volumes/mf480 - Data/sidak_angkot/vendor/codeigniter4/framework/system/Database/BaseConnection.php(575): CodeIgniter\Database\BaseConnection->initialize()
#2 /Volumes/mf480 - Data/sidak_angkot/vendor/codeigniter4/framework/system/Database/BaseBuilder.php(1616): CodeIgniter\Database\BaseConnection->query('SELECT `data_pe...', Array, false)
#3 /Volumes/mf480 - Data/sidak_angkot/vendor/codeigniter4/framework/system/Model.php(877): CodeIgniter\Database\BaseBuilder->get()
#4 /Volumes/mf480 - Data/sidak_angkot/app/Models/Admin/DataPenindakanModel.php(29): CodeIgniter\Model->__call('get', Array)
#5 /Volumes/mf480 - Data/sidak_angkot/app/Controllers/Admin/DataPenindakanController.php(46): App\Models\Admin\DataPenindakanModel->getDataPenindakan()
#6 /Volumes/mf480 - Data/sidak_angkot/vendor/codeigniter4/framework/system/CodeIgniter.php(943): App\Controllers\Admin\DataPenindakanController->index()
#7 /Volumes/mf480 - Data/sidak_angkot/vendor/codeigniter4/framework/system/CodeIgniter.php(503): CodeIgniter\CodeIgniter->runController(Object(App\Controllers\Admin\DataPenindakanController))
#8 /Volumes/mf480 - Data/sidak_angkot/vendor/codeigniter4/framework/system/CodeIgniter.php(361): CodeIgniter\CodeIgniter->handleRequest(NULL, Object(Config\Cache), false)
#9 /Volumes/mf480 - Data/sidak_angkot/public/index.php(79): CodeIgniter\CodeIgniter->run()
#10 /Volumes/mf480 - Data/sidak_angkot/vendor/codeigniter4/framework/system/Commands/Server/rewrite.php(47): require_once('/Volumes/mf480 ...')
#11 {main}
CRITICAL - 2024-08-14 02:36:37 --> CodeIgniter\Database\Exceptions\DatabaseException: Unable to connect to the database.
Main connection [MySQLi]: Connection refused
in SYSTEMPATH/Database/BaseConnection.php on line 428.
 1 SYSTEMPATH/Database/BaseConnection.php(575): CodeIgniter\Database\BaseConnection->initialize()
 2 SYSTEMPATH/Database/BaseBuilder.php(1616): CodeIgniter\Database\BaseConnection->query('SELECT `data_penindakan_table`.`id`, `data_penindakan_table`.`ukpd_id`, `data_penindakan_table`.`nomor_bap`, `data_penindakan_table`.`kode_wilayah_awal`, `data_penindakan_table`.`nomor_kendaraan`, `data_penindakan_table`.`kode_wilayah_akhir`, `data_penindakan_table`.`jenis_kendaraan_id`, `data_penindakan_table`.`jenis_penindakan_id`, `data_penindakan_table`.`tanggal_penindakan`, `ukpd_table`.`ukpd`, `jenis_kendaraan_table`.`jenis_kendaraan`, `tempat_penyimpanan_table`.`tempat_penyimpanan`, `jenis_penindakan_table`.`jenis_penindakan`
FROM `data_penindakan_table`
JOIN `ukpd_table` ON `ukpd_table`.`id` = `data_penindakan_table`.`ukpd_id`
JOIN `jenis_kendaraan_table` ON `jenis_kendaraan_table`.`id` = `data_penindakan_table`.`jenis_kendaraan_id`
JOIN `jenis_penindakan_table` ON `jenis_penindakan_table`.`id` = `data_penindakan_table`.`jenis_penindakan_id`
JOIN `tempat_penyimpanan_table` ON `tempat_penyimpanan_table`.`id` = `data_penindakan_table`.`tempat_penyimpanan_id`
ORDER BY `data_penindakan_table`.`id` desc', [], false)
 3 SYSTEMPATH/Model.php(877): CodeIgniter\Database\BaseBuilder->get()
 4 APPPATH/Models/Admin/DataPenindakanModel.php(29): CodeIgniter\Model->__call('get', [])
 5 APPPATH/Controllers/Admin/DataPenindakanController.php(46): App\Models\Admin\DataPenindakanModel->getDataPenindakan()
 6 SYSTEMPATH/CodeIgniter.php(943): App\Controllers\Admin\DataPenindakanController->index()
 7 SYSTEMPATH/CodeIgniter.php(503): CodeIgniter\CodeIgniter->runController(Object(App\Controllers\Admin\DataPenindakanController))
 8 SYSTEMPATH/CodeIgniter.php(361): CodeIgniter\CodeIgniter->handleRequest(null, Object(Config\Cache), false)
 9 FCPATH/index.php(79): CodeIgniter\CodeIgniter->run()
10 SYSTEMPATH/Commands/Server/rewrite.php(47): require_once('/Volumes/mf480 - Data/sidak_angkot/public/index.php')
ERROR - 2024-08-14 02:36:40 --> Error connecting to the database: mysqli_sql_exception: Connection refused in /Volumes/mf480 - Data/sidak_angkot/vendor/codeigniter4/framework/system/Database/MySQLi/Connection.php:185
Stack trace:
#0 /Volumes/mf480 - Data/sidak_angkot/vendor/codeigniter4/framework/system/Database/MySQLi/Connection.php(185): mysqli->real_connect('127.0.0.1', 'root', '', 'sidak_angkot', 3306, '', 0)
#1 /Volumes/mf480 - Data/sidak_angkot/vendor/codeigniter4/framework/system/Database/BaseConnection.php(392): CodeIgniter\Database\MySQLi\Connection->connect(false)
#2 /Volumes/mf480 - Data/sidak_angkot/vendor/codeigniter4/framework/system/Database/BaseConnection.php(575): CodeIgniter\Database\BaseConnection->initialize()
#3 /Volumes/mf480 - Data/sidak_angkot/vendor/codeigniter4/framework/system/Database/BaseBuilder.php(1616): CodeIgniter\Database\BaseConnection->query('SELECT `data_pe...', Array, false)
#4 /Volumes/mf480 - Data/sidak_angkot/vendor/codeigniter4/framework/system/Model.php(877): CodeIgniter\Database\BaseBuilder->get()
#5 /Volumes/mf480 - Data/sidak_angkot/app/Models/Admin/DataPenindakanModel.php(29): CodeIgniter\Model->__call('get', Array)
#6 /Volumes/mf480 - Data/sidak_angkot/app/Controllers/Admin/DataPenindakanController.php(46): App\Models\Admin\DataPenindakanModel->getDataPenindakan()
#7 /Volumes/mf480 - Data/sidak_angkot/vendor/codeigniter4/framework/system/CodeIgniter.php(943): App\Controllers\Admin\DataPenindakanController->index()
#8 /Volumes/mf480 - Data/sidak_angkot/vendor/codeigniter4/framework/system/CodeIgniter.php(503): CodeIgniter\CodeIgniter->runController(Object(App\Controllers\Admin\DataPenindakanController))
#9 /Volumes/mf480 - Data/sidak_angkot/vendor/codeigniter4/framework/system/CodeIgniter.php(361): CodeIgniter\CodeIgniter->handleRequest(NULL, Object(Config\Cache), false)
#10 /Volumes/mf480 - Data/sidak_angkot/public/index.php(79): CodeIgniter\CodeIgniter->run()
#11 /Volumes/mf480 - Data/sidak_angkot/vendor/codeigniter4/framework/system/Commands/Server/rewrite.php(47): require_once('/Volumes/mf480 ...')
#12 {main}

Next CodeIgniter\Database\Exceptions\DatabaseException: Connection refused in /Volumes/mf480 - Data/sidak_angkot/vendor/codeigniter4/framework/system/Database/MySQLi/Connection.php:229
Stack trace:
#0 /Volumes/mf480 - Data/sidak_angkot/vendor/codeigniter4/framework/system/Database/BaseConnection.php(392): CodeIgniter\Database\MySQLi\Connection->connect(false)
#1 /Volumes/mf480 - Data/sidak_angkot/vendor/codeigniter4/framework/system/Database/BaseConnection.php(575): CodeIgniter\Database\BaseConnection->initialize()
#2 /Volumes/mf480 - Data/sidak_angkot/vendor/codeigniter4/framework/system/Database/BaseBuilder.php(1616): CodeIgniter\Database\BaseConnection->query('SELECT `data_pe...', Array, false)
#3 /Volumes/mf480 - Data/sidak_angkot/vendor/codeigniter4/framework/system/Model.php(877): CodeIgniter\Database\BaseBuilder->get()
#4 /Volumes/mf480 - Data/sidak_angkot/app/Models/Admin/DataPenindakanModel.php(29): CodeIgniter\Model->__call('get', Array)
#5 /Volumes/mf480 - Data/sidak_angkot/app/Controllers/Admin/DataPenindakanController.php(46): App\Models\Admin\DataPenindakanModel->getDataPenindakan()
#6 /Volumes/mf480 - Data/sidak_angkot/vendor/codeigniter4/framework/system/CodeIgniter.php(943): App\Controllers\Admin\DataPenindakanController->index()
#7 /Volumes/mf480 - Data/sidak_angkot/vendor/codeigniter4/framework/system/CodeIgniter.php(503): CodeIgniter\CodeIgniter->runController(Object(App\Controllers\Admin\DataPenindakanController))
#8 /Volumes/mf480 - Data/sidak_angkot/vendor/codeigniter4/framework/system/CodeIgniter.php(361): CodeIgniter\CodeIgniter->handleRequest(NULL, Object(Config\Cache), false)
#9 /Volumes/mf480 - Data/sidak_angkot/public/index.php(79): CodeIgniter\CodeIgniter->run()
#10 /Volumes/mf480 - Data/sidak_angkot/vendor/codeigniter4/framework/system/Commands/Server/rewrite.php(47): require_once('/Volumes/mf480 ...')
#11 {main}
CRITICAL - 2024-08-14 02:36:40 --> CodeIgniter\Database\Exceptions\DatabaseException: Unable to connect to the database.
Main connection [MySQLi]: Connection refused
in SYSTEMPATH/Database/BaseConnection.php on line 428.
 1 SYSTEMPATH/Database/BaseConnection.php(575): CodeIgniter\Database\BaseConnection->initialize()
 2 SYSTEMPATH/Database/BaseBuilder.php(1616): CodeIgniter\Database\BaseConnection->query('SELECT `data_penindakan_table`.`id`, `data_penindakan_table`.`ukpd_id`, `data_penindakan_table`.`nomor_bap`, `data_penindakan_table`.`kode_wilayah_awal`, `data_penindakan_table`.`nomor_kendaraan`, `data_penindakan_table`.`kode_wilayah_akhir`, `data_penindakan_table`.`jenis_kendaraan_id`, `data_penindakan_table`.`jenis_penindakan_id`, `data_penindakan_table`.`tanggal_penindakan`, `ukpd_table`.`ukpd`, `jenis_kendaraan_table`.`jenis_kendaraan`, `tempat_penyimpanan_table`.`tempat_penyimpanan`, `jenis_penindakan_table`.`jenis_penindakan`
FROM `data_penindakan_table`
JOIN `ukpd_table` ON `ukpd_table`.`id` = `data_penindakan_table`.`ukpd_id`
JOIN `jenis_kendaraan_table` ON `jenis_kendaraan_table`.`id` = `data_penindakan_table`.`jenis_kendaraan_id`
JOIN `jenis_penindakan_table` ON `jenis_penindakan_table`.`id` = `data_penindakan_table`.`jenis_penindakan_id`
JOIN `tempat_penyimpanan_table` ON `tempat_penyimpanan_table`.`id` = `data_penindakan_table`.`tempat_penyimpanan_id`
ORDER BY `data_penindakan_table`.`id` desc', [], false)
 3 SYSTEMPATH/Model.php(877): CodeIgniter\Database\BaseBuilder->get()
 4 APPPATH/Models/Admin/DataPenindakanModel.php(29): CodeIgniter\Model->__call('get', [])
 5 APPPATH/Controllers/Admin/DataPenindakanController.php(46): App\Models\Admin\DataPenindakanModel->getDataPenindakan()
 6 SYSTEMPATH/CodeIgniter.php(943): App\Controllers\Admin\DataPenindakanController->index()
 7 SYSTEMPATH/CodeIgniter.php(503): CodeIgniter\CodeIgniter->runController(Object(App\Controllers\Admin\DataPenindakanController))
 8 SYSTEMPATH/CodeIgniter.php(361): CodeIgniter\CodeIgniter->handleRequest(null, Object(Config\Cache), false)
 9 FCPATH/index.php(79): CodeIgniter\CodeIgniter->run()
10 SYSTEMPATH/Commands/Server/rewrite.php(47): require_once('/Volumes/mf480 - Data/sidak_angkot/public/index.php')
INFO - 2024-08-14 02:38:07 --> Session: Class initialized using 'CodeIgniter\Session\Handlers\FileHandler' driver.
INFO - 2024-08-14 02:38:15 --> Session: Class initialized using 'CodeIgniter\Session\Handlers\FileHandler' driver.
INFO - 2024-08-14 02:39:31 --> Session: Class initialized using 'CodeIgniter\Session\Handlers\FileHandler' driver.
INFO - 2024-08-14 02:58:43 --> Session: Class initialized using 'CodeIgniter\Session\Handlers\FileHandler' driver.
INFO - 2024-08-14 02:58:57 --> Session: Class initialized using 'CodeIgniter\Session\Handlers\FileHandler' driver.
INFO - 2024-08-14 02:59:11 --> Session: Class initialized using 'CodeIgniter\Session\Handlers\FileHandler' driver.
INFO - 2024-08-14 02:59:57 --> Session: Class initialized using 'CodeIgniter\Session\Handlers\FileHandler' driver.
INFO - 2024-08-14 03:00:18 --> Session: Class initialized using 'CodeIgniter\Session\Handlers\FileHandler' driver.
INFO - 2024-08-14 03:00:24 --> Session: Class initialized using 'CodeIgniter\Session\Handlers\FileHandler' driver.
INFO - 2024-08-14 03:00:24 --> Session: Class initialized using 'CodeIgniter\Session\Handlers\FileHandler' driver.
INFO - 2024-08-14 03:00:31 --> Session: Class initialized using 'CodeIgniter\Session\Handlers\FileHandler' driver.
INFO - 2024-08-14 03:00:31 --> Session: Class initialized using 'CodeIgniter\Session\Handlers\FileHandler' driver.
INFO - 2024-08-14 03:00:37 --> Session: Class initialized using 'CodeIgniter\Session\Handlers\FileHandler' driver.
INFO - 2024-08-14 03:19:07 --> Session: Class initialized using 'CodeIgniter\Session\Handlers\FileHandler' driver.
INFO - 2024-08-14 03:21:39 --> Session: Class initialized using 'CodeIgniter\Session\Handlers\FileHandler' driver.
INFO - 2024-08-14 03:27:50 --> Session: Class initialized using 'CodeIgniter\Session\Handlers\FileHandler' driver.
INFO - 2024-08-14 03:28:22 --> Session: Class initialized using 'CodeIgniter\Session\Handlers\FileHandler' driver.
INFO - 2024-08-14 03:30:21 --> Session: Class initialized using 'CodeIgniter\Session\Handlers\FileHandler' driver.
INFO - 2024-08-14 03:36:54 --> Session: Class initialized using 'CodeIgniter\Session\Handlers\FileHandler' driver.
INFO - 2024-08-14 03:37:22 --> Session: Class initialized using 'CodeIgniter\Session\Handlers\FileHandler' driver.
INFO - 2024-08-14 03:40:12 --> Session: Class initialized using 'CodeIgniter\Session\Handlers\FileHandler' driver.
CRITICAL - 2024-08-14 03:40:29 --> CodeIgniter\Database\Exceptions\DatabaseException: Updates are not allowed unless they contain a "where" or "like" clause.
in SYSTEMPATH/Model.php on line 389.
 1 SYSTEMPATH/BaseModel.php(990): CodeIgniter\Model->doUpdate(null, [...])
 2 SYSTEMPATH/Model.php(812): CodeIgniter\BaseModel->update(null, [...])
 3 APPPATH/Controllers/Admin/PengeluaranKendaraanController.php(391): CodeIgniter\Model->update(null, [...])
 4 SYSTEMPATH/CodeIgniter.php(943): App\Controllers\Admin\PengeluaranKendaraanController->insert()
 5 SYSTEMPATH/CodeIgniter.php(503): CodeIgniter\CodeIgniter->runController(Object(App\Controllers\Admin\PengeluaranKendaraanController))
 6 SYSTEMPATH/CodeIgniter.php(361): CodeIgniter\CodeIgniter->handleRequest(null, Object(Config\Cache), false)
 7 FCPATH/index.php(79): CodeIgniter\CodeIgniter->run()
 8 SYSTEMPATH/Commands/Server/rewrite.php(47): require_once('/Volumes/mf480 - Data/sidak_angkot/public/index.php')
INFO - 2024-08-14 03:42:51 --> Session: Class initialized using 'CodeIgniter\Session\Handlers\FileHandler' driver.
INFO - 2024-08-14 03:43:06 --> Session: Class initialized using 'CodeIgniter\Session\Handlers\FileHandler' driver.
INFO - 2024-08-14 03:45:24 --> Session: Class initialized using 'CodeIgniter\Session\Handlers\FileHandler' driver.
INFO - 2024-08-14 03:45:25 --> Session: Class initialized using 'CodeIgniter\Session\Handlers\FileHandler' driver.
INFO - 2024-08-14 03:46:08 --> Session: Class initialized using 'CodeIgniter\Session\Handlers\FileHandler' driver.
INFO - 2024-08-14 03:47:03 --> Session: Class initialized using 'CodeIgniter\Session\Handlers\FileHandler' driver.
INFO - 2024-08-14 03:48:22 --> Session: Class initialized using 'CodeIgniter\Session\Handlers\FileHandler' driver.
INFO - 2024-08-14 03:49:33 --> Session: Class initialized using 'CodeIgniter\Session\Handlers\FileHandler' driver.
INFO - 2024-08-14 03:49:52 --> Session: Class initialized using 'CodeIgniter\Session\Handlers\FileHandler' driver.
INFO - 2024-08-14 03:50:09 --> Session: Class initialized using 'CodeIgniter\Session\Handlers\FileHandler' driver.
ERROR - 2024-08-14 03:56:36 --> mysqli_sql_exception: Unknown column 'pengeluaran_kendaraan_table.statu_kendaraan_id' in 'on clause' in /Volumes/mf480 - Data/sidak_angkot/vendor/codeigniter4/framework/system/Database/MySQLi/Connection.php:306
Stack trace:
#0 /Volumes/mf480 - Data/sidak_angkot/vendor/codeigniter4/framework/system/Database/MySQLi/Connection.php(306): mysqli->query('SELECT `pengelu...', 0)
#1 /Volumes/mf480 - Data/sidak_angkot/vendor/codeigniter4/framework/system/Database/BaseConnection.php(693): CodeIgniter\Database\MySQLi\Connection->execute('SELECT `pengelu...')
#2 /Volumes/mf480 - Data/sidak_angkot/vendor/codeigniter4/framework/system/Database/BaseConnection.php(607): CodeIgniter\Database\BaseConnection->simpleQuery('SELECT `pengelu...')
#3 /Volumes/mf480 - Data/sidak_angkot/vendor/codeigniter4/framework/system/Database/BaseBuilder.php(1616): CodeIgniter\Database\BaseConnection->query('SELECT `pengelu...', Array, false)
#4 /Volumes/mf480 - Data/sidak_angkot/vendor/codeigniter4/framework/system/Model.php(877): CodeIgniter\Database\BaseBuilder->get()
#5 /Volumes/mf480 - Data/sidak_angkot/app/Models/Admin/PengeluaranKendaraanModel.php(27): CodeIgniter\Model->__call('get', Array)
#6 /Volumes/mf480 - Data/sidak_angkot/app/Controllers/Admin/PengeluaranKendaraanController.php(51): App\Models\Admin\PengeluaranKendaraanModel->getPengeluaranKendaraan()
#7 /Volumes/mf480 - Data/sidak_angkot/vendor/codeigniter4/framework/system/CodeIgniter.php(943): App\Controllers\Admin\PengeluaranKendaraanController->index()
#8 /Volumes/mf480 - Data/sidak_angkot/vendor/codeigniter4/framework/system/CodeIgniter.php(503): CodeIgniter\CodeIgniter->runController(Object(App\Controllers\Admin\PengeluaranKendaraanController))
#9 /Volumes/mf480 - Data/sidak_angkot/vendor/codeigniter4/framework/system/CodeIgniter.php(361): CodeIgniter\CodeIgniter->handleRequest(NULL, Object(Config\Cache), false)
#10 /Volumes/mf480 - Data/sidak_angkot/public/index.php(79): CodeIgniter\CodeIgniter->run()
#11 /Volumes/mf480 - Data/sidak_angkot/vendor/codeigniter4/framework/system/Commands/Server/rewrite.php(47): require_once('/Volumes/mf480 ...')
#12 {main}
CRITICAL - 2024-08-14 03:56:36 --> CodeIgniter\Database\Exceptions\DatabaseException: Unknown column 'pengeluaran_kendaraan_table.statu_kendaraan_id' in 'on clause'
in SYSTEMPATH/Database/BaseConnection.php on line 647.
 1 SYSTEMPATH/Database/BaseBuilder.php(1616): CodeIgniter\Database\BaseConnection->query('SELECT `pengeluaran_kendaraan_table`.`data_penindakan_id`, `pengeluaran_kendaraan_table`.`tanggal_keluar`, `data_penindakan_table`.`kode_wilayah_awal`, `data_penindakan_table`.`kode_wilayah_akhir`, `data_penindakan_table`.`nomor_kendaraan`, `data_penindakan_table`.`tanggal_penindakan`, `status_kendaraan_table`.`status_kendaraan`
FROM `pengeluaran_kendaraan_table`
JOIN `data_penindakan_table` ON `data_penindakan_table`.`id` = `pengeluaran_kendaraan_table`.`id`
JOIN `status_kendaraan_table` ON `status_kendaraan_table`.`id` = `pengeluaran_kendaraan_table`.`statu_kendaraan_id`
ORDER BY `id` desc', [], false)
 2 SYSTEMPATH/Model.php(877): CodeIgniter\Database\BaseBuilder->get()
 3 APPPATH/Models/Admin/PengeluaranKendaraanModel.php(27): CodeIgniter\Model->__call('get', [])
 4 APPPATH/Controllers/Admin/PengeluaranKendaraanController.php(51): App\Models\Admin\PengeluaranKendaraanModel->getPengeluaranKendaraan()
 5 SYSTEMPATH/CodeIgniter.php(943): App\Controllers\Admin\PengeluaranKendaraanController->index()
 6 SYSTEMPATH/CodeIgniter.php(503): CodeIgniter\CodeIgniter->runController(Object(App\Controllers\Admin\PengeluaranKendaraanController))
 7 SYSTEMPATH/CodeIgniter.php(361): CodeIgniter\CodeIgniter->handleRequest(null, Object(Config\Cache), false)
 8 FCPATH/index.php(79): CodeIgniter\CodeIgniter->run()
 9 SYSTEMPATH/Commands/Server/rewrite.php(47): require_once('/Volumes/mf480 - Data/sidak_angkot/public/index.php')
CRITICAL - 2024-08-14 03:56:36 --> [Caused by] CodeIgniter\Database\Exceptions\DatabaseException: Unknown column 'pengeluaran_kendaraan_table.statu_kendaraan_id' in 'on clause'
in SYSTEMPATH/Database/MySQLi/Connection.php on line 311.
 1 SYSTEMPATH/Database/BaseConnection.php(693): CodeIgniter\Database\MySQLi\Connection->execute('SELECT `pengeluaran_kendaraan_table`.`data_penindakan_id`, `pengeluaran_kendaraan_table`.`tanggal_keluar`, `data_penindakan_table`.`kode_wilayah_awal`, `data_penindakan_table`.`kode_wilayah_akhir`, `data_penindakan_table`.`nomor_kendaraan`, `data_penindakan_table`.`tanggal_penindakan`, `status_kendaraan_table`.`status_kendaraan`
FROM `pengeluaran_kendaraan_table`
JOIN `data_penindakan_table` ON `data_penindakan_table`.`id` = `pengeluaran_kendaraan_table`.`id`
JOIN `status_kendaraan_table` ON `status_kendaraan_table`.`id` = `pengeluaran_kendaraan_table`.`statu_kendaraan_id`
ORDER BY `id` desc')
 2 SYSTEMPATH/Database/BaseConnection.php(607): CodeIgniter\Database\BaseConnection->simpleQuery('SELECT `pengeluaran_kendaraan_table`.`data_penindakan_id`, `pengeluaran_kendaraan_table`.`tanggal_keluar`, `data_penindakan_table`.`kode_wilayah_awal`, `data_penindakan_table`.`kode_wilayah_akhir`, `data_penindakan_table`.`nomor_kendaraan`, `data_penindakan_table`.`tanggal_penindakan`, `status_kendaraan_table`.`status_kendaraan`
FROM `pengeluaran_kendaraan_table`
JOIN `data_penindakan_table` ON `data_penindakan_table`.`id` = `pengeluaran_kendaraan_table`.`id`
JOIN `status_kendaraan_table` ON `status_kendaraan_table`.`id` = `pengeluaran_kendaraan_table`.`statu_kendaraan_id`
ORDER BY `id` desc')
 3 SYSTEMPATH/Database/BaseBuilder.php(1616): CodeIgniter\Database\BaseConnection->query('SELECT `pengeluaran_kendaraan_table`.`data_penindakan_id`, `pengeluaran_kendaraan_table`.`tanggal_keluar`, `data_penindakan_table`.`kode_wilayah_awal`, `data_penindakan_table`.`kode_wilayah_akhir`, `data_penindakan_table`.`nomor_kendaraan`, `data_penindakan_table`.`tanggal_penindakan`, `status_kendaraan_table`.`status_kendaraan`
FROM `pengeluaran_kendaraan_table`
JOIN `data_penindakan_table` ON `data_penindakan_table`.`id` = `pengeluaran_kendaraan_table`.`id`
JOIN `status_kendaraan_table` ON `status_kendaraan_table`.`id` = `pengeluaran_kendaraan_table`.`statu_kendaraan_id`
ORDER BY `id` desc', [], false)
 4 SYSTEMPATH/Model.php(877): CodeIgniter\Database\BaseBuilder->get()
 5 APPPATH/Models/Admin/PengeluaranKendaraanModel.php(27): CodeIgniter\Model->__call('get', [])
 6 APPPATH/Controllers/Admin/PengeluaranKendaraanController.php(51): App\Models\Admin\PengeluaranKendaraanModel->getPengeluaranKendaraan()
 7 SYSTEMPATH/CodeIgniter.php(943): App\Controllers\Admin\PengeluaranKendaraanController->index()
 8 SYSTEMPATH/CodeIgniter.php(503): CodeIgniter\CodeIgniter->runController(Object(App\Controllers\Admin\PengeluaranKendaraanController))
 9 SYSTEMPATH/CodeIgniter.php(361): CodeIgniter\CodeIgniter->handleRequest(null, Object(Config\Cache), false)
10 FCPATH/index.php(79): CodeIgniter\CodeIgniter->run()
11 SYSTEMPATH/Commands/Server/rewrite.php(47): require_once('/Volumes/mf480 - Data/sidak_angkot/public/index.php')
CRITICAL - 2024-08-14 03:56:36 --> [Caused by] mysqli_sql_exception: Unknown column 'pengeluaran_kendaraan_table.statu_kendaraan_id' in 'on clause'
in SYSTEMPATH/Database/MySQLi/Connection.php on line 306.
 1 SYSTEMPATH/Database/MySQLi/Connection.php(306): mysqli->query('SELECT `pengeluaran_kendaraan_table`.`data_penindakan_id`, `pengeluaran_kendaraan_table`.`tanggal_keluar`, `data_penindakan_table`.`kode_wilayah_awal`, `data_penindakan_table`.`kode_wilayah_akhir`, `data_penindakan_table`.`nomor_kendaraan`, `data_penindakan_table`.`tanggal_penindakan`, `status_kendaraan_table`.`status_kendaraan`
FROM `pengeluaran_kendaraan_table`
JOIN `data_penindakan_table` ON `data_penindakan_table`.`id` = `pengeluaran_kendaraan_table`.`id`
JOIN `status_kendaraan_table` ON `status_kendaraan_table`.`id` = `pengeluaran_kendaraan_table`.`statu_kendaraan_id`
ORDER BY `id` desc', 0)
 2 SYSTEMPATH/Database/BaseConnection.php(693): CodeIgniter\Database\MySQLi\Connection->execute('SELECT `pengeluaran_kendaraan_table`.`data_penindakan_id`, `pengeluaran_kendaraan_table`.`tanggal_keluar`, `data_penindakan_table`.`kode_wilayah_awal`, `data_penindakan_table`.`kode_wilayah_akhir`, `data_penindakan_table`.`nomor_kendaraan`, `data_penindakan_table`.`tanggal_penindakan`, `status_kendaraan_table`.`status_kendaraan`
FROM `pengeluaran_kendaraan_table`
JOIN `data_penindakan_table` ON `data_penindakan_table`.`id` = `pengeluaran_kendaraan_table`.`id`
JOIN `status_kendaraan_table` ON `status_kendaraan_table`.`id` = `pengeluaran_kendaraan_table`.`statu_kendaraan_id`
ORDER BY `id` desc')
 3 SYSTEMPATH/Database/BaseConnection.php(607): CodeIgniter\Database\BaseConnection->simpleQuery('SELECT `pengeluaran_kendaraan_table`.`data_penindakan_id`, `pengeluaran_kendaraan_table`.`tanggal_keluar`, `data_penindakan_table`.`kode_wilayah_awal`, `data_penindakan_table`.`kode_wilayah_akhir`, `data_penindakan_table`.`nomor_kendaraan`, `data_penindakan_table`.`tanggal_penindakan`, `status_kendaraan_table`.`status_kendaraan`
FROM `pengeluaran_kendaraan_table`
JOIN `data_penindakan_table` ON `data_penindakan_table`.`id` = `pengeluaran_kendaraan_table`.`id`
JOIN `status_kendaraan_table` ON `status_kendaraan_table`.`id` = `pengeluaran_kendaraan_table`.`statu_kendaraan_id`
ORDER BY `id` desc')
 4 SYSTEMPATH/Database/BaseBuilder.php(1616): CodeIgniter\Database\BaseConnection->query('SELECT `pengeluaran_kendaraan_table`.`data_penindakan_id`, `pengeluaran_kendaraan_table`.`tanggal_keluar`, `data_penindakan_table`.`kode_wilayah_awal`, `data_penindakan_table`.`kode_wilayah_akhir`, `data_penindakan_table`.`nomor_kendaraan`, `data_penindakan_table`.`tanggal_penindakan`, `status_kendaraan_table`.`status_kendaraan`
FROM `pengeluaran_kendaraan_table`
JOIN `data_penindakan_table` ON `data_penindakan_table`.`id` = `pengeluaran_kendaraan_table`.`id`
JOIN `status_kendaraan_table` ON `status_kendaraan_table`.`id` = `pengeluaran_kendaraan_table`.`statu_kendaraan_id`
ORDER BY `id` desc', [], false)
 5 SYSTEMPATH/Model.php(877): CodeIgniter\Database\BaseBuilder->get()
 6 APPPATH/Models/Admin/PengeluaranKendaraanModel.php(27): CodeIgniter\Model->__call('get', [])
 7 APPPATH/Controllers/Admin/PengeluaranKendaraanController.php(51): App\Models\Admin\PengeluaranKendaraanModel->getPengeluaranKendaraan()
 8 SYSTEMPATH/CodeIgniter.php(943): App\Controllers\Admin\PengeluaranKendaraanController->index()
 9 SYSTEMPATH/CodeIgniter.php(503): CodeIgniter\CodeIgniter->runController(Object(App\Controllers\Admin\PengeluaranKendaraanController))
10 SYSTEMPATH/CodeIgniter.php(361): CodeIgniter\CodeIgniter->handleRequest(null, Object(Config\Cache), false)
11 FCPATH/index.php(79): CodeIgniter\CodeIgniter->run()
12 SYSTEMPATH/Commands/Server/rewrite.php(47): require_once('/Volumes/mf480 - Data/sidak_angkot/public/index.php')
ERROR - 2024-08-14 03:56:44 --> mysqli_sql_exception: Column 'id' in order clause is ambiguous in /Volumes/mf480 - Data/sidak_angkot/vendor/codeigniter4/framework/system/Database/MySQLi/Connection.php:306
Stack trace:
#0 /Volumes/mf480 - Data/sidak_angkot/vendor/codeigniter4/framework/system/Database/MySQLi/Connection.php(306): mysqli->query('SELECT `pengelu...', 0)
#1 /Volumes/mf480 - Data/sidak_angkot/vendor/codeigniter4/framework/system/Database/BaseConnection.php(693): CodeIgniter\Database\MySQLi\Connection->execute('SELECT `pengelu...')
#2 /Volumes/mf480 - Data/sidak_angkot/vendor/codeigniter4/framework/system/Database/BaseConnection.php(607): CodeIgniter\Database\BaseConnection->simpleQuery('SELECT `pengelu...')
#3 /Volumes/mf480 - Data/sidak_angkot/vendor/codeigniter4/framework/system/Database/BaseBuilder.php(1616): CodeIgniter\Database\BaseConnection->query('SELECT `pengelu...', Array, false)
#4 /Volumes/mf480 - Data/sidak_angkot/vendor/codeigniter4/framework/system/Model.php(877): CodeIgniter\Database\BaseBuilder->get()
#5 /Volumes/mf480 - Data/sidak_angkot/app/Models/Admin/PengeluaranKendaraanModel.php(27): CodeIgniter\Model->__call('get', Array)
#6 /Volumes/mf480 - Data/sidak_angkot/app/Controllers/Admin/PengeluaranKendaraanController.php(51): App\Models\Admin\PengeluaranKendaraanModel->getPengeluaranKendaraan()
#7 /Volumes/mf480 - Data/sidak_angkot/vendor/codeigniter4/framework/system/CodeIgniter.php(943): App\Controllers\Admin\PengeluaranKendaraanController->index()
#8 /Volumes/mf480 - Data/sidak_angkot/vendor/codeigniter4/framework/system/CodeIgniter.php(503): CodeIgniter\CodeIgniter->runController(Object(App\Controllers\Admin\PengeluaranKendaraanController))
#9 /Volumes/mf480 - Data/sidak_angkot/vendor/codeigniter4/framework/system/CodeIgniter.php(361): CodeIgniter\CodeIgniter->handleRequest(NULL, Object(Config\Cache), false)
#10 /Volumes/mf480 - Data/sidak_angkot/public/index.php(79): CodeIgniter\CodeIgniter->run()
#11 /Volumes/mf480 - Data/sidak_angkot/vendor/codeigniter4/framework/system/Commands/Server/rewrite.php(47): require_once('/Volumes/mf480 ...')
#12 {main}
CRITICAL - 2024-08-14 03:56:44 --> CodeIgniter\Database\Exceptions\DatabaseException: Column 'id' in order clause is ambiguous
in SYSTEMPATH/Database/BaseConnection.php on line 647.
 1 SYSTEMPATH/Database/BaseBuilder.php(1616): CodeIgniter\Database\BaseConnection->query('SELECT `pengeluaran_kendaraan_table`.`data_penindakan_id`, `pengeluaran_kendaraan_table`.`tanggal_keluar`, `data_penindakan_table`.`kode_wilayah_awal`, `data_penindakan_table`.`kode_wilayah_akhir`, `data_penindakan_table`.`nomor_kendaraan`, `data_penindakan_table`.`tanggal_penindakan`, `status_kendaraan_table`.`status_kendaraan`
FROM `pengeluaran_kendaraan_table`
JOIN `data_penindakan_table` ON `data_penindakan_table`.`id` = `pengeluaran_kendaraan_table`.`id`
JOIN `status_kendaraan_table` ON `status_kendaraan_table`.`id` = `pengeluaran_kendaraan_table`.`status_kendaraan_id`
ORDER BY `id` desc', [], false)
 2 SYSTEMPATH/Model.php(877): CodeIgniter\Database\BaseBuilder->get()
 3 APPPATH/Models/Admin/PengeluaranKendaraanModel.php(27): CodeIgniter\Model->__call('get', [])
 4 APPPATH/Controllers/Admin/PengeluaranKendaraanController.php(51): App\Models\Admin\PengeluaranKendaraanModel->getPengeluaranKendaraan()
 5 SYSTEMPATH/CodeIgniter.php(943): App\Controllers\Admin\PengeluaranKendaraanController->index()
 6 SYSTEMPATH/CodeIgniter.php(503): CodeIgniter\CodeIgniter->runController(Object(App\Controllers\Admin\PengeluaranKendaraanController))
 7 SYSTEMPATH/CodeIgniter.php(361): CodeIgniter\CodeIgniter->handleRequest(null, Object(Config\Cache), false)
 8 FCPATH/index.php(79): CodeIgniter\CodeIgniter->run()
 9 SYSTEMPATH/Commands/Server/rewrite.php(47): require_once('/Volumes/mf480 - Data/sidak_angkot/public/index.php')
CRITICAL - 2024-08-14 03:56:44 --> [Caused by] CodeIgniter\Database\Exceptions\DatabaseException: Column 'id' in order clause is ambiguous
in SYSTEMPATH/Database/MySQLi/Connection.php on line 311.
 1 SYSTEMPATH/Database/BaseConnection.php(693): CodeIgniter\Database\MySQLi\Connection->execute('SELECT `pengeluaran_kendaraan_table`.`data_penindakan_id`, `pengeluaran_kendaraan_table`.`tanggal_keluar`, `data_penindakan_table`.`kode_wilayah_awal`, `data_penindakan_table`.`kode_wilayah_akhir`, `data_penindakan_table`.`nomor_kendaraan`, `data_penindakan_table`.`tanggal_penindakan`, `status_kendaraan_table`.`status_kendaraan`
FROM `pengeluaran_kendaraan_table`
JOIN `data_penindakan_table` ON `data_penindakan_table`.`id` = `pengeluaran_kendaraan_table`.`id`
JOIN `status_kendaraan_table` ON `status_kendaraan_table`.`id` = `pengeluaran_kendaraan_table`.`status_kendaraan_id`
ORDER BY `id` desc')
 2 SYSTEMPATH/Database/BaseConnection.php(607): CodeIgniter\Database\BaseConnection->simpleQuery('SELECT `pengeluaran_kendaraan_table`.`data_penindakan_id`, `pengeluaran_kendaraan_table`.`tanggal_keluar`, `data_penindakan_table`.`kode_wilayah_awal`, `data_penindakan_table`.`kode_wilayah_akhir`, `data_penindakan_table`.`nomor_kendaraan`, `data_penindakan_table`.`tanggal_penindakan`, `status_kendaraan_table`.`status_kendaraan`
FROM `pengeluaran_kendaraan_table`
JOIN `data_penindakan_table` ON `data_penindakan_table`.`id` = `pengeluaran_kendaraan_table`.`id`
JOIN `status_kendaraan_table` ON `status_kendaraan_table`.`id` = `pengeluaran_kendaraan_table`.`status_kendaraan_id`
ORDER BY `id` desc')
 3 SYSTEMPATH/Database/BaseBuilder.php(1616): CodeIgniter\Database\BaseConnection->query('SELECT `pengeluaran_kendaraan_table`.`data_penindakan_id`, `pengeluaran_kendaraan_table`.`tanggal_keluar`, `data_penindakan_table`.`kode_wilayah_awal`, `data_penindakan_table`.`kode_wilayah_akhir`, `data_penindakan_table`.`nomor_kendaraan`, `data_penindakan_table`.`tanggal_penindakan`, `status_kendaraan_table`.`status_kendaraan`
FROM `pengeluaran_kendaraan_table`
JOIN `data_penindakan_table` ON `data_penindakan_table`.`id` = `pengeluaran_kendaraan_table`.`id`
JOIN `status_kendaraan_table` ON `status_kendaraan_table`.`id` = `pengeluaran_kendaraan_table`.`status_kendaraan_id`
ORDER BY `id` desc', [], false)
 4 SYSTEMPATH/Model.php(877): CodeIgniter\Database\BaseBuilder->get()
 5 APPPATH/Models/Admin/PengeluaranKendaraanModel.php(27): CodeIgniter\Model->__call('get', [])
 6 APPPATH/Controllers/Admin/PengeluaranKendaraanController.php(51): App\Models\Admin\PengeluaranKendaraanModel->getPengeluaranKendaraan()
 7 SYSTEMPATH/CodeIgniter.php(943): App\Controllers\Admin\PengeluaranKendaraanController->index()
 8 SYSTEMPATH/CodeIgniter.php(503): CodeIgniter\CodeIgniter->runController(Object(App\Controllers\Admin\PengeluaranKendaraanController))
 9 SYSTEMPATH/CodeIgniter.php(361): CodeIgniter\CodeIgniter->handleRequest(null, Object(Config\Cache), false)
10 FCPATH/index.php(79): CodeIgniter\CodeIgniter->run()
11 SYSTEMPATH/Commands/Server/rewrite.php(47): require_once('/Volumes/mf480 - Data/sidak_angkot/public/index.php')
CRITICAL - 2024-08-14 03:56:44 --> [Caused by] mysqli_sql_exception: Column 'id' in order clause is ambiguous
in SYSTEMPATH/Database/MySQLi/Connection.php on line 306.
 1 SYSTEMPATH/Database/MySQLi/Connection.php(306): mysqli->query('SELECT `pengeluaran_kendaraan_table`.`data_penindakan_id`, `pengeluaran_kendaraan_table`.`tanggal_keluar`, `data_penindakan_table`.`kode_wilayah_awal`, `data_penindakan_table`.`kode_wilayah_akhir`, `data_penindakan_table`.`nomor_kendaraan`, `data_penindakan_table`.`tanggal_penindakan`, `status_kendaraan_table`.`status_kendaraan`
FROM `pengeluaran_kendaraan_table`
JOIN `data_penindakan_table` ON `data_penindakan_table`.`id` = `pengeluaran_kendaraan_table`.`id`
JOIN `status_kendaraan_table` ON `status_kendaraan_table`.`id` = `pengeluaran_kendaraan_table`.`status_kendaraan_id`
ORDER BY `id` desc', 0)
 2 SYSTEMPATH/Database/BaseConnection.php(693): CodeIgniter\Database\MySQLi\Connection->execute('SELECT `pengeluaran_kendaraan_table`.`data_penindakan_id`, `pengeluaran_kendaraan_table`.`tanggal_keluar`, `data_penindakan_table`.`kode_wilayah_awal`, `data_penindakan_table`.`kode_wilayah_akhir`, `data_penindakan_table`.`nomor_kendaraan`, `data_penindakan_table`.`tanggal_penindakan`, `status_kendaraan_table`.`status_kendaraan`
FROM `pengeluaran_kendaraan_table`
JOIN `data_penindakan_table` ON `data_penindakan_table`.`id` = `pengeluaran_kendaraan_table`.`id`
JOIN `status_kendaraan_table` ON `status_kendaraan_table`.`id` = `pengeluaran_kendaraan_table`.`status_kendaraan_id`
ORDER BY `id` desc')
 3 SYSTEMPATH/Database/BaseConnection.php(607): CodeIgniter\Database\BaseConnection->simpleQuery('SELECT `pengeluaran_kendaraan_table`.`data_penindakan_id`, `pengeluaran_kendaraan_table`.`tanggal_keluar`, `data_penindakan_table`.`kode_wilayah_awal`, `data_penindakan_table`.`kode_wilayah_akhir`, `data_penindakan_table`.`nomor_kendaraan`, `data_penindakan_table`.`tanggal_penindakan`, `status_kendaraan_table`.`status_kendaraan`
FROM `pengeluaran_kendaraan_table`
JOIN `data_penindakan_table` ON `data_penindakan_table`.`id` = `pengeluaran_kendaraan_table`.`id`
JOIN `status_kendaraan_table` ON `status_kendaraan_table`.`id` = `pengeluaran_kendaraan_table`.`status_kendaraan_id`
ORDER BY `id` desc')
 4 SYSTEMPATH/Database/BaseBuilder.php(1616): CodeIgniter\Database\BaseConnection->query('SELECT `pengeluaran_kendaraan_table`.`data_penindakan_id`, `pengeluaran_kendaraan_table`.`tanggal_keluar`, `data_penindakan_table`.`kode_wilayah_awal`, `data_penindakan_table`.`kode_wilayah_akhir`, `data_penindakan_table`.`nomor_kendaraan`, `data_penindakan_table`.`tanggal_penindakan`, `status_kendaraan_table`.`status_kendaraan`
FROM `pengeluaran_kendaraan_table`
JOIN `data_penindakan_table` ON `data_penindakan_table`.`id` = `pengeluaran_kendaraan_table`.`id`
JOIN `status_kendaraan_table` ON `status_kendaraan_table`.`id` = `pengeluaran_kendaraan_table`.`status_kendaraan_id`
ORDER BY `id` desc', [], false)
 5 SYSTEMPATH/Model.php(877): CodeIgniter\Database\BaseBuilder->get()
 6 APPPATH/Models/Admin/PengeluaranKendaraanModel.php(27): CodeIgniter\Model->__call('get', [])
 7 APPPATH/Controllers/Admin/PengeluaranKendaraanController.php(51): App\Models\Admin\PengeluaranKendaraanModel->getPengeluaranKendaraan()
 8 SYSTEMPATH/CodeIgniter.php(943): App\Controllers\Admin\PengeluaranKendaraanController->index()
 9 SYSTEMPATH/CodeIgniter.php(503): CodeIgniter\CodeIgniter->runController(Object(App\Controllers\Admin\PengeluaranKendaraanController))
10 SYSTEMPATH/CodeIgniter.php(361): CodeIgniter\CodeIgniter->handleRequest(null, Object(Config\Cache), false)
11 FCPATH/index.php(79): CodeIgniter\CodeIgniter->run()
12 SYSTEMPATH/Commands/Server/rewrite.php(47): require_once('/Volumes/mf480 - Data/sidak_angkot/public/index.php')
ERROR - 2024-08-14 03:56:55 --> mysqli_sql_exception: Unknown column 'pengeluaran_kendaraan.id' in 'order clause' in /Volumes/mf480 - Data/sidak_angkot/vendor/codeigniter4/framework/system/Database/MySQLi/Connection.php:306
Stack trace:
#0 /Volumes/mf480 - Data/sidak_angkot/vendor/codeigniter4/framework/system/Database/MySQLi/Connection.php(306): mysqli->query('SELECT `pengelu...', 0)
#1 /Volumes/mf480 - Data/sidak_angkot/vendor/codeigniter4/framework/system/Database/BaseConnection.php(693): CodeIgniter\Database\MySQLi\Connection->execute('SELECT `pengelu...')
#2 /Volumes/mf480 - Data/sidak_angkot/vendor/codeigniter4/framework/system/Database/BaseConnection.php(607): CodeIgniter\Database\BaseConnection->simpleQuery('SELECT `pengelu...')
#3 /Volumes/mf480 - Data/sidak_angkot/vendor/codeigniter4/framework/system/Database/BaseBuilder.php(1616): CodeIgniter\Database\BaseConnection->query('SELECT `pengelu...', Array, false)
#4 /Volumes/mf480 - Data/sidak_angkot/vendor/codeigniter4/framework/system/Model.php(877): CodeIgniter\Database\BaseBuilder->get()
#5 /Volumes/mf480 - Data/sidak_angkot/app/Models/Admin/PengeluaranKendaraanModel.php(27): CodeIgniter\Model->__call('get', Array)
#6 /Volumes/mf480 - Data/sidak_angkot/app/Controllers/Admin/PengeluaranKendaraanController.php(51): App\Models\Admin\PengeluaranKendaraanModel->getPengeluaranKendaraan()
#7 /Volumes/mf480 - Data/sidak_angkot/vendor/codeigniter4/framework/system/CodeIgniter.php(943): App\Controllers\Admin\PengeluaranKendaraanController->index()
#8 /Volumes/mf480 - Data/sidak_angkot/vendor/codeigniter4/framework/system/CodeIgniter.php(503): CodeIgniter\CodeIgniter->runController(Object(App\Controllers\Admin\PengeluaranKendaraanController))
#9 /Volumes/mf480 - Data/sidak_angkot/vendor/codeigniter4/framework/system/CodeIgniter.php(361): CodeIgniter\CodeIgniter->handleRequest(NULL, Object(Config\Cache), false)
#10 /Volumes/mf480 - Data/sidak_angkot/public/index.php(79): CodeIgniter\CodeIgniter->run()
#11 /Volumes/mf480 - Data/sidak_angkot/vendor/codeigniter4/framework/system/Commands/Server/rewrite.php(47): require_once('/Volumes/mf480 ...')
#12 {main}
CRITICAL - 2024-08-14 03:56:55 --> CodeIgniter\Database\Exceptions\DatabaseException: Unknown column 'pengeluaran_kendaraan.id' in 'order clause'
in SYSTEMPATH/Database/BaseConnection.php on line 647.
 1 SYSTEMPATH/Database/BaseBuilder.php(1616): CodeIgniter\Database\BaseConnection->query('SELECT `pengeluaran_kendaraan_table`.`data_penindakan_id`, `pengeluaran_kendaraan_table`.`tanggal_keluar`, `data_penindakan_table`.`kode_wilayah_awal`, `data_penindakan_table`.`kode_wilayah_akhir`, `data_penindakan_table`.`nomor_kendaraan`, `data_penindakan_table`.`tanggal_penindakan`, `status_kendaraan_table`.`status_kendaraan`
FROM `pengeluaran_kendaraan_table`
JOIN `data_penindakan_table` ON `data_penindakan_table`.`id` = `pengeluaran_kendaraan_table`.`id`
JOIN `status_kendaraan_table` ON `status_kendaraan_table`.`id` = `pengeluaran_kendaraan_table`.`status_kendaraan_id`
ORDER BY `pengeluaran_kendaraan`.`id` desc', [], false)
 2 SYSTEMPATH/Model.php(877): CodeIgniter\Database\BaseBuilder->get()
 3 APPPATH/Models/Admin/PengeluaranKendaraanModel.php(27): CodeIgniter\Model->__call('get', [])
 4 APPPATH/Controllers/Admin/PengeluaranKendaraanController.php(51): App\Models\Admin\PengeluaranKendaraanModel->getPengeluaranKendaraan()
 5 SYSTEMPATH/CodeIgniter.php(943): App\Controllers\Admin\PengeluaranKendaraanController->index()
 6 SYSTEMPATH/CodeIgniter.php(503): CodeIgniter\CodeIgniter->runController(Object(App\Controllers\Admin\PengeluaranKendaraanController))
 7 SYSTEMPATH/CodeIgniter.php(361): CodeIgniter\CodeIgniter->handleRequest(null, Object(Config\Cache), false)
 8 FCPATH/index.php(79): CodeIgniter\CodeIgniter->run()
 9 SYSTEMPATH/Commands/Server/rewrite.php(47): require_once('/Volumes/mf480 - Data/sidak_angkot/public/index.php')
CRITICAL - 2024-08-14 03:56:55 --> [Caused by] CodeIgniter\Database\Exceptions\DatabaseException: Unknown column 'pengeluaran_kendaraan.id' in 'order clause'
in SYSTEMPATH/Database/MySQLi/Connection.php on line 311.
 1 SYSTEMPATH/Database/BaseConnection.php(693): CodeIgniter\Database\MySQLi\Connection->execute('SELECT `pengeluaran_kendaraan_table`.`data_penindakan_id`, `pengeluaran_kendaraan_table`.`tanggal_keluar`, `data_penindakan_table`.`kode_wilayah_awal`, `data_penindakan_table`.`kode_wilayah_akhir`, `data_penindakan_table`.`nomor_kendaraan`, `data_penindakan_table`.`tanggal_penindakan`, `status_kendaraan_table`.`status_kendaraan`
FROM `pengeluaran_kendaraan_table`
JOIN `data_penindakan_table` ON `data_penindakan_table`.`id` = `pengeluaran_kendaraan_table`.`id`
JOIN `status_kendaraan_table` ON `status_kendaraan_table`.`id` = `pengeluaran_kendaraan_table`.`status_kendaraan_id`
ORDER BY `pengeluaran_kendaraan`.`id` desc')
 2 SYSTEMPATH/Database/BaseConnection.php(607): CodeIgniter\Database\BaseConnection->simpleQuery('SELECT `pengeluaran_kendaraan_table`.`data_penindakan_id`, `pengeluaran_kendaraan_table`.`tanggal_keluar`, `data_penindakan_table`.`kode_wilayah_awal`, `data_penindakan_table`.`kode_wilayah_akhir`, `data_penindakan_table`.`nomor_kendaraan`, `data_penindakan_table`.`tanggal_penindakan`, `status_kendaraan_table`.`status_kendaraan`
FROM `pengeluaran_kendaraan_table`
JOIN `data_penindakan_table` ON `data_penindakan_table`.`id` = `pengeluaran_kendaraan_table`.`id`
JOIN `status_kendaraan_table` ON `status_kendaraan_table`.`id` = `pengeluaran_kendaraan_table`.`status_kendaraan_id`
ORDER BY `pengeluaran_kendaraan`.`id` desc')
 3 SYSTEMPATH/Database/BaseBuilder.php(1616): CodeIgniter\Database\BaseConnection->query('SELECT `pengeluaran_kendaraan_table`.`data_penindakan_id`, `pengeluaran_kendaraan_table`.`tanggal_keluar`, `data_penindakan_table`.`kode_wilayah_awal`, `data_penindakan_table`.`kode_wilayah_akhir`, `data_penindakan_table`.`nomor_kendaraan`, `data_penindakan_table`.`tanggal_penindakan`, `status_kendaraan_table`.`status_kendaraan`
FROM `pengeluaran_kendaraan_table`
JOIN `data_penindakan_table` ON `data_penindakan_table`.`id` = `pengeluaran_kendaraan_table`.`id`
JOIN `status_kendaraan_table` ON `status_kendaraan_table`.`id` = `pengeluaran_kendaraan_table`.`status_kendaraan_id`
ORDER BY `pengeluaran_kendaraan`.`id` desc', [], false)
 4 SYSTEMPATH/Model.php(877): CodeIgniter\Database\BaseBuilder->get()
 5 APPPATH/Models/Admin/PengeluaranKendaraanModel.php(27): CodeIgniter\Model->__call('get', [])
 6 APPPATH/Controllers/Admin/PengeluaranKendaraanController.php(51): App\Models\Admin\PengeluaranKendaraanModel->getPengeluaranKendaraan()
 7 SYSTEMPATH/CodeIgniter.php(943): App\Controllers\Admin\PengeluaranKendaraanController->index()
 8 SYSTEMPATH/CodeIgniter.php(503): CodeIgniter\CodeIgniter->runController(Object(App\Controllers\Admin\PengeluaranKendaraanController))
 9 SYSTEMPATH/CodeIgniter.php(361): CodeIgniter\CodeIgniter->handleRequest(null, Object(Config\Cache), false)
10 FCPATH/index.php(79): CodeIgniter\CodeIgniter->run()
11 SYSTEMPATH/Commands/Server/rewrite.php(47): require_once('/Volumes/mf480 - Data/sidak_angkot/public/index.php')
CRITICAL - 2024-08-14 03:56:55 --> [Caused by] mysqli_sql_exception: Unknown column 'pengeluaran_kendaraan.id' in 'order clause'
in SYSTEMPATH/Database/MySQLi/Connection.php on line 306.
 1 SYSTEMPATH/Database/MySQLi/Connection.php(306): mysqli->query('SELECT `pengeluaran_kendaraan_table`.`data_penindakan_id`, `pengeluaran_kendaraan_table`.`tanggal_keluar`, `data_penindakan_table`.`kode_wilayah_awal`, `data_penindakan_table`.`kode_wilayah_akhir`, `data_penindakan_table`.`nomor_kendaraan`, `data_penindakan_table`.`tanggal_penindakan`, `status_kendaraan_table`.`status_kendaraan`
FROM `pengeluaran_kendaraan_table`
JOIN `data_penindakan_table` ON `data_penindakan_table`.`id` = `pengeluaran_kendaraan_table`.`id`
JOIN `status_kendaraan_table` ON `status_kendaraan_table`.`id` = `pengeluaran_kendaraan_table`.`status_kendaraan_id`
ORDER BY `pengeluaran_kendaraan`.`id` desc', 0)
 2 SYSTEMPATH/Database/BaseConnection.php(693): CodeIgniter\Database\MySQLi\Connection->execute('SELECT `pengeluaran_kendaraan_table`.`data_penindakan_id`, `pengeluaran_kendaraan_table`.`tanggal_keluar`, `data_penindakan_table`.`kode_wilayah_awal`, `data_penindakan_table`.`kode_wilayah_akhir`, `data_penindakan_table`.`nomor_kendaraan`, `data_penindakan_table`.`tanggal_penindakan`, `status_kendaraan_table`.`status_kendaraan`
FROM `pengeluaran_kendaraan_table`
JOIN `data_penindakan_table` ON `data_penindakan_table`.`id` = `pengeluaran_kendaraan_table`.`id`
JOIN `status_kendaraan_table` ON `status_kendaraan_table`.`id` = `pengeluaran_kendaraan_table`.`status_kendaraan_id`
ORDER BY `pengeluaran_kendaraan`.`id` desc')
 3 SYSTEMPATH/Database/BaseConnection.php(607): CodeIgniter\Database\BaseConnection->simpleQuery('SELECT `pengeluaran_kendaraan_table`.`data_penindakan_id`, `pengeluaran_kendaraan_table`.`tanggal_keluar`, `data_penindakan_table`.`kode_wilayah_awal`, `data_penindakan_table`.`kode_wilayah_akhir`, `data_penindakan_table`.`nomor_kendaraan`, `data_penindakan_table`.`tanggal_penindakan`, `status_kendaraan_table`.`status_kendaraan`
FROM `pengeluaran_kendaraan_table`
JOIN `data_penindakan_table` ON `data_penindakan_table`.`id` = `pengeluaran_kendaraan_table`.`id`
JOIN `status_kendaraan_table` ON `status_kendaraan_table`.`id` = `pengeluaran_kendaraan_table`.`status_kendaraan_id`
ORDER BY `pengeluaran_kendaraan`.`id` desc')
 4 SYSTEMPATH/Database/BaseBuilder.php(1616): CodeIgniter\Database\BaseConnection->query('SELECT `pengeluaran_kendaraan_table`.`data_penindakan_id`, `pengeluaran_kendaraan_table`.`tanggal_keluar`, `data_penindakan_table`.`kode_wilayah_awal`, `data_penindakan_table`.`kode_wilayah_akhir`, `data_penindakan_table`.`nomor_kendaraan`, `data_penindakan_table`.`tanggal_penindakan`, `status_kendaraan_table`.`status_kendaraan`
FROM `pengeluaran_kendaraan_table`
JOIN `data_penindakan_table` ON `data_penindakan_table`.`id` = `pengeluaran_kendaraan_table`.`id`
JOIN `status_kendaraan_table` ON `status_kendaraan_table`.`id` = `pengeluaran_kendaraan_table`.`status_kendaraan_id`
ORDER BY `pengeluaran_kendaraan`.`id` desc', [], false)
 5 SYSTEMPATH/Model.php(877): CodeIgniter\Database\BaseBuilder->get()
 6 APPPATH/Models/Admin/PengeluaranKendaraanModel.php(27): CodeIgniter\Model->__call('get', [])
 7 APPPATH/Controllers/Admin/PengeluaranKendaraanController.php(51): App\Models\Admin\PengeluaranKendaraanModel->getPengeluaranKendaraan()
 8 SYSTEMPATH/CodeIgniter.php(943): App\Controllers\Admin\PengeluaranKendaraanController->index()
 9 SYSTEMPATH/CodeIgniter.php(503): CodeIgniter\CodeIgniter->runController(Object(App\Controllers\Admin\PengeluaranKendaraanController))
10 SYSTEMPATH/CodeIgniter.php(361): CodeIgniter\CodeIgniter->handleRequest(null, Object(Config\Cache), false)
11 FCPATH/index.php(79): CodeIgniter\CodeIgniter->run()
12 SYSTEMPATH/Commands/Server/rewrite.php(47): require_once('/Volumes/mf480 - Data/sidak_angkot/public/index.php')
CRITICAL - 2024-08-14 03:57:03 --> ErrorException: Undefined property: stdClass::$status_kendaraan_id
in APPPATH/Views/admin/pengeluaran_kendaraan_v.php on line 59.
 1 APPPATH/Views/admin/pengeluaran_kendaraan_v.php(59): CodeIgniter\Debug\Exceptions->errorHandler(8, 'Undefined property: stdClass::$status_kendaraan_id', '/Volumes/mf480 - Data/sidak_angkot/app/Views/admin/pengeluaran_kendaraan_v.php', 59, [...])
 2 SYSTEMPATH/View/View.php(228): include('/Volumes/mf480 - Data/sidak_angkot/app/Views/admin/pengeluaran_kendaraan_v.php')
 3 SYSTEMPATH/View/View.php(231): CodeIgniter\View\View->CodeIgniter\View\{closure}()
 4 SYSTEMPATH/Common.php(1178): CodeIgniter\View\View->render('admin/pengeluaran_kendaraan_v', [], true)
 5 APPPATH/Controllers/Admin/PengeluaranKendaraanController.php(54): view('admin/pengeluaran_kendaraan_v', [...])
 6 SYSTEMPATH/CodeIgniter.php(943): App\Controllers\Admin\PengeluaranKendaraanController->index()
 7 SYSTEMPATH/CodeIgniter.php(503): CodeIgniter\CodeIgniter->runController(Object(App\Controllers\Admin\PengeluaranKendaraanController))
 8 SYSTEMPATH/CodeIgniter.php(361): CodeIgniter\CodeIgniter->handleRequest(null, Object(Config\Cache), false)
 9 FCPATH/index.php(79): CodeIgniter\CodeIgniter->run()
10 SYSTEMPATH/Commands/Server/rewrite.php(47): require_once('/Volumes/mf480 - Data/sidak_angkot/public/index.php')
CRITICAL - 2024-08-14 03:57:58 --> ErrorException: Undefined property: stdClass::$id
in APPPATH/Views/admin/pengeluaran_kendaraan_v.php on line 61.
 1 APPPATH/Views/admin/pengeluaran_kendaraan_v.php(61): CodeIgniter\Debug\Exceptions->errorHandler(8, 'Undefined property: stdClass::$id', '/Volumes/mf480 - Data/sidak_angkot/app/Views/admin/pengeluaran_kendaraan_v.php', 61, [...])
 2 SYSTEMPATH/View/View.php(228): include('/Volumes/mf480 - Data/sidak_angkot/app/Views/admin/pengeluaran_kendaraan_v.php')
 3 SYSTEMPATH/View/View.php(231): CodeIgniter\View\View->CodeIgniter\View\{closure}()
 4 SYSTEMPATH/Common.php(1178): CodeIgniter\View\View->render('admin/pengeluaran_kendaraan_v', [], true)
 5 APPPATH/Controllers/Admin/PengeluaranKendaraanController.php(54): view('admin/pengeluaran_kendaraan_v', [...])
 6 SYSTEMPATH/CodeIgniter.php(943): App\Controllers\Admin\PengeluaranKendaraanController->index()
 7 SYSTEMPATH/CodeIgniter.php(503): CodeIgniter\CodeIgniter->runController(Object(App\Controllers\Admin\PengeluaranKendaraanController))
 8 SYSTEMPATH/CodeIgniter.php(361): CodeIgniter\CodeIgniter->handleRequest(null, Object(Config\Cache), false)
 9 FCPATH/index.php(79): CodeIgniter\CodeIgniter->run()
10 SYSTEMPATH/Commands/Server/rewrite.php(47): require_once('/Volumes/mf480 - Data/sidak_angkot/public/index.php')
INFO - 2024-08-14 03:58:36 --> Session: Class initialized using 'CodeIgniter\Session\Handlers\FileHandler' driver.
INFO - 2024-08-14 04:00:17 --> Session: Class initialized using 'CodeIgniter\Session\Handlers\FileHandler' driver.
INFO - 2024-08-14 04:02:18 --> Session: Class initialized using 'CodeIgniter\Session\Handlers\FileHandler' driver.
INFO - 2024-08-14 04:02:20 --> Session: Class initialized using 'CodeIgniter\Session\Handlers\FileHandler' driver.
INFO - 2024-08-14 04:02:21 --> Session: Class initialized using 'CodeIgniter\Session\Handlers\FileHandler' driver.
INFO - 2024-08-14 04:02:27 --> Session: Class initialized using 'CodeIgniter\Session\Handlers\FileHandler' driver.
INFO - 2024-08-14 04:02:37 --> Session: Class initialized using 'CodeIgniter\Session\Handlers\FileHandler' driver.
INFO - 2024-08-14 04:03:25 --> Session: Class initialized using 'CodeIgniter\Session\Handlers\FileHandler' driver.
INFO - 2024-08-14 04:05:42 --> Session: Class initialized using 'CodeIgniter\Session\Handlers\FileHandler' driver.
INFO - 2024-08-14 04:08:07 --> Session: Class initialized using 'CodeIgniter\Session\Handlers\FileHandler' driver.
INFO - 2024-08-14 04:11:15 --> Session: Class initialized using 'CodeIgniter\Session\Handlers\FileHandler' driver.
INFO - 2024-08-14 04:11:35 --> Session: Class initialized using 'CodeIgniter\Session\Handlers\FileHandler' driver.
INFO - 2024-08-14 04:11:45 --> Session: Class initialized using 'CodeIgniter\Session\Handlers\FileHandler' driver.
INFO - 2024-08-14 04:11:47 --> Session: Class initialized using 'CodeIgniter\Session\Handlers\FileHandler' driver.
INFO - 2024-08-14 04:12:24 --> Session: Class initialized using 'CodeIgniter\Session\Handlers\FileHandler' driver.
INFO - 2024-08-14 04:13:20 --> Session: Class initialized using 'CodeIgniter\Session\Handlers\FileHandler' driver.
INFO - 2024-08-14 04:14:04 --> Session: Class initialized using 'CodeIgniter\Session\Handlers\FileHandler' driver.
INFO - 2024-08-14 04:14:39 --> Session: Class initialized using 'CodeIgniter\Session\Handlers\FileHandler' driver.
INFO - 2024-08-14 04:15:09 --> Session: Class initialized using 'CodeIgniter\Session\Handlers\FileHandler' driver.
INFO - 2024-08-14 04:15:11 --> Session: Class initialized using 'CodeIgniter\Session\Handlers\FileHandler' driver.
INFO - 2024-08-14 04:16:16 --> Session: Class initialized using 'CodeIgniter\Session\Handlers\FileHandler' driver.
INFO - 2024-08-14 04:16:18 --> Session: Class initialized using 'CodeIgniter\Session\Handlers\FileHandler' driver.
INFO - 2024-08-14 04:16:59 --> Session: Class initialized using 'CodeIgniter\Session\Handlers\FileHandler' driver.
INFO - 2024-08-14 04:17:33 --> Session: Class initialized using 'CodeIgniter\Session\Handlers\FileHandler' driver.
INFO - 2024-08-14 04:17:49 --> Session: Class initialized using 'CodeIgniter\Session\Handlers\FileHandler' driver.
INFO - 2024-08-14 04:18:41 --> Session: Class initialized using 'CodeIgniter\Session\Handlers\FileHandler' driver.
INFO - 2024-08-14 04:18:47 --> Session: Class initialized using 'CodeIgniter\Session\Handlers\FileHandler' driver.
INFO - 2024-08-14 04:18:53 --> Session: Class initialized using 'CodeIgniter\Session\Handlers\FileHandler' driver.
INFO - 2024-08-14 04:18:59 --> Session: Class initialized using 'CodeIgniter\Session\Handlers\FileHandler' driver.
INFO - 2024-08-14 04:19:27 --> Session: Class initialized using 'CodeIgniter\Session\Handlers\FileHandler' driver.
INFO - 2024-08-14 04:19:43 --> Session: Class initialized using 'CodeIgniter\Session\Handlers\FileHandler' driver.
INFO - 2024-08-14 04:20:17 --> Session: Class initialized using 'CodeIgniter\Session\Handlers\FileHandler' driver.
INFO - 2024-08-14 04:20:53 --> Session: Class initialized using 'CodeIgniter\Session\Handlers\FileHandler' driver.
INFO - 2024-08-14 04:21:49 --> Session: Class initialized using 'CodeIgniter\Session\Handlers\FileHandler' driver.
INFO - 2024-08-14 04:21:58 --> Session: Class initialized using 'CodeIgniter\Session\Handlers\FileHandler' driver.
INFO - 2024-08-14 04:22:04 --> Session: Class initialized using 'CodeIgniter\Session\Handlers\FileHandler' driver.
INFO - 2024-08-14 04:22:53 --> Session: Class initialized using 'CodeIgniter\Session\Handlers\FileHandler' driver.
INFO - 2024-08-14 04:22:57 --> Session: Class initialized using 'CodeIgniter\Session\Handlers\FileHandler' driver.
INFO - 2024-08-14 04:23:15 --> Session: Class initialized using 'CodeIgniter\Session\Handlers\FileHandler' driver.
INFO - 2024-08-14 04:23:53 --> Session: Class initialized using 'CodeIgniter\Session\Handlers\FileHandler' driver.
INFO - 2024-08-14 04:24:36 --> Session: Class initialized using 'CodeIgniter\Session\Handlers\FileHandler' driver.
INFO - 2024-08-14 15:06:23 --> Session: Class initialized using 'CodeIgniter\Session\Handlers\FileHandler' driver.
INFO - 2024-08-14 15:07:07 --> Session: Class initialized using 'CodeIgniter\Session\Handlers\FileHandler' driver.
INFO - 2024-08-14 15:07:11 --> Session: Class initialized using 'CodeIgniter\Session\Handlers\FileHandler' driver.
INFO - 2024-08-14 15:07:39 --> Session: Class initialized using 'CodeIgniter\Session\Handlers\FileHandler' driver.
INFO - 2024-08-14 15:09:36 --> Session: Class initialized using 'CodeIgniter\Session\Handlers\FileHandler' driver.
INFO - 2024-08-14 15:10:05 --> Session: Class initialized using 'CodeIgniter\Session\Handlers\FileHandler' driver.
CRITICAL - 2024-08-14 15:12:48 --> ErrorException: Undefined variable: ukpd
in APPPATH/Views/admin/pengeluaran_kendaraan_v.php on line 201.
 1 APPPATH/Views/admin/pengeluaran_kendaraan_v.php(201): CodeIgniter\Debug\Exceptions->errorHandler(8, 'Undefined variable: ukpd', '/Volumes/mf480 - Data/sidak_angkot/app/Views/admin/pengeluaran_kendaraan_v.php', 201, [...])
 2 SYSTEMPATH/View/View.php(228): include('/Volumes/mf480 - Data/sidak_angkot/app/Views/admin/pengeluaran_kendaraan_v.php')
 3 SYSTEMPATH/View/View.php(231): CodeIgniter\View\View->CodeIgniter\View\{closure}()
 4 SYSTEMPATH/Common.php(1178): CodeIgniter\View\View->render('admin/pengeluaran_kendaraan_v', [], true)
 5 APPPATH/Controllers/Admin/PengeluaranKendaraanController.php(54): view('admin/pengeluaran_kendaraan_v', [...])
 6 SYSTEMPATH/CodeIgniter.php(943): App\Controllers\Admin\PengeluaranKendaraanController->index()
 7 SYSTEMPATH/CodeIgniter.php(503): CodeIgniter\CodeIgniter->runController(Object(App\Controllers\Admin\PengeluaranKendaraanController))
 8 SYSTEMPATH/CodeIgniter.php(361): CodeIgniter\CodeIgniter->handleRequest(null, Object(Config\Cache), false)
 9 FCPATH/index.php(79): CodeIgniter\CodeIgniter->run()
10 SYSTEMPATH/Commands/Server/rewrite.php(47): require_once('/Volumes/mf480 - Data/sidak_angkot/public/index.php')
INFO - 2024-08-14 15:14:00 --> Session: Class initialized using 'CodeIgniter\Session\Handlers\FileHandler' driver.
INFO - 2024-08-14 15:14:19 --> Session: Class initialized using 'CodeIgniter\Session\Handlers\FileHandler' driver.
INFO - 2024-08-14 15:14:48 --> Session: Class initialized using 'CodeIgniter\Session\Handlers\FileHandler' driver.
INFO - 2024-08-14 15:15:24 --> Session: Class initialized using 'CodeIgniter\Session\Handlers\FileHandler' driver.
INFO - 2024-08-14 15:15:48 --> Session: Class initialized using 'CodeIgniter\Session\Handlers\FileHandler' driver.
INFO - 2024-08-14 15:17:37 --> Session: Class initialized using 'CodeIgniter\Session\Handlers\FileHandler' driver.
INFO - 2024-08-14 15:17:52 --> Session: Class initialized using 'CodeIgniter\Session\Handlers\FileHandler' driver.
INFO - 2024-08-14 15:18:50 --> Session: Class initialized using 'CodeIgniter\Session\Handlers\FileHandler' driver.
CRITICAL - 2024-08-14 15:21:01 --> ErrorException: Undefined variable: data_penindakan
in APPPATH/Views/admin/pengeluaran_kendaraan_v.php on line 255.
 1 APPPATH/Views/admin/pengeluaran_kendaraan_v.php(255): CodeIgniter\Debug\Exceptions->errorHandler(8, 'Undefined variable: data_penindakan', '/Volumes/mf480 - Data/sidak_angkot/app/Views/admin/pengeluaran_kendaraan_v.php', 255, [...])
 2 SYSTEMPATH/View/View.php(228): include('/Volumes/mf480 - Data/sidak_angkot/app/Views/admin/pengeluaran_kendaraan_v.php')
 3 SYSTEMPATH/View/View.php(231): CodeIgniter\View\View->CodeIgniter\View\{closure}()
 4 SYSTEMPATH/Common.php(1178): CodeIgniter\View\View->render('admin/pengeluaran_kendaraan_v', [], true)
 5 APPPATH/Controllers/Admin/PengeluaranKendaraanController.php(67): view('admin/pengeluaran_kendaraan_v', [...])
 6 SYSTEMPATH/CodeIgniter.php(943): App\Controllers\Admin\PengeluaranKendaraanController->index()
 7 SYSTEMPATH/CodeIgniter.php(503): CodeIgniter\CodeIgniter->runController(Object(App\Controllers\Admin\PengeluaranKendaraanController))
 8 SYSTEMPATH/CodeIgniter.php(361): CodeIgniter\CodeIgniter->handleRequest(null, Object(Config\Cache), false)
 9 FCPATH/index.php(79): CodeIgniter\CodeIgniter->run()
10 SYSTEMPATH/Commands/Server/rewrite.php(47): require_once('/Volumes/mf480 - Data/sidak_angkot/public/index.php')
INFO - 2024-08-14 15:21:16 --> Session: Class initialized using 'CodeIgniter\Session\Handlers\FileHandler' driver.
INFO - 2024-08-14 15:22:03 --> Session: Class initialized using 'CodeIgniter\Session\Handlers\FileHandler' driver.
INFO - 2024-08-14 15:22:21 --> Session: Class initialized using 'CodeIgniter\Session\Handlers\FileHandler' driver.
INFO - 2024-08-14 15:23:27 --> Session: Class initialized using 'CodeIgniter\Session\Handlers\FileHandler' driver.
INFO - 2024-08-14 15:26:10 --> Session: Class initialized using 'CodeIgniter\Session\Handlers\FileHandler' driver.
INFO - 2024-08-14 15:26:19 --> Session: Class initialized using 'CodeIgniter\Session\Handlers\FileHandler' driver.
INFO - 2024-08-14 15:26:55 --> Session: Class initialized using 'CodeIgniter\Session\Handlers\FileHandler' driver.
INFO - 2024-08-14 15:27:04 --> Session: Class initialized using 'CodeIgniter\Session\Handlers\FileHandler' driver.
INFO - 2024-08-14 15:28:49 --> Session: Class initialized using 'CodeIgniter\Session\Handlers\FileHandler' driver.
INFO - 2024-08-14 15:28:57 --> Session: Class initialized using 'CodeIgniter\Session\Handlers\FileHandler' driver.
INFO - 2024-08-14 15:29:37 --> Session: Class initialized using 'CodeIgniter\Session\Handlers\FileHandler' driver.
INFO - 2024-08-14 15:29:40 --> Session: Class initialized using 'CodeIgniter\Session\Handlers\FileHandler' driver.
INFO - 2024-08-14 15:29:49 --> Session: Class initialized using 'CodeIgniter\Session\Handlers\FileHandler' driver.
INFO - 2024-08-14 15:30:00 --> Session: Class initialized using 'CodeIgniter\Session\Handlers\FileHandler' driver.
ERROR - 2024-08-14 15:30:02 --> mysqli_sql_exception: Unknown column 'status_kendaraan_table.status_kendaraan' in 'field list' in /Volumes/mf480 - Data/sidak_angkot/vendor/codeigniter4/framework/system/Database/MySQLi/Connection.php:306
Stack trace:
#0 /Volumes/mf480 - Data/sidak_angkot/vendor/codeigniter4/framework/system/Database/MySQLi/Connection.php(306): mysqli->query('SELECT `pengelu...', 0)
#1 /Volumes/mf480 - Data/sidak_angkot/vendor/codeigniter4/framework/system/Database/BaseConnection.php(693): CodeIgniter\Database\MySQLi\Connection->execute('SELECT `pengelu...')
#2 /Volumes/mf480 - Data/sidak_angkot/vendor/codeigniter4/framework/system/Database/BaseConnection.php(607): CodeIgniter\Database\BaseConnection->simpleQuery('SELECT `pengelu...')
#3 /Volumes/mf480 - Data/sidak_angkot/vendor/codeigniter4/framework/system/Database/BaseBuilder.php(1616): CodeIgniter\Database\BaseConnection->query('SELECT `pengelu...', Array, false)
#4 /Volumes/mf480 - Data/sidak_angkot/vendor/codeigniter4/framework/system/Model.php(877): CodeIgniter\Database\BaseBuilder->get()
#5 /Volumes/mf480 - Data/sidak_angkot/app/Models/Admin/PengeluaranKendaraanModel.php(38): CodeIgniter\Model->__call('get', Array)
#6 /Volumes/mf480 - Data/sidak_angkot/app/Controllers/Admin/PengeluaranKendaraanController.php(440): App\Models\Admin\PengeluaranKendaraanModel->getPengeluaranKendaraanWhereId('4')
#7 /Volumes/mf480 - Data/sidak_angkot/vendor/codeigniter4/framework/system/CodeIgniter.php(943): App\Controllers\Admin\PengeluaranKendaraanController->edit()
#8 /Volumes/mf480 - Data/sidak_angkot/vendor/codeigniter4/framework/system/CodeIgniter.php(503): CodeIgniter\CodeIgniter->runController(Object(App\Controllers\Admin\PengeluaranKendaraanController))
#9 /Volumes/mf480 - Data/sidak_angkot/vendor/codeigniter4/framework/system/CodeIgniter.php(361): CodeIgniter\CodeIgniter->handleRequest(NULL, Object(Config\Cache), false)
#10 /Volumes/mf480 - Data/sidak_angkot/public/index.php(79): CodeIgniter\CodeIgniter->run()
#11 /Volumes/mf480 - Data/sidak_angkot/vendor/codeigniter4/framework/system/Commands/Server/rewrite.php(47): require_once('/Volumes/mf480 ...')
#12 {main}
CRITICAL - 2024-08-14 15:30:02 --> CodeIgniter\Database\Exceptions\DatabaseException: Unknown column 'status_kendaraan_table.status_kendaraan' in 'field list'
in SYSTEMPATH/Database/BaseConnection.php on line 647.
 1 SYSTEMPATH/Database/BaseBuilder.php(1616): CodeIgniter\Database\BaseConnection->query('SELECT `pengeluaran_kendaraan_table`.`id`, `pengeluaran_kendaraan_table`.`data_penindakan_id`, `pengeluaran_kendaraan_table`.`tanggal_keluar`, `pengeluaran_kendaraan_table`.`nomor_rangka`, `pengeluaran_kendaraan_table`.`nomor_mesin`, `pengeluaran_kendaraan_table`.`nomor_surat_pengeluaran`, `data_penindakan_table`.`kode_wilayah_awal`, `data_penindakan_table`.`kode_wilayah_akhir`, `data_penindakan_table`.`nomor_kendaraan`, `data_penindakan_table`.`tanggal_penindakan`, `status_kendaraan_table`.`status_kendaraan`
FROM `pengeluaran_kendaraan_table`
JOIN `data_penindakan_table` ON `data_penindakan_table`.`id` = `pengeluaran_kendaraan_table`.`data_penindakan_id`
WHERE `pengeluaran_kendaraan_table`.`id` = :pengeluaran_kendaraan_table.id:
ORDER BY `pengeluaran_kendaraan_table`.`id` desc', [...], false)
 2 SYSTEMPATH/Model.php(877): CodeIgniter\Database\BaseBuilder->get()
 3 APPPATH/Models/Admin/PengeluaranKendaraanModel.php(38): CodeIgniter\Model->__call('get', [])
 4 APPPATH/Controllers/Admin/PengeluaranKendaraanController.php(440): App\Models\Admin\PengeluaranKendaraanModel->getPengeluaranKendaraanWhereId('4')
 5 SYSTEMPATH/CodeIgniter.php(943): App\Controllers\Admin\PengeluaranKendaraanController->edit()
 6 SYSTEMPATH/CodeIgniter.php(503): CodeIgniter\CodeIgniter->runController(Object(App\Controllers\Admin\PengeluaranKendaraanController))
 7 SYSTEMPATH/CodeIgniter.php(361): CodeIgniter\CodeIgniter->handleRequest(null, Object(Config\Cache), false)
 8 FCPATH/index.php(79): CodeIgniter\CodeIgniter->run()
 9 SYSTEMPATH/Commands/Server/rewrite.php(47): require_once('/Volumes/mf480 - Data/sidak_angkot/public/index.php')
CRITICAL - 2024-08-14 15:30:02 --> [Caused by] CodeIgniter\Database\Exceptions\DatabaseException: Unknown column 'status_kendaraan_table.status_kendaraan' in 'field list'
in SYSTEMPATH/Database/MySQLi/Connection.php on line 311.
 1 SYSTEMPATH/Database/BaseConnection.php(693): CodeIgniter\Database\MySQLi\Connection->execute('SELECT `pengeluaran_kendaraan_table`.`id`, `pengeluaran_kendaraan_table`.`data_penindakan_id`, `pengeluaran_kendaraan_table`.`tanggal_keluar`, `pengeluaran_kendaraan_table`.`nomor_rangka`, `pengeluaran_kendaraan_table`.`nomor_mesin`, `pengeluaran_kendaraan_table`.`nomor_surat_pengeluaran`, `data_penindakan_table`.`kode_wilayah_awal`, `data_penindakan_table`.`kode_wilayah_akhir`, `data_penindakan_table`.`nomor_kendaraan`, `data_penindakan_table`.`tanggal_penindakan`, `status_kendaraan_table`.`status_kendaraan`
FROM `pengeluaran_kendaraan_table`
JOIN `data_penindakan_table` ON `data_penindakan_table`.`id` = `pengeluaran_kendaraan_table`.`data_penindakan_id`
WHERE `pengeluaran_kendaraan_table`.`id` = \'4\'
ORDER BY `pengeluaran_kendaraan_table`.`id` desc')
 2 SYSTEMPATH/Database/BaseConnection.php(607): CodeIgniter\Database\BaseConnection->simpleQuery('SELECT `pengeluaran_kendaraan_table`.`id`, `pengeluaran_kendaraan_table`.`data_penindakan_id`, `pengeluaran_kendaraan_table`.`tanggal_keluar`, `pengeluaran_kendaraan_table`.`nomor_rangka`, `pengeluaran_kendaraan_table`.`nomor_mesin`, `pengeluaran_kendaraan_table`.`nomor_surat_pengeluaran`, `data_penindakan_table`.`kode_wilayah_awal`, `data_penindakan_table`.`kode_wilayah_akhir`, `data_penindakan_table`.`nomor_kendaraan`, `data_penindakan_table`.`tanggal_penindakan`, `status_kendaraan_table`.`status_kendaraan`
FROM `pengeluaran_kendaraan_table`
JOIN `data_penindakan_table` ON `data_penindakan_table`.`id` = `pengeluaran_kendaraan_table`.`data_penindakan_id`
WHERE `pengeluaran_kendaraan_table`.`id` = \'4\'
ORDER BY `pengeluaran_kendaraan_table`.`id` desc')
 3 SYSTEMPATH/Database/BaseBuilder.php(1616): CodeIgniter\Database\BaseConnection->query('SELECT `pengeluaran_kendaraan_table`.`id`, `pengeluaran_kendaraan_table`.`data_penindakan_id`, `pengeluaran_kendaraan_table`.`tanggal_keluar`, `pengeluaran_kendaraan_table`.`nomor_rangka`, `pengeluaran_kendaraan_table`.`nomor_mesin`, `pengeluaran_kendaraan_table`.`nomor_surat_pengeluaran`, `data_penindakan_table`.`kode_wilayah_awal`, `data_penindakan_table`.`kode_wilayah_akhir`, `data_penindakan_table`.`nomor_kendaraan`, `data_penindakan_table`.`tanggal_penindakan`, `status_kendaraan_table`.`status_kendaraan`
FROM `pengeluaran_kendaraan_table`
JOIN `data_penindakan_table` ON `data_penindakan_table`.`id` = `pengeluaran_kendaraan_table`.`data_penindakan_id`
WHERE `pengeluaran_kendaraan_table`.`id` = :pengeluaran_kendaraan_table.id:
ORDER BY `pengeluaran_kendaraan_table`.`id` desc', [...], false)
 4 SYSTEMPATH/Model.php(877): CodeIgniter\Database\BaseBuilder->get()
 5 APPPATH/Models/Admin/PengeluaranKendaraanModel.php(38): CodeIgniter\Model->__call('get', [])
 6 APPPATH/Controllers/Admin/PengeluaranKendaraanController.php(440): App\Models\Admin\PengeluaranKendaraanModel->getPengeluaranKendaraanWhereId('4')
 7 SYSTEMPATH/CodeIgniter.php(943): App\Controllers\Admin\PengeluaranKendaraanController->edit()
 8 SYSTEMPATH/CodeIgniter.php(503): CodeIgniter\CodeIgniter->runController(Object(App\Controllers\Admin\PengeluaranKendaraanController))
 9 SYSTEMPATH/CodeIgniter.php(361): CodeIgniter\CodeIgniter->handleRequest(null, Object(Config\Cache), false)
10 FCPATH/index.php(79): CodeIgniter\CodeIgniter->run()
11 SYSTEMPATH/Commands/Server/rewrite.php(47): require_once('/Volumes/mf480 - Data/sidak_angkot/public/index.php')
CRITICAL - 2024-08-14 15:30:02 --> [Caused by] mysqli_sql_exception: Unknown column 'status_kendaraan_table.status_kendaraan' in 'field list'
in SYSTEMPATH/Database/MySQLi/Connection.php on line 306.
 1 SYSTEMPATH/Database/MySQLi/Connection.php(306): mysqli->query('SELECT `pengeluaran_kendaraan_table`.`id`, `pengeluaran_kendaraan_table`.`data_penindakan_id`, `pengeluaran_kendaraan_table`.`tanggal_keluar`, `pengeluaran_kendaraan_table`.`nomor_rangka`, `pengeluaran_kendaraan_table`.`nomor_mesin`, `pengeluaran_kendaraan_table`.`nomor_surat_pengeluaran`, `data_penindakan_table`.`kode_wilayah_awal`, `data_penindakan_table`.`kode_wilayah_akhir`, `data_penindakan_table`.`nomor_kendaraan`, `data_penindakan_table`.`tanggal_penindakan`, `status_kendaraan_table`.`status_kendaraan`
FROM `pengeluaran_kendaraan_table`
JOIN `data_penindakan_table` ON `data_penindakan_table`.`id` = `pengeluaran_kendaraan_table`.`data_penindakan_id`
WHERE `pengeluaran_kendaraan_table`.`id` = \'4\'
ORDER BY `pengeluaran_kendaraan_table`.`id` desc', 0)
 2 SYSTEMPATH/Database/BaseConnection.php(693): CodeIgniter\Database\MySQLi\Connection->execute('SELECT `pengeluaran_kendaraan_table`.`id`, `pengeluaran_kendaraan_table`.`data_penindakan_id`, `pengeluaran_kendaraan_table`.`tanggal_keluar`, `pengeluaran_kendaraan_table`.`nomor_rangka`, `pengeluaran_kendaraan_table`.`nomor_mesin`, `pengeluaran_kendaraan_table`.`nomor_surat_pengeluaran`, `data_penindakan_table`.`kode_wilayah_awal`, `data_penindakan_table`.`kode_wilayah_akhir`, `data_penindakan_table`.`nomor_kendaraan`, `data_penindakan_table`.`tanggal_penindakan`, `status_kendaraan_table`.`status_kendaraan`
FROM `pengeluaran_kendaraan_table`
JOIN `data_penindakan_table` ON `data_penindakan_table`.`id` = `pengeluaran_kendaraan_table`.`data_penindakan_id`
WHERE `pengeluaran_kendaraan_table`.`id` = \'4\'
ORDER BY `pengeluaran_kendaraan_table`.`id` desc')
 3 SYSTEMPATH/Database/BaseConnection.php(607): CodeIgniter\Database\BaseConnection->simpleQuery('SELECT `pengeluaran_kendaraan_table`.`id`, `pengeluaran_kendaraan_table`.`data_penindakan_id`, `pengeluaran_kendaraan_table`.`tanggal_keluar`, `pengeluaran_kendaraan_table`.`nomor_rangka`, `pengeluaran_kendaraan_table`.`nomor_mesin`, `pengeluaran_kendaraan_table`.`nomor_surat_pengeluaran`, `data_penindakan_table`.`kode_wilayah_awal`, `data_penindakan_table`.`kode_wilayah_akhir`, `data_penindakan_table`.`nomor_kendaraan`, `data_penindakan_table`.`tanggal_penindakan`, `status_kendaraan_table`.`status_kendaraan`
FROM `pengeluaran_kendaraan_table`
JOIN `data_penindakan_table` ON `data_penindakan_table`.`id` = `pengeluaran_kendaraan_table`.`data_penindakan_id`
WHERE `pengeluaran_kendaraan_table`.`id` = \'4\'
ORDER BY `pengeluaran_kendaraan_table`.`id` desc')
 4 SYSTEMPATH/Database/BaseBuilder.php(1616): CodeIgniter\Database\BaseConnection->query('SELECT `pengeluaran_kendaraan_table`.`id`, `pengeluaran_kendaraan_table`.`data_penindakan_id`, `pengeluaran_kendaraan_table`.`tanggal_keluar`, `pengeluaran_kendaraan_table`.`nomor_rangka`, `pengeluaran_kendaraan_table`.`nomor_mesin`, `pengeluaran_kendaraan_table`.`nomor_surat_pengeluaran`, `data_penindakan_table`.`kode_wilayah_awal`, `data_penindakan_table`.`kode_wilayah_akhir`, `data_penindakan_table`.`nomor_kendaraan`, `data_penindakan_table`.`tanggal_penindakan`, `status_kendaraan_table`.`status_kendaraan`
FROM `pengeluaran_kendaraan_table`
JOIN `data_penindakan_table` ON `data_penindakan_table`.`id` = `pengeluaran_kendaraan_table`.`data_penindakan_id`
WHERE `pengeluaran_kendaraan_table`.`id` = :pengeluaran_kendaraan_table.id:
ORDER BY `pengeluaran_kendaraan_table`.`id` desc', [...], false)
 5 SYSTEMPATH/Model.php(877): CodeIgniter\Database\BaseBuilder->get()
 6 APPPATH/Models/Admin/PengeluaranKendaraanModel.php(38): CodeIgniter\Model->__call('get', [])
 7 APPPATH/Controllers/Admin/PengeluaranKendaraanController.php(440): App\Models\Admin\PengeluaranKendaraanModel->getPengeluaranKendaraanWhereId('4')
 8 SYSTEMPATH/CodeIgniter.php(943): App\Controllers\Admin\PengeluaranKendaraanController->edit()
 9 SYSTEMPATH/CodeIgniter.php(503): CodeIgniter\CodeIgniter->runController(Object(App\Controllers\Admin\PengeluaranKendaraanController))
10 SYSTEMPATH/CodeIgniter.php(361): CodeIgniter\CodeIgniter->handleRequest(null, Object(Config\Cache), false)
11 FCPATH/index.php(79): CodeIgniter\CodeIgniter->run()
12 SYSTEMPATH/Commands/Server/rewrite.php(47): require_once('/Volumes/mf480 - Data/sidak_angkot/public/index.php')
INFO - 2024-08-14 15:30:15 --> Session: Class initialized using 'CodeIgniter\Session\Handlers\FileHandler' driver.
INFO - 2024-08-14 15:30:45 --> Session: Class initialized using 'CodeIgniter\Session\Handlers\FileHandler' driver.
INFO - 2024-08-14 15:31:41 --> Session: Class initialized using 'CodeIgniter\Session\Handlers\FileHandler' driver.
INFO - 2024-08-14 15:32:04 --> Session: Class initialized using 'CodeIgniter\Session\Handlers\FileHandler' driver.
INFO - 2024-08-14 15:32:28 --> Session: Class initialized using 'CodeIgniter\Session\Handlers\FileHandler' driver.
INFO - 2024-08-14 15:33:13 --> Session: Class initialized using 'CodeIgniter\Session\Handlers\FileHandler' driver.
INFO - 2024-08-14 15:33:56 --> Session: Class initialized using 'CodeIgniter\Session\Handlers\FileHandler' driver.
INFO - 2024-08-14 15:34:17 --> Session: Class initialized using 'CodeIgniter\Session\Handlers\FileHandler' driver.
INFO - 2024-08-14 15:34:39 --> Session: Class initialized using 'CodeIgniter\Session\Handlers\FileHandler' driver.
INFO - 2024-08-14 15:35:48 --> Session: Class initialized using 'CodeIgniter\Session\Handlers\FileHandler' driver.
INFO - 2024-08-14 15:36:54 --> Session: Class initialized using 'CodeIgniter\Session\Handlers\FileHandler' driver.
INFO - 2024-08-14 15:37:07 --> Session: Class initialized using 'CodeIgniter\Session\Handlers\FileHandler' driver.
INFO - 2024-08-14 15:38:01 --> Session: Class initialized using 'CodeIgniter\Session\Handlers\FileHandler' driver.
INFO - 2024-08-14 15:38:49 --> Session: Class initialized using 'CodeIgniter\Session\Handlers\FileHandler' driver.
INFO - 2024-08-14 15:39:38 --> Session: Class initialized using 'CodeIgniter\Session\Handlers\FileHandler' driver.
INFO - 2024-08-14 15:41:19 --> Session: Class initialized using 'CodeIgniter\Session\Handlers\FileHandler' driver.
INFO - 2024-08-14 15:41:49 --> Session: Class initialized using 'CodeIgniter\Session\Handlers\FileHandler' driver.
INFO - 2024-08-14 15:43:21 --> Session: Class initialized using 'CodeIgniter\Session\Handlers\FileHandler' driver.
INFO - 2024-08-14 15:43:32 --> Session: Class initialized using 'CodeIgniter\Session\Handlers\FileHandler' driver.
INFO - 2024-08-14 15:47:07 --> Session: Class initialized using 'CodeIgniter\Session\Handlers\FileHandler' driver.
INFO - 2024-08-14 15:48:00 --> Session: Class initialized using 'CodeIgniter\Session\Handlers\FileHandler' driver.
INFO - 2024-08-14 15:48:36 --> Session: Class initialized using 'CodeIgniter\Session\Handlers\FileHandler' driver.
CRITICAL - 2024-08-14 15:49:15 --> CodeIgniter\Database\Exceptions\DatabaseException: Updates are not allowed unless they contain a "where" or "like" clause.
in SYSTEMPATH/Model.php on line 389.
 1 SYSTEMPATH/BaseModel.php(990): CodeIgniter\Model->doUpdate(null, [...])
 2 SYSTEMPATH/Model.php(812): CodeIgniter\BaseModel->update(null, [...])
 3 APPPATH/Controllers/Admin/PengeluaranKendaraanController.php(539): CodeIgniter\Model->update(null, [...])
 4 SYSTEMPATH/CodeIgniter.php(943): App\Controllers\Admin\PengeluaranKendaraanController->update()
 5 SYSTEMPATH/CodeIgniter.php(503): CodeIgniter\CodeIgniter->runController(Object(App\Controllers\Admin\PengeluaranKendaraanController))
 6 SYSTEMPATH/CodeIgniter.php(361): CodeIgniter\CodeIgniter->handleRequest(null, Object(Config\Cache), false)
 7 FCPATH/index.php(79): CodeIgniter\CodeIgniter->run()
 8 SYSTEMPATH/Commands/Server/rewrite.php(47): require_once('/Volumes/mf480 - Data/sidak_angkot/public/index.php')
INFO - 2024-08-14 15:50:06 --> Session: Class initialized using 'CodeIgniter\Session\Handlers\FileHandler' driver.
INFO - 2024-08-14 15:50:12 --> Session: Class initialized using 'CodeIgniter\Session\Handlers\FileHandler' driver.
INFO - 2024-08-14 15:50:23 --> Session: Class initialized using 'CodeIgniter\Session\Handlers\FileHandler' driver.
INFO - 2024-08-14 15:50:38 --> Session: Class initialized using 'CodeIgniter\Session\Handlers\FileHandler' driver.
INFO - 2024-08-14 15:50:59 --> Session: Class initialized using 'CodeIgniter\Session\Handlers\FileHandler' driver.
INFO - 2024-08-14 15:51:09 --> Session: Class initialized using 'CodeIgniter\Session\Handlers\FileHandler' driver.
INFO - 2024-08-14 15:55:17 --> Session: Class initialized using 'CodeIgniter\Session\Handlers\FileHandler' driver.
INFO - 2024-08-14 15:55:19 --> Session: Class initialized using 'CodeIgniter\Session\Handlers\FileHandler' driver.
INFO - 2024-08-14 15:55:27 --> Session: Class initialized using 'CodeIgniter\Session\Handlers\FileHandler' driver.
INFO - 2024-08-14 15:56:27 --> Session: Class initialized using 'CodeIgniter\Session\Handlers\FileHandler' driver.
INFO - 2024-08-14 15:56:31 --> Session: Class initialized using 'CodeIgniter\Session\Handlers\FileHandler' driver.
INFO - 2024-08-14 15:56:46 --> Session: Class initialized using 'CodeIgniter\Session\Handlers\FileHandler' driver.
INFO - 2024-08-14 15:56:48 --> Session: Class initialized using 'CodeIgniter\Session\Handlers\FileHandler' driver.
INFO - 2024-08-14 15:57:18 --> Session: Class initialized using 'CodeIgniter\Session\Handlers\FileHandler' driver.
INFO - 2024-08-14 16:03:53 --> Session: Class initialized using 'CodeIgniter\Session\Handlers\FileHandler' driver.
INFO - 2024-08-14 16:04:07 --> Session: Class initialized using 'CodeIgniter\Session\Handlers\FileHandler' driver.
INFO - 2024-08-14 16:04:29 --> Session: Class initialized using 'CodeIgniter\Session\Handlers\FileHandler' driver.
INFO - 2024-08-14 16:04:33 --> Session: Class initialized using 'CodeIgniter\Session\Handlers\FileHandler' driver.
INFO - 2024-08-14 16:04:36 --> Session: Class initialized using 'CodeIgniter\Session\Handlers\FileHandler' driver.
INFO - 2024-08-14 16:04:40 --> Session: Class initialized using 'CodeIgniter\Session\Handlers\FileHandler' driver.
INFO - 2024-08-14 16:05:03 --> Session: Class initialized using 'CodeIgniter\Session\Handlers\FileHandler' driver.
INFO - 2024-08-14 16:05:31 --> Session: Class initialized using 'CodeIgniter\Session\Handlers\FileHandler' driver.
INFO - 2024-08-14 16:06:48 --> Session: Class initialized using 'CodeIgniter\Session\Handlers\FileHandler' driver.
INFO - 2024-08-14 16:07:17 --> Session: Class initialized using 'CodeIgniter\Session\Handlers\FileHandler' driver.
INFO - 2024-08-14 16:08:23 --> Session: Class initialized using 'CodeIgniter\Session\Handlers\FileHandler' driver.
INFO - 2024-08-14 16:08:53 --> Session: Class initialized using 'CodeIgniter\Session\Handlers\FileHandler' driver.
INFO - 2024-08-14 16:09:04 --> Session: Class initialized using 'CodeIgniter\Session\Handlers\FileHandler' driver.
INFO - 2024-08-14 16:09:18 --> Session: Class initialized using 'CodeIgniter\Session\Handlers\FileHandler' driver.
INFO - 2024-08-14 16:18:30 --> Session: Class initialized using 'CodeIgniter\Session\Handlers\FileHandler' driver.
INFO - 2024-08-14 16:18:40 --> Session: Class initialized using 'CodeIgniter\Session\Handlers\FileHandler' driver.
INFO - 2024-08-14 16:19:18 --> Session: Class initialized using 'CodeIgniter\Session\Handlers\FileHandler' driver.
INFO - 2024-08-14 16:19:26 --> Session: Class initialized using 'CodeIgniter\Session\Handlers\FileHandler' driver.
INFO - 2024-08-14 16:19:36 --> Session: Class initialized using 'CodeIgniter\Session\Handlers\FileHandler' driver.
INFO - 2024-08-14 16:19:40 --> Session: Class initialized using 'CodeIgniter\Session\Handlers\FileHandler' driver.
INFO - 2024-08-14 16:19:46 --> Session: Class initialized using 'CodeIgniter\Session\Handlers\FileHandler' driver.
INFO - 2024-08-14 16:19:53 --> Session: Class initialized using 'CodeIgniter\Session\Handlers\FileHandler' driver.
INFO - 2024-08-14 16:20:08 --> Session: Class initialized using 'CodeIgniter\Session\Handlers\FileHandler' driver.
INFO - 2024-08-14 16:21:53 --> Session: Class initialized using 'CodeIgniter\Session\Handlers\FileHandler' driver.
INFO - 2024-08-14 16:22:02 --> Session: Class initialized using 'CodeIgniter\Session\Handlers\FileHandler' driver.
INFO - 2024-08-14 16:22:11 --> Session: Class initialized using 'CodeIgniter\Session\Handlers\FileHandler' driver.
INFO - 2024-08-14 16:22:17 --> Session: Class initialized using 'CodeIgniter\Session\Handlers\FileHandler' driver.
INFO - 2024-08-14 16:22:27 --> Session: Class initialized using 'CodeIgniter\Session\Handlers\FileHandler' driver.
INFO - 2024-08-14 16:23:16 --> Session: Class initialized using 'CodeIgniter\Session\Handlers\FileHandler' driver.
INFO - 2024-08-14 16:23:37 --> Session: Class initialized using 'CodeIgniter\Session\Handlers\FileHandler' driver.
INFO - 2024-08-14 16:24:04 --> Session: Class initialized using 'CodeIgniter\Session\Handlers\FileHandler' driver.
INFO - 2024-08-14 16:24:24 --> Session: Class initialized using 'CodeIgniter\Session\Handlers\FileHandler' driver.
INFO - 2024-08-14 16:24:37 --> Session: Class initialized using 'CodeIgniter\Session\Handlers\FileHandler' driver.
INFO - 2024-08-14 16:24:55 --> Session: Class initialized using 'CodeIgniter\Session\Handlers\FileHandler' driver.
INFO - 2024-08-14 16:24:57 --> Session: Class initialized using 'CodeIgniter\Session\Handlers\FileHandler' driver.
INFO - 2024-08-14 16:25:15 --> Session: Class initialized using 'CodeIgniter\Session\Handlers\FileHandler' driver.
INFO - 2024-08-14 16:25:19 --> Session: Class initialized using 'CodeIgniter\Session\Handlers\FileHandler' driver.
INFO - 2024-08-14 16:25:28 --> Session: Class initialized using 'CodeIgniter\Session\Handlers\FileHandler' driver.
INFO - 2024-08-14 16:25:32 --> Session: Class initialized using 'CodeIgniter\Session\Handlers\FileHandler' driver.
INFO - 2024-08-14 16:25:35 --> Session: Class initialized using 'CodeIgniter\Session\Handlers\FileHandler' driver.
