INFO - 2024-08-01 02:58:46 --> Session: Class initialized using 'CodeIgniter\Session\Handlers\FileHandler' driver.
ERROR - 2024-08-01 03:10:33 --> mysqli_sql_exception: Incorrect table definition; there can be only one auto column and it must be defined as a key in /Volumes/mf480 - Data/sidak_angkot/vendor/codeigniter4/framework/system/Database/MySQLi/Connection.php:306
Stack trace:
#0 /Volumes/mf480 - Data/sidak_angkot/vendor/codeigniter4/framework/system/Database/MySQLi/Connection.php(306): mysqli->query('CREATE TABLE `d...', 0)
#1 /Volumes/mf480 - Data/sidak_angkot/vendor/codeigniter4/framework/system/Database/BaseConnection.php(693): CodeIgniter\Database\MySQLi\Connection->execute('CREATE TABLE `d...')
#2 /Volumes/mf480 - Data/sidak_angkot/vendor/codeigniter4/framework/system/Database/BaseConnection.php(607): CodeIgniter\Database\BaseConnection->simpleQuery('CREATE TABLE `d...')
#3 /Volumes/mf480 - Data/sidak_angkot/vendor/codeigniter4/framework/system/Database/Forge.php(555): CodeIgniter\Database\BaseConnection->query('CREATE TABLE `d...')
#4 /Volumes/mf480 - Data/sidak_angkot/app/Database/Migrations/2024-08-01-025441_DataPenindakan.php(131): CodeIgniter\Database\Forge->createTable('data_penindakan...', false, Array)
#5 /Volumes/mf480 - Data/sidak_angkot/vendor/codeigniter4/framework/system/Database/MigrationRunner.php(865): App\Database\Migrations\DataPenindakan->up()
#6 /Volumes/mf480 - Data/sidak_angkot/vendor/codeigniter4/framework/system/Database/MigrationRunner.php(181): CodeIgniter\Database\MigrationRunner->migrate('up', Object(stdClass))
#7 /Volumes/mf480 - Data/sidak_angkot/vendor/codeigniter4/framework/system/Commands/Database/Migrate.php(84): CodeIgniter\Database\MigrationRunner->latest(NULL)
#8 /Volumes/mf480 - Data/sidak_angkot/vendor/codeigniter4/framework/system/CLI/Commands.php(65): CodeIgniter\Commands\Database\Migrate->run(Array)
#9 /Volumes/mf480 - Data/sidak_angkot/vendor/codeigniter4/framework/system/CLI/Console.php(46): CodeIgniter\CLI\Commands->run('migrate', Array)
#10 /Volumes/mf480 - Data/sidak_angkot/spark(102): CodeIgniter\CLI\Console->run()
#11 {main}
ERROR - 2024-08-01 03:11:03 --> mysqli_sql_exception: Incorrect table definition; there can be only one auto column and it must be defined as a key in /Volumes/mf480 - Data/sidak_angkot/vendor/codeigniter4/framework/system/Database/MySQLi/Connection.php:306
Stack trace:
#0 /Volumes/mf480 - Data/sidak_angkot/vendor/codeigniter4/framework/system/Database/MySQLi/Connection.php(306): mysqli->query('CREATE TABLE `d...', 0)
#1 /Volumes/mf480 - Data/sidak_angkot/vendor/codeigniter4/framework/system/Database/BaseConnection.php(693): CodeIgniter\Database\MySQLi\Connection->execute('CREATE TABLE `d...')
#2 /Volumes/mf480 - Data/sidak_angkot/vendor/codeigniter4/framework/system/Database/BaseConnection.php(607): CodeIgniter\Database\BaseConnection->simpleQuery('CREATE TABLE `d...')
#3 /Volumes/mf480 - Data/sidak_angkot/vendor/codeigniter4/framework/system/Database/Forge.php(555): CodeIgniter\Database\BaseConnection->query('CREATE TABLE `d...')
#4 /Volumes/mf480 - Data/sidak_angkot/app/Database/Migrations/2024-08-01-025441_DataPenindakan.php(132): CodeIgniter\Database\Forge->createTable('data_penindakan...', false, Array)
#5 /Volumes/mf480 - Data/sidak_angkot/vendor/codeigniter4/framework/system/Database/MigrationRunner.php(865): App\Database\Migrations\DataPenindakan->up()
#6 /Volumes/mf480 - Data/sidak_angkot/vendor/codeigniter4/framework/system/Database/MigrationRunner.php(181): CodeIgniter\Database\MigrationRunner->migrate('up', Object(stdClass))
#7 /Volumes/mf480 - Data/sidak_angkot/vendor/codeigniter4/framework/system/Commands/Database/Migrate.php(84): CodeIgniter\Database\MigrationRunner->latest(NULL)
#8 /Volumes/mf480 - Data/sidak_angkot/vendor/codeigniter4/framework/system/CLI/Commands.php(65): CodeIgniter\Commands\Database\Migrate->run(Array)
#9 /Volumes/mf480 - Data/sidak_angkot/vendor/codeigniter4/framework/system/CLI/Console.php(46): CodeIgniter\CLI\Commands->run('migrate', Array)
#10 /Volumes/mf480 - Data/sidak_angkot/spark(102): CodeIgniter\CLI\Console->run()
#11 {main}
INFO - 2024-08-01 03:51:15 --> Session: Class initialized using 'CodeIgniter\Session\Handlers\FileHandler' driver.
INFO - 2024-08-01 03:51:22 --> Session: Class initialized using 'CodeIgniter\Session\Handlers\FileHandler' driver.
INFO - 2024-08-01 03:51:24 --> Session: Class initialized using 'CodeIgniter\Session\Handlers\FileHandler' driver.
INFO - 2024-08-01 03:51:26 --> Session: Class initialized using 'CodeIgniter\Session\Handlers\FileHandler' driver.
INFO - 2024-08-01 04:07:17 --> Session: Class initialized using 'CodeIgniter\Session\Handlers\FileHandler' driver.
INFO - 2024-08-01 04:07:19 --> Session: Class initialized using 'CodeIgniter\Session\Handlers\FileHandler' driver.
INFO - 2024-08-01 04:07:21 --> Session: Class initialized using 'CodeIgniter\Session\Handlers\FileHandler' driver.
INFO - 2024-08-01 04:07:23 --> Session: Class initialized using 'CodeIgniter\Session\Handlers\FileHandler' driver.
CRITICAL - 2024-08-01 04:15:22 --> BadMethodCallException: Call to undefined method App\Models\Admin\DataPenindakanModel::getDataPenindakan
in SYSTEMPATH/Model.php on line 879.
 1 APPPATH/Controllers/Admin/DataPenindakanController.php(24): CodeIgniter\Model->__call('getDataPenindakan', [])
 2 SYSTEMPATH/CodeIgniter.php(943): App\Controllers\Admin\DataPenindakanController->index()
 3 SYSTEMPATH/CodeIgniter.php(503): CodeIgniter\CodeIgniter->runController(Object(App\Controllers\Admin\DataPenindakanController))
 4 SYSTEMPATH/CodeIgniter.php(361): CodeIgniter\CodeIgniter->handleRequest(null, Object(Config\Cache), false)
 5 FCPATH/index.php(79): CodeIgniter\CodeIgniter->run()
 6 SYSTEMPATH/Commands/Server/rewrite.php(47): require_once('/Volumes/mf480 - Data/sidak_angkot/public/index.php')
CRITICAL - 2024-08-01 04:21:04 --> CodeIgniter\View\Exceptions\ViewException: Invalid file: "admin/data_penindakan_v.php"
in SYSTEMPATH/Exceptions/FrameworkException.php on line 39.
 1 SYSTEMPATH/View/View.php(216): CodeIgniter\Exceptions\FrameworkException::forInvalidFile('admin/data_penindakan_v.php')
 2 SYSTEMPATH/Common.php(1178): CodeIgniter\View\View->render('admin/data_penindakan_v', [], true)
 3 APPPATH/Controllers/Admin/DataPenindakanController.php(31): view('admin/data_penindakan_v', [...])
 4 SYSTEMPATH/CodeIgniter.php(943): App\Controllers\Admin\DataPenindakanController->index()
 5 SYSTEMPATH/CodeIgniter.php(503): CodeIgniter\CodeIgniter->runController(Object(App\Controllers\Admin\DataPenindakanController))
 6 SYSTEMPATH/CodeIgniter.php(361): CodeIgniter\CodeIgniter->handleRequest(null, Object(Config\Cache), false)
 7 FCPATH/index.php(79): CodeIgniter\CodeIgniter->run()
 8 SYSTEMPATH/Commands/Server/rewrite.php(47): require_once('/Volumes/mf480 - Data/sidak_angkot/public/index.php')
CRITICAL - 2024-08-01 04:21:41 --> ErrorException: Undefined property: stdClass::$data_penindakan
in APPPATH/Views/admin/data_penindakan_v.php on line 53.
 1 APPPATH/Views/admin/data_penindakan_v.php(53): CodeIgniter\Debug\Exceptions->errorHandler(8, 'Undefined property: stdClass::$data_penindakan', '/Volumes/mf480 - Data/sidak_angkot/app/Views/admin/data_penindakan_v.php', 53, [...])
 2 SYSTEMPATH/View/View.php(228): include('/Volumes/mf480 - Data/sidak_angkot/app/Views/admin/data_penindakan_v.php')
 3 SYSTEMPATH/View/View.php(231): CodeIgniter\View\View->CodeIgniter\View\{closure}()
 4 SYSTEMPATH/Common.php(1178): CodeIgniter\View\View->render('admin/data_penindakan_v', [], true)
 5 APPPATH/Controllers/Admin/DataPenindakanController.php(31): view('admin/data_penindakan_v', [...])
 6 SYSTEMPATH/CodeIgniter.php(943): App\Controllers\Admin\DataPenindakanController->index()
 7 SYSTEMPATH/CodeIgniter.php(503): CodeIgniter\CodeIgniter->runController(Object(App\Controllers\Admin\DataPenindakanController))
 8 SYSTEMPATH/CodeIgniter.php(361): CodeIgniter\CodeIgniter->handleRequest(null, Object(Config\Cache), false)
 9 FCPATH/index.php(79): CodeIgniter\CodeIgniter->run()
10 SYSTEMPATH/Commands/Server/rewrite.php(47): require_once('/Volumes/mf480 - Data/sidak_angkot/public/index.php')
INFO - 2024-08-01 04:22:07 --> Session: Class initialized using 'CodeIgniter\Session\Handlers\FileHandler' driver.
INFO - 2024-08-01 04:22:28 --> Session: Class initialized using 'CodeIgniter\Session\Handlers\FileHandler' driver.
INFO - 2024-08-01 04:23:28 --> Session: Class initialized using 'CodeIgniter\Session\Handlers\FileHandler' driver.
INFO - 2024-08-01 04:25:25 --> Session: Class initialized using 'CodeIgniter\Session\Handlers\FileHandler' driver.
INFO - 2024-08-01 04:26:05 --> Session: Class initialized using 'CodeIgniter\Session\Handlers\FileHandler' driver.
INFO - 2024-08-01 04:26:43 --> Session: Class initialized using 'CodeIgniter\Session\Handlers\FileHandler' driver.
INFO - 2024-08-01 04:26:59 --> Session: Class initialized using 'CodeIgniter\Session\Handlers\FileHandler' driver.
INFO - 2024-08-01 04:27:29 --> Session: Class initialized using 'CodeIgniter\Session\Handlers\FileHandler' driver.
INFO - 2024-08-01 04:28:13 --> Session: Class initialized using 'CodeIgniter\Session\Handlers\FileHandler' driver.
INFO - 2024-08-01 04:30:33 --> Session: Class initialized using 'CodeIgniter\Session\Handlers\FileHandler' driver.
INFO - 2024-08-01 04:30:44 --> Session: Class initialized using 'CodeIgniter\Session\Handlers\FileHandler' driver.
INFO - 2024-08-01 04:30:47 --> Session: Class initialized using 'CodeIgniter\Session\Handlers\FileHandler' driver.
INFO - 2024-08-01 04:30:59 --> Session: Class initialized using 'CodeIgniter\Session\Handlers\FileHandler' driver.
INFO - 2024-08-01 04:31:23 --> Session: Class initialized using 'CodeIgniter\Session\Handlers\FileHandler' driver.
INFO - 2024-08-01 04:32:03 --> Session: Class initialized using 'CodeIgniter\Session\Handlers\FileHandler' driver.
INFO - 2024-08-01 04:32:34 --> Session: Class initialized using 'CodeIgniter\Session\Handlers\FileHandler' driver.
INFO - 2024-08-01 04:32:46 --> Session: Class initialized using 'CodeIgniter\Session\Handlers\FileHandler' driver.
INFO - 2024-08-01 04:32:53 --> Session: Class initialized using 'CodeIgniter\Session\Handlers\FileHandler' driver.
ERROR - 2024-08-01 04:34:33 --> mysqli_sql_exception: Unknown column 'data_peninakan_table.ukpd_id' in 'on clause' in /Volumes/mf480 - Data/sidak_angkot/vendor/codeigniter4/framework/system/Database/MySQLi/Connection.php:306
Stack trace:
#0 /Volumes/mf480 - Data/sidak_angkot/vendor/codeigniter4/framework/system/Database/MySQLi/Connection.php(306): mysqli->query('SELECT *\nFROM `...', 0)
#1 /Volumes/mf480 - Data/sidak_angkot/vendor/codeigniter4/framework/system/Database/BaseConnection.php(693): CodeIgniter\Database\MySQLi\Connection->execute('SELECT *\nFROM `...')
#2 /Volumes/mf480 - Data/sidak_angkot/vendor/codeigniter4/framework/system/Database/BaseConnection.php(607): CodeIgniter\Database\BaseConnection->simpleQuery('SELECT *\nFROM `...')
#3 /Volumes/mf480 - Data/sidak_angkot/vendor/codeigniter4/framework/system/Database/BaseBuilder.php(1616): CodeIgniter\Database\BaseConnection->query('SELECT *\nFROM `...', Array, false)
#4 /Volumes/mf480 - Data/sidak_angkot/vendor/codeigniter4/framework/system/Model.php(877): CodeIgniter\Database\BaseBuilder->get()
#5 /Volumes/mf480 - Data/sidak_angkot/app/Models/Admin/DataPenindakanModel.php(26): CodeIgniter\Model->__call('get', Array)
#6 /Volumes/mf480 - Data/sidak_angkot/app/Controllers/Admin/DataPenindakanController.php(23): App\Models\Admin\DataPenindakanModel->getDataPenindakan()
#7 /Volumes/mf480 - Data/sidak_angkot/vendor/codeigniter4/framework/system/CodeIgniter.php(943): App\Controllers\Admin\DataPenindakanController->index()
#8 /Volumes/mf480 - Data/sidak_angkot/vendor/codeigniter4/framework/system/CodeIgniter.php(503): CodeIgniter\CodeIgniter->runController(Object(App\Controllers\Admin\DataPenindakanController))
#9 /Volumes/mf480 - Data/sidak_angkot/vendor/codeigniter4/framework/system/CodeIgniter.php(361): CodeIgniter\CodeIgniter->handleRequest(NULL, Object(Config\Cache), false)
#10 /Volumes/mf480 - Data/sidak_angkot/public/index.php(79): CodeIgniter\CodeIgniter->run()
#11 /Volumes/mf480 - Data/sidak_angkot/vendor/codeigniter4/framework/system/Commands/Server/rewrite.php(47): require_once('/Volumes/mf480 ...')
#12 {main}
CRITICAL - 2024-08-01 04:34:33 --> CodeIgniter\Database\Exceptions\DatabaseException: Unknown column 'data_peninakan_table.ukpd_id' in 'on clause'
in SYSTEMPATH/Database/BaseConnection.php on line 647.
 1 SYSTEMPATH/Database/BaseBuilder.php(1616): CodeIgniter\Database\BaseConnection->query('SELECT *
FROM `data_penindakan_table`
JOIN `ukpd_table` ON `ukpd_table`.`id` = `data_peninakan_table`.`ukpd_id`
ORDER BY `data_penindakan_table`.`id` desc', [], false)
 2 SYSTEMPATH/Model.php(877): CodeIgniter\Database\BaseBuilder->get()
 3 APPPATH/Models/Admin/DataPenindakanModel.php(26): CodeIgniter\Model->__call('get', [])
 4 APPPATH/Controllers/Admin/DataPenindakanController.php(23): App\Models\Admin\DataPenindakanModel->getDataPenindakan()
 5 SYSTEMPATH/CodeIgniter.php(943): App\Controllers\Admin\DataPenindakanController->index()
 6 SYSTEMPATH/CodeIgniter.php(503): CodeIgniter\CodeIgniter->runController(Object(App\Controllers\Admin\DataPenindakanController))
 7 SYSTEMPATH/CodeIgniter.php(361): CodeIgniter\CodeIgniter->handleRequest(null, Object(Config\Cache), false)
 8 FCPATH/index.php(79): CodeIgniter\CodeIgniter->run()
 9 SYSTEMPATH/Commands/Server/rewrite.php(47): require_once('/Volumes/mf480 - Data/sidak_angkot/public/index.php')
CRITICAL - 2024-08-01 04:34:33 --> [Caused by] CodeIgniter\Database\Exceptions\DatabaseException: Unknown column 'data_peninakan_table.ukpd_id' in 'on clause'
in SYSTEMPATH/Database/MySQLi/Connection.php on line 311.
 1 SYSTEMPATH/Database/BaseConnection.php(693): CodeIgniter\Database\MySQLi\Connection->execute('SELECT *
FROM `data_penindakan_table`
JOIN `ukpd_table` ON `ukpd_table`.`id` = `data_peninakan_table`.`ukpd_id`
ORDER BY `data_penindakan_table`.`id` desc')
 2 SYSTEMPATH/Database/BaseConnection.php(607): CodeIgniter\Database\BaseConnection->simpleQuery('SELECT *
FROM `data_penindakan_table`
JOIN `ukpd_table` ON `ukpd_table`.`id` = `data_peninakan_table`.`ukpd_id`
ORDER BY `data_penindakan_table`.`id` desc')
 3 SYSTEMPATH/Database/BaseBuilder.php(1616): CodeIgniter\Database\BaseConnection->query('SELECT *
FROM `data_penindakan_table`
JOIN `ukpd_table` ON `ukpd_table`.`id` = `data_peninakan_table`.`ukpd_id`
ORDER BY `data_penindakan_table`.`id` desc', [], false)
 4 SYSTEMPATH/Model.php(877): CodeIgniter\Database\BaseBuilder->get()
 5 APPPATH/Models/Admin/DataPenindakanModel.php(26): CodeIgniter\Model->__call('get', [])
 6 APPPATH/Controllers/Admin/DataPenindakanController.php(23): App\Models\Admin\DataPenindakanModel->getDataPenindakan()
 7 SYSTEMPATH/CodeIgniter.php(943): App\Controllers\Admin\DataPenindakanController->index()
 8 SYSTEMPATH/CodeIgniter.php(503): CodeIgniter\CodeIgniter->runController(Object(App\Controllers\Admin\DataPenindakanController))
 9 SYSTEMPATH/CodeIgniter.php(361): CodeIgniter\CodeIgniter->handleRequest(null, Object(Config\Cache), false)
10 FCPATH/index.php(79): CodeIgniter\CodeIgniter->run()
11 SYSTEMPATH/Commands/Server/rewrite.php(47): require_once('/Volumes/mf480 - Data/sidak_angkot/public/index.php')
CRITICAL - 2024-08-01 04:34:33 --> [Caused by] mysqli_sql_exception: Unknown column 'data_peninakan_table.ukpd_id' in 'on clause'
in SYSTEMPATH/Database/MySQLi/Connection.php on line 306.
 1 SYSTEMPATH/Database/MySQLi/Connection.php(306): mysqli->query('SELECT *
FROM `data_penindakan_table`
JOIN `ukpd_table` ON `ukpd_table`.`id` = `data_peninakan_table`.`ukpd_id`
ORDER BY `data_penindakan_table`.`id` desc', 0)
 2 SYSTEMPATH/Database/BaseConnection.php(693): CodeIgniter\Database\MySQLi\Connection->execute('SELECT *
FROM `data_penindakan_table`
JOIN `ukpd_table` ON `ukpd_table`.`id` = `data_peninakan_table`.`ukpd_id`
ORDER BY `data_penindakan_table`.`id` desc')
 3 SYSTEMPATH/Database/BaseConnection.php(607): CodeIgniter\Database\BaseConnection->simpleQuery('SELECT *
FROM `data_penindakan_table`
JOIN `ukpd_table` ON `ukpd_table`.`id` = `data_peninakan_table`.`ukpd_id`
ORDER BY `data_penindakan_table`.`id` desc')
 4 SYSTEMPATH/Database/BaseBuilder.php(1616): CodeIgniter\Database\BaseConnection->query('SELECT *
FROM `data_penindakan_table`
JOIN `ukpd_table` ON `ukpd_table`.`id` = `data_peninakan_table`.`ukpd_id`
ORDER BY `data_penindakan_table`.`id` desc', [], false)
 5 SYSTEMPATH/Model.php(877): CodeIgniter\Database\BaseBuilder->get()
 6 APPPATH/Models/Admin/DataPenindakanModel.php(26): CodeIgniter\Model->__call('get', [])
 7 APPPATH/Controllers/Admin/DataPenindakanController.php(23): App\Models\Admin\DataPenindakanModel->getDataPenindakan()
 8 SYSTEMPATH/CodeIgniter.php(943): App\Controllers\Admin\DataPenindakanController->index()
 9 SYSTEMPATH/CodeIgniter.php(503): CodeIgniter\CodeIgniter->runController(Object(App\Controllers\Admin\DataPenindakanController))
10 SYSTEMPATH/CodeIgniter.php(361): CodeIgniter\CodeIgniter->handleRequest(null, Object(Config\Cache), false)
11 FCPATH/index.php(79): CodeIgniter\CodeIgniter->run()
12 SYSTEMPATH/Commands/Server/rewrite.php(47): require_once('/Volumes/mf480 - Data/sidak_angkot/public/index.php')
INFO - 2024-08-01 04:34:44 --> Session: Class initialized using 'CodeIgniter\Session\Handlers\FileHandler' driver.
INFO - 2024-08-01 04:35:53 --> Session: Class initialized using 'CodeIgniter\Session\Handlers\FileHandler' driver.
INFO - 2024-08-01 04:36:17 --> Session: Class initialized using 'CodeIgniter\Session\Handlers\FileHandler' driver.
INFO - 2024-08-01 04:37:37 --> Session: Class initialized using 'CodeIgniter\Session\Handlers\FileHandler' driver.
INFO - 2024-08-01 04:37:47 --> Session: Class initialized using 'CodeIgniter\Session\Handlers\FileHandler' driver.
INFO - 2024-08-01 04:38:56 --> Session: Class initialized using 'CodeIgniter\Session\Handlers\FileHandler' driver.
INFO - 2024-08-01 04:39:21 --> Session: Class initialized using 'CodeIgniter\Session\Handlers\FileHandler' driver.
INFO - 2024-08-01 04:40:38 --> Session: Class initialized using 'CodeIgniter\Session\Handlers\FileHandler' driver.
INFO - 2024-08-01 04:40:52 --> Session: Class initialized using 'CodeIgniter\Session\Handlers\FileHandler' driver.
INFO - 2024-08-01 04:41:47 --> Session: Class initialized using 'CodeIgniter\Session\Handlers\FileHandler' driver.
INFO - 2024-08-01 04:44:21 --> Session: Class initialized using 'CodeIgniter\Session\Handlers\FileHandler' driver.
INFO - 2024-08-01 04:45:58 --> Session: Class initialized using 'CodeIgniter\Session\Handlers\FileHandler' driver.
INFO - 2024-08-01 04:45:59 --> Session: Class initialized using 'CodeIgniter\Session\Handlers\FileHandler' driver.
INFO - 2024-08-01 06:37:03 --> Session: Class initialized using 'CodeIgniter\Session\Handlers\FileHandler' driver.
INFO - 2024-08-01 06:37:05 --> Session: Class initialized using 'CodeIgniter\Session\Handlers\FileHandler' driver.
INFO - 2024-08-01 06:48:34 --> Session: Class initialized using 'CodeIgniter\Session\Handlers\FileHandler' driver.
INFO - 2024-08-01 06:49:56 --> Session: Class initialized using 'CodeIgniter\Session\Handlers\FileHandler' driver.
CRITICAL - 2024-08-01 06:50:23 --> CodeIgniter\View\Exceptions\ViewException: Invalid file: "admin/detail_data_penindakan_v.php"
in SYSTEMPATH/Exceptions/FrameworkException.php on line 39.
 1 SYSTEMPATH/View/View.php(216): CodeIgniter\Exceptions\FrameworkException::forInvalidFile('admin/detail_data_penindakan_v.php')
 2 SYSTEMPATH/Common.php(1178): CodeIgniter\View\View->render('admin/detail_data_penindakan_v', [], true)
 3 APPPATH/Controllers/Admin/DataPenindakanController.php(45): view('admin/detail_data_penindakan_v', [...])
 4 SYSTEMPATH/CodeIgniter.php(943): App\Controllers\Admin\DataPenindakanController->views('1')
 5 SYSTEMPATH/CodeIgniter.php(503): CodeIgniter\CodeIgniter->runController(Object(App\Controllers\Admin\DataPenindakanController))
 6 SYSTEMPATH/CodeIgniter.php(361): CodeIgniter\CodeIgniter->handleRequest(null, Object(Config\Cache), false)
 7 FCPATH/index.php(79): CodeIgniter\CodeIgniter->run()
 8 SYSTEMPATH/Commands/Server/rewrite.php(47): require_once('/Volumes/mf480 - Data/sidak_angkot/public/index.php')
CRITICAL - 2024-08-01 06:53:46 --> ErrorException: Undefined variable: detail_data
in APPPATH/Views/admin/detail_data_penindakan_v.php on line 38.
 1 APPPATH/Views/admin/detail_data_penindakan_v.php(38): CodeIgniter\Debug\Exceptions->errorHandler(8, 'Undefined variable: detail_data', '/Volumes/mf480 - Data/sidak_angkot/app/Views/admin/detail_data_penindakan_v.php', 38, [...])
 2 SYSTEMPATH/View/View.php(228): include('/Volumes/mf480 - Data/sidak_angkot/app/Views/admin/detail_data_penindakan_v.php')
 3 SYSTEMPATH/View/View.php(231): CodeIgniter\View\View->CodeIgniter\View\{closure}()
 4 SYSTEMPATH/Common.php(1178): CodeIgniter\View\View->render('admin/detail_data_penindakan_v', [], true)
 5 APPPATH/Controllers/Admin/DataPenindakanController.php(45): view('admin/detail_data_penindakan_v', [...])
 6 SYSTEMPATH/CodeIgniter.php(943): App\Controllers\Admin\DataPenindakanController->views('1')
 7 SYSTEMPATH/CodeIgniter.php(503): CodeIgniter\CodeIgniter->runController(Object(App\Controllers\Admin\DataPenindakanController))
 8 SYSTEMPATH/CodeIgniter.php(361): CodeIgniter\CodeIgniter->handleRequest(null, Object(Config\Cache), false)
 9 FCPATH/index.php(79): CodeIgniter\CodeIgniter->run()
10 SYSTEMPATH/Commands/Server/rewrite.php(47): require_once('/Volumes/mf480 - Data/sidak_angkot/public/index.php')
CRITICAL - 2024-08-01 06:54:10 --> ErrorException: Trying to get property 'ukpd' of non-object
in APPPATH/Views/admin/detail_data_penindakan_v.php on line 38.
 1 APPPATH/Views/admin/detail_data_penindakan_v.php(38): CodeIgniter\Debug\Exceptions->errorHandler(8, 'Trying to get property \'ukpd\' of non-object', '/Volumes/mf480 - Data/sidak_angkot/app/Views/admin/detail_data_penindakan_v.php', 38, [...])
 2 SYSTEMPATH/View/View.php(228): include('/Volumes/mf480 - Data/sidak_angkot/app/Views/admin/detail_data_penindakan_v.php')
 3 SYSTEMPATH/View/View.php(231): CodeIgniter\View\View->CodeIgniter\View\{closure}()
 4 SYSTEMPATH/Common.php(1178): CodeIgniter\View\View->render('admin/detail_data_penindakan_v', [], true)
 5 APPPATH/Controllers/Admin/DataPenindakanController.php(45): view('admin/detail_data_penindakan_v', [...])
 6 SYSTEMPATH/CodeIgniter.php(943): App\Controllers\Admin\DataPenindakanController->views('1')
 7 SYSTEMPATH/CodeIgniter.php(503): CodeIgniter\CodeIgniter->runController(Object(App\Controllers\Admin\DataPenindakanController))
 8 SYSTEMPATH/CodeIgniter.php(361): CodeIgniter\CodeIgniter->handleRequest(null, Object(Config\Cache), false)
 9 FCPATH/index.php(79): CodeIgniter\CodeIgniter->run()
10 SYSTEMPATH/Commands/Server/rewrite.php(47): require_once('/Volumes/mf480 - Data/sidak_angkot/public/index.php')
CRITICAL - 2024-08-01 06:54:31 --> ErrorException: Undefined property: stdClass::$nomor_surat
in APPPATH/Views/admin/detail_data_penindakan_v.php on line 43.
 1 APPPATH/Views/admin/detail_data_penindakan_v.php(43): CodeIgniter\Debug\Exceptions->errorHandler(8, 'Undefined property: stdClass::$nomor_surat', '/Volumes/mf480 - Data/sidak_angkot/app/Views/admin/detail_data_penindakan_v.php', 43, [...])
 2 SYSTEMPATH/View/View.php(228): include('/Volumes/mf480 - Data/sidak_angkot/app/Views/admin/detail_data_penindakan_v.php')
 3 SYSTEMPATH/View/View.php(231): CodeIgniter\View\View->CodeIgniter\View\{closure}()
 4 SYSTEMPATH/Common.php(1178): CodeIgniter\View\View->render('admin/detail_data_penindakan_v', [], true)
 5 APPPATH/Controllers/Admin/DataPenindakanController.php(45): view('admin/detail_data_penindakan_v', [...])
 6 SYSTEMPATH/CodeIgniter.php(943): App\Controllers\Admin\DataPenindakanController->views('1')
 7 SYSTEMPATH/CodeIgniter.php(503): CodeIgniter\CodeIgniter->runController(Object(App\Controllers\Admin\DataPenindakanController))
 8 SYSTEMPATH/CodeIgniter.php(361): CodeIgniter\CodeIgniter->handleRequest(null, Object(Config\Cache), false)
 9 FCPATH/index.php(79): CodeIgniter\CodeIgniter->run()
10 SYSTEMPATH/Commands/Server/rewrite.php(47): require_once('/Volumes/mf480 - Data/sidak_angkot/public/index.php')
CRITICAL - 2024-08-01 06:55:30 --> ErrorException: Undefined property: stdClass::$nama
in APPPATH/Views/admin/detail_data_penindakan_v.php on line 58.
 1 APPPATH/Views/admin/detail_data_penindakan_v.php(58): CodeIgniter\Debug\Exceptions->errorHandler(8, 'Undefined property: stdClass::$nama', '/Volumes/mf480 - Data/sidak_angkot/app/Views/admin/detail_data_penindakan_v.php', 58, [...])
 2 SYSTEMPATH/View/View.php(228): include('/Volumes/mf480 - Data/sidak_angkot/app/Views/admin/detail_data_penindakan_v.php')
 3 SYSTEMPATH/View/View.php(231): CodeIgniter\View\View->CodeIgniter\View\{closure}()
 4 SYSTEMPATH/Common.php(1178): CodeIgniter\View\View->render('admin/detail_data_penindakan_v', [], true)
 5 APPPATH/Controllers/Admin/DataPenindakanController.php(45): view('admin/detail_data_penindakan_v', [...])
 6 SYSTEMPATH/CodeIgniter.php(943): App\Controllers\Admin\DataPenindakanController->views('1')
 7 SYSTEMPATH/CodeIgniter.php(503): CodeIgniter\CodeIgniter->runController(Object(App\Controllers\Admin\DataPenindakanController))
 8 SYSTEMPATH/CodeIgniter.php(361): CodeIgniter\CodeIgniter->handleRequest(null, Object(Config\Cache), false)
 9 FCPATH/index.php(79): CodeIgniter\CodeIgniter->run()
10 SYSTEMPATH/Commands/Server/rewrite.php(47): require_once('/Volumes/mf480 - Data/sidak_angkot/public/index.php')
CRITICAL - 2024-08-01 06:56:12 --> ErrorException: Undefined property: stdClass::$nama
in APPPATH/Views/admin/detail_data_penindakan_v.php on line 58.
 1 APPPATH/Views/admin/detail_data_penindakan_v.php(58): CodeIgniter\Debug\Exceptions->errorHandler(8, 'Undefined property: stdClass::$nama', '/Volumes/mf480 - Data/sidak_angkot/app/Views/admin/detail_data_penindakan_v.php', 58, [...])
 2 SYSTEMPATH/View/View.php(228): include('/Volumes/mf480 - Data/sidak_angkot/app/Views/admin/detail_data_penindakan_v.php')
 3 SYSTEMPATH/View/View.php(231): CodeIgniter\View\View->CodeIgniter\View\{closure}()
 4 SYSTEMPATH/Common.php(1178): CodeIgniter\View\View->render('admin/detail_data_penindakan_v', [], true)
 5 APPPATH/Controllers/Admin/DataPenindakanController.php(45): view('admin/detail_data_penindakan_v', [...])
 6 SYSTEMPATH/CodeIgniter.php(943): App\Controllers\Admin\DataPenindakanController->views('1')
 7 SYSTEMPATH/CodeIgniter.php(503): CodeIgniter\CodeIgniter->runController(Object(App\Controllers\Admin\DataPenindakanController))
 8 SYSTEMPATH/CodeIgniter.php(361): CodeIgniter\CodeIgniter->handleRequest(null, Object(Config\Cache), false)
 9 FCPATH/index.php(79): CodeIgniter\CodeIgniter->run()
10 SYSTEMPATH/Commands/Server/rewrite.php(47): require_once('/Volumes/mf480 - Data/sidak_angkot/public/index.php')
CRITICAL - 2024-08-01 06:56:35 --> ErrorException: Undefined property: stdClass::$tanggal_pelanggaran
in APPPATH/Views/admin/detail_data_penindakan_v.php on line 68.
 1 APPPATH/Views/admin/detail_data_penindakan_v.php(68): CodeIgniter\Debug\Exceptions->errorHandler(8, 'Undefined property: stdClass::$tanggal_pelanggaran', '/Volumes/mf480 - Data/sidak_angkot/app/Views/admin/detail_data_penindakan_v.php', 68, [...])
 2 SYSTEMPATH/View/View.php(228): include('/Volumes/mf480 - Data/sidak_angkot/app/Views/admin/detail_data_penindakan_v.php')
 3 SYSTEMPATH/View/View.php(231): CodeIgniter\View\View->CodeIgniter\View\{closure}()
 4 SYSTEMPATH/Common.php(1178): CodeIgniter\View\View->render('admin/detail_data_penindakan_v', [], true)
 5 APPPATH/Controllers/Admin/DataPenindakanController.php(45): view('admin/detail_data_penindakan_v', [...])
 6 SYSTEMPATH/CodeIgniter.php(943): App\Controllers\Admin\DataPenindakanController->views('1')
 7 SYSTEMPATH/CodeIgniter.php(503): CodeIgniter\CodeIgniter->runController(Object(App\Controllers\Admin\DataPenindakanController))
 8 SYSTEMPATH/CodeIgniter.php(361): CodeIgniter\CodeIgniter->handleRequest(null, Object(Config\Cache), false)
 9 FCPATH/index.php(79): CodeIgniter\CodeIgniter->run()
10 SYSTEMPATH/Commands/Server/rewrite.php(47): require_once('/Volumes/mf480 - Data/sidak_angkot/public/index.php')
INFO - 2024-08-01 06:56:49 --> Session: Class initialized using 'CodeIgniter\Session\Handlers\FileHandler' driver.
INFO - 2024-08-01 06:57:22 --> Session: Class initialized using 'CodeIgniter\Session\Handlers\FileHandler' driver.
INFO - 2024-08-01 06:57:32 --> Session: Class initialized using 'CodeIgniter\Session\Handlers\FileHandler' driver.
INFO - 2024-08-01 06:57:59 --> Session: Class initialized using 'CodeIgniter\Session\Handlers\FileHandler' driver.
INFO - 2024-08-01 06:58:53 --> Session: Class initialized using 'CodeIgniter\Session\Handlers\FileHandler' driver.
INFO - 2024-08-01 06:59:32 --> Session: Class initialized using 'CodeIgniter\Session\Handlers\FileHandler' driver.
INFO - 2024-08-01 07:00:21 --> Session: Class initialized using 'CodeIgniter\Session\Handlers\FileHandler' driver.
INFO - 2024-08-01 07:00:42 --> Session: Class initialized using 'CodeIgniter\Session\Handlers\FileHandler' driver.
INFO - 2024-08-01 07:02:06 --> Session: Class initialized using 'CodeIgniter\Session\Handlers\FileHandler' driver.
INFO - 2024-08-01 07:02:53 --> Session: Class initialized using 'CodeIgniter\Session\Handlers\FileHandler' driver.
INFO - 2024-08-01 07:03:57 --> Session: Class initialized using 'CodeIgniter\Session\Handlers\FileHandler' driver.
INFO - 2024-08-01 07:04:43 --> Session: Class initialized using 'CodeIgniter\Session\Handlers\FileHandler' driver.
INFO - 2024-08-01 07:04:47 --> Session: Class initialized using 'CodeIgniter\Session\Handlers\FileHandler' driver.
INFO - 2024-08-01 07:04:51 --> Session: Class initialized using 'CodeIgniter\Session\Handlers\FileHandler' driver.
INFO - 2024-08-01 07:04:52 --> Session: Class initialized using 'CodeIgniter\Session\Handlers\FileHandler' driver.
INFO - 2024-08-01 07:04:56 --> Session: Class initialized using 'CodeIgniter\Session\Handlers\FileHandler' driver.
INFO - 2024-08-01 07:04:59 --> Session: Class initialized using 'CodeIgniter\Session\Handlers\FileHandler' driver.
INFO - 2024-08-01 07:05:01 --> Session: Class initialized using 'CodeIgniter\Session\Handlers\FileHandler' driver.
INFO - 2024-08-01 07:05:03 --> Session: Class initialized using 'CodeIgniter\Session\Handlers\FileHandler' driver.
INFO - 2024-08-01 07:05:06 --> Session: Class initialized using 'CodeIgniter\Session\Handlers\FileHandler' driver.
INFO - 2024-08-01 07:05:30 --> Session: Class initialized using 'CodeIgniter\Session\Handlers\FileHandler' driver.
INFO - 2024-08-01 07:05:46 --> Session: Class initialized using 'CodeIgniter\Session\Handlers\FileHandler' driver.
CRITICAL - 2024-08-01 08:08:30 --> ErrorException: Undefined property: stdClass::$ukpd
in APPPATH/Views/admin/data_penindakan_v.php on line 58.
 1 APPPATH/Views/admin/data_penindakan_v.php(58): CodeIgniter\Debug\Exceptions->errorHandler(8, 'Undefined property: stdClass::$ukpd', '/Volumes/mf480 - Data/sidak_angkot/app/Views/admin/data_penindakan_v.php', 58, [...])
 2 SYSTEMPATH/View/View.php(228): include('/Volumes/mf480 - Data/sidak_angkot/app/Views/admin/data_penindakan_v.php')
 3 SYSTEMPATH/View/View.php(231): CodeIgniter\View\View->CodeIgniter\View\{closure}()
 4 SYSTEMPATH/Common.php(1178): CodeIgniter\View\View->render('admin/data_penindakan_v', [], true)
 5 APPPATH/Controllers/Admin/DataPenindakanController.php(31): view('admin/data_penindakan_v', [...])
 6 SYSTEMPATH/CodeIgniter.php(943): App\Controllers\Admin\DataPenindakanController->index()
 7 SYSTEMPATH/CodeIgniter.php(503): CodeIgniter\CodeIgniter->runController(Object(App\Controllers\Admin\DataPenindakanController))
 8 SYSTEMPATH/CodeIgniter.php(361): CodeIgniter\CodeIgniter->handleRequest(null, Object(Config\Cache), false)
 9 FCPATH/index.php(79): CodeIgniter\CodeIgniter->run()
10 SYSTEMPATH/Commands/Server/rewrite.php(47): require_once('/Volumes/mf480 - Data/sidak_angkot/public/index.php')
ERROR - 2024-08-01 08:10:12 --> mysqli_sql_exception: Unknown column 'data_penindakan_table.id.jenis_penindakan_id' in 'field list' in /Volumes/mf480 - Data/sidak_angkot/vendor/codeigniter4/framework/system/Database/MySQLi/Connection.php:306
Stack trace:
#0 /Volumes/mf480 - Data/sidak_angkot/vendor/codeigniter4/framework/system/Database/MySQLi/Connection.php(306): mysqli->query('SELECT `data_pe...', 0)
#1 /Volumes/mf480 - Data/sidak_angkot/vendor/codeigniter4/framework/system/Database/BaseConnection.php(693): CodeIgniter\Database\MySQLi\Connection->execute('SELECT `data_pe...')
#2 /Volumes/mf480 - Data/sidak_angkot/vendor/codeigniter4/framework/system/Database/BaseConnection.php(607): CodeIgniter\Database\BaseConnection->simpleQuery('SELECT `data_pe...')
#3 /Volumes/mf480 - Data/sidak_angkot/vendor/codeigniter4/framework/system/Database/BaseBuilder.php(1616): CodeIgniter\Database\BaseConnection->query('SELECT `data_pe...', Array, false)
#4 /Volumes/mf480 - Data/sidak_angkot/vendor/codeigniter4/framework/system/Model.php(877): CodeIgniter\Database\BaseBuilder->get()
#5 /Volumes/mf480 - Data/sidak_angkot/app/Models/Admin/DataPenindakanModel.php(29): CodeIgniter\Model->__call('get', Array)
#6 /Volumes/mf480 - Data/sidak_angkot/app/Controllers/Admin/DataPenindakanController.php(23): App\Models\Admin\DataPenindakanModel->getDataPenindakan()
#7 /Volumes/mf480 - Data/sidak_angkot/vendor/codeigniter4/framework/system/CodeIgniter.php(943): App\Controllers\Admin\DataPenindakanController->index()
#8 /Volumes/mf480 - Data/sidak_angkot/vendor/codeigniter4/framework/system/CodeIgniter.php(503): CodeIgniter\CodeIgniter->runController(Object(App\Controllers\Admin\DataPenindakanController))
#9 /Volumes/mf480 - Data/sidak_angkot/vendor/codeigniter4/framework/system/CodeIgniter.php(361): CodeIgniter\CodeIgniter->handleRequest(NULL, Object(Config\Cache), false)
#10 /Volumes/mf480 - Data/sidak_angkot/public/index.php(79): CodeIgniter\CodeIgniter->run()
#11 /Volumes/mf480 - Data/sidak_angkot/vendor/codeigniter4/framework/system/Commands/Server/rewrite.php(47): require_once('/Volumes/mf480 ...')
#12 {main}
CRITICAL - 2024-08-01 08:10:12 --> CodeIgniter\Database\Exceptions\DatabaseException: Unknown column 'data_penindakan_table.id.jenis_penindakan_id' in 'field list'
in SYSTEMPATH/Database/BaseConnection.php on line 647.
 1 SYSTEMPATH/Database/BaseBuilder.php(1616): CodeIgniter\Database\BaseConnection->query('SELECT `data_penindakan_table`.`id`, `data_penindakan_table`.`ukpd_id`, `data_penindakan_table`.`kode_wilayah_awal`, `data_penindakan_table`.`nomor_kendaraan`, `data_penindakan_table`.`kode_wilayah_akhir`, `data_penindakan_table`.`jenis_kendaraan_id`, `data_penindakan_table`.`id`.`jenis_penindakan_id`, `data_penindakan_table`.`tanggal_penindakan`, `ukpd_table`.`ukpd`, `jenis_kendaraan_table`.`jenis_kendaraan`, `tempat_penyimpanan_table`.`tempat_penyimpanan`
FROM `data_penindakan_table`
JOIN `ukpd_table` ON `ukpd_table`.`id` = `data_penindakan_table`.`ukpd_id`
JOIN `jenis_kendaraan_table` ON `jenis_kendaraan_table`.`id` = `data_penindakan_table`.`jenis_kendaraan_id`
JOIN `jenis_penindakan_table` ON `jenis_penindakan_table`.`id` = `data_penindakan_table`.`jenis_penindakan_id`
JOIN `tempat_penyimpanan_table` ON `tempat_penyimpanan_table`.`id` = `data_penindakan_table`.`tempat_penyimpanan_id`
ORDER BY `data_penindakan_table`.`id` desc', [], false)
 2 SYSTEMPATH/Model.php(877): CodeIgniter\Database\BaseBuilder->get()
 3 APPPATH/Models/Admin/DataPenindakanModel.php(29): CodeIgniter\Model->__call('get', [])
 4 APPPATH/Controllers/Admin/DataPenindakanController.php(23): App\Models\Admin\DataPenindakanModel->getDataPenindakan()
 5 SYSTEMPATH/CodeIgniter.php(943): App\Controllers\Admin\DataPenindakanController->index()
 6 SYSTEMPATH/CodeIgniter.php(503): CodeIgniter\CodeIgniter->runController(Object(App\Controllers\Admin\DataPenindakanController))
 7 SYSTEMPATH/CodeIgniter.php(361): CodeIgniter\CodeIgniter->handleRequest(null, Object(Config\Cache), false)
 8 FCPATH/index.php(79): CodeIgniter\CodeIgniter->run()
 9 SYSTEMPATH/Commands/Server/rewrite.php(47): require_once('/Volumes/mf480 - Data/sidak_angkot/public/index.php')
CRITICAL - 2024-08-01 08:10:12 --> [Caused by] CodeIgniter\Database\Exceptions\DatabaseException: Unknown column 'data_penindakan_table.id.jenis_penindakan_id' in 'field list'
in SYSTEMPATH/Database/MySQLi/Connection.php on line 311.
 1 SYSTEMPATH/Database/BaseConnection.php(693): CodeIgniter\Database\MySQLi\Connection->execute('SELECT `data_penindakan_table`.`id`, `data_penindakan_table`.`ukpd_id`, `data_penindakan_table`.`kode_wilayah_awal`, `data_penindakan_table`.`nomor_kendaraan`, `data_penindakan_table`.`kode_wilayah_akhir`, `data_penindakan_table`.`jenis_kendaraan_id`, `data_penindakan_table`.`id`.`jenis_penindakan_id`, `data_penindakan_table`.`tanggal_penindakan`, `ukpd_table`.`ukpd`, `jenis_kendaraan_table`.`jenis_kendaraan`, `tempat_penyimpanan_table`.`tempat_penyimpanan`
FROM `data_penindakan_table`
JOIN `ukpd_table` ON `ukpd_table`.`id` = `data_penindakan_table`.`ukpd_id`
JOIN `jenis_kendaraan_table` ON `jenis_kendaraan_table`.`id` = `data_penindakan_table`.`jenis_kendaraan_id`
JOIN `jenis_penindakan_table` ON `jenis_penindakan_table`.`id` = `data_penindakan_table`.`jenis_penindakan_id`
JOIN `tempat_penyimpanan_table` ON `tempat_penyimpanan_table`.`id` = `data_penindakan_table`.`tempat_penyimpanan_id`
ORDER BY `data_penindakan_table`.`id` desc')
 2 SYSTEMPATH/Database/BaseConnection.php(607): CodeIgniter\Database\BaseConnection->simpleQuery('SELECT `data_penindakan_table`.`id`, `data_penindakan_table`.`ukpd_id`, `data_penindakan_table`.`kode_wilayah_awal`, `data_penindakan_table`.`nomor_kendaraan`, `data_penindakan_table`.`kode_wilayah_akhir`, `data_penindakan_table`.`jenis_kendaraan_id`, `data_penindakan_table`.`id`.`jenis_penindakan_id`, `data_penindakan_table`.`tanggal_penindakan`, `ukpd_table`.`ukpd`, `jenis_kendaraan_table`.`jenis_kendaraan`, `tempat_penyimpanan_table`.`tempat_penyimpanan`
FROM `data_penindakan_table`
JOIN `ukpd_table` ON `ukpd_table`.`id` = `data_penindakan_table`.`ukpd_id`
JOIN `jenis_kendaraan_table` ON `jenis_kendaraan_table`.`id` = `data_penindakan_table`.`jenis_kendaraan_id`
JOIN `jenis_penindakan_table` ON `jenis_penindakan_table`.`id` = `data_penindakan_table`.`jenis_penindakan_id`
JOIN `tempat_penyimpanan_table` ON `tempat_penyimpanan_table`.`id` = `data_penindakan_table`.`tempat_penyimpanan_id`
ORDER BY `data_penindakan_table`.`id` desc')
 3 SYSTEMPATH/Database/BaseBuilder.php(1616): CodeIgniter\Database\BaseConnection->query('SELECT `data_penindakan_table`.`id`, `data_penindakan_table`.`ukpd_id`, `data_penindakan_table`.`kode_wilayah_awal`, `data_penindakan_table`.`nomor_kendaraan`, `data_penindakan_table`.`kode_wilayah_akhir`, `data_penindakan_table`.`jenis_kendaraan_id`, `data_penindakan_table`.`id`.`jenis_penindakan_id`, `data_penindakan_table`.`tanggal_penindakan`, `ukpd_table`.`ukpd`, `jenis_kendaraan_table`.`jenis_kendaraan`, `tempat_penyimpanan_table`.`tempat_penyimpanan`
FROM `data_penindakan_table`
JOIN `ukpd_table` ON `ukpd_table`.`id` = `data_penindakan_table`.`ukpd_id`
JOIN `jenis_kendaraan_table` ON `jenis_kendaraan_table`.`id` = `data_penindakan_table`.`jenis_kendaraan_id`
JOIN `jenis_penindakan_table` ON `jenis_penindakan_table`.`id` = `data_penindakan_table`.`jenis_penindakan_id`
JOIN `tempat_penyimpanan_table` ON `tempat_penyimpanan_table`.`id` = `data_penindakan_table`.`tempat_penyimpanan_id`
ORDER BY `data_penindakan_table`.`id` desc', [], false)
 4 SYSTEMPATH/Model.php(877): CodeIgniter\Database\BaseBuilder->get()
 5 APPPATH/Models/Admin/DataPenindakanModel.php(29): CodeIgniter\Model->__call('get', [])
 6 APPPATH/Controllers/Admin/DataPenindakanController.php(23): App\Models\Admin\DataPenindakanModel->getDataPenindakan()
 7 SYSTEMPATH/CodeIgniter.php(943): App\Controllers\Admin\DataPenindakanController->index()
 8 SYSTEMPATH/CodeIgniter.php(503): CodeIgniter\CodeIgniter->runController(Object(App\Controllers\Admin\DataPenindakanController))
 9 SYSTEMPATH/CodeIgniter.php(361): CodeIgniter\CodeIgniter->handleRequest(null, Object(Config\Cache), false)
10 FCPATH/index.php(79): CodeIgniter\CodeIgniter->run()
11 SYSTEMPATH/Commands/Server/rewrite.php(47): require_once('/Volumes/mf480 - Data/sidak_angkot/public/index.php')
CRITICAL - 2024-08-01 08:10:12 --> [Caused by] mysqli_sql_exception: Unknown column 'data_penindakan_table.id.jenis_penindakan_id' in 'field list'
in SYSTEMPATH/Database/MySQLi/Connection.php on line 306.
 1 SYSTEMPATH/Database/MySQLi/Connection.php(306): mysqli->query('SELECT `data_penindakan_table`.`id`, `data_penindakan_table`.`ukpd_id`, `data_penindakan_table`.`kode_wilayah_awal`, `data_penindakan_table`.`nomor_kendaraan`, `data_penindakan_table`.`kode_wilayah_akhir`, `data_penindakan_table`.`jenis_kendaraan_id`, `data_penindakan_table`.`id`.`jenis_penindakan_id`, `data_penindakan_table`.`tanggal_penindakan`, `ukpd_table`.`ukpd`, `jenis_kendaraan_table`.`jenis_kendaraan`, `tempat_penyimpanan_table`.`tempat_penyimpanan`
FROM `data_penindakan_table`
JOIN `ukpd_table` ON `ukpd_table`.`id` = `data_penindakan_table`.`ukpd_id`
JOIN `jenis_kendaraan_table` ON `jenis_kendaraan_table`.`id` = `data_penindakan_table`.`jenis_kendaraan_id`
JOIN `jenis_penindakan_table` ON `jenis_penindakan_table`.`id` = `data_penindakan_table`.`jenis_penindakan_id`
JOIN `tempat_penyimpanan_table` ON `tempat_penyimpanan_table`.`id` = `data_penindakan_table`.`tempat_penyimpanan_id`
ORDER BY `data_penindakan_table`.`id` desc', 0)
 2 SYSTEMPATH/Database/BaseConnection.php(693): CodeIgniter\Database\MySQLi\Connection->execute('SELECT `data_penindakan_table`.`id`, `data_penindakan_table`.`ukpd_id`, `data_penindakan_table`.`kode_wilayah_awal`, `data_penindakan_table`.`nomor_kendaraan`, `data_penindakan_table`.`kode_wilayah_akhir`, `data_penindakan_table`.`jenis_kendaraan_id`, `data_penindakan_table`.`id`.`jenis_penindakan_id`, `data_penindakan_table`.`tanggal_penindakan`, `ukpd_table`.`ukpd`, `jenis_kendaraan_table`.`jenis_kendaraan`, `tempat_penyimpanan_table`.`tempat_penyimpanan`
FROM `data_penindakan_table`
JOIN `ukpd_table` ON `ukpd_table`.`id` = `data_penindakan_table`.`ukpd_id`
JOIN `jenis_kendaraan_table` ON `jenis_kendaraan_table`.`id` = `data_penindakan_table`.`jenis_kendaraan_id`
JOIN `jenis_penindakan_table` ON `jenis_penindakan_table`.`id` = `data_penindakan_table`.`jenis_penindakan_id`
JOIN `tempat_penyimpanan_table` ON `tempat_penyimpanan_table`.`id` = `data_penindakan_table`.`tempat_penyimpanan_id`
ORDER BY `data_penindakan_table`.`id` desc')
 3 SYSTEMPATH/Database/BaseConnection.php(607): CodeIgniter\Database\BaseConnection->simpleQuery('SELECT `data_penindakan_table`.`id`, `data_penindakan_table`.`ukpd_id`, `data_penindakan_table`.`kode_wilayah_awal`, `data_penindakan_table`.`nomor_kendaraan`, `data_penindakan_table`.`kode_wilayah_akhir`, `data_penindakan_table`.`jenis_kendaraan_id`, `data_penindakan_table`.`id`.`jenis_penindakan_id`, `data_penindakan_table`.`tanggal_penindakan`, `ukpd_table`.`ukpd`, `jenis_kendaraan_table`.`jenis_kendaraan`, `tempat_penyimpanan_table`.`tempat_penyimpanan`
FROM `data_penindakan_table`
JOIN `ukpd_table` ON `ukpd_table`.`id` = `data_penindakan_table`.`ukpd_id`
JOIN `jenis_kendaraan_table` ON `jenis_kendaraan_table`.`id` = `data_penindakan_table`.`jenis_kendaraan_id`
JOIN `jenis_penindakan_table` ON `jenis_penindakan_table`.`id` = `data_penindakan_table`.`jenis_penindakan_id`
JOIN `tempat_penyimpanan_table` ON `tempat_penyimpanan_table`.`id` = `data_penindakan_table`.`tempat_penyimpanan_id`
ORDER BY `data_penindakan_table`.`id` desc')
 4 SYSTEMPATH/Database/BaseBuilder.php(1616): CodeIgniter\Database\BaseConnection->query('SELECT `data_penindakan_table`.`id`, `data_penindakan_table`.`ukpd_id`, `data_penindakan_table`.`kode_wilayah_awal`, `data_penindakan_table`.`nomor_kendaraan`, `data_penindakan_table`.`kode_wilayah_akhir`, `data_penindakan_table`.`jenis_kendaraan_id`, `data_penindakan_table`.`id`.`jenis_penindakan_id`, `data_penindakan_table`.`tanggal_penindakan`, `ukpd_table`.`ukpd`, `jenis_kendaraan_table`.`jenis_kendaraan`, `tempat_penyimpanan_table`.`tempat_penyimpanan`
FROM `data_penindakan_table`
JOIN `ukpd_table` ON `ukpd_table`.`id` = `data_penindakan_table`.`ukpd_id`
JOIN `jenis_kendaraan_table` ON `jenis_kendaraan_table`.`id` = `data_penindakan_table`.`jenis_kendaraan_id`
JOIN `jenis_penindakan_table` ON `jenis_penindakan_table`.`id` = `data_penindakan_table`.`jenis_penindakan_id`
JOIN `tempat_penyimpanan_table` ON `tempat_penyimpanan_table`.`id` = `data_penindakan_table`.`tempat_penyimpanan_id`
ORDER BY `data_penindakan_table`.`id` desc', [], false)
 5 SYSTEMPATH/Model.php(877): CodeIgniter\Database\BaseBuilder->get()
 6 APPPATH/Models/Admin/DataPenindakanModel.php(29): CodeIgniter\Model->__call('get', [])
 7 APPPATH/Controllers/Admin/DataPenindakanController.php(23): App\Models\Admin\DataPenindakanModel->getDataPenindakan()
 8 SYSTEMPATH/CodeIgniter.php(943): App\Controllers\Admin\DataPenindakanController->index()
 9 SYSTEMPATH/CodeIgniter.php(503): CodeIgniter\CodeIgniter->runController(Object(App\Controllers\Admin\DataPenindakanController))
10 SYSTEMPATH/CodeIgniter.php(361): CodeIgniter\CodeIgniter->handleRequest(null, Object(Config\Cache), false)
11 FCPATH/index.php(79): CodeIgniter\CodeIgniter->run()
12 SYSTEMPATH/Commands/Server/rewrite.php(47): require_once('/Volumes/mf480 - Data/sidak_angkot/public/index.php')
CRITICAL - 2024-08-01 08:10:31 --> ErrorException: Undefined property: stdClass::$jenis_penindakan
in APPPATH/Views/admin/data_penindakan_v.php on line 62.
 1 APPPATH/Views/admin/data_penindakan_v.php(62): CodeIgniter\Debug\Exceptions->errorHandler(8, 'Undefined property: stdClass::$jenis_penindakan', '/Volumes/mf480 - Data/sidak_angkot/app/Views/admin/data_penindakan_v.php', 62, [...])
 2 SYSTEMPATH/View/View.php(228): include('/Volumes/mf480 - Data/sidak_angkot/app/Views/admin/data_penindakan_v.php')
 3 SYSTEMPATH/View/View.php(231): CodeIgniter\View\View->CodeIgniter\View\{closure}()
 4 SYSTEMPATH/Common.php(1178): CodeIgniter\View\View->render('admin/data_penindakan_v', [], true)
 5 APPPATH/Controllers/Admin/DataPenindakanController.php(31): view('admin/data_penindakan_v', [...])
 6 SYSTEMPATH/CodeIgniter.php(943): App\Controllers\Admin\DataPenindakanController->index()
 7 SYSTEMPATH/CodeIgniter.php(503): CodeIgniter\CodeIgniter->runController(Object(App\Controllers\Admin\DataPenindakanController))
 8 SYSTEMPATH/CodeIgniter.php(361): CodeIgniter\CodeIgniter->handleRequest(null, Object(Config\Cache), false)
 9 FCPATH/index.php(79): CodeIgniter\CodeIgniter->run()
10 SYSTEMPATH/Commands/Server/rewrite.php(47): require_once('/Volumes/mf480 - Data/sidak_angkot/public/index.php')
INFO - 2024-08-01 08:10:47 --> Session: Class initialized using 'CodeIgniter\Session\Handlers\FileHandler' driver.
INFO - 2024-08-01 08:11:00 --> Session: Class initialized using 'CodeIgniter\Session\Handlers\FileHandler' driver.
INFO - 2024-08-01 08:11:56 --> Session: Class initialized using 'CodeIgniter\Session\Handlers\FileHandler' driver.
INFO - 2024-08-01 08:12:02 --> Session: Class initialized using 'CodeIgniter\Session\Handlers\FileHandler' driver.
INFO - 2024-08-01 08:12:10 --> Session: Class initialized using 'CodeIgniter\Session\Handlers\FileHandler' driver.
INFO - 2024-08-01 08:13:30 --> Session: Class initialized using 'CodeIgniter\Session\Handlers\FileHandler' driver.
INFO - 2024-08-01 08:13:49 --> Session: Class initialized using 'CodeIgniter\Session\Handlers\FileHandler' driver.
CRITICAL - 2024-08-01 08:14:38 --> ErrorException: Undefined property: stdClass::$nomor_bap
in APPPATH/Views/admin/data_penindakan_v.php on line 65.
 1 APPPATH/Views/admin/data_penindakan_v.php(65): CodeIgniter\Debug\Exceptions->errorHandler(8, 'Undefined property: stdClass::$nomor_bap', '/Volumes/mf480 - Data/sidak_angkot/app/Views/admin/data_penindakan_v.php', 65, [...])
 2 SYSTEMPATH/View/View.php(228): include('/Volumes/mf480 - Data/sidak_angkot/app/Views/admin/data_penindakan_v.php')
 3 SYSTEMPATH/View/View.php(231): CodeIgniter\View\View->CodeIgniter\View\{closure}()
 4 SYSTEMPATH/Common.php(1178): CodeIgniter\View\View->render('admin/data_penindakan_v', [], true)
 5 APPPATH/Controllers/Admin/DataPenindakanController.php(31): view('admin/data_penindakan_v', [...])
 6 SYSTEMPATH/CodeIgniter.php(943): App\Controllers\Admin\DataPenindakanController->index()
 7 SYSTEMPATH/CodeIgniter.php(503): CodeIgniter\CodeIgniter->runController(Object(App\Controllers\Admin\DataPenindakanController))
 8 SYSTEMPATH/CodeIgniter.php(361): CodeIgniter\CodeIgniter->handleRequest(null, Object(Config\Cache), false)
 9 FCPATH/index.php(79): CodeIgniter\CodeIgniter->run()
10 SYSTEMPATH/Commands/Server/rewrite.php(47): require_once('/Volumes/mf480 - Data/sidak_angkot/public/index.php')
INFO - 2024-08-01 08:14:53 --> Session: Class initialized using 'CodeIgniter\Session\Handlers\FileHandler' driver.
INFO - 2024-08-01 08:14:56 --> Session: Class initialized using 'CodeIgniter\Session\Handlers\FileHandler' driver.
INFO - 2024-08-01 08:15:07 --> Session: Class initialized using 'CodeIgniter\Session\Handlers\FileHandler' driver.
INFO - 2024-08-01 08:15:11 --> Session: Class initialized using 'CodeIgniter\Session\Handlers\FileHandler' driver.
CRITICAL - 2024-08-01 08:15:46 --> ErrorException: Trying to get property 'ukpd' of non-object
in APPPATH/Views/admin/detail_data_penindakan_v.php on line 38.
 1 APPPATH/Views/admin/detail_data_penindakan_v.php(38): CodeIgniter\Debug\Exceptions->errorHandler(8, 'Trying to get property \'ukpd\' of non-object', '/Volumes/mf480 - Data/sidak_angkot/app/Views/admin/detail_data_penindakan_v.php', 38, [...])
 2 SYSTEMPATH/View/View.php(228): include('/Volumes/mf480 - Data/sidak_angkot/app/Views/admin/detail_data_penindakan_v.php')
 3 SYSTEMPATH/View/View.php(231): CodeIgniter\View\View->CodeIgniter\View\{closure}()
 4 SYSTEMPATH/Common.php(1178): CodeIgniter\View\View->render('admin/detail_data_penindakan_v', [], true)
 5 APPPATH/Controllers/Admin/DataPenindakanController.php(44): view('admin/detail_data_penindakan_v', [...])
 6 SYSTEMPATH/CodeIgniter.php(943): App\Controllers\Admin\DataPenindakanController->views('008856')
 7 SYSTEMPATH/CodeIgniter.php(503): CodeIgniter\CodeIgniter->runController(Object(App\Controllers\Admin\DataPenindakanController))
 8 SYSTEMPATH/CodeIgniter.php(361): CodeIgniter\CodeIgniter->handleRequest(null, Object(Config\Cache), false)
 9 FCPATH/index.php(79): CodeIgniter\CodeIgniter->run()
10 SYSTEMPATH/Commands/Server/rewrite.php(47): require_once('/Volumes/mf480 - Data/sidak_angkot/public/index.php')
INFO - 2024-08-01 08:15:48 --> Session: Class initialized using 'CodeIgniter\Session\Handlers\FileHandler' driver.
INFO - 2024-08-01 08:15:50 --> Session: Class initialized using 'CodeIgniter\Session\Handlers\FileHandler' driver.
INFO - 2024-08-01 08:15:52 --> Session: Class initialized using 'CodeIgniter\Session\Handlers\FileHandler' driver.
INFO - 2024-08-01 08:17:03 --> Session: Class initialized using 'CodeIgniter\Session\Handlers\FileHandler' driver.
INFO - 2024-08-01 08:17:04 --> Session: Class initialized using 'CodeIgniter\Session\Handlers\FileHandler' driver.
CRITICAL - 2024-08-01 08:17:24 --> ErrorException: Undefined property: stdClass::$unit_regu
in APPPATH/Views/admin/detail_data_penindakan_v.php on line 48.
 1 APPPATH/Views/admin/detail_data_penindakan_v.php(48): CodeIgniter\Debug\Exceptions->errorHandler(8, 'Undefined property: stdClass::$unit_regu', '/Volumes/mf480 - Data/sidak_angkot/app/Views/admin/detail_data_penindakan_v.php', 48, [...])
 2 SYSTEMPATH/View/View.php(228): include('/Volumes/mf480 - Data/sidak_angkot/app/Views/admin/detail_data_penindakan_v.php')
 3 SYSTEMPATH/View/View.php(231): CodeIgniter\View\View->CodeIgniter\View\{closure}()
 4 SYSTEMPATH/Common.php(1178): CodeIgniter\View\View->render('admin/detail_data_penindakan_v', [], true)
 5 APPPATH/Controllers/Admin/DataPenindakanController.php(44): view('admin/detail_data_penindakan_v', [...])
 6 SYSTEMPATH/CodeIgniter.php(943): App\Controllers\Admin\DataPenindakanController->views('121')
 7 SYSTEMPATH/CodeIgniter.php(503): CodeIgniter\CodeIgniter->runController(Object(App\Controllers\Admin\DataPenindakanController))
 8 SYSTEMPATH/CodeIgniter.php(361): CodeIgniter\CodeIgniter->handleRequest(null, Object(Config\Cache), false)
 9 FCPATH/index.php(79): CodeIgniter\CodeIgniter->run()
10 SYSTEMPATH/Commands/Server/rewrite.php(47): require_once('/Volumes/mf480 - Data/sidak_angkot/public/index.php')
CRITICAL - 2024-08-01 08:17:52 --> ErrorException: Undefined property: stdClass::$nama_petugas
in APPPATH/Views/admin/detail_data_penindakan_v.php on line 53.
 1 APPPATH/Views/admin/detail_data_penindakan_v.php(53): CodeIgniter\Debug\Exceptions->errorHandler(8, 'Undefined property: stdClass::$nama_petugas', '/Volumes/mf480 - Data/sidak_angkot/app/Views/admin/detail_data_penindakan_v.php', 53, [...])
 2 SYSTEMPATH/View/View.php(228): include('/Volumes/mf480 - Data/sidak_angkot/app/Views/admin/detail_data_penindakan_v.php')
 3 SYSTEMPATH/View/View.php(231): CodeIgniter\View\View->CodeIgniter\View\{closure}()
 4 SYSTEMPATH/Common.php(1178): CodeIgniter\View\View->render('admin/detail_data_penindakan_v', [], true)
 5 APPPATH/Controllers/Admin/DataPenindakanController.php(44): view('admin/detail_data_penindakan_v', [...])
 6 SYSTEMPATH/CodeIgniter.php(943): App\Controllers\Admin\DataPenindakanController->views('121')
 7 SYSTEMPATH/CodeIgniter.php(503): CodeIgniter\CodeIgniter->runController(Object(App\Controllers\Admin\DataPenindakanController))
 8 SYSTEMPATH/CodeIgniter.php(361): CodeIgniter\CodeIgniter->handleRequest(null, Object(Config\Cache), false)
 9 FCPATH/index.php(79): CodeIgniter\CodeIgniter->run()
10 SYSTEMPATH/Commands/Server/rewrite.php(47): require_once('/Volumes/mf480 - Data/sidak_angkot/public/index.php')
CRITICAL - 2024-08-01 08:18:15 --> ErrorException: Undefined property: stdClass::$tanggal_sidang
in APPPATH/Views/admin/detail_data_penindakan_v.php on line 68.
 1 APPPATH/Views/admin/detail_data_penindakan_v.php(68): CodeIgniter\Debug\Exceptions->errorHandler(8, 'Undefined property: stdClass::$tanggal_sidang', '/Volumes/mf480 - Data/sidak_angkot/app/Views/admin/detail_data_penindakan_v.php', 68, [...])
 2 SYSTEMPATH/View/View.php(228): include('/Volumes/mf480 - Data/sidak_angkot/app/Views/admin/detail_data_penindakan_v.php')
 3 SYSTEMPATH/View/View.php(231): CodeIgniter\View\View->CodeIgniter\View\{closure}()
 4 SYSTEMPATH/Common.php(1178): CodeIgniter\View\View->render('admin/detail_data_penindakan_v', [], true)
 5 APPPATH/Controllers/Admin/DataPenindakanController.php(44): view('admin/detail_data_penindakan_v', [...])
 6 SYSTEMPATH/CodeIgniter.php(943): App\Controllers\Admin\DataPenindakanController->views('121')
 7 SYSTEMPATH/CodeIgniter.php(503): CodeIgniter\CodeIgniter->runController(Object(App\Controllers\Admin\DataPenindakanController))
 8 SYSTEMPATH/CodeIgniter.php(361): CodeIgniter\CodeIgniter->handleRequest(null, Object(Config\Cache), false)
 9 FCPATH/index.php(79): CodeIgniter\CodeIgniter->run()
10 SYSTEMPATH/Commands/Server/rewrite.php(47): require_once('/Volumes/mf480 - Data/sidak_angkot/public/index.php')
CRITICAL - 2024-08-01 08:18:28 --> ErrorException: Undefined property: stdClass::$jenis_pelanggaran
in APPPATH/Views/admin/detail_data_penindakan_v.php on line 77.
 1 APPPATH/Views/admin/detail_data_penindakan_v.php(77): CodeIgniter\Debug\Exceptions->errorHandler(8, 'Undefined property: stdClass::$jenis_pelanggaran', '/Volumes/mf480 - Data/sidak_angkot/app/Views/admin/detail_data_penindakan_v.php', 77, [...])
 2 SYSTEMPATH/View/View.php(228): include('/Volumes/mf480 - Data/sidak_angkot/app/Views/admin/detail_data_penindakan_v.php')
 3 SYSTEMPATH/View/View.php(231): CodeIgniter\View\View->CodeIgniter\View\{closure}()
 4 SYSTEMPATH/Common.php(1178): CodeIgniter\View\View->render('admin/detail_data_penindakan_v', [], true)
 5 APPPATH/Controllers/Admin/DataPenindakanController.php(44): view('admin/detail_data_penindakan_v', [...])
 6 SYSTEMPATH/CodeIgniter.php(943): App\Controllers\Admin\DataPenindakanController->views('121')
 7 SYSTEMPATH/CodeIgniter.php(503): CodeIgniter\CodeIgniter->runController(Object(App\Controllers\Admin\DataPenindakanController))
 8 SYSTEMPATH/CodeIgniter.php(361): CodeIgniter\CodeIgniter->handleRequest(null, Object(Config\Cache), false)
 9 FCPATH/index.php(79): CodeIgniter\CodeIgniter->run()
10 SYSTEMPATH/Commands/Server/rewrite.php(47): require_once('/Volumes/mf480 - Data/sidak_angkot/public/index.php')
CRITICAL - 2024-08-01 08:18:39 --> ErrorException: Undefined property: stdClass::$type_kendaraan
in APPPATH/Views/admin/detail_data_penindakan_v.php on line 83.
 1 APPPATH/Views/admin/detail_data_penindakan_v.php(83): CodeIgniter\Debug\Exceptions->errorHandler(8, 'Undefined property: stdClass::$type_kendaraan', '/Volumes/mf480 - Data/sidak_angkot/app/Views/admin/detail_data_penindakan_v.php', 83, [...])
 2 SYSTEMPATH/View/View.php(228): include('/Volumes/mf480 - Data/sidak_angkot/app/Views/admin/detail_data_penindakan_v.php')
 3 SYSTEMPATH/View/View.php(231): CodeIgniter\View\View->CodeIgniter\View\{closure}()
 4 SYSTEMPATH/Common.php(1178): CodeIgniter\View\View->render('admin/detail_data_penindakan_v', [], true)
 5 APPPATH/Controllers/Admin/DataPenindakanController.php(44): view('admin/detail_data_penindakan_v', [...])
 6 SYSTEMPATH/CodeIgniter.php(943): App\Controllers\Admin\DataPenindakanController->views('121')
 7 SYSTEMPATH/CodeIgniter.php(503): CodeIgniter\CodeIgniter->runController(Object(App\Controllers\Admin\DataPenindakanController))
 8 SYSTEMPATH/CodeIgniter.php(361): CodeIgniter\CodeIgniter->handleRequest(null, Object(Config\Cache), false)
 9 FCPATH/index.php(79): CodeIgniter\CodeIgniter->run()
10 SYSTEMPATH/Commands/Server/rewrite.php(47): require_once('/Volumes/mf480 - Data/sidak_angkot/public/index.php')
CRITICAL - 2024-08-01 08:18:55 --> ErrorException: Undefined property: stdClass::$kode_trayek
in APPPATH/Views/admin/detail_data_penindakan_v.php on line 98.
 1 APPPATH/Views/admin/detail_data_penindakan_v.php(98): CodeIgniter\Debug\Exceptions->errorHandler(8, 'Undefined property: stdClass::$kode_trayek', '/Volumes/mf480 - Data/sidak_angkot/app/Views/admin/detail_data_penindakan_v.php', 98, [...])
 2 SYSTEMPATH/View/View.php(228): include('/Volumes/mf480 - Data/sidak_angkot/app/Views/admin/detail_data_penindakan_v.php')
 3 SYSTEMPATH/View/View.php(231): CodeIgniter\View\View->CodeIgniter\View\{closure}()
 4 SYSTEMPATH/Common.php(1178): CodeIgniter\View\View->render('admin/detail_data_penindakan_v', [], true)
 5 APPPATH/Controllers/Admin/DataPenindakanController.php(44): view('admin/detail_data_penindakan_v', [...])
 6 SYSTEMPATH/CodeIgniter.php(943): App\Controllers\Admin\DataPenindakanController->views('121')
 7 SYSTEMPATH/CodeIgniter.php(503): CodeIgniter\CodeIgniter->runController(Object(App\Controllers\Admin\DataPenindakanController))
 8 SYSTEMPATH/CodeIgniter.php(361): CodeIgniter\CodeIgniter->handleRequest(null, Object(Config\Cache), false)
 9 FCPATH/index.php(79): CodeIgniter\CodeIgniter->run()
10 SYSTEMPATH/Commands/Server/rewrite.php(47): require_once('/Volumes/mf480 - Data/sidak_angkot/public/index.php')
CRITICAL - 2024-08-01 08:19:07 --> ErrorException: Undefined property: stdClass::$lokasi_penindakan
in APPPATH/Views/admin/detail_data_penindakan_v.php on line 107.
 1 APPPATH/Views/admin/detail_data_penindakan_v.php(107): CodeIgniter\Debug\Exceptions->errorHandler(8, 'Undefined property: stdClass::$lokasi_penindakan', '/Volumes/mf480 - Data/sidak_angkot/app/Views/admin/detail_data_penindakan_v.php', 107, [...])
 2 SYSTEMPATH/View/View.php(228): include('/Volumes/mf480 - Data/sidak_angkot/app/Views/admin/detail_data_penindakan_v.php')
 3 SYSTEMPATH/View/View.php(231): CodeIgniter\View\View->CodeIgniter\View\{closure}()
 4 SYSTEMPATH/Common.php(1178): CodeIgniter\View\View->render('admin/detail_data_penindakan_v', [], true)
 5 APPPATH/Controllers/Admin/DataPenindakanController.php(44): view('admin/detail_data_penindakan_v', [...])
 6 SYSTEMPATH/CodeIgniter.php(943): App\Controllers\Admin\DataPenindakanController->views('121')
 7 SYSTEMPATH/CodeIgniter.php(503): CodeIgniter\CodeIgniter->runController(Object(App\Controllers\Admin\DataPenindakanController))
 8 SYSTEMPATH/CodeIgniter.php(361): CodeIgniter\CodeIgniter->handleRequest(null, Object(Config\Cache), false)
 9 FCPATH/index.php(79): CodeIgniter\CodeIgniter->run()
10 SYSTEMPATH/Commands/Server/rewrite.php(47): require_once('/Volumes/mf480 - Data/sidak_angkot/public/index.php')
CRITICAL - 2024-08-01 08:19:25 --> ErrorException: Undefined property: stdClass::$nama_pemilik
in APPPATH/Views/admin/detail_data_penindakan_v.php on line 114.
 1 APPPATH/Views/admin/detail_data_penindakan_v.php(114): CodeIgniter\Debug\Exceptions->errorHandler(8, 'Undefined property: stdClass::$nama_pemilik', '/Volumes/mf480 - Data/sidak_angkot/app/Views/admin/detail_data_penindakan_v.php', 114, [...])
 2 SYSTEMPATH/View/View.php(228): include('/Volumes/mf480 - Data/sidak_angkot/app/Views/admin/detail_data_penindakan_v.php')
 3 SYSTEMPATH/View/View.php(231): CodeIgniter\View\View->CodeIgniter\View\{closure}()
 4 SYSTEMPATH/Common.php(1178): CodeIgniter\View\View->render('admin/detail_data_penindakan_v', [], true)
 5 APPPATH/Controllers/Admin/DataPenindakanController.php(44): view('admin/detail_data_penindakan_v', [...])
 6 SYSTEMPATH/CodeIgniter.php(943): App\Controllers\Admin\DataPenindakanController->views('121')
 7 SYSTEMPATH/CodeIgniter.php(503): CodeIgniter\CodeIgniter->runController(Object(App\Controllers\Admin\DataPenindakanController))
 8 SYSTEMPATH/CodeIgniter.php(361): CodeIgniter\CodeIgniter->handleRequest(null, Object(Config\Cache), false)
 9 FCPATH/index.php(79): CodeIgniter\CodeIgniter->run()
10 SYSTEMPATH/Commands/Server/rewrite.php(47): require_once('/Volumes/mf480 - Data/sidak_angkot/public/index.php')
CRITICAL - 2024-08-01 08:19:35 --> ErrorException: Undefined property: stdClass::$alamat_pemilik_kendaraan
in APPPATH/Views/admin/detail_data_penindakan_v.php on line 119.
 1 APPPATH/Views/admin/detail_data_penindakan_v.php(119): CodeIgniter\Debug\Exceptions->errorHandler(8, 'Undefined property: stdClass::$alamat_pemilik_kendaraan', '/Volumes/mf480 - Data/sidak_angkot/app/Views/admin/detail_data_penindakan_v.php', 119, [...])
 2 SYSTEMPATH/View/View.php(228): include('/Volumes/mf480 - Data/sidak_angkot/app/Views/admin/detail_data_penindakan_v.php')
 3 SYSTEMPATH/View/View.php(231): CodeIgniter\View\View->CodeIgniter\View\{closure}()
 4 SYSTEMPATH/Common.php(1178): CodeIgniter\View\View->render('admin/detail_data_penindakan_v', [], true)
 5 APPPATH/Controllers/Admin/DataPenindakanController.php(44): view('admin/detail_data_penindakan_v', [...])
 6 SYSTEMPATH/CodeIgniter.php(943): App\Controllers\Admin\DataPenindakanController->views('121')
 7 SYSTEMPATH/CodeIgniter.php(503): CodeIgniter\CodeIgniter->runController(Object(App\Controllers\Admin\DataPenindakanController))
 8 SYSTEMPATH/CodeIgniter.php(361): CodeIgniter\CodeIgniter->handleRequest(null, Object(Config\Cache), false)
 9 FCPATH/index.php(79): CodeIgniter\CodeIgniter->run()
10 SYSTEMPATH/Commands/Server/rewrite.php(47): require_once('/Volumes/mf480 - Data/sidak_angkot/public/index.php')
INFO - 2024-08-01 08:19:45 --> Session: Class initialized using 'CodeIgniter\Session\Handlers\FileHandler' driver.
CRITICAL - 2024-08-01 08:20:28 --> ErrorException: Undefined property: stdClass::$lokasi_sidang
in APPPATH/Views/admin/detail_data_penindakan_v.php on line 73.
 1 APPPATH/Views/admin/detail_data_penindakan_v.php(73): CodeIgniter\Debug\Exceptions->errorHandler(8, 'Undefined property: stdClass::$lokasi_sidang', '/Volumes/mf480 - Data/sidak_angkot/app/Views/admin/detail_data_penindakan_v.php', 73, [...])
 2 SYSTEMPATH/View/View.php(228): include('/Volumes/mf480 - Data/sidak_angkot/app/Views/admin/detail_data_penindakan_v.php')
 3 SYSTEMPATH/View/View.php(231): CodeIgniter\View\View->CodeIgniter\View\{closure}()
 4 SYSTEMPATH/Common.php(1178): CodeIgniter\View\View->render('admin/detail_data_penindakan_v', [], true)
 5 APPPATH/Controllers/Admin/DataPenindakanController.php(44): view('admin/detail_data_penindakan_v', [...])
 6 SYSTEMPATH/CodeIgniter.php(943): App\Controllers\Admin\DataPenindakanController->views('121')
 7 SYSTEMPATH/CodeIgniter.php(503): CodeIgniter\CodeIgniter->runController(Object(App\Controllers\Admin\DataPenindakanController))
 8 SYSTEMPATH/CodeIgniter.php(361): CodeIgniter\CodeIgniter->handleRequest(null, Object(Config\Cache), false)
 9 FCPATH/index.php(79): CodeIgniter\CodeIgniter->run()
10 SYSTEMPATH/Commands/Server/rewrite.php(47): require_once('/Volumes/mf480 - Data/sidak_angkot/public/index.php')
INFO - 2024-08-01 08:20:40 --> Session: Class initialized using 'CodeIgniter\Session\Handlers\FileHandler' driver.
INFO - 2024-08-01 08:21:56 --> Session: Class initialized using 'CodeIgniter\Session\Handlers\FileHandler' driver.
INFO - 2024-08-01 08:22:00 --> Session: Class initialized using 'CodeIgniter\Session\Handlers\FileHandler' driver.
INFO - 2024-08-01 08:22:03 --> Session: Class initialized using 'CodeIgniter\Session\Handlers\FileHandler' driver.
INFO - 2024-08-01 08:22:08 --> Session: Class initialized using 'CodeIgniter\Session\Handlers\FileHandler' driver.
INFO - 2024-08-01 08:22:58 --> Session: Class initialized using 'CodeIgniter\Session\Handlers\FileHandler' driver.
INFO - 2024-08-01 08:23:04 --> Session: Class initialized using 'CodeIgniter\Session\Handlers\FileHandler' driver.
INFO - 2024-08-01 08:23:11 --> Session: Class initialized using 'CodeIgniter\Session\Handlers\FileHandler' driver.
INFO - 2024-08-01 08:23:38 --> Session: Class initialized using 'CodeIgniter\Session\Handlers\FileHandler' driver.
INFO - 2024-08-01 08:24:29 --> Session: Class initialized using 'CodeIgniter\Session\Handlers\FileHandler' driver.
INFO - 2024-08-01 08:24:30 --> Session: Class initialized using 'CodeIgniter\Session\Handlers\FileHandler' driver.
INFO - 2024-08-01 08:24:35 --> Session: Class initialized using 'CodeIgniter\Session\Handlers\FileHandler' driver.
INFO - 2024-08-01 08:24:43 --> Session: Class initialized using 'CodeIgniter\Session\Handlers\FileHandler' driver.
INFO - 2024-08-01 08:24:52 --> Session: Class initialized using 'CodeIgniter\Session\Handlers\FileHandler' driver.
INFO - 2024-08-01 08:25:25 --> Session: Class initialized using 'CodeIgniter\Session\Handlers\FileHandler' driver.
INFO - 2024-08-01 08:25:43 --> Session: Class initialized using 'CodeIgniter\Session\Handlers\FileHandler' driver.
INFO - 2024-08-01 08:26:47 --> Session: Class initialized using 'CodeIgniter\Session\Handlers\FileHandler' driver.
INFO - 2024-08-01 08:27:11 --> Session: Class initialized using 'CodeIgniter\Session\Handlers\FileHandler' driver.
INFO - 2024-08-01 08:27:23 --> Session: Class initialized using 'CodeIgniter\Session\Handlers\FileHandler' driver.
INFO - 2024-08-01 08:27:31 --> Session: Class initialized using 'CodeIgniter\Session\Handlers\FileHandler' driver.
INFO - 2024-08-01 08:28:30 --> Session: Class initialized using 'CodeIgniter\Session\Handlers\FileHandler' driver.
INFO - 2024-08-01 08:31:25 --> Session: Class initialized using 'CodeIgniter\Session\Handlers\FileHandler' driver.
INFO - 2024-08-01 08:32:22 --> Session: Class initialized using 'CodeIgniter\Session\Handlers\FileHandler' driver.
CRITICAL - 2024-08-01 08:32:26 --> ErrorException: Trying to get property 'id' of non-object
in APPPATH/Controllers/Admin/DataPenindakanController.php on line 71.
 1 APPPATH/Controllers/Admin/DataPenindakanController.php(71): CodeIgniter\Debug\Exceptions->errorHandler(8, 'Trying to get property \'id\' of non-object', '/Volumes/mf480 - Data/sidak_angkot/app/Controllers/Admin/DataPenindakanController.php', 71, [...])
 2 SYSTEMPATH/CodeIgniter.php(943): App\Controllers\Admin\DataPenindakanController->delete()
 3 SYSTEMPATH/CodeIgniter.php(503): CodeIgniter\CodeIgniter->runController(Object(App\Controllers\Admin\DataPenindakanController))
 4 SYSTEMPATH/CodeIgniter.php(361): CodeIgniter\CodeIgniter->handleRequest(null, Object(Config\Cache), false)
 5 FCPATH/index.php(79): CodeIgniter\CodeIgniter->run()
 6 SYSTEMPATH/Commands/Server/rewrite.php(47): require_once('/Volumes/mf480 - Data/sidak_angkot/public/index.php')
INFO - 2024-08-01 08:32:32 --> Session: Class initialized using 'CodeIgniter\Session\Handlers\FileHandler' driver.
INFO - 2024-08-01 08:32:55 --> Session: Class initialized using 'CodeIgniter\Session\Handlers\FileHandler' driver.
CRITICAL - 2024-08-01 08:33:00 --> ErrorException: Trying to get property 'id' of non-object
in APPPATH/Controllers/Admin/DataPenindakanController.php on line 71.
 1 APPPATH/Controllers/Admin/DataPenindakanController.php(71): CodeIgniter\Debug\Exceptions->errorHandler(8, 'Trying to get property \'id\' of non-object', '/Volumes/mf480 - Data/sidak_angkot/app/Controllers/Admin/DataPenindakanController.php', 71, [...])
 2 SYSTEMPATH/CodeIgniter.php(943): App\Controllers\Admin\DataPenindakanController->delete()
 3 SYSTEMPATH/CodeIgniter.php(503): CodeIgniter\CodeIgniter->runController(Object(App\Controllers\Admin\DataPenindakanController))
 4 SYSTEMPATH/CodeIgniter.php(361): CodeIgniter\CodeIgniter->handleRequest(null, Object(Config\Cache), false)
 5 FCPATH/index.php(79): CodeIgniter\CodeIgniter->run()
 6 SYSTEMPATH/Commands/Server/rewrite.php(47): require_once('/Volumes/mf480 - Data/sidak_angkot/public/index.php')
INFO - 2024-08-01 08:33:57 --> Session: Class initialized using 'CodeIgniter\Session\Handlers\FileHandler' driver.
INFO - 2024-08-01 08:34:41 --> Session: Class initialized using 'CodeIgniter\Session\Handlers\FileHandler' driver.
INFO - 2024-08-01 08:34:48 --> Session: Class initialized using 'CodeIgniter\Session\Handlers\FileHandler' driver.
INFO - 2024-08-01 08:35:06 --> Session: Class initialized using 'CodeIgniter\Session\Handlers\FileHandler' driver.
INFO - 2024-08-01 08:35:29 --> Session: Class initialized using 'CodeIgniter\Session\Handlers\FileHandler' driver.
INFO - 2024-08-01 08:36:09 --> Session: Class initialized using 'CodeIgniter\Session\Handlers\FileHandler' driver.
INFO - 2024-08-01 08:37:39 --> Session: Class initialized using 'CodeIgniter\Session\Handlers\FileHandler' driver.
INFO - 2024-08-01 08:38:09 --> Session: Class initialized using 'CodeIgniter\Session\Handlers\FileHandler' driver.
INFO - 2024-08-01 08:38:20 --> Session: Class initialized using 'CodeIgniter\Session\Handlers\FileHandler' driver.
INFO - 2024-08-01 08:41:08 --> Session: Class initialized using 'CodeIgniter\Session\Handlers\FileHandler' driver.
INFO - 2024-08-01 08:42:28 --> Session: Class initialized using 'CodeIgniter\Session\Handlers\FileHandler' driver.
INFO - 2024-08-01 08:42:50 --> Session: Class initialized using 'CodeIgniter\Session\Handlers\FileHandler' driver.
INFO - 2024-08-01 08:43:25 --> Session: Class initialized using 'CodeIgniter\Session\Handlers\FileHandler' driver.
INFO - 2024-08-01 08:43:51 --> Session: Class initialized using 'CodeIgniter\Session\Handlers\FileHandler' driver.
INFO - 2024-08-01 08:44:06 --> Session: Class initialized using 'CodeIgniter\Session\Handlers\FileHandler' driver.
INFO - 2024-08-01 08:44:13 --> Session: Class initialized using 'CodeIgniter\Session\Handlers\FileHandler' driver.
INFO - 2024-08-01 08:44:33 --> Session: Class initialized using 'CodeIgniter\Session\Handlers\FileHandler' driver.
INFO - 2024-08-01 08:44:52 --> Session: Class initialized using 'CodeIgniter\Session\Handlers\FileHandler' driver.
INFO - 2024-08-01 08:45:09 --> Session: Class initialized using 'CodeIgniter\Session\Handlers\FileHandler' driver.
INFO - 2024-08-01 08:45:23 --> Session: Class initialized using 'CodeIgniter\Session\Handlers\FileHandler' driver.
INFO - 2024-08-01 08:46:58 --> Session: Class initialized using 'CodeIgniter\Session\Handlers\FileHandler' driver.
INFO - 2024-08-01 08:47:52 --> Session: Class initialized using 'CodeIgniter\Session\Handlers\FileHandler' driver.
INFO - 2024-08-01 08:48:36 --> Session: Class initialized using 'CodeIgniter\Session\Handlers\FileHandler' driver.
INFO - 2024-08-01 08:48:40 --> Session: Class initialized using 'CodeIgniter\Session\Handlers\FileHandler' driver.
INFO - 2024-08-01 08:48:50 --> Session: Class initialized using 'CodeIgniter\Session\Handlers\FileHandler' driver.
INFO - 2024-08-01 08:49:03 --> Session: Class initialized using 'CodeIgniter\Session\Handlers\FileHandler' driver.
INFO - 2024-08-01 08:49:26 --> Session: Class initialized using 'CodeIgniter\Session\Handlers\FileHandler' driver.
INFO - 2024-08-01 08:50:03 --> Session: Class initialized using 'CodeIgniter\Session\Handlers\FileHandler' driver.
INFO - 2024-08-01 08:50:27 --> Session: Class initialized using 'CodeIgniter\Session\Handlers\FileHandler' driver.
INFO - 2024-08-01 08:51:22 --> Session: Class initialized using 'CodeIgniter\Session\Handlers\FileHandler' driver.
INFO - 2024-08-01 08:51:39 --> Session: Class initialized using 'CodeIgniter\Session\Handlers\FileHandler' driver.
INFO - 2024-08-01 08:52:18 --> Session: Class initialized using 'CodeIgniter\Session\Handlers\FileHandler' driver.
INFO - 2024-08-01 08:52:29 --> Session: Class initialized using 'CodeIgniter\Session\Handlers\FileHandler' driver.
INFO - 2024-08-01 08:52:43 --> Session: Class initialized using 'CodeIgniter\Session\Handlers\FileHandler' driver.
INFO - 2024-08-01 08:52:58 --> Session: Class initialized using 'CodeIgniter\Session\Handlers\FileHandler' driver.
INFO - 2024-08-01 15:54:52 --> Session: Class initialized using 'CodeIgniter\Session\Handlers\FileHandler' driver.
INFO - 2024-08-01 15:54:58 --> Session: Class initialized using 'CodeIgniter\Session\Handlers\FileHandler' driver.
INFO - 2024-08-01 15:56:36 --> Session: Class initialized using 'CodeIgniter\Session\Handlers\FileHandler' driver.
INFO - 2024-08-01 15:56:54 --> Session: Class initialized using 'CodeIgniter\Session\Handlers\FileHandler' driver.
INFO - 2024-08-01 15:56:56 --> Session: Class initialized using 'CodeIgniter\Session\Handlers\FileHandler' driver.
INFO - 2024-08-01 16:00:52 --> Session: Class initialized using 'CodeIgniter\Session\Handlers\FileHandler' driver.
INFO - 2024-08-01 16:01:12 --> Session: Class initialized using 'CodeIgniter\Session\Handlers\FileHandler' driver.
INFO - 2024-08-01 16:03:35 --> Session: Class initialized using 'CodeIgniter\Session\Handlers\FileHandler' driver.
INFO - 2024-08-01 16:03:56 --> Session: Class initialized using 'CodeIgniter\Session\Handlers\FileHandler' driver.
INFO - 2024-08-01 16:04:38 --> Session: Class initialized using 'CodeIgniter\Session\Handlers\FileHandler' driver.
INFO - 2024-08-01 16:05:18 --> Session: Class initialized using 'CodeIgniter\Session\Handlers\FileHandler' driver.
INFO - 2024-08-01 16:06:17 --> Session: Class initialized using 'CodeIgniter\Session\Handlers\FileHandler' driver.
INFO - 2024-08-01 16:07:14 --> Session: Class initialized using 'CodeIgniter\Session\Handlers\FileHandler' driver.
INFO - 2024-08-01 16:08:40 --> Session: Class initialized using 'CodeIgniter\Session\Handlers\FileHandler' driver.
INFO - 2024-08-01 16:11:02 --> Session: Class initialized using 'CodeIgniter\Session\Handlers\FileHandler' driver.
INFO - 2024-08-01 16:11:31 --> Session: Class initialized using 'CodeIgniter\Session\Handlers\FileHandler' driver.
INFO - 2024-08-01 16:12:15 --> Session: Class initialized using 'CodeIgniter\Session\Handlers\FileHandler' driver.
INFO - 2024-08-01 16:13:25 --> Session: Class initialized using 'CodeIgniter\Session\Handlers\FileHandler' driver.
INFO - 2024-08-01 16:13:59 --> Session: Class initialized using 'CodeIgniter\Session\Handlers\FileHandler' driver.
INFO - 2024-08-01 16:14:30 --> Session: Class initialized using 'CodeIgniter\Session\Handlers\FileHandler' driver.
INFO - 2024-08-01 16:14:42 --> Session: Class initialized using 'CodeIgniter\Session\Handlers\FileHandler' driver.
INFO - 2024-08-01 16:15:09 --> Session: Class initialized using 'CodeIgniter\Session\Handlers\FileHandler' driver.
INFO - 2024-08-01 16:16:18 --> Session: Class initialized using 'CodeIgniter\Session\Handlers\FileHandler' driver.
INFO - 2024-08-01 16:16:43 --> Session: Class initialized using 'CodeIgniter\Session\Handlers\FileHandler' driver.
INFO - 2024-08-01 16:17:18 --> Session: Class initialized using 'CodeIgniter\Session\Handlers\FileHandler' driver.
INFO - 2024-08-01 16:17:32 --> Session: Class initialized using 'CodeIgniter\Session\Handlers\FileHandler' driver.
INFO - 2024-08-01 16:18:03 --> Session: Class initialized using 'CodeIgniter\Session\Handlers\FileHandler' driver.
INFO - 2024-08-01 16:19:22 --> Session: Class initialized using 'CodeIgniter\Session\Handlers\FileHandler' driver.
INFO - 2024-08-01 16:21:47 --> Session: Class initialized using 'CodeIgniter\Session\Handlers\FileHandler' driver.
CRITICAL - 2024-08-01 16:23:41 --> ErrorException: Undefined variable: jenis_penindakan
in APPPATH/Views/admin/data_penindakan_v.php on line 223.
 1 APPPATH/Views/admin/data_penindakan_v.php(223): CodeIgniter\Debug\Exceptions->errorHandler(8, 'Undefined variable: jenis_penindakan', '/Volumes/mf480 - Data/sidak_angkot/app/Views/admin/data_penindakan_v.php', 223, [...])
 2 SYSTEMPATH/View/View.php(228): include('/Volumes/mf480 - Data/sidak_angkot/app/Views/admin/data_penindakan_v.php')
 3 SYSTEMPATH/View/View.php(231): CodeIgniter\View\View->CodeIgniter\View\{closure}()
 4 SYSTEMPATH/Common.php(1178): CodeIgniter\View\View->render('admin/data_penindakan_v', [], true)
 5 APPPATH/Controllers/Admin/DataPenindakanController.php(39): view('admin/data_penindakan_v', [...])
 6 SYSTEMPATH/CodeIgniter.php(943): App\Controllers\Admin\DataPenindakanController->index()
 7 SYSTEMPATH/CodeIgniter.php(503): CodeIgniter\CodeIgniter->runController(Object(App\Controllers\Admin\DataPenindakanController))
 8 SYSTEMPATH/CodeIgniter.php(361): CodeIgniter\CodeIgniter->handleRequest(null, Object(Config\Cache), false)
 9 FCPATH/index.php(79): CodeIgniter\CodeIgniter->run()
10 SYSTEMPATH/Commands/Server/rewrite.php(47): require_once('/Volumes/mf480 - Data/sidak_angkot/public/index.php')
INFO - 2024-08-01 16:24:41 --> Session: Class initialized using 'CodeIgniter\Session\Handlers\FileHandler' driver.
INFO - 2024-08-01 16:26:59 --> Session: Class initialized using 'CodeIgniter\Session\Handlers\FileHandler' driver.
INFO - 2024-08-01 16:28:03 --> Session: Class initialized using 'CodeIgniter\Session\Handlers\FileHandler' driver.
INFO - 2024-08-01 16:30:31 --> Session: Class initialized using 'CodeIgniter\Session\Handlers\FileHandler' driver.
INFO - 2024-08-01 16:31:12 --> Session: Class initialized using 'CodeIgniter\Session\Handlers\FileHandler' driver.
INFO - 2024-08-01 16:32:29 --> Session: Class initialized using 'CodeIgniter\Session\Handlers\FileHandler' driver.
INFO - 2024-08-01 16:32:59 --> Session: Class initialized using 'CodeIgniter\Session\Handlers\FileHandler' driver.
INFO - 2024-08-01 16:34:57 --> Session: Class initialized using 'CodeIgniter\Session\Handlers\FileHandler' driver.
INFO - 2024-08-01 16:35:21 --> Session: Class initialized using 'CodeIgniter\Session\Handlers\FileHandler' driver.
INFO - 2024-08-01 16:46:57 --> Session: Class initialized using 'CodeIgniter\Session\Handlers\FileHandler' driver.
INFO - 2024-08-01 16:49:03 --> Session: Class initialized using 'CodeIgniter\Session\Handlers\FileHandler' driver.
