CRITICAL - 2024-07-31 17:08:19 --> CodeIgniter\View\Exceptions\ViewException: Invalid file: "admin/ukpd.php"
in SYSTEMPATH/Exceptions/FrameworkException.php on line 39.
 1 SYSTEMPATH/View/View.php(216): CodeIgniter\Exceptions\FrameworkException::forInvalidFile('admin/ukpd.php')
 2 SYSTEMPATH/Common.php(1178): CodeIgniter\View\View->render('admin/ukpd', [], true)
 3 APPPATH/Controllers/Admin/UkpdController.php(27): view('admin/ukpd', [...])
 4 SYSTEMPATH/CodeIgniter.php(943): App\Controllers\Admin\UkpdController->index()
 5 SYSTEMPATH/CodeIgniter.php(503): CodeIgniter\CodeIgniter->runController(Object(App\Controllers\Admin\UkpdController))
 6 SYSTEMPATH/CodeIgniter.php(361): CodeIgniter\CodeIgniter->handleRequest(null, Object(Config\Cache), false)
 7 FCPATH/index.php(79): CodeIgniter\CodeIgniter->run()
 8 SYSTEMPATH/Commands/Server/rewrite.php(47): require_once('/Volumes/mf480 - Data/sidak_angkot/public/index.php')
INFO - 2024-07-31 17:09:38 --> Session: Class initialized using 'CodeIgniter\Session\Handlers\FileHandler' driver.
INFO - 2024-07-31 17:10:01 --> Session: Class initialized using 'CodeIgniter\Session\Handlers\FileHandler' driver.
INFO - 2024-07-31 17:10:09 --> Session: Class initialized using 'CodeIgniter\Session\Handlers\FileHandler' driver.
INFO - 2024-07-31 17:11:19 --> Session: Class initialized using 'CodeIgniter\Session\Handlers\FileHandler' driver.
INFO - 2024-07-31 17:12:17 --> Session: Class initialized using 'CodeIgniter\Session\Handlers\FileHandler' driver.
INFO - 2024-07-31 17:12:54 --> Session: Class initialized using 'CodeIgniter\Session\Handlers\FileHandler' driver.
INFO - 2024-07-31 17:13:27 --> Session: Class initialized using 'CodeIgniter\Session\Handlers\FileHandler' driver.
INFO - 2024-07-31 17:13:59 --> Session: Class initialized using 'CodeIgniter\Session\Handlers\FileHandler' driver.
INFO - 2024-07-31 17:14:14 --> Session: Class initialized using 'CodeIgniter\Session\Handlers\FileHandler' driver.
INFO - 2024-07-31 17:14:32 --> Session: Class initialized using 'CodeIgniter\Session\Handlers\FileHandler' driver.
INFO - 2024-07-31 17:15:04 --> Session: Class initialized using 'CodeIgniter\Session\Handlers\FileHandler' driver.
INFO - 2024-07-31 17:15:24 --> Session: Class initialized using 'CodeIgniter\Session\Handlers\FileHandler' driver.
INFO - 2024-07-31 17:15:43 --> Session: Class initialized using 'CodeIgniter\Session\Handlers\FileHandler' driver.
INFO - 2024-07-31 17:16:09 --> Session: Class initialized using 'CodeIgniter\Session\Handlers\FileHandler' driver.
INFO - 2024-07-31 17:16:36 --> Session: Class initialized using 'CodeIgniter\Session\Handlers\FileHandler' driver.
INFO - 2024-07-31 17:19:59 --> Session: Class initialized using 'CodeIgniter\Session\Handlers\FileHandler' driver.
INFO - 2024-07-31 17:20:21 --> Session: Class initialized using 'CodeIgniter\Session\Handlers\FileHandler' driver.
INFO - 2024-07-31 17:22:05 --> Session: Class initialized using 'CodeIgniter\Session\Handlers\FileHandler' driver.
INFO - 2024-07-31 17:22:29 --> Session: Class initialized using 'CodeIgniter\Session\Handlers\FileHandler' driver.
INFO - 2024-07-31 17:22:39 --> Session: Class initialized using 'CodeIgniter\Session\Handlers\FileHandler' driver.
CRITICAL - 2024-07-31 17:23:28 --> ErrorException: Undefined variable: materi_belajar
in APPPATH/Views/admin/ukpd_v.php on line 50.
 1 APPPATH/Views/admin/ukpd_v.php(50): CodeIgniter\Debug\Exceptions->errorHandler(8, 'Undefined variable: materi_belajar', '/Volumes/mf480 - Data/sidak_angkot/app/Views/admin/ukpd_v.php', 50, [...])
 2 SYSTEMPATH/View/View.php(228): include('/Volumes/mf480 - Data/sidak_angkot/app/Views/admin/ukpd_v.php')
 3 SYSTEMPATH/View/View.php(231): CodeIgniter\View\View->CodeIgniter\View\{closure}()
 4 SYSTEMPATH/Common.php(1178): CodeIgniter\View\View->render('admin/ukpd_v', [], true)
 5 APPPATH/Controllers/Admin/UkpdController.php(27): view('admin/ukpd_v', [...])
 6 SYSTEMPATH/CodeIgniter.php(943): App\Controllers\Admin\UkpdController->index()
 7 SYSTEMPATH/CodeIgniter.php(503): CodeIgniter\CodeIgniter->runController(Object(App\Controllers\Admin\UkpdController))
 8 SYSTEMPATH/CodeIgniter.php(361): CodeIgniter\CodeIgniter->handleRequest(null, Object(Config\Cache), false)
 9 FCPATH/index.php(79): CodeIgniter\CodeIgniter->run()
10 SYSTEMPATH/Commands/Server/rewrite.php(47): require_once('/Volumes/mf480 - Data/sidak_angkot/public/index.php')
CRITICAL - 2024-07-31 17:24:06 --> ErrorException: Undefined variable: materi_belajar
in APPPATH/Views/admin/ukpd_v.php on line 50.
 1 APPPATH/Views/admin/ukpd_v.php(50): CodeIgniter\Debug\Exceptions->errorHandler(8, 'Undefined variable: materi_belajar', '/Volumes/mf480 - Data/sidak_angkot/app/Views/admin/ukpd_v.php', 50, [...])
 2 SYSTEMPATH/View/View.php(228): include('/Volumes/mf480 - Data/sidak_angkot/app/Views/admin/ukpd_v.php')
 3 SYSTEMPATH/View/View.php(231): CodeIgniter\View\View->CodeIgniter\View\{closure}()
 4 SYSTEMPATH/Common.php(1178): CodeIgniter\View\View->render('admin/ukpd_v', [], true)
 5 APPPATH/Controllers/Admin/UkpdController.php(27): view('admin/ukpd_v', [...])
 6 SYSTEMPATH/CodeIgniter.php(943): App\Controllers\Admin\UkpdController->index()
 7 SYSTEMPATH/CodeIgniter.php(503): CodeIgniter\CodeIgniter->runController(Object(App\Controllers\Admin\UkpdController))
 8 SYSTEMPATH/CodeIgniter.php(361): CodeIgniter\CodeIgniter->handleRequest(null, Object(Config\Cache), false)
 9 FCPATH/index.php(79): CodeIgniter\CodeIgniter->run()
10 SYSTEMPATH/Commands/Server/rewrite.php(47): require_once('/Volumes/mf480 - Data/sidak_angkot/public/index.php')
INFO - 2024-07-31 17:24:43 --> Session: Class initialized using 'CodeIgniter\Session\Handlers\FileHandler' driver.
INFO - 2024-07-31 17:25:13 --> Session: Class initialized using 'CodeIgniter\Session\Handlers\FileHandler' driver.
INFO - 2024-07-31 17:25:19 --> Session: Class initialized using 'CodeIgniter\Session\Handlers\FileHandler' driver.
INFO - 2024-07-31 17:25:27 --> Session: Class initialized using 'CodeIgniter\Session\Handlers\FileHandler' driver.
INFO - 2024-07-31 17:26:58 --> Session: Class initialized using 'CodeIgniter\Session\Handlers\FileHandler' driver.
INFO - 2024-07-31 17:27:27 --> Session: Class initialized using 'CodeIgniter\Session\Handlers\FileHandler' driver.
INFO - 2024-07-31 17:28:02 --> Session: Class initialized using 'CodeIgniter\Session\Handlers\FileHandler' driver.
INFO - 2024-07-31 17:29:01 --> Session: Class initialized using 'CodeIgniter\Session\Handlers\FileHandler' driver.
INFO - 2024-07-31 17:29:12 --> Session: Class initialized using 'CodeIgniter\Session\Handlers\FileHandler' driver.
INFO - 2024-07-31 17:29:59 --> Session: Class initialized using 'CodeIgniter\Session\Handlers\FileHandler' driver.
INFO - 2024-07-31 17:30:37 --> Session: Class initialized using 'CodeIgniter\Session\Handlers\FileHandler' driver.
INFO - 2024-07-31 17:31:14 --> Session: Class initialized using 'CodeIgniter\Session\Handlers\FileHandler' driver.
INFO - 2024-07-31 17:31:56 --> Session: Class initialized using 'CodeIgniter\Session\Handlers\FileHandler' driver.
INFO - 2024-07-31 17:33:31 --> Session: Class initialized using 'CodeIgniter\Session\Handlers\FileHandler' driver.
INFO - 2024-07-31 17:33:35 --> Session: Class initialized using 'CodeIgniter\Session\Handlers\FileHandler' driver.
INFO - 2024-07-31 17:33:48 --> Session: Class initialized using 'CodeIgniter\Session\Handlers\FileHandler' driver.
INFO - 2024-07-31 17:35:37 --> Session: Class initialized using 'CodeIgniter\Session\Handlers\FileHandler' driver.
INFO - 2024-07-31 17:35:42 --> Session: Class initialized using 'CodeIgniter\Session\Handlers\FileHandler' driver.
INFO - 2024-07-31 17:36:32 --> Session: Class initialized using 'CodeIgniter\Session\Handlers\FileHandler' driver.
INFO - 2024-07-31 17:36:36 --> Session: Class initialized using 'CodeIgniter\Session\Handlers\FileHandler' driver.
INFO - 2024-07-31 17:36:46 --> Session: Class initialized using 'CodeIgniter\Session\Handlers\FileHandler' driver.
INFO - 2024-07-31 17:36:50 --> Session: Class initialized using 'CodeIgniter\Session\Handlers\FileHandler' driver.
INFO - 2024-07-31 17:38:19 --> Session: Class initialized using 'CodeIgniter\Session\Handlers\FileHandler' driver.
INFO - 2024-07-31 17:38:24 --> Session: Class initialized using 'CodeIgniter\Session\Handlers\FileHandler' driver.
CRITICAL - 2024-07-31 17:46:40 --> ErrorException: Undefined variable: ukpd
in APPPATH/Views/admin/ukpd_v.php on line 51.
 1 APPPATH/Views/admin/ukpd_v.php(51): CodeIgniter\Debug\Exceptions->errorHandler(8, 'Undefined variable: ukpd', '/Volumes/mf480 - Data/sidak_angkot/app/Views/admin/ukpd_v.php', 51, [...])
 2 SYSTEMPATH/View/View.php(228): include('/Volumes/mf480 - Data/sidak_angkot/app/Views/admin/ukpd_v.php')
 3 SYSTEMPATH/View/View.php(231): CodeIgniter\View\View->CodeIgniter\View\{closure}()
 4 SYSTEMPATH/Common.php(1178): CodeIgniter\View\View->render('admin/ukpd_v', [], true)
 5 APPPATH/Controllers/Admin/JenisKendaraanController.php(27): view('admin/ukpd_v', [...])
 6 SYSTEMPATH/CodeIgniter.php(943): App\Controllers\Admin\JenisKendaraanController->index()
 7 SYSTEMPATH/CodeIgniter.php(503): CodeIgniter\CodeIgniter->runController(Object(App\Controllers\Admin\JenisKendaraanController))
 8 SYSTEMPATH/CodeIgniter.php(361): CodeIgniter\CodeIgniter->handleRequest(null, Object(Config\Cache), false)
 9 FCPATH/index.php(79): CodeIgniter\CodeIgniter->run()
10 SYSTEMPATH/Commands/Server/rewrite.php(47): require_once('/Volumes/mf480 - Data/sidak_angkot/public/index.php')
CRITICAL - 2024-07-31 17:47:00 --> CodeIgniter\View\Exceptions\ViewException: Invalid file: "admin/jenis_kendaraan_v.php"
in SYSTEMPATH/Exceptions/FrameworkException.php on line 39.
 1 SYSTEMPATH/View/View.php(216): CodeIgniter\Exceptions\FrameworkException::forInvalidFile('admin/jenis_kendaraan_v.php')
 2 SYSTEMPATH/Common.php(1178): CodeIgniter\View\View->render('admin/jenis_kendaraan_v', [], true)
 3 APPPATH/Controllers/Admin/JenisKendaraanController.php(27): view('admin/jenis_kendaraan_v', [...])
 4 SYSTEMPATH/CodeIgniter.php(943): App\Controllers\Admin\JenisKendaraanController->index()
 5 SYSTEMPATH/CodeIgniter.php(503): CodeIgniter\CodeIgniter->runController(Object(App\Controllers\Admin\JenisKendaraanController))
 6 SYSTEMPATH/CodeIgniter.php(361): CodeIgniter\CodeIgniter->handleRequest(null, Object(Config\Cache), false)
 7 FCPATH/index.php(79): CodeIgniter\CodeIgniter->run()
 8 SYSTEMPATH/Commands/Server/rewrite.php(47): require_once('/Volumes/mf480 - Data/sidak_angkot/public/index.php')
INFO - 2024-07-31 17:48:21 --> Session: Class initialized using 'CodeIgniter\Session\Handlers\FileHandler' driver.
INFO - 2024-07-31 17:51:16 --> Session: Class initialized using 'CodeIgniter\Session\Handlers\FileHandler' driver.
INFO - 2024-07-31 17:53:25 --> Session: Class initialized using 'CodeIgniter\Session\Handlers\FileHandler' driver.
INFO - 2024-07-31 17:53:36 --> Session: Class initialized using 'CodeIgniter\Session\Handlers\FileHandler' driver.
INFO - 2024-07-31 17:54:08 --> Session: Class initialized using 'CodeIgniter\Session\Handlers\FileHandler' driver.
INFO - 2024-07-31 17:54:12 --> Session: Class initialized using 'CodeIgniter\Session\Handlers\FileHandler' driver.
INFO - 2024-07-31 17:54:18 --> Session: Class initialized using 'CodeIgniter\Session\Handlers\FileHandler' driver.
INFO - 2024-07-31 17:54:43 --> Session: Class initialized using 'CodeIgniter\Session\Handlers\FileHandler' driver.
INFO - 2024-07-31 17:54:48 --> Session: Class initialized using 'CodeIgniter\Session\Handlers\FileHandler' driver.
INFO - 2024-07-31 17:54:54 --> Session: Class initialized using 'CodeIgniter\Session\Handlers\FileHandler' driver.
INFO - 2024-07-31 17:55:23 --> Session: Class initialized using 'CodeIgniter\Session\Handlers\FileHandler' driver.
INFO - 2024-07-31 17:55:29 --> Session: Class initialized using 'CodeIgniter\Session\Handlers\FileHandler' driver.
INFO - 2024-07-31 17:55:33 --> Session: Class initialized using 'CodeIgniter\Session\Handlers\FileHandler' driver.
INFO - 2024-07-31 17:55:36 --> Session: Class initialized using 'CodeIgniter\Session\Handlers\FileHandler' driver.
INFO - 2024-07-31 17:55:37 --> Session: Class initialized using 'CodeIgniter\Session\Handlers\FileHandler' driver.
INFO - 2024-07-31 17:55:39 --> Session: Class initialized using 'CodeIgniter\Session\Handlers\FileHandler' driver.
ERROR - 2024-07-31 18:00:09 --> mysqli_sql_exception: Table 'sidak_angkot.jenis_penindakan_table' doesn't exist in /Volumes/mf480 - Data/sidak_angkot/vendor/codeigniter4/framework/system/Database/MySQLi/Connection.php:306
Stack trace:
#0 /Volumes/mf480 - Data/sidak_angkot/vendor/codeigniter4/framework/system/Database/MySQLi/Connection.php(306): mysqli->query('SELECT *\nFROM `...', 0)
#1 /Volumes/mf480 - Data/sidak_angkot/vendor/codeigniter4/framework/system/Database/BaseConnection.php(693): CodeIgniter\Database\MySQLi\Connection->execute('SELECT *\nFROM `...')
#2 /Volumes/mf480 - Data/sidak_angkot/vendor/codeigniter4/framework/system/Database/BaseConnection.php(607): CodeIgniter\Database\BaseConnection->simpleQuery('SELECT *\nFROM `...')
#3 /Volumes/mf480 - Data/sidak_angkot/vendor/codeigniter4/framework/system/Database/BaseBuilder.php(1616): CodeIgniter\Database\BaseConnection->query('SELECT *\nFROM `...', Array, false)
#4 /Volumes/mf480 - Data/sidak_angkot/vendor/codeigniter4/framework/system/Model.php(877): CodeIgniter\Database\BaseBuilder->get()
#5 /Volumes/mf480 - Data/sidak_angkot/app/Models/Admin/JenisPenindakanModel.php(24): CodeIgniter\Model->__call('get', Array)
#6 /Volumes/mf480 - Data/sidak_angkot/app/Controllers/Admin/JenisPenindakanController.php(24): App\Models\Admin\JenisPenindakanModel->getJenisPenindakan()
#7 /Volumes/mf480 - Data/sidak_angkot/vendor/codeigniter4/framework/system/CodeIgniter.php(943): App\Controllers\Admin\JenisPenindakanController->index()
#8 /Volumes/mf480 - Data/sidak_angkot/vendor/codeigniter4/framework/system/CodeIgniter.php(503): CodeIgniter\CodeIgniter->runController(Object(App\Controllers\Admin\JenisPenindakanController))
#9 /Volumes/mf480 - Data/sidak_angkot/vendor/codeigniter4/framework/system/CodeIgniter.php(361): CodeIgniter\CodeIgniter->handleRequest(NULL, Object(Config\Cache), false)
#10 /Volumes/mf480 - Data/sidak_angkot/public/index.php(79): CodeIgniter\CodeIgniter->run()
#11 /Volumes/mf480 - Data/sidak_angkot/vendor/codeigniter4/framework/system/Commands/Server/rewrite.php(47): require_once('/Volumes/mf480 ...')
#12 {main}
CRITICAL - 2024-07-31 18:00:09 --> CodeIgniter\Database\Exceptions\DatabaseException: Table 'sidak_angkot.jenis_penindakan_table' doesn't exist
in SYSTEMPATH/Database/BaseConnection.php on line 647.
 1 SYSTEMPATH/Database/BaseBuilder.php(1616): CodeIgniter\Database\BaseConnection->query('SELECT *
FROM `jenis_penindakan_table`
ORDER BY `id` desc', [], false)
 2 SYSTEMPATH/Model.php(877): CodeIgniter\Database\BaseBuilder->get()
 3 APPPATH/Models/Admin/JenisPenindakanModel.php(24): CodeIgniter\Model->__call('get', [])
 4 APPPATH/Controllers/Admin/JenisPenindakanController.php(24): App\Models\Admin\JenisPenindakanModel->getJenisPenindakan()
 5 SYSTEMPATH/CodeIgniter.php(943): App\Controllers\Admin\JenisPenindakanController->index()
 6 SYSTEMPATH/CodeIgniter.php(503): CodeIgniter\CodeIgniter->runController(Object(App\Controllers\Admin\JenisPenindakanController))
 7 SYSTEMPATH/CodeIgniter.php(361): CodeIgniter\CodeIgniter->handleRequest(null, Object(Config\Cache), false)
 8 FCPATH/index.php(79): CodeIgniter\CodeIgniter->run()
 9 SYSTEMPATH/Commands/Server/rewrite.php(47): require_once('/Volumes/mf480 - Data/sidak_angkot/public/index.php')
CRITICAL - 2024-07-31 18:00:09 --> [Caused by] CodeIgniter\Database\Exceptions\DatabaseException: Table 'sidak_angkot.jenis_penindakan_table' doesn't exist
in SYSTEMPATH/Database/MySQLi/Connection.php on line 311.
 1 SYSTEMPATH/Database/BaseConnection.php(693): CodeIgniter\Database\MySQLi\Connection->execute('SELECT *
FROM `jenis_penindakan_table`
ORDER BY `id` desc')
 2 SYSTEMPATH/Database/BaseConnection.php(607): CodeIgniter\Database\BaseConnection->simpleQuery('SELECT *
FROM `jenis_penindakan_table`
ORDER BY `id` desc')
 3 SYSTEMPATH/Database/BaseBuilder.php(1616): CodeIgniter\Database\BaseConnection->query('SELECT *
FROM `jenis_penindakan_table`
ORDER BY `id` desc', [], false)
 4 SYSTEMPATH/Model.php(877): CodeIgniter\Database\BaseBuilder->get()
 5 APPPATH/Models/Admin/JenisPenindakanModel.php(24): CodeIgniter\Model->__call('get', [])
 6 APPPATH/Controllers/Admin/JenisPenindakanController.php(24): App\Models\Admin\JenisPenindakanModel->getJenisPenindakan()
 7 SYSTEMPATH/CodeIgniter.php(943): App\Controllers\Admin\JenisPenindakanController->index()
 8 SYSTEMPATH/CodeIgniter.php(503): CodeIgniter\CodeIgniter->runController(Object(App\Controllers\Admin\JenisPenindakanController))
 9 SYSTEMPATH/CodeIgniter.php(361): CodeIgniter\CodeIgniter->handleRequest(null, Object(Config\Cache), false)
10 FCPATH/index.php(79): CodeIgniter\CodeIgniter->run()
11 SYSTEMPATH/Commands/Server/rewrite.php(47): require_once('/Volumes/mf480 - Data/sidak_angkot/public/index.php')
CRITICAL - 2024-07-31 18:00:09 --> [Caused by] mysqli_sql_exception: Table 'sidak_angkot.jenis_penindakan_table' doesn't exist
in SYSTEMPATH/Database/MySQLi/Connection.php on line 306.
 1 SYSTEMPATH/Database/MySQLi/Connection.php(306): mysqli->query('SELECT *
FROM `jenis_penindakan_table`
ORDER BY `id` desc', 0)
 2 SYSTEMPATH/Database/BaseConnection.php(693): CodeIgniter\Database\MySQLi\Connection->execute('SELECT *
FROM `jenis_penindakan_table`
ORDER BY `id` desc')
 3 SYSTEMPATH/Database/BaseConnection.php(607): CodeIgniter\Database\BaseConnection->simpleQuery('SELECT *
FROM `jenis_penindakan_table`
ORDER BY `id` desc')
 4 SYSTEMPATH/Database/BaseBuilder.php(1616): CodeIgniter\Database\BaseConnection->query('SELECT *
FROM `jenis_penindakan_table`
ORDER BY `id` desc', [], false)
 5 SYSTEMPATH/Model.php(877): CodeIgniter\Database\BaseBuilder->get()
 6 APPPATH/Models/Admin/JenisPenindakanModel.php(24): CodeIgniter\Model->__call('get', [])
 7 APPPATH/Controllers/Admin/JenisPenindakanController.php(24): App\Models\Admin\JenisPenindakanModel->getJenisPenindakan()
 8 SYSTEMPATH/CodeIgniter.php(943): App\Controllers\Admin\JenisPenindakanController->index()
 9 SYSTEMPATH/CodeIgniter.php(503): CodeIgniter\CodeIgniter->runController(Object(App\Controllers\Admin\JenisPenindakanController))
10 SYSTEMPATH/CodeIgniter.php(361): CodeIgniter\CodeIgniter->handleRequest(null, Object(Config\Cache), false)
11 FCPATH/index.php(79): CodeIgniter\CodeIgniter->run()
12 SYSTEMPATH/Commands/Server/rewrite.php(47): require_once('/Volumes/mf480 - Data/sidak_angkot/public/index.php')
ERROR - 2024-07-31 18:00:40 --> mysqli_sql_exception: Table 'sidak_angkot.jenis_penindakan_table' doesn't exist in /Volumes/mf480 - Data/sidak_angkot/vendor/codeigniter4/framework/system/Database/MySQLi/Connection.php:306
Stack trace:
#0 /Volumes/mf480 - Data/sidak_angkot/vendor/codeigniter4/framework/system/Database/MySQLi/Connection.php(306): mysqli->query('SELECT *\nFROM `...', 0)
#1 /Volumes/mf480 - Data/sidak_angkot/vendor/codeigniter4/framework/system/Database/BaseConnection.php(693): CodeIgniter\Database\MySQLi\Connection->execute('SELECT *\nFROM `...')
#2 /Volumes/mf480 - Data/sidak_angkot/vendor/codeigniter4/framework/system/Database/BaseConnection.php(607): CodeIgniter\Database\BaseConnection->simpleQuery('SELECT *\nFROM `...')
#3 /Volumes/mf480 - Data/sidak_angkot/vendor/codeigniter4/framework/system/Database/BaseBuilder.php(1616): CodeIgniter\Database\BaseConnection->query('SELECT *\nFROM `...', Array, false)
#4 /Volumes/mf480 - Data/sidak_angkot/vendor/codeigniter4/framework/system/Model.php(877): CodeIgniter\Database\BaseBuilder->get()
#5 /Volumes/mf480 - Data/sidak_angkot/app/Models/Admin/JenisPenindakanModel.php(24): CodeIgniter\Model->__call('get', Array)
#6 /Volumes/mf480 - Data/sidak_angkot/app/Controllers/Admin/JenisPenindakanController.php(24): App\Models\Admin\JenisPenindakanModel->getJenisPenindakan()
#7 /Volumes/mf480 - Data/sidak_angkot/vendor/codeigniter4/framework/system/CodeIgniter.php(943): App\Controllers\Admin\JenisPenindakanController->index()
#8 /Volumes/mf480 - Data/sidak_angkot/vendor/codeigniter4/framework/system/CodeIgniter.php(503): CodeIgniter\CodeIgniter->runController(Object(App\Controllers\Admin\JenisPenindakanController))
#9 /Volumes/mf480 - Data/sidak_angkot/vendor/codeigniter4/framework/system/CodeIgniter.php(361): CodeIgniter\CodeIgniter->handleRequest(NULL, Object(Config\Cache), false)
#10 /Volumes/mf480 - Data/sidak_angkot/public/index.php(79): CodeIgniter\CodeIgniter->run()
#11 /Volumes/mf480 - Data/sidak_angkot/vendor/codeigniter4/framework/system/Commands/Server/rewrite.php(47): require_once('/Volumes/mf480 ...')
#12 {main}
CRITICAL - 2024-07-31 18:00:40 --> CodeIgniter\Database\Exceptions\DatabaseException: Table 'sidak_angkot.jenis_penindakan_table' doesn't exist
in SYSTEMPATH/Database/BaseConnection.php on line 647.
 1 SYSTEMPATH/Database/BaseBuilder.php(1616): CodeIgniter\Database\BaseConnection->query('SELECT *
FROM `jenis_penindakan_table`
ORDER BY `id` desc', [], false)
 2 SYSTEMPATH/Model.php(877): CodeIgniter\Database\BaseBuilder->get()
 3 APPPATH/Models/Admin/JenisPenindakanModel.php(24): CodeIgniter\Model->__call('get', [])
 4 APPPATH/Controllers/Admin/JenisPenindakanController.php(24): App\Models\Admin\JenisPenindakanModel->getJenisPenindakan()
 5 SYSTEMPATH/CodeIgniter.php(943): App\Controllers\Admin\JenisPenindakanController->index()
 6 SYSTEMPATH/CodeIgniter.php(503): CodeIgniter\CodeIgniter->runController(Object(App\Controllers\Admin\JenisPenindakanController))
 7 SYSTEMPATH/CodeIgniter.php(361): CodeIgniter\CodeIgniter->handleRequest(null, Object(Config\Cache), false)
 8 FCPATH/index.php(79): CodeIgniter\CodeIgniter->run()
 9 SYSTEMPATH/Commands/Server/rewrite.php(47): require_once('/Volumes/mf480 - Data/sidak_angkot/public/index.php')
CRITICAL - 2024-07-31 18:00:40 --> [Caused by] CodeIgniter\Database\Exceptions\DatabaseException: Table 'sidak_angkot.jenis_penindakan_table' doesn't exist
in SYSTEMPATH/Database/MySQLi/Connection.php on line 311.
 1 SYSTEMPATH/Database/BaseConnection.php(693): CodeIgniter\Database\MySQLi\Connection->execute('SELECT *
FROM `jenis_penindakan_table`
ORDER BY `id` desc')
 2 SYSTEMPATH/Database/BaseConnection.php(607): CodeIgniter\Database\BaseConnection->simpleQuery('SELECT *
FROM `jenis_penindakan_table`
ORDER BY `id` desc')
 3 SYSTEMPATH/Database/BaseBuilder.php(1616): CodeIgniter\Database\BaseConnection->query('SELECT *
FROM `jenis_penindakan_table`
ORDER BY `id` desc', [], false)
 4 SYSTEMPATH/Model.php(877): CodeIgniter\Database\BaseBuilder->get()
 5 APPPATH/Models/Admin/JenisPenindakanModel.php(24): CodeIgniter\Model->__call('get', [])
 6 APPPATH/Controllers/Admin/JenisPenindakanController.php(24): App\Models\Admin\JenisPenindakanModel->getJenisPenindakan()
 7 SYSTEMPATH/CodeIgniter.php(943): App\Controllers\Admin\JenisPenindakanController->index()
 8 SYSTEMPATH/CodeIgniter.php(503): CodeIgniter\CodeIgniter->runController(Object(App\Controllers\Admin\JenisPenindakanController))
 9 SYSTEMPATH/CodeIgniter.php(361): CodeIgniter\CodeIgniter->handleRequest(null, Object(Config\Cache), false)
10 FCPATH/index.php(79): CodeIgniter\CodeIgniter->run()
11 SYSTEMPATH/Commands/Server/rewrite.php(47): require_once('/Volumes/mf480 - Data/sidak_angkot/public/index.php')
CRITICAL - 2024-07-31 18:00:40 --> [Caused by] mysqli_sql_exception: Table 'sidak_angkot.jenis_penindakan_table' doesn't exist
in SYSTEMPATH/Database/MySQLi/Connection.php on line 306.
 1 SYSTEMPATH/Database/MySQLi/Connection.php(306): mysqli->query('SELECT *
FROM `jenis_penindakan_table`
ORDER BY `id` desc', 0)
 2 SYSTEMPATH/Database/BaseConnection.php(693): CodeIgniter\Database\MySQLi\Connection->execute('SELECT *
FROM `jenis_penindakan_table`
ORDER BY `id` desc')
 3 SYSTEMPATH/Database/BaseConnection.php(607): CodeIgniter\Database\BaseConnection->simpleQuery('SELECT *
FROM `jenis_penindakan_table`
ORDER BY `id` desc')
 4 SYSTEMPATH/Database/BaseBuilder.php(1616): CodeIgniter\Database\BaseConnection->query('SELECT *
FROM `jenis_penindakan_table`
ORDER BY `id` desc', [], false)
 5 SYSTEMPATH/Model.php(877): CodeIgniter\Database\BaseBuilder->get()
 6 APPPATH/Models/Admin/JenisPenindakanModel.php(24): CodeIgniter\Model->__call('get', [])
 7 APPPATH/Controllers/Admin/JenisPenindakanController.php(24): App\Models\Admin\JenisPenindakanModel->getJenisPenindakan()
 8 SYSTEMPATH/CodeIgniter.php(943): App\Controllers\Admin\JenisPenindakanController->index()
 9 SYSTEMPATH/CodeIgniter.php(503): CodeIgniter\CodeIgniter->runController(Object(App\Controllers\Admin\JenisPenindakanController))
10 SYSTEMPATH/CodeIgniter.php(361): CodeIgniter\CodeIgniter->handleRequest(null, Object(Config\Cache), false)
11 FCPATH/index.php(79): CodeIgniter\CodeIgniter->run()
12 SYSTEMPATH/Commands/Server/rewrite.php(47): require_once('/Volumes/mf480 - Data/sidak_angkot/public/index.php')
INFO - 2024-07-31 18:01:16 --> Session: Class initialized using 'CodeIgniter\Session\Handlers\FileHandler' driver.
INFO - 2024-07-31 18:01:36 --> Session: Class initialized using 'CodeIgniter\Session\Handlers\FileHandler' driver.
INFO - 2024-07-31 18:01:45 --> Session: Class initialized using 'CodeIgniter\Session\Handlers\FileHandler' driver.
INFO - 2024-07-31 18:01:57 --> Session: Class initialized using 'CodeIgniter\Session\Handlers\FileHandler' driver.
INFO - 2024-07-31 18:02:07 --> Session: Class initialized using 'CodeIgniter\Session\Handlers\FileHandler' driver.
INFO - 2024-07-31 18:02:29 --> Session: Class initialized using 'CodeIgniter\Session\Handlers\FileHandler' driver.
INFO - 2024-07-31 18:02:41 --> Session: Class initialized using 'CodeIgniter\Session\Handlers\FileHandler' driver.
INFO - 2024-07-31 18:02:49 --> Session: Class initialized using 'CodeIgniter\Session\Handlers\FileHandler' driver.
INFO - 2024-07-31 18:02:55 --> Session: Class initialized using 'CodeIgniter\Session\Handlers\FileHandler' driver.
INFO - 2024-07-31 18:03:01 --> Session: Class initialized using 'CodeIgniter\Session\Handlers\FileHandler' driver.
INFO - 2024-07-31 18:03:05 --> Session: Class initialized using 'CodeIgniter\Session\Handlers\FileHandler' driver.
INFO - 2024-07-31 18:03:10 --> Session: Class initialized using 'CodeIgniter\Session\Handlers\FileHandler' driver.
INFO - 2024-07-31 18:03:14 --> Session: Class initialized using 'CodeIgniter\Session\Handlers\FileHandler' driver.
INFO - 2024-07-31 18:03:52 --> Session: Class initialized using 'CodeIgniter\Session\Handlers\FileHandler' driver.
INFO - 2024-07-31 18:04:01 --> Session: Class initialized using 'CodeIgniter\Session\Handlers\FileHandler' driver.
INFO - 2024-07-31 18:04:05 --> Session: Class initialized using 'CodeIgniter\Session\Handlers\FileHandler' driver.
INFO - 2024-07-31 18:04:06 --> Session: Class initialized using 'CodeIgniter\Session\Handlers\FileHandler' driver.
INFO - 2024-07-31 18:05:01 --> Session: Class initialized using 'CodeIgniter\Session\Handlers\FileHandler' driver.
INFO - 2024-07-31 18:09:05 --> Session: Class initialized using 'CodeIgniter\Session\Handlers\FileHandler' driver.
INFO - 2024-07-31 18:10:07 --> Session: Class initialized using 'CodeIgniter\Session\Handlers\FileHandler' driver.
INFO - 2024-07-31 18:10:54 --> Session: Class initialized using 'CodeIgniter\Session\Handlers\FileHandler' driver.
CRITICAL - 2024-07-31 18:13:41 --> BadMethodCallException: Call to undefined method App\Models\Admin\TempatPenyimpanModel::getJenisPenindakan
in SYSTEMPATH/Model.php on line 879.
 1 APPPATH/Controllers/Admin/TempatPenyimpanController.php(24): CodeIgniter\Model->__call('getJenisPenindakan', [])
 2 SYSTEMPATH/CodeIgniter.php(943): App\Controllers\Admin\TempatPenyimpanController->index()
 3 SYSTEMPATH/CodeIgniter.php(503): CodeIgniter\CodeIgniter->runController(Object(App\Controllers\Admin\TempatPenyimpanController))
 4 SYSTEMPATH/CodeIgniter.php(361): CodeIgniter\CodeIgniter->handleRequest(null, Object(Config\Cache), false)
 5 FCPATH/index.php(79): CodeIgniter\CodeIgniter->run()
 6 SYSTEMPATH/Commands/Server/rewrite.php(47): require_once('/Volumes/mf480 - Data/sidak_angkot/public/index.php')
CRITICAL - 2024-07-31 18:13:55 --> CodeIgniter\View\Exceptions\ViewException: Invalid file: "admin/tempat_penyimpanan_v.php"
in SYSTEMPATH/Exceptions/FrameworkException.php on line 39.
 1 SYSTEMPATH/View/View.php(216): CodeIgniter\Exceptions\FrameworkException::forInvalidFile('admin/tempat_penyimpanan_v.php')
 2 SYSTEMPATH/Common.php(1178): CodeIgniter\View\View->render('admin/tempat_penyimpanan_v', [], true)
 3 APPPATH/Controllers/Admin/TempatPenyimpanController.php(27): view('admin/tempat_penyimpanan_v', [...])
 4 SYSTEMPATH/CodeIgniter.php(943): App\Controllers\Admin\TempatPenyimpanController->index()
 5 SYSTEMPATH/CodeIgniter.php(503): CodeIgniter\CodeIgniter->runController(Object(App\Controllers\Admin\TempatPenyimpanController))
 6 SYSTEMPATH/CodeIgniter.php(361): CodeIgniter\CodeIgniter->handleRequest(null, Object(Config\Cache), false)
 7 FCPATH/index.php(79): CodeIgniter\CodeIgniter->run()
 8 SYSTEMPATH/Commands/Server/rewrite.php(47): require_once('/Volumes/mf480 - Data/sidak_angkot/public/index.php')
CRITICAL - 2024-07-31 18:14:44 --> ErrorException: Undefined variable: jenis_penindakan
in APPPATH/Views/admin/tempat_penyimpanan_v.php on line 50.
 1 APPPATH/Views/admin/tempat_penyimpanan_v.php(50): CodeIgniter\Debug\Exceptions->errorHandler(8, 'Undefined variable: jenis_penindakan', '/Volumes/mf480 - Data/sidak_angkot/app/Views/admin/tempat_penyimpanan_v.php', 50, [...])
 2 SYSTEMPATH/View/View.php(228): include('/Volumes/mf480 - Data/sidak_angkot/app/Views/admin/tempat_penyimpanan_v.php')
 3 SYSTEMPATH/View/View.php(231): CodeIgniter\View\View->CodeIgniter\View\{closure}()
 4 SYSTEMPATH/Common.php(1178): CodeIgniter\View\View->render('admin/tempat_penyimpanan_v', [], true)
 5 APPPATH/Controllers/Admin/TempatPenyimpanController.php(27): view('admin/tempat_penyimpanan_v', [...])
 6 SYSTEMPATH/CodeIgniter.php(943): App\Controllers\Admin\TempatPenyimpanController->index()
 7 SYSTEMPATH/CodeIgniter.php(503): CodeIgniter\CodeIgniter->runController(Object(App\Controllers\Admin\TempatPenyimpanController))
 8 SYSTEMPATH/CodeIgniter.php(361): CodeIgniter\CodeIgniter->handleRequest(null, Object(Config\Cache), false)
 9 FCPATH/index.php(79): CodeIgniter\CodeIgniter->run()
10 SYSTEMPATH/Commands/Server/rewrite.php(47): require_once('/Volumes/mf480 - Data/sidak_angkot/public/index.php')
INFO - 2024-07-31 18:15:52 --> Session: Class initialized using 'CodeIgniter\Session\Handlers\FileHandler' driver.
INFO - 2024-07-31 18:16:14 --> Session: Class initialized using 'CodeIgniter\Session\Handlers\FileHandler' driver.
INFO - 2024-07-31 18:16:44 --> Session: Class initialized using 'CodeIgniter\Session\Handlers\FileHandler' driver.
INFO - 2024-07-31 18:16:49 --> Session: Class initialized using 'CodeIgniter\Session\Handlers\FileHandler' driver.
INFO - 2024-07-31 18:16:54 --> Session: Class initialized using 'CodeIgniter\Session\Handlers\FileHandler' driver.
INFO - 2024-07-31 18:16:59 --> Session: Class initialized using 'CodeIgniter\Session\Handlers\FileHandler' driver.
INFO - 2024-07-31 18:17:07 --> Session: Class initialized using 'CodeIgniter\Session\Handlers\FileHandler' driver.
INFO - 2024-07-31 18:17:20 --> Session: Class initialized using 'CodeIgniter\Session\Handlers\FileHandler' driver.
INFO - 2024-07-31 18:17:22 --> Session: Class initialized using 'CodeIgniter\Session\Handlers\FileHandler' driver.
INFO - 2024-07-31 18:17:24 --> Session: Class initialized using 'CodeIgniter\Session\Handlers\FileHandler' driver.
INFO - 2024-07-31 18:17:26 --> Session: Class initialized using 'CodeIgniter\Session\Handlers\FileHandler' driver.
INFO - 2024-07-31 18:17:28 --> Session: Class initialized using 'CodeIgniter\Session\Handlers\FileHandler' driver.
