INFO - 2024-08-22 01:53:10 --> Session: Class initialized using 'CodeIgniter\Session\Handlers\FileHandler' driver.
INFO - 2024-08-22 01:53:15 --> Session: Class initialized using 'CodeIgniter\Session\Handlers\FileHandler' driver.
CRITICAL - 2024-08-22 01:54:20 --> ErrorException: Undefined property: stdClass::$ukpd
in APPPATH/Views/admin/pengeluaran_kendaraan_v.php on line 56.
 1 APPPATH/Views/admin/pengeluaran_kendaraan_v.php(56): CodeIgniter\Debug\Exceptions->errorHandler(8, 'Undefined property: stdClass::$ukpd', '/Volumes/mf480 - Data/sidak_angkot/app/Views/admin/pengeluaran_kendaraan_v.php', 56, [...])
 2 SYSTEMPATH/View/View.php(228): include('/Volumes/mf480 - Data/sidak_angkot/app/Views/admin/pengeluaran_kendaraan_v.php')
 3 SYSTEMPATH/View/View.php(231): CodeIgniter\View\View->CodeIgniter\View\{closure}()
 4 SYSTEMPATH/Common.php(1178): CodeIgniter\View\View->render('admin/pengeluaran_kendaraan_v', [], true)
 5 APPPATH/Controllers/Admin/PengeluaranKendaraanController.php(67): view('admin/pengeluaran_kendaraan_v', [...])
 6 SYSTEMPATH/CodeIgniter.php(943): App\Controllers\Admin\PengeluaranKendaraanController->index()
 7 SYSTEMPATH/CodeIgniter.php(503): CodeIgniter\CodeIgniter->runController(Object(App\Controllers\Admin\PengeluaranKendaraanController))
 8 SYSTEMPATH/CodeIgniter.php(361): CodeIgniter\CodeIgniter->handleRequest(null, Object(Config\Cache), false)
 9 FCPATH/index.php(79): CodeIgniter\CodeIgniter->run()
10 SYSTEMPATH/Commands/Server/rewrite.php(47): require_once('/Volumes/mf480 - Data/sidak_angkot/public/index.php')
CRITICAL - 2024-08-22 01:54:54 --> ErrorException: Undefined property: stdClass::$ukpd
in APPPATH/Views/admin/pengeluaran_kendaraan_v.php on line 56.
 1 APPPATH/Views/admin/pengeluaran_kendaraan_v.php(56): CodeIgniter\Debug\Exceptions->errorHandler(8, 'Undefined property: stdClass::$ukpd', '/Volumes/mf480 - Data/sidak_angkot/app/Views/admin/pengeluaran_kendaraan_v.php', 56, [...])
 2 SYSTEMPATH/View/View.php(228): include('/Volumes/mf480 - Data/sidak_angkot/app/Views/admin/pengeluaran_kendaraan_v.php')
 3 SYSTEMPATH/View/View.php(231): CodeIgniter\View\View->CodeIgniter\View\{closure}()
 4 SYSTEMPATH/Common.php(1178): CodeIgniter\View\View->render('admin/pengeluaran_kendaraan_v', [], true)
 5 APPPATH/Controllers/Admin/PengeluaranKendaraanController.php(67): view('admin/pengeluaran_kendaraan_v', [...])
 6 SYSTEMPATH/CodeIgniter.php(943): App\Controllers\Admin\PengeluaranKendaraanController->index()
 7 SYSTEMPATH/CodeIgniter.php(503): CodeIgniter\CodeIgniter->runController(Object(App\Controllers\Admin\PengeluaranKendaraanController))
 8 SYSTEMPATH/CodeIgniter.php(361): CodeIgniter\CodeIgniter->handleRequest(null, Object(Config\Cache), false)
 9 FCPATH/index.php(79): CodeIgniter\CodeIgniter->run()
10 SYSTEMPATH/Commands/Server/rewrite.php(47): require_once('/Volumes/mf480 - Data/sidak_angkot/public/index.php')
CRITICAL - 2024-08-22 01:55:26 --> ErrorException: Undefined property: stdClass::$ukpd
in APPPATH/Views/admin/pengeluaran_kendaraan_v.php on line 56.
 1 APPPATH/Views/admin/pengeluaran_kendaraan_v.php(56): CodeIgniter\Debug\Exceptions->errorHandler(8, 'Undefined property: stdClass::$ukpd', '/Volumes/mf480 - Data/sidak_angkot/app/Views/admin/pengeluaran_kendaraan_v.php', 56, [...])
 2 SYSTEMPATH/View/View.php(228): include('/Volumes/mf480 - Data/sidak_angkot/app/Views/admin/pengeluaran_kendaraan_v.php')
 3 SYSTEMPATH/View/View.php(231): CodeIgniter\View\View->CodeIgniter\View\{closure}()
 4 SYSTEMPATH/Common.php(1178): CodeIgniter\View\View->render('admin/pengeluaran_kendaraan_v', [], true)
 5 APPPATH/Controllers/Admin/PengeluaranKendaraanController.php(67): view('admin/pengeluaran_kendaraan_v', [...])
 6 SYSTEMPATH/CodeIgniter.php(943): App\Controllers\Admin\PengeluaranKendaraanController->index()
 7 SYSTEMPATH/CodeIgniter.php(503): CodeIgniter\CodeIgniter->runController(Object(App\Controllers\Admin\PengeluaranKendaraanController))
 8 SYSTEMPATH/CodeIgniter.php(361): CodeIgniter\CodeIgniter->handleRequest(null, Object(Config\Cache), false)
 9 FCPATH/index.php(79): CodeIgniter\CodeIgniter->run()
10 SYSTEMPATH/Commands/Server/rewrite.php(47): require_once('/Volumes/mf480 - Data/sidak_angkot/public/index.php')
ERROR - 2024-08-22 01:57:06 --> mysqli_sql_exception: Unknown column 'data_penindakan_table.ukpd' in 'on clause' in /Volumes/mf480 - Data/sidak_angkot/vendor/codeigniter4/framework/system/Database/MySQLi/Connection.php:306
Stack trace:
#0 /Volumes/mf480 - Data/sidak_angkot/vendor/codeigniter4/framework/system/Database/MySQLi/Connection.php(306): mysqli->query('SELECT `pengelu...', 0)
#1 /Volumes/mf480 - Data/sidak_angkot/vendor/codeigniter4/framework/system/Database/BaseConnection.php(693): CodeIgniter\Database\MySQLi\Connection->execute('SELECT `pengelu...')
#2 /Volumes/mf480 - Data/sidak_angkot/vendor/codeigniter4/framework/system/Database/BaseConnection.php(607): CodeIgniter\Database\BaseConnection->simpleQuery('SELECT `pengelu...')
#3 /Volumes/mf480 - Data/sidak_angkot/vendor/codeigniter4/framework/system/Database/BaseBuilder.php(1616): CodeIgniter\Database\BaseConnection->query('SELECT `pengelu...', Array, false)
#4 /Volumes/mf480 - Data/sidak_angkot/vendor/codeigniter4/framework/system/Model.php(877): CodeIgniter\Database\BaseBuilder->get()
#5 /Volumes/mf480 - Data/sidak_angkot/app/Models/Admin/PengeluaranKendaraanModel.php(28): CodeIgniter\Model->__call('get', Array)
#6 /Volumes/mf480 - Data/sidak_angkot/app/Controllers/Admin/PengeluaranKendaraanController.php(64): App\Models\Admin\PengeluaranKendaraanModel->getPengeluaranKendaraan()
#7 /Volumes/mf480 - Data/sidak_angkot/vendor/codeigniter4/framework/system/CodeIgniter.php(943): App\Controllers\Admin\PengeluaranKendaraanController->index()
#8 /Volumes/mf480 - Data/sidak_angkot/vendor/codeigniter4/framework/system/CodeIgniter.php(503): CodeIgniter\CodeIgniter->runController(Object(App\Controllers\Admin\PengeluaranKendaraanController))
#9 /Volumes/mf480 - Data/sidak_angkot/vendor/codeigniter4/framework/system/CodeIgniter.php(361): CodeIgniter\CodeIgniter->handleRequest(NULL, Object(Config\Cache), false)
#10 /Volumes/mf480 - Data/sidak_angkot/public/index.php(79): CodeIgniter\CodeIgniter->run()
#11 /Volumes/mf480 - Data/sidak_angkot/vendor/codeigniter4/framework/system/Commands/Server/rewrite.php(47): require_once('/Volumes/mf480 ...')
#12 {main}
CRITICAL - 2024-08-22 01:57:06 --> CodeIgniter\Database\Exceptions\DatabaseException: Unknown column 'data_penindakan_table.ukpd' in 'on clause'
in SYSTEMPATH/Database/BaseConnection.php on line 647.
 1 SYSTEMPATH/Database/BaseBuilder.php(1616): CodeIgniter\Database\BaseConnection->query('SELECT `pengeluaran_kendaraan_table`.`id`, `pengeluaran_kendaraan_table`.`data_penindakan_id`, `pengeluaran_kendaraan_table`.`tanggal_keluar`, `data_penindakan_table`.`kode_wilayah_awal`, `data_penindakan_table`.`kode_wilayah_akhir`, `data_penindakan_table`.`nomor_kendaraan`, `ukpd_table`.`ukpd`, `data_penindakan_table`.`tanggal_penindakan`, `status_kendaraan_table`.`status_kendaraan`
FROM `pengeluaran_kendaraan_table`
JOIN `data_penindakan_table` ON `data_penindakan_table`.`id` = `pengeluaran_kendaraan_table`.`data_penindakan_id`
JOIN `ukpd_table` ON `ukpd_table`.`id` = `data_penindakan_table`.`ukpd`
JOIN `status_kendaraan_table` ON `status_kendaraan_table`.`id` = `pengeluaran_kendaraan_table`.`status_kendaraan_id`
ORDER BY `pengeluaran_kendaraan_table`.`id` desc', [], false)
 2 SYSTEMPATH/Model.php(877): CodeIgniter\Database\BaseBuilder->get()
 3 APPPATH/Models/Admin/PengeluaranKendaraanModel.php(28): CodeIgniter\Model->__call('get', [])
 4 APPPATH/Controllers/Admin/PengeluaranKendaraanController.php(64): App\Models\Admin\PengeluaranKendaraanModel->getPengeluaranKendaraan()
 5 SYSTEMPATH/CodeIgniter.php(943): App\Controllers\Admin\PengeluaranKendaraanController->index()
 6 SYSTEMPATH/CodeIgniter.php(503): CodeIgniter\CodeIgniter->runController(Object(App\Controllers\Admin\PengeluaranKendaraanController))
 7 SYSTEMPATH/CodeIgniter.php(361): CodeIgniter\CodeIgniter->handleRequest(null, Object(Config\Cache), false)
 8 FCPATH/index.php(79): CodeIgniter\CodeIgniter->run()
 9 SYSTEMPATH/Commands/Server/rewrite.php(47): require_once('/Volumes/mf480 - Data/sidak_angkot/public/index.php')
CRITICAL - 2024-08-22 01:57:06 --> [Caused by] CodeIgniter\Database\Exceptions\DatabaseException: Unknown column 'data_penindakan_table.ukpd' in 'on clause'
in SYSTEMPATH/Database/MySQLi/Connection.php on line 311.
 1 SYSTEMPATH/Database/BaseConnection.php(693): CodeIgniter\Database\MySQLi\Connection->execute('SELECT `pengeluaran_kendaraan_table`.`id`, `pengeluaran_kendaraan_table`.`data_penindakan_id`, `pengeluaran_kendaraan_table`.`tanggal_keluar`, `data_penindakan_table`.`kode_wilayah_awal`, `data_penindakan_table`.`kode_wilayah_akhir`, `data_penindakan_table`.`nomor_kendaraan`, `ukpd_table`.`ukpd`, `data_penindakan_table`.`tanggal_penindakan`, `status_kendaraan_table`.`status_kendaraan`
FROM `pengeluaran_kendaraan_table`
JOIN `data_penindakan_table` ON `data_penindakan_table`.`id` = `pengeluaran_kendaraan_table`.`data_penindakan_id`
JOIN `ukpd_table` ON `ukpd_table`.`id` = `data_penindakan_table`.`ukpd`
JOIN `status_kendaraan_table` ON `status_kendaraan_table`.`id` = `pengeluaran_kendaraan_table`.`status_kendaraan_id`
ORDER BY `pengeluaran_kendaraan_table`.`id` desc')
 2 SYSTEMPATH/Database/BaseConnection.php(607): CodeIgniter\Database\BaseConnection->simpleQuery('SELECT `pengeluaran_kendaraan_table`.`id`, `pengeluaran_kendaraan_table`.`data_penindakan_id`, `pengeluaran_kendaraan_table`.`tanggal_keluar`, `data_penindakan_table`.`kode_wilayah_awal`, `data_penindakan_table`.`kode_wilayah_akhir`, `data_penindakan_table`.`nomor_kendaraan`, `ukpd_table`.`ukpd`, `data_penindakan_table`.`tanggal_penindakan`, `status_kendaraan_table`.`status_kendaraan`
FROM `pengeluaran_kendaraan_table`
JOIN `data_penindakan_table` ON `data_penindakan_table`.`id` = `pengeluaran_kendaraan_table`.`data_penindakan_id`
JOIN `ukpd_table` ON `ukpd_table`.`id` = `data_penindakan_table`.`ukpd`
JOIN `status_kendaraan_table` ON `status_kendaraan_table`.`id` = `pengeluaran_kendaraan_table`.`status_kendaraan_id`
ORDER BY `pengeluaran_kendaraan_table`.`id` desc')
 3 SYSTEMPATH/Database/BaseBuilder.php(1616): CodeIgniter\Database\BaseConnection->query('SELECT `pengeluaran_kendaraan_table`.`id`, `pengeluaran_kendaraan_table`.`data_penindakan_id`, `pengeluaran_kendaraan_table`.`tanggal_keluar`, `data_penindakan_table`.`kode_wilayah_awal`, `data_penindakan_table`.`kode_wilayah_akhir`, `data_penindakan_table`.`nomor_kendaraan`, `ukpd_table`.`ukpd`, `data_penindakan_table`.`tanggal_penindakan`, `status_kendaraan_table`.`status_kendaraan`
FROM `pengeluaran_kendaraan_table`
JOIN `data_penindakan_table` ON `data_penindakan_table`.`id` = `pengeluaran_kendaraan_table`.`data_penindakan_id`
JOIN `ukpd_table` ON `ukpd_table`.`id` = `data_penindakan_table`.`ukpd`
JOIN `status_kendaraan_table` ON `status_kendaraan_table`.`id` = `pengeluaran_kendaraan_table`.`status_kendaraan_id`
ORDER BY `pengeluaran_kendaraan_table`.`id` desc', [], false)
 4 SYSTEMPATH/Model.php(877): CodeIgniter\Database\BaseBuilder->get()
 5 APPPATH/Models/Admin/PengeluaranKendaraanModel.php(28): CodeIgniter\Model->__call('get', [])
 6 APPPATH/Controllers/Admin/PengeluaranKendaraanController.php(64): App\Models\Admin\PengeluaranKendaraanModel->getPengeluaranKendaraan()
 7 SYSTEMPATH/CodeIgniter.php(943): App\Controllers\Admin\PengeluaranKendaraanController->index()
 8 SYSTEMPATH/CodeIgniter.php(503): CodeIgniter\CodeIgniter->runController(Object(App\Controllers\Admin\PengeluaranKendaraanController))
 9 SYSTEMPATH/CodeIgniter.php(361): CodeIgniter\CodeIgniter->handleRequest(null, Object(Config\Cache), false)
10 FCPATH/index.php(79): CodeIgniter\CodeIgniter->run()
11 SYSTEMPATH/Commands/Server/rewrite.php(47): require_once('/Volumes/mf480 - Data/sidak_angkot/public/index.php')
CRITICAL - 2024-08-22 01:57:06 --> [Caused by] mysqli_sql_exception: Unknown column 'data_penindakan_table.ukpd' in 'on clause'
in SYSTEMPATH/Database/MySQLi/Connection.php on line 306.
 1 SYSTEMPATH/Database/MySQLi/Connection.php(306): mysqli->query('SELECT `pengeluaran_kendaraan_table`.`id`, `pengeluaran_kendaraan_table`.`data_penindakan_id`, `pengeluaran_kendaraan_table`.`tanggal_keluar`, `data_penindakan_table`.`kode_wilayah_awal`, `data_penindakan_table`.`kode_wilayah_akhir`, `data_penindakan_table`.`nomor_kendaraan`, `ukpd_table`.`ukpd`, `data_penindakan_table`.`tanggal_penindakan`, `status_kendaraan_table`.`status_kendaraan`
FROM `pengeluaran_kendaraan_table`
JOIN `data_penindakan_table` ON `data_penindakan_table`.`id` = `pengeluaran_kendaraan_table`.`data_penindakan_id`
JOIN `ukpd_table` ON `ukpd_table`.`id` = `data_penindakan_table`.`ukpd`
JOIN `status_kendaraan_table` ON `status_kendaraan_table`.`id` = `pengeluaran_kendaraan_table`.`status_kendaraan_id`
ORDER BY `pengeluaran_kendaraan_table`.`id` desc', 0)
 2 SYSTEMPATH/Database/BaseConnection.php(693): CodeIgniter\Database\MySQLi\Connection->execute('SELECT `pengeluaran_kendaraan_table`.`id`, `pengeluaran_kendaraan_table`.`data_penindakan_id`, `pengeluaran_kendaraan_table`.`tanggal_keluar`, `data_penindakan_table`.`kode_wilayah_awal`, `data_penindakan_table`.`kode_wilayah_akhir`, `data_penindakan_table`.`nomor_kendaraan`, `ukpd_table`.`ukpd`, `data_penindakan_table`.`tanggal_penindakan`, `status_kendaraan_table`.`status_kendaraan`
FROM `pengeluaran_kendaraan_table`
JOIN `data_penindakan_table` ON `data_penindakan_table`.`id` = `pengeluaran_kendaraan_table`.`data_penindakan_id`
JOIN `ukpd_table` ON `ukpd_table`.`id` = `data_penindakan_table`.`ukpd`
JOIN `status_kendaraan_table` ON `status_kendaraan_table`.`id` = `pengeluaran_kendaraan_table`.`status_kendaraan_id`
ORDER BY `pengeluaran_kendaraan_table`.`id` desc')
 3 SYSTEMPATH/Database/BaseConnection.php(607): CodeIgniter\Database\BaseConnection->simpleQuery('SELECT `pengeluaran_kendaraan_table`.`id`, `pengeluaran_kendaraan_table`.`data_penindakan_id`, `pengeluaran_kendaraan_table`.`tanggal_keluar`, `data_penindakan_table`.`kode_wilayah_awal`, `data_penindakan_table`.`kode_wilayah_akhir`, `data_penindakan_table`.`nomor_kendaraan`, `ukpd_table`.`ukpd`, `data_penindakan_table`.`tanggal_penindakan`, `status_kendaraan_table`.`status_kendaraan`
FROM `pengeluaran_kendaraan_table`
JOIN `data_penindakan_table` ON `data_penindakan_table`.`id` = `pengeluaran_kendaraan_table`.`data_penindakan_id`
JOIN `ukpd_table` ON `ukpd_table`.`id` = `data_penindakan_table`.`ukpd`
JOIN `status_kendaraan_table` ON `status_kendaraan_table`.`id` = `pengeluaran_kendaraan_table`.`status_kendaraan_id`
ORDER BY `pengeluaran_kendaraan_table`.`id` desc')
 4 SYSTEMPATH/Database/BaseBuilder.php(1616): CodeIgniter\Database\BaseConnection->query('SELECT `pengeluaran_kendaraan_table`.`id`, `pengeluaran_kendaraan_table`.`data_penindakan_id`, `pengeluaran_kendaraan_table`.`tanggal_keluar`, `data_penindakan_table`.`kode_wilayah_awal`, `data_penindakan_table`.`kode_wilayah_akhir`, `data_penindakan_table`.`nomor_kendaraan`, `ukpd_table`.`ukpd`, `data_penindakan_table`.`tanggal_penindakan`, `status_kendaraan_table`.`status_kendaraan`
FROM `pengeluaran_kendaraan_table`
JOIN `data_penindakan_table` ON `data_penindakan_table`.`id` = `pengeluaran_kendaraan_table`.`data_penindakan_id`
JOIN `ukpd_table` ON `ukpd_table`.`id` = `data_penindakan_table`.`ukpd`
JOIN `status_kendaraan_table` ON `status_kendaraan_table`.`id` = `pengeluaran_kendaraan_table`.`status_kendaraan_id`
ORDER BY `pengeluaran_kendaraan_table`.`id` desc', [], false)
 5 SYSTEMPATH/Model.php(877): CodeIgniter\Database\BaseBuilder->get()
 6 APPPATH/Models/Admin/PengeluaranKendaraanModel.php(28): CodeIgniter\Model->__call('get', [])
 7 APPPATH/Controllers/Admin/PengeluaranKendaraanController.php(64): App\Models\Admin\PengeluaranKendaraanModel->getPengeluaranKendaraan()
 8 SYSTEMPATH/CodeIgniter.php(943): App\Controllers\Admin\PengeluaranKendaraanController->index()
 9 SYSTEMPATH/CodeIgniter.php(503): CodeIgniter\CodeIgniter->runController(Object(App\Controllers\Admin\PengeluaranKendaraanController))
10 SYSTEMPATH/CodeIgniter.php(361): CodeIgniter\CodeIgniter->handleRequest(null, Object(Config\Cache), false)
11 FCPATH/index.php(79): CodeIgniter\CodeIgniter->run()
12 SYSTEMPATH/Commands/Server/rewrite.php(47): require_once('/Volumes/mf480 - Data/sidak_angkot/public/index.php')
INFO - 2024-08-22 01:57:17 --> Session: Class initialized using 'CodeIgniter\Session\Handlers\FileHandler' driver.
INFO - 2024-08-22 01:57:22 --> Session: Class initialized using 'CodeIgniter\Session\Handlers\FileHandler' driver.
INFO - 2024-08-22 01:57:32 --> Session: Class initialized using 'CodeIgniter\Session\Handlers\FileHandler' driver.
INFO - 2024-08-22 01:57:37 --> Session: Class initialized using 'CodeIgniter\Session\Handlers\FileHandler' driver.
INFO - 2024-08-22 01:57:57 --> Session: Class initialized using 'CodeIgniter\Session\Handlers\FileHandler' driver.
INFO - 2024-08-22 02:02:53 --> Session: Class initialized using 'CodeIgniter\Session\Handlers\FileHandler' driver.
INFO - 2024-08-22 02:03:22 --> Session: Class initialized using 'CodeIgniter\Session\Handlers\FileHandler' driver.
INFO - 2024-08-22 02:05:09 --> Session: Class initialized using 'CodeIgniter\Session\Handlers\FileHandler' driver.
INFO - 2024-08-22 02:05:16 --> Session: Class initialized using 'CodeIgniter\Session\Handlers\FileHandler' driver.
INFO - 2024-08-22 02:05:22 --> Session: Class initialized using 'CodeIgniter\Session\Handlers\FileHandler' driver.
INFO - 2024-08-22 02:05:30 --> Session: Class initialized using 'CodeIgniter\Session\Handlers\FileHandler' driver.
INFO - 2024-08-22 02:05:58 --> Session: Class initialized using 'CodeIgniter\Session\Handlers\FileHandler' driver.
INFO - 2024-08-22 02:06:01 --> Session: Class initialized using 'CodeIgniter\Session\Handlers\FileHandler' driver.
INFO - 2024-08-22 02:06:02 --> Session: Class initialized using 'CodeIgniter\Session\Handlers\FileHandler' driver.
INFO - 2024-08-22 02:06:55 --> Session: Class initialized using 'CodeIgniter\Session\Handlers\FileHandler' driver.
INFO - 2024-08-22 02:12:00 --> Session: Class initialized using 'CodeIgniter\Session\Handlers\FileHandler' driver.
INFO - 2024-08-22 02:12:27 --> Session: Class initialized using 'CodeIgniter\Session\Handlers\FileHandler' driver.
INFO - 2024-08-22 02:12:45 --> Session: Class initialized using 'CodeIgniter\Session\Handlers\FileHandler' driver.
INFO - 2024-08-22 02:13:04 --> Session: Class initialized using 'CodeIgniter\Session\Handlers\FileHandler' driver.
INFO - 2024-08-22 02:13:14 --> Session: Class initialized using 'CodeIgniter\Session\Handlers\FileHandler' driver.
INFO - 2024-08-22 02:13:26 --> Session: Class initialized using 'CodeIgniter\Session\Handlers\FileHandler' driver.
INFO - 2024-08-22 02:14:11 --> Session: Class initialized using 'CodeIgniter\Session\Handlers\FileHandler' driver.
INFO - 2024-08-22 02:14:30 --> Session: Class initialized using 'CodeIgniter\Session\Handlers\FileHandler' driver.
INFO - 2024-08-22 02:14:45 --> Session: Class initialized using 'CodeIgniter\Session\Handlers\FileHandler' driver.
INFO - 2024-08-22 02:14:49 --> Session: Class initialized using 'CodeIgniter\Session\Handlers\FileHandler' driver.
INFO - 2024-08-22 02:14:56 --> Session: Class initialized using 'CodeIgniter\Session\Handlers\FileHandler' driver.
INFO - 2024-08-22 02:15:08 --> Session: Class initialized using 'CodeIgniter\Session\Handlers\FileHandler' driver.
INFO - 2024-08-22 02:15:38 --> Session: Class initialized using 'CodeIgniter\Session\Handlers\FileHandler' driver.
INFO - 2024-08-22 02:19:38 --> Session: Class initialized using 'CodeIgniter\Session\Handlers\FileHandler' driver.
INFO - 2024-08-22 02:21:04 --> Session: Class initialized using 'CodeIgniter\Session\Handlers\FileHandler' driver.
INFO - 2024-08-22 02:21:48 --> Session: Class initialized using 'CodeIgniter\Session\Handlers\FileHandler' driver.
INFO - 2024-08-22 02:21:51 --> Session: Class initialized using 'CodeIgniter\Session\Handlers\FileHandler' driver.
INFO - 2024-08-22 02:22:10 --> Session: Class initialized using 'CodeIgniter\Session\Handlers\FileHandler' driver.
INFO - 2024-08-22 03:18:15 --> Session: Class initialized using 'CodeIgniter\Session\Handlers\FileHandler' driver.
INFO - 2024-08-22 03:18:58 --> Session: Class initialized using 'CodeIgniter\Session\Handlers\FileHandler' driver.
INFO - 2024-08-22 03:19:21 --> Session: Class initialized using 'CodeIgniter\Session\Handlers\FileHandler' driver.
INFO - 2024-08-22 03:19:22 --> Session: Class initialized using 'CodeIgniter\Session\Handlers\FileHandler' driver.
INFO - 2024-08-22 03:20:57 --> Session: Class initialized using 'CodeIgniter\Session\Handlers\FileHandler' driver.
INFO - 2024-08-22 03:25:03 --> Session: Class initialized using 'CodeIgniter\Session\Handlers\FileHandler' driver.
CRITICAL - 2024-08-22 03:30:41 --> CodeIgniter\View\Exceptions\ViewException: Invalid file: "admin/pejabat_v.php"
in SYSTEMPATH/Exceptions/FrameworkException.php on line 39.
 1 SYSTEMPATH/View/View.php(216): CodeIgniter\Exceptions\FrameworkException::forInvalidFile('admin/pejabat_v.php')
 2 SYSTEMPATH/Common.php(1178): CodeIgniter\View\View->render('admin/pejabat_v', [], true)
 3 APPPATH/Controllers/Admin/PejabatController.php(31): view('admin/pejabat_v', [...])
 4 SYSTEMPATH/CodeIgniter.php(943): App\Controllers\Admin\PejabatController->index()
 5 SYSTEMPATH/CodeIgniter.php(503): CodeIgniter\CodeIgniter->runController(Object(App\Controllers\Admin\PejabatController))
 6 SYSTEMPATH/CodeIgniter.php(361): CodeIgniter\CodeIgniter->handleRequest(null, Object(Config\Cache), false)
 7 FCPATH/index.php(79): CodeIgniter\CodeIgniter->run()
 8 SYSTEMPATH/Commands/Server/rewrite.php(47): require_once('/Volumes/mf480 - Data/sidak_angkot/public/index.php')
INFO - 2024-08-22 03:32:00 --> Session: Class initialized using 'CodeIgniter\Session\Handlers\FileHandler' driver.
INFO - 2024-08-22 03:35:06 --> Session: Class initialized using 'CodeIgniter\Session\Handlers\FileHandler' driver.
INFO - 2024-08-22 03:35:24 --> Session: Class initialized using 'CodeIgniter\Session\Handlers\FileHandler' driver.
INFO - 2024-08-22 03:38:58 --> Session: Class initialized using 'CodeIgniter\Session\Handlers\FileHandler' driver.
INFO - 2024-08-22 03:39:16 --> Session: Class initialized using 'CodeIgniter\Session\Handlers\FileHandler' driver.
INFO - 2024-08-22 03:39:58 --> Session: Class initialized using 'CodeIgniter\Session\Handlers\FileHandler' driver.
CRITICAL - 2024-08-22 03:40:16 --> ErrorException: Undefined property: stdClass::$pejabat
in APPPATH/Views/admin/pejabat_v.php on line 55.
 1 APPPATH/Views/admin/pejabat_v.php(55): CodeIgniter\Debug\Exceptions->errorHandler(8, 'Undefined property: stdClass::$pejabat', '/Volumes/mf480 - Data/sidak_angkot/app/Views/admin/pejabat_v.php', 55, [...])
 2 SYSTEMPATH/View/View.php(228): include('/Volumes/mf480 - Data/sidak_angkot/app/Views/admin/pejabat_v.php')
 3 SYSTEMPATH/View/View.php(231): CodeIgniter\View\View->CodeIgniter\View\{closure}()
 4 SYSTEMPATH/Common.php(1178): CodeIgniter\View\View->render('admin/pejabat_v', [], true)
 5 APPPATH/Controllers/Admin/PejabatController.php(31): view('admin/pejabat_v', [...])
 6 SYSTEMPATH/CodeIgniter.php(943): App\Controllers\Admin\PejabatController->index()
 7 SYSTEMPATH/CodeIgniter.php(503): CodeIgniter\CodeIgniter->runController(Object(App\Controllers\Admin\PejabatController))
 8 SYSTEMPATH/CodeIgniter.php(361): CodeIgniter\CodeIgniter->handleRequest(null, Object(Config\Cache), false)
 9 FCPATH/index.php(79): CodeIgniter\CodeIgniter->run()
10 SYSTEMPATH/Commands/Server/rewrite.php(47): require_once('/Volumes/mf480 - Data/sidak_angkot/public/index.php')
CRITICAL - 2024-08-22 03:41:52 --> ErrorException: Undefined property: stdClass::$pejabat
in APPPATH/Views/admin/pejabat_v.php on line 55.
 1 APPPATH/Views/admin/pejabat_v.php(55): CodeIgniter\Debug\Exceptions->errorHandler(8, 'Undefined property: stdClass::$pejabat', '/Volumes/mf480 - Data/sidak_angkot/app/Views/admin/pejabat_v.php', 55, [...])
 2 SYSTEMPATH/View/View.php(228): include('/Volumes/mf480 - Data/sidak_angkot/app/Views/admin/pejabat_v.php')
 3 SYSTEMPATH/View/View.php(231): CodeIgniter\View\View->CodeIgniter\View\{closure}()
 4 SYSTEMPATH/Common.php(1178): CodeIgniter\View\View->render('admin/pejabat_v', [], true)
 5 APPPATH/Controllers/Admin/PejabatController.php(31): view('admin/pejabat_v', [...])
 6 SYSTEMPATH/CodeIgniter.php(943): App\Controllers\Admin\PejabatController->index()
 7 SYSTEMPATH/CodeIgniter.php(503): CodeIgniter\CodeIgniter->runController(Object(App\Controllers\Admin\PejabatController))
 8 SYSTEMPATH/CodeIgniter.php(361): CodeIgniter\CodeIgniter->handleRequest(null, Object(Config\Cache), false)
 9 FCPATH/index.php(79): CodeIgniter\CodeIgniter->run()
10 SYSTEMPATH/Commands/Server/rewrite.php(47): require_once('/Volumes/mf480 - Data/sidak_angkot/public/index.php')
CRITICAL - 2024-08-22 03:42:25 --> ErrorException: Undefined property: stdClass::$ukpd
in APPPATH/Views/admin/pejabat_v.php on line 55.
 1 APPPATH/Views/admin/pejabat_v.php(55): CodeIgniter\Debug\Exceptions->errorHandler(8, 'Undefined property: stdClass::$ukpd', '/Volumes/mf480 - Data/sidak_angkot/app/Views/admin/pejabat_v.php', 55, [...])
 2 SYSTEMPATH/View/View.php(228): include('/Volumes/mf480 - Data/sidak_angkot/app/Views/admin/pejabat_v.php')
 3 SYSTEMPATH/View/View.php(231): CodeIgniter\View\View->CodeIgniter\View\{closure}()
 4 SYSTEMPATH/Common.php(1178): CodeIgniter\View\View->render('admin/pejabat_v', [], true)
 5 APPPATH/Controllers/Admin/PejabatController.php(31): view('admin/pejabat_v', [...])
 6 SYSTEMPATH/CodeIgniter.php(943): App\Controllers\Admin\PejabatController->index()
 7 SYSTEMPATH/CodeIgniter.php(503): CodeIgniter\CodeIgniter->runController(Object(App\Controllers\Admin\PejabatController))
 8 SYSTEMPATH/CodeIgniter.php(361): CodeIgniter\CodeIgniter->handleRequest(null, Object(Config\Cache), false)
 9 FCPATH/index.php(79): CodeIgniter\CodeIgniter->run()
10 SYSTEMPATH/Commands/Server/rewrite.php(47): require_once('/Volumes/mf480 - Data/sidak_angkot/public/index.php')
INFO - 2024-08-22 03:43:16 --> Session: Class initialized using 'CodeIgniter\Session\Handlers\FileHandler' driver.
INFO - 2024-08-22 03:43:41 --> Session: Class initialized using 'CodeIgniter\Session\Handlers\FileHandler' driver.
INFO - 2024-08-22 03:45:36 --> Session: Class initialized using 'CodeIgniter\Session\Handlers\FileHandler' driver.
INFO - 2024-08-22 03:46:21 --> Session: Class initialized using 'CodeIgniter\Session\Handlers\FileHandler' driver.
INFO - 2024-08-22 03:46:44 --> Session: Class initialized using 'CodeIgniter\Session\Handlers\FileHandler' driver.
INFO - 2024-08-22 03:47:08 --> Session: Class initialized using 'CodeIgniter\Session\Handlers\FileHandler' driver.
INFO - 2024-08-22 03:47:22 --> Session: Class initialized using 'CodeIgniter\Session\Handlers\FileHandler' driver.
INFO - 2024-08-22 03:47:27 --> Session: Class initialized using 'CodeIgniter\Session\Handlers\FileHandler' driver.
INFO - 2024-08-22 03:50:46 --> Session: Class initialized using 'CodeIgniter\Session\Handlers\FileHandler' driver.
INFO - 2024-08-22 03:56:32 --> Session: Class initialized using 'CodeIgniter\Session\Handlers\FileHandler' driver.
INFO - 2024-08-22 03:57:39 --> Session: Class initialized using 'CodeIgniter\Session\Handlers\FileHandler' driver.
INFO - 2024-08-22 03:58:22 --> Session: Class initialized using 'CodeIgniter\Session\Handlers\FileHandler' driver.
INFO - 2024-08-22 03:59:07 --> Session: Class initialized using 'CodeIgniter\Session\Handlers\FileHandler' driver.
INFO - 2024-08-22 03:59:23 --> Session: Class initialized using 'CodeIgniter\Session\Handlers\FileHandler' driver.
INFO - 2024-08-22 03:59:44 --> Session: Class initialized using 'CodeIgniter\Session\Handlers\FileHandler' driver.
INFO - 2024-08-22 03:59:59 --> Session: Class initialized using 'CodeIgniter\Session\Handlers\FileHandler' driver.
INFO - 2024-08-22 04:00:17 --> Session: Class initialized using 'CodeIgniter\Session\Handlers\FileHandler' driver.
INFO - 2024-08-22 04:00:23 --> Session: Class initialized using 'CodeIgniter\Session\Handlers\FileHandler' driver.
